[32m[I 2022-06-17 10:45:10,385][0m Trial 319 finished with value: 5.11943422197479 and parameters: {'g_reg': -1.6794819479862648, 'f_reg': -4.940801840515021, 'm_reg': -2.9485184949141208, 'output_scale': -0.3896125053629455, 'length_mean': -0.5716644516324221, 'length_var': -2.5820979919618208}. Best is trial 316 with value: 3.9293422879626934.[0m

DTW mean relative error: 5.11943422197479%
(G_reg, F_reg, M_reg, output_scale, length_mean, length_var) (0.02091789853255643, 1.1460357342928235e-05, 0.0011258525221906639, 0.4077439207326712, 0.26812391269538355, 0.0026175923215818967)
______________________________________________________________________________
epoch 0
epoch 1
epoch 2
Mean Training time per state 0.39684546355045197
[32m[I 2022-06-17 10:48:50,043][0m Trial 320 finished with value: 6.690889334405371 and parameters: {'g_reg': -0.5151391313251182, 'f_reg': -4.440647693547704, 'm_reg': -2.845927720099722, 'output_scale': -0.4453569163971303, 'length_mean': -0.1336564620281866, 'length_var': -2.9586138367418795}. Best is trial 316 with value: 3.9293422879626934.[0m

DTW mean relative error: 6.690889334405371%
(G_reg, F_reg, M_reg, output_scale, length_mean, length_var) (0.30539425901969514, 3.6253697480564475e-05, 0.001425844878104311, 0.35862708287235573, 0.7350951171539183, 0.0010999834811710792)
______________________________________________________________________________
epoch 0
epoch 1
epoch 2
Mean Training time per state 0.39255261421203613
[32m[I 2022-06-17 10:52:31,624][0m Trial 321 finished with value: 3.9730234921924916 and parameters: {'g_reg': -0.8415770512255929, 'f_reg': -4.899409865968446, 'm_reg': -1.044431892169093, 'output_scale': -0.41554211879448705, 'length_mean': -0.6525785148813235, 'length_var': -2.9271743121371046}. Best is trial 316 with value: 3.9293422879626934.[0m

DTW mean relative error: 3.9730234921924916%
(G_reg, F_reg, M_reg, output_scale, length_mean, length_var) (0.14402004715265687, 1.2606372450105516e-05, 0.09027512695043624, 0.3841120053801993, 0.22254686721826905, 0.0011825668153561727)
______________________________________________________________________________
epoch 0
epoch 1
epoch 2
Mean Training time per state 0.39926990595730866
[32m[I 2022-06-17 10:56:12,908][0m Trial 322 finished with value: 4.0964019473332325 and parameters: {'g_reg': -0.6208588247597192, 'f_reg': -4.875217232962307, 'm_reg': -1.2198246091338079, 'output_scale': -0.4141068764214385, 'length_mean': -0.7192887436594458, 'length_var': -2.944981017258831}. Best is trial 316 with value: 3.9293422879626934.[0m

DTW mean relative error: 4.0964019473332325%
(G_reg, F_reg, M_reg, output_scale, length_mean, length_var) (0.23940938732443062, 1.332854575029827e-05, 0.060280298035005855, 0.3853835061762318, 0.1908583901569649, 0.0011350604273720147)
______________________________________________________________________________
epoch 0
epoch 1
epoch 2
Mean Training time per state 0.4099936268546365
[32m[I 2022-06-17 10:59:54,338][0m Trial 323 finished with value: 5.060224876274776 and parameters: {'g_reg': -0.8330749704521004, 'f_reg': -4.910904336485776, 'm_reg': -2.7541294354757615, 'output_scale': -0.3764879281016378, 'length_mean': -0.6275384021860926, 'length_var': -2.9306983434662173}. Best is trial 316 with value: 3.9293422879626934.[0m

DTW mean relative error: 5.060224876274776%
(G_reg, F_reg, M_reg, output_scale, length_mean, length_var) (0.14686727248888357, 1.227709633128889e-05, 0.0017614509920180577, 0.4202542091418515, 0.23575537217038287, 0.0011730098433683275)
______________________________________________________________________________
epoch 0
epoch 1
epoch 2
Mean Training time per state 0.4053929863554058
[32m[I 2022-06-17 11:03:36,752][0m Trial 324 finished with value: 5.274580522472348 and parameters: {'g_reg': -0.7348980261374799, 'f_reg': -4.914504159213305, 'm_reg': -1.066388846668053, 'output_scale': -0.40012891735516626, 'length_mean': -0.5277349322269268, 'length_var': -2.885242182009575}. Best is trial 316 with value: 3.9293422879626934.[0m

DTW mean relative error: 5.274580522472348%
(G_reg, F_reg, M_reg, output_scale, length_mean, length_var) (0.1841204271917033, 1.217575332140408e-05, 0.08582447457798961, 0.39798901269296133, 0.296664150032089, 0.001302440277008238)
______________________________________________________________________________
epoch 0
epoch 1
epoch 2
Mean Training time per state 0.39071838061014813
[32m[I 2022-06-17 11:07:19,185][0m Trial 325 finished with value: 28.182350403169494 and parameters: {'g_reg': -0.8461042877954696, 'f_reg': -4.9574309879250125, 'm_reg': -2.8023516434954887, 'output_scale': -0.43103260176339986, 'length_mean': -0.5845981248341344, 'length_var': -2.9672270831427423}. Best is trial 316 with value: 3.9293422879626934.[0m

DTW mean relative error: 28.182350403169494%
(G_reg, F_reg, M_reg, output_scale, length_mean, length_var) (0.142526530137843, 1.102983490812203e-05, 0.0015763344120949465, 0.37065289644260796, 0.260256673897979, 0.0010783827119129957)
______________________________________________________________________________
epoch 0
epoch 1
epoch 2
Mean Training time per state 0.4054553508758545
[32m[I 2022-06-17 11:11:02,265][0m Trial 326 finished with value: 3.9698336458756067 and parameters: {'g_reg': -0.9282184916845744, 'f_reg': -5.015337596247657, 'm_reg': -2.868308405446918, 'output_scale': -0.4175303412498946, 'length_mean': -0.6729312549254914, 'length_var': -2.9077556912174707}. Best is trial 316 with value: 3.9293422879626934.[0m

DTW mean relative error: 3.9698336458756067%
(G_reg, F_reg, M_reg, output_scale, length_mean, length_var) (0.11797269707678629, 9.653002168501815e-06, 0.0013542273936049637, 0.38235753996173555, 0.21235805799057955, 0.0012366429010863575)
______________________________________________________________________________
epoch 0
epoch 1
epoch 2
Mean Training time per state 0.4062077782370827
[32m[I 2022-06-17 11:14:44,548][0m Trial 327 finished with value: 4.991184302787073 and parameters: {'g_reg': -0.906794904409626, 'f_reg': -4.9991684775722565, 'm_reg': -1.9275219316585734, 'output_scale': -0.4447207547198603, 'length_mean': -0.6413578572537227, 'length_var': -2.921253659878566}. Best is trial 316 with value: 3.9293422879626934.[0m

DTW mean relative error: 4.991184302787073%
(G_reg, F_reg, M_reg, output_scale, length_mean, length_var) (0.1239381746439124, 1.0019164852614957e-05, 0.011816206397746458, 0.3591527906416515, 0.22837162530402313, 0.0011987989120068742)
______________________________________________________________________________
epoch 0
epoch 1
epoch 2
Mean Training time per state 0.41994338324575714
[32m[I 2022-06-17 11:18:25,403][0m Trial 328 finished with value: 4.114496296024475 and parameters: {'g_reg': -0.7705631882094335, 'f_reg': -4.546724764595518, 'm_reg': -2.8742964521099204, 'output_scale': -0.42460084649072105, 'length_mean': -0.723076152954617, 'length_var': -2.895539464171703}. Best is trial 316 with value: 3.9293422879626934.[0m

DTW mean relative error: 4.114496296024475%
(G_reg, F_reg, M_reg, output_scale, length_mean, length_var) (0.16960428164731375, 2.839718138002951e-05, 0.0013356834594711326, 0.3761829895659854, 0.18920118278211914, 0.0012719221657586507)
______________________________________________________________________________
epoch 0
epoch 1
epoch 2
Mean Training time per state 0.397697318683971
[32m[I 2022-06-17 11:22:06,290][0m Trial 329 finished with value: 4.936593340232805 and parameters: {'g_reg': -0.9766875536285056, 'f_reg': -5.042106462951595, 'm_reg': -1.6874183737120485, 'output_scale': -0.3861058155969048, 'length_mean': -0.6848110215861095, 'length_var': -2.2163039553281028}. Best is trial 316 with value: 3.9293422879626934.[0m

DTW mean relative error: 4.936593340232805%
(G_reg, F_reg, M_reg, output_scale, length_mean, length_var) (0.10551457314837646, 9.07598014323491e-06, 0.020539110257858578, 0.4110495569180387, 0.20662790785796023, 0.006077095268336371)
______________________________________________________________________________
epoch 0
epoch 1
epoch 2
Mean Training time per state 0.3749934182022557
[32m[I 2022-06-17 11:25:47,137][0m Trial 330 finished with value: 4.22236725497798 and parameters: {'g_reg': -0.8608413230375123, 'f_reg': -4.81252995972503, 'm_reg': -1.3542714518989785, 'output_scale': -0.36163849196165576, 'length_mean': -0.7586239463194042, 'length_var': -2.9472365351022223}. Best is trial 316 with value: 3.9293422879626934.[0m

DTW mean relative error: 4.22236725497798%
(G_reg, F_reg, M_reg, output_scale, length_mean, length_var) (0.13777127480082577, 1.5398202981751606e-05, 0.044231182287766485, 0.43487206237114356, 0.1743315749468076, 0.001129180747678047)
______________________________________________________________________________
epoch 0
epoch 1
epoch 2
Mean Training time per state 0.41314588171063044
[32m[I 2022-06-17 11:29:29,253][0m Trial 331 finished with value: 5.15115694805586 and parameters: {'g_reg': -0.6877893121197574, 'f_reg': -4.892468960779167, 'm_reg': -2.8863574153708083, 'output_scale': -0.458735130333211, 'length_mean': -0.6079749215783181, 'length_var': -2.879287215526468}. Best is trial 316 with value: 3.9293422879626934.[0m

DTW mean relative error: 5.15115694805586%
(G_reg, F_reg, M_reg, output_scale, length_mean, length_var) (0.20521574939203657, 1.280946641094065e-05, 0.001299100005556174, 0.34774818316423295, 0.24661817432804728, 0.001320422099806436)
______________________________________________________________________________
epoch 0
epoch 1
epoch 2
Mean Training time per state 0.38805516560872394
[32m[I 2022-06-17 11:33:11,144][0m Trial 332 finished with value: 27.37676780134341 and parameters: {'g_reg': -0.9383139384330891, 'f_reg': -5.092904138379963, 'm_reg': -1.4751647165391653, 'output_scale': -0.42338334540163275, 'length_mean': -0.6583572523903424, 'length_var': -2.5558847003204446}. Best is trial 316 with value: 3.9293422879626934.[0m

DTW mean relative error: 27.37676780134341%
(G_reg, F_reg, M_reg, output_scale, length_mean, length_var) (0.11526197624058832, 8.074132305298559e-06, 0.033483841961600584, 0.37723906050860445, 0.21960526478167067, 0.002780451344365142)
______________________________________________________________________________
epoch 0
epoch 1
epoch 2
Mean Training time per state 0.40690263112386066
[32m[I 2022-06-17 11:36:52,119][0m Trial 333 finished with value: 4.112380640661938 and parameters: {'g_reg': -0.9271750466162236, 'f_reg': -4.972574881236049, 'm_reg': -2.839614249283078, 'output_scale': -0.3972630937777832, 'length_mean': -0.7081022734256839, 'length_var': -2.920576874646314}. Best is trial 316 with value: 3.9293422879626934.[0m

DTW mean relative error: 4.112380640661938%
(G_reg, F_reg, M_reg, output_scale, length_mean, length_var) (0.11825648154000727, 1.0651851881580609e-05, 0.0014467242151772594, 0.40062394779098126, 0.19583834330890731, 0.0012006685233703187)
______________________________________________________________________________
epoch 0
epoch 1
epoch 2
Mean Training time per state 0.41237164266181714
[32m[I 2022-06-17 11:40:35,059][0m Trial 334 finished with value: 4.987382302616015 and parameters: {'g_reg': -0.9676549585822294, 'f_reg': -4.792415389696813, 'm_reg': -2.25553594575225, 'output_scale': -0.44404799704993914, 'length_mean': -0.6303118601032004, 'length_var': -2.8494635405556137}. Best is trial 316 with value: 3.9293422879626934.[0m

DTW mean relative error: 4.987382302616015%
(G_reg, F_reg, M_reg, output_scale, length_mean, length_var) (0.10773207913180143, 1.6128152092985594e-05, 0.005552186607945052, 0.35970957883045207, 0.23425460653702138, 0.0014142834505584982)
______________________________________________________________________________
epoch 0
epoch 1
epoch 2
Mean Training time per state 0.41367749011877814
[32m[I 2022-06-17 11:44:16,750][0m Trial 335 finished with value: 5.056500140366843 and parameters: {'g_reg': -1.0208143994591166, 'f_reg': -5.976748888668002, 'm_reg': -2.937380971127036, 'output_scale': -0.374933908791324, 'length_mean': -0.5747683740017115, 'length_var': -2.968117217443087}. Best is trial 316 with value: 3.9293422879626934.[0m

DTW mean relative error: 5.056500140366843%
(G_reg, F_reg, M_reg, output_scale, length_mean, length_var) (0.0953203439002499, 1.0549967246737895e-06, 0.0011550985239080712, 0.4217606823522044, 0.26621445055884657, 0.001076174711497189)
______________________________________________________________________________
epoch 0
epoch 1
epoch 2
Mean Training time per state 0.40140155589941773
[32m[I 2022-06-17 11:47:57,211][0m Trial 336 finished with value: 4.00788386285573 and parameters: {'g_reg': -1.0973540340759778, 'f_reg': -4.6405553993684086, 'm_reg': -2.702496386344236, 'output_scale': -0.3364857213101421, 'length_mean': -0.6753177021157027, 'length_var': -2.6458157995453413}. Best is trial 316 with value: 3.9293422879626934.[0m

DTW mean relative error: 4.00788386285573%
(G_reg, F_reg, M_reg, output_scale, length_mean, length_var) (0.07991825009416367, 2.2879398393271818e-05, 0.00198382616368917, 0.46080191863989123, 0.2111943511563308, 0.002260394284286009)
______________________________________________________________________________
epoch 0
epoch 1
epoch 2
Mean Training time per state 0.39888004100683966
[32m[I 2022-06-17 11:51:37,710][0m Trial 337 finished with value: 4.149943155439549 and parameters: {'g_reg': -0.026139974558200982, 'f_reg': -4.854474412327289, 'm_reg': -2.901723657196166, 'output_scale': -0.4094926556558899, 'length_mean': -0.7335214962571153, 'length_var': -2.8088033981065474}. Best is trial 316 with value: 3.9293422879626934.[0m

DTW mean relative error: 4.149943155439549%
(G_reg, F_reg, M_reg, output_scale, length_mean, length_var) (0.9415860712845675, 1.3980592834647919e-05, 0.0012539388059462388, 0.38949989447182043, 0.18470493693160317, 0.0015530899231427245)
______________________________________________________________________________
epoch 0
epoch 1
epoch 2
Mean Training time per state 0.39520981817534473
[32m[I 2022-06-17 11:55:22,833][0m Trial 338 finished with value: 4.858431065199596 and parameters: {'g_reg': -0.580093791414622, 'f_reg': -4.93349922654314, 'm_reg': -1.5987164798832407, 'output_scale': -0.4578405311892264, 'length_mean': -0.639627528840825, 'length_var': -1.0007224422859085}. Best is trial 316 with value: 3.9293422879626934.[0m

DTW mean relative error: 4.858431065199596%
(G_reg, F_reg, M_reg, output_scale, length_mean, length_var) (0.26297000134168097, 1.1654691264778644e-05, 0.02519321077375441, 0.34846524467698486, 0.22928332502542148, 0.09983378979859467)
______________________________________________________________________________
epoch 0
epoch 1
epoch 2
Mean Training time per state 0.3966376347975298
[32m[I 2022-06-17 11:59:05,224][0m Trial 339 finished with value: 4.024044852241961 and parameters: {'g_reg': -0.656311402244412, 'f_reg': -4.890435428764655, 'm_reg': -1.1313430137194045, 'output_scale': -0.43165198328631316, 'length_mean': -0.6915609360489128, 'length_var': -2.887177832920063}. Best is trial 316 with value: 3.9293422879626934.[0m

DTW mean relative error: 4.024044852241961%
(G_reg, F_reg, M_reg, output_scale, length_mean, length_var) (0.22064220944864496, 1.2869585847911914e-05, 0.07390213519211741, 0.37012465596305116, 0.20344127264833828, 0.0012966482166774356)
______________________________________________________________________________
epoch 0
epoch 1
epoch 2
Mean Training time per state 0.39715840599753643
[32m[I 2022-06-17 12:02:46,102][0m Trial 340 finished with value: 4.303172599306387 and parameters: {'g_reg': -1.788990276291464, 'f_reg': -4.579639706326649, 'm_reg': -2.8590204734336053, 'output_scale': -0.35506495882893296, 'length_mean': -0.7808860765916117, 'length_var': -2.7491994764891587}. Best is trial 316 with value: 3.9293422879626934.[0m

DTW mean relative error: 4.303172599306387%
(G_reg, F_reg, M_reg, output_scale, length_mean, length_var) (0.016255851516521626, 2.632450985604118e-05, 0.0013835011566677654, 0.4415044051739116, 0.16562043592734124, 0.001781560288204716)
______________________________________________________________________________
epoch 0
epoch 1
epoch 2
Mean Training time per state 0.3437317718159069
[32m[I 2022-06-17 12:06:28,640][0m Trial 341 finished with value: 49.24884556271811 and parameters: {'g_reg': -0.788917216558374, 'f_reg': -4.136969297298491, 'm_reg': -2.791473846838262, 'output_scale': -0.507829270142888, 'length_mean': -0.5962393153895599, 'length_var': -2.8449123895085218}. Best is trial 316 with value: 3.9293422879626934.[0m

DTW mean relative error: 49.24884556271811%
(G_reg, F_reg, M_reg, output_scale, length_mean, length_var) (0.1625858640753416, 7.295090815012986e-05, 0.0016163155575054256, 0.31057802925938494, 0.2533732047778465, 0.0014291822392399078)
______________________________________________________________________________
epoch 0
epoch 1
epoch 2
Mean Training time per state 0.4106154875321822
[32m[I 2022-06-17 12:10:13,889][0m Trial 342 finished with value: 29.497268095363317 and parameters: {'g_reg': -0.05363366231903982, 'f_reg': -4.822636934940769, 'm_reg': -1.2861986635687974, 'output_scale': -0.3949103375507505, 'length_mean': -0.3613632046951605, 'length_var': -1.9162420757637761}. Best is trial 316 with value: 3.9293422879626934.[0m

DTW mean relative error: 29.497268095363317%
(G_reg, F_reg, M_reg, output_scale, length_mean, length_var) (0.883825113486956, 1.5043991004278506e-05, 0.05173701121460115, 0.4028001860228005, 0.43514780313292145, 0.012127126959268611)
______________________________________________________________________________
epoch 0
epoch 1
epoch 2
Mean Training time per state 0.4307272650978782
[32m[I 2022-06-17 12:13:58,967][0m Trial 343 finished with value: 3.96901163689762 and parameters: {'g_reg': -0.34355861823437145, 'f_reg': -4.791499369260605, 'm_reg': -2.993296421585487, 'output_scale': -0.475324201208528, 'length_mean': -0.6575342307963244, 'length_var': -2.6982740009358084}. Best is trial 316 with value: 3.9293422879626934.[0m

DTW mean relative error: 3.96901163689762%
(G_reg, F_reg, M_reg, output_scale, length_mean, length_var) (0.45335810233180407, 1.616220573392357e-05, 0.0010155553032886776, 0.33471548047490907, 0.22002182830909384, 0.002003207783829933)
______________________________________________________________________________
epoch 0
epoch 1
epoch 2
Mean Training time per state 0.4239290410822088
[32m[I 2022-06-17 12:17:43,137][0m Trial 344 finished with value: 27.498688072903942 and parameters: {'g_reg': -0.31732001492624773, 'f_reg': -4.784581206490145, 'm_reg': -2.994365052790639, 'output_scale': -0.41872204265859886, 'length_mean': -0.6398749605955948, 'length_var': -2.682846094268915}. Best is trial 316 with value: 3.9293422879626934.[0m

DTW mean relative error: 27.498688072903942%
(G_reg, F_reg, M_reg, output_scale, length_mean, length_var) (0.48159279960873835, 1.6421725695673256e-05, 0.0010130594852863206, 0.3813097913701408, 0.22915273202953365, 0.002075648957774897)
______________________________________________________________________________
epoch 0
epoch 1
epoch 2
Mean Training time per state 0.39861428376400115
[32m[I 2022-06-17 12:21:25,471][0m Trial 345 finished with value: 5.1344772357840975 and parameters: {'g_reg': -0.38179143169933905, 'f_reg': -4.795382582059975, 'm_reg': -2.9575348541663455, 'output_scale': -0.4916164692353261, 'length_mean': -0.5518911102607729, 'length_var': -2.697938281688763}. Best is trial 316 with value: 3.9293422879626934.[0m

DTW mean relative error: 5.1344772357840975%
(G_reg, F_reg, M_reg, output_scale, length_mean, length_var) (0.41515337062082774, 1.6018336692418884e-05, 0.0011027197318747872, 0.32239146129040996, 0.2806137126597629, 0.002004756906461088)
______________________________________________________________________________
epoch 0
epoch 1
epoch 2
Mean Training time per state 0.4039188153815992
[32m[I 2022-06-17 12:25:09,468][0m Trial 346 finished with value: 5.240079332530088 and parameters: {'g_reg': -0.036370081979009775, 'f_reg': -4.68020086607406, 'm_reg': -2.992464063951031, 'output_scale': -0.534999915519001, 'length_mean': -1.0178420832287007, 'length_var': -2.6515780078394737}. Best is trial 316 with value: 3.9293422879626934.[0m

DTW mean relative error: 5.240079332530088%
(G_reg, F_reg, M_reg, output_scale, length_mean, length_var) (0.9196655491225516, 2.088330031368434e-05, 0.001017503556854002, 0.2917427581512805, 0.09597495491391782, 0.002230601511548348)
______________________________________________________________________________
epoch 0
epoch 1
epoch 2
Mean Training time per state 0.4114674004641446
[32m[I 2022-06-17 12:28:52,443][0m Trial 347 finished with value: 25.994912949935063 and parameters: {'g_reg': -0.42130603179743603, 'f_reg': -4.7540179856012905, 'm_reg': -2.9543929021584665, 'output_scale': -0.45285579022805356, 'length_mean': -0.831868509526136, 'length_var': -2.734724995801218}. Best is trial 316 with value: 3.9293422879626934.[0m

DTW mean relative error: 25.994912949935063%
(G_reg, F_reg, M_reg, output_scale, length_mean, length_var) (0.3790477894151127, 1.7619030785435472e-05, 0.0011107264087988613, 0.3524878970760962, 0.14727583390409266, 0.0018419379852859454)
______________________________________________________________________________
epoch 0
epoch 1
epoch 2
Mean Training time per state 0.4029247471780488
