[32m[I 2022-06-17 01:48:45,605][0m Trial 174 finished with value: 5.016095675808571 and parameters: {'g_reg': -0.07082938788969541, 'f_reg': -4.625115405183139, 'm_reg': -2.7553889192962333, 'output_scale': -0.4521380287451868, 'length_mean': -0.6113738022662035, 'length_var': -2.7798874370795725}. Best is trial 164 with value: 3.9408155833120713.[0m

DTW mean relative error: 5.016095675808571%
(G_reg, F_reg, M_reg, output_scale, length_mean, length_var) (0.8495141401891259, 2.3707436436406704e-05, 0.0017563500632794481, 0.3530709379176048, 0.2446956211787468, 0.0016600171043842315)
______________________________________________________________________________
epoch 0
epoch 1
epoch 2
Mean Training time per state 0.41467837853865186
[32m[I 2022-06-17 01:52:26,613][0m Trial 175 finished with value: 25.497432027179144 and parameters: {'g_reg': -0.17622176958285216, 'f_reg': -4.663711800356714, 'm_reg': -2.8313235816280686, 'output_scale': -0.4756741908601864, 'length_mean': -0.6703075868520199, 'length_var': -2.804217557830319}. Best is trial 164 with value: 3.9408155833120713.[0m

DTW mean relative error: 25.497432027179144%
(G_reg, F_reg, M_reg, output_scale, length_mean, length_var) (0.6664663557031626, 2.1691430797753972e-05, 0.001474607431869163, 0.33444584830428903, 0.21364484248413, 0.0015695763352892415)
______________________________________________________________________________
epoch 0
epoch 1
epoch 2
Mean Training time per state 0.4308327400323116
[32m[I 2022-06-17 01:56:11,234][0m Trial 176 finished with value: 27.480402058453894 and parameters: {'g_reg': -0.09462050754532857, 'f_reg': -4.747909870447624, 'm_reg': -2.7146104178212065, 'output_scale': -0.49891272674051895, 'length_mean': -0.6439686174169792, 'length_var': -2.822131282999186}. Best is trial 164 with value: 3.9408155833120713.[0m

DTW mean relative error: 27.480402058453894%
(G_reg, F_reg, M_reg, output_scale, length_mean, length_var) (0.8042285611502947, 1.7868583648140355e-05, 0.0019292547676941117, 0.31702044646422783, 0.22700288806682553, 0.0015061517023490388)
______________________________________________________________________________
epoch 0
epoch 1
epoch 2
Mean Training time per state 0.41156179254705255
[32m[I 2022-06-17 01:59:56,121][0m Trial 177 finished with value: 28.513236315361944 and parameters: {'g_reg': -0.0382542939123994, 'f_reg': -4.782948937334581, 'm_reg': -2.849019792522373, 'output_scale': -0.41996461167928595, 'length_mean': -0.5552154681252979, 'length_var': -2.7195446956730165}. Best is trial 164 with value: 3.9408155833120713.[0m

DTW mean relative error: 28.513236315361944%
(G_reg, F_reg, M_reg, output_scale, length_mean, length_var) (0.915684169481127, 1.648356187477412e-05, 0.0014157292580883898, 0.3802203771711647, 0.27847392228875933, 0.001907459406577171)
______________________________________________________________________________
epoch 0
epoch 1
epoch 2
Mean Training time per state 0.41702206207044196
[32m[I 2022-06-17 02:03:36,792][0m Trial 178 finished with value: 5.071437236030548 and parameters: {'g_reg': -0.21427875070777364, 'f_reg': -4.520400339693669, 'm_reg': -2.673077772341074, 'output_scale': -0.4589626877670841, 'length_mean': -0.6136600501178928, 'length_var': -2.7534413615116455}. Best is trial 164 with value: 3.9408155833120713.[0m

DTW mean relative error: 5.071437236030548%
(G_reg, F_reg, M_reg, output_scale, length_mean, length_var) (0.6105500192799478, 3.0171691626508475e-05, 0.0021228642708747414, 0.34756602115315166, 0.24341085949947916, 0.0017642439568073091)
______________________________________________________________________________
epoch 0
epoch 1
epoch 2
Mean Training time per state 0.4099207863663182
[32m[I 2022-06-17 02:07:16,320][0m Trial 179 finished with value: 4.291391733089822 and parameters: {'g_reg': -0.13919444093556735, 'f_reg': -4.947027415682928, 'm_reg': -2.793694465336447, 'output_scale': -0.3861101993281244, 'length_mean': -0.785960158201516, 'length_var': -2.8464367896976657}. Best is trial 164 with value: 3.9408155833120713.[0m

DTW mean relative error: 4.291391733089822%
(G_reg, F_reg, M_reg, output_scale, length_mean, length_var) (0.7257809403628759, 1.1297245963617653e-05, 0.001608072165381701, 0.41104540784003674, 0.16369666884415188, 0.0014241745160326776)
______________________________________________________________________________
epoch 0
epoch 1
epoch 2
Mean Training time per state 0.400719657088771
[32m[I 2022-06-17 02:10:56,299][0m Trial 180 finished with value: 3.980022691897372 and parameters: {'g_reg': -0.06254231698449758, 'f_reg': -4.708927703071533, 'm_reg': -2.877138302500426, 'output_scale': -0.37899201157505763, 'length_mean': -0.6691087216551215, 'length_var': -2.899099526400267}. Best is trial 164 with value: 3.9408155833120713.[0m

DTW mean relative error: 3.980022691897372%
(G_reg, F_reg, M_reg, output_scale, length_mean, length_var) (0.865879949242696, 1.954664821412917e-05, 0.0013269718119164342, 0.41783805230084886, 0.21423542151814737, 0.0012615383972229219)
______________________________________________________________________________
epoch 0
epoch 1
epoch 2
Mean Training time per state 0.39643997857064917
[32m[I 2022-06-17 02:14:36,664][0m Trial 181 finished with value: 3.988159644439649 and parameters: {'g_reg': -0.06041346484218253, 'f_reg': -4.775165037103949, 'm_reg': -2.872418660273998, 'output_scale': -0.3718867361714131, 'length_mean': -0.6797048232632384, 'length_var': -2.862601175627625}. Best is trial 164 with value: 3.9408155833120713.[0m

DTW mean relative error: 3.988159644439649%
(G_reg, F_reg, M_reg, output_scale, length_mean, length_var) (0.8701347941225844, 1.678166173693356e-05, 0.0013414711582126575, 0.42473031900194436, 0.20907166445084474, 0.0013721412622054476)
______________________________________________________________________________
epoch 0
epoch 1
epoch 2
Mean Training time per state 0.3945294293490323
[32m[I 2022-06-17 02:18:18,166][0m Trial 182 finished with value: 3.973691732865867 and parameters: {'g_reg': -1.6472207054405361, 'f_reg': -4.722053586181498, 'm_reg': -2.89371620396799, 'output_scale': -0.37710683322535044, 'length_mean': -0.6666667449371886, 'length_var': -2.806383930683415}. Best is trial 164 with value: 3.9408155833120713.[0m

DTW mean relative error: 3.973691732865867%
(G_reg, F_reg, M_reg, output_scale, length_mean, length_var) (0.02253093914476085, 1.8964719072830593e-05, 0.0012772731888647945, 0.4196557390897275, 0.21544343017499243, 0.0015617663790654026)
______________________________________________________________________________
epoch 0
epoch 1
epoch 2
Mean Training time per state 0.4166757410222834
[32m[I 2022-06-17 02:21:58,716][0m Trial 183 finished with value: 5.137802754899327 and parameters: {'g_reg': -1.8241425233431428, 'f_reg': -4.7241588389631755, 'm_reg': -2.822551159256533, 'output_scale': -0.37375170405332253, 'length_mean': -0.5859933907418363, 'length_var': -2.9135667820808853}. Best is trial 164 with value: 3.9408155833120713.[0m

DTW mean relative error: 5.137802754899327%
(G_reg, F_reg, M_reg, output_scale, length_mean, length_var) (0.014991927614894937, 1.887300960967365e-05, 0.0015046962573376902, 0.42291033253294874, 0.25942188416247863, 0.001220206173476516)
______________________________________________________________________________
epoch 0
epoch 1
epoch 2
Mean Training time per state 0.4105791756601045
[32m[I 2022-06-17 02:25:41,794][0m Trial 184 finished with value: 27.498088404052822 and parameters: {'g_reg': -1.6129962687133483, 'f_reg': -4.677864648736476, 'm_reg': -2.7716918368061743, 'output_scale': -0.42815315842899354, 'length_mean': -0.6429984740534941, 'length_var': -2.779969606413289}. Best is trial 164 with value: 3.9408155833120713.[0m

DTW mean relative error: 27.498088404052822%
(G_reg, F_reg, M_reg, output_scale, length_mean, length_var) (0.024378317631663964, 2.099594136559794e-05, 0.0016916408468187155, 0.3731185504850261, 0.2275105424617765, 0.0016597030557326435)
______________________________________________________________________________
epoch 0
epoch 1
epoch 2
Mean Training time per state 0.3967870943474047
[32m[I 2022-06-17 02:29:21,864][0m Trial 185 finished with value: 25.943027694793784 and parameters: {'g_reg': -1.350264300703057, 'f_reg': -4.5755780946854925, 'm_reg': -2.0831702635584817, 'output_scale': -0.40273541489742415, 'length_mean': -0.7527658426976822, 'length_var': -2.866336429662795}. Best is trial 164 with value: 3.9408155833120713.[0m

DTW mean relative error: 25.943027694793784%
(G_reg, F_reg, M_reg, output_scale, length_mean, length_var) (0.044641183444772525, 2.6571856923673507e-05, 0.008257141679021076, 0.395607562547816, 0.17669902669414625, 0.0013603904369438777)
______________________________________________________________________________
epoch 0
epoch 1
epoch 2
Mean Training time per state 0.42669203787138965
[32m[I 2022-06-17 02:33:02,651][0m Trial 186 finished with value: 4.0313635242861015 and parameters: {'g_reg': -0.06556965421185516, 'f_reg': -4.835150769274397, 'm_reg': -2.8605520452349733, 'output_scale': -0.4913232058429324, 'length_mean': -0.6718852965092387, 'length_var': -2.8120177611780157}. Best is trial 164 with value: 3.9408155833120713.[0m

DTW mean relative error: 4.0313635242861015%
(G_reg, F_reg, M_reg, output_scale, length_mean, length_var) (0.8598651465725285, 1.4616696544688002e-05, 0.0013786307299169414, 0.32260923412972703, 0.2128701192697093, 0.0015416374038954815)
______________________________________________________________________________
epoch 0
epoch 1
epoch 2
Mean Training time per state 0.42028635920900287
[32m[I 2022-06-17 02:36:44,604][0m Trial 187 finished with value: 3.9596966188897236 and parameters: {'g_reg': -1.715272645045808, 'f_reg': -4.83930453004033, 'm_reg': -2.8668037851099064, 'output_scale': -0.49987033773589984, 'length_mean': -0.6628293107227718, 'length_var': -2.6677345575649536}. Best is trial 164 with value: 3.9408155833120713.[0m

DTW mean relative error: 3.9596966188897236%
(G_reg, F_reg, M_reg, output_scale, length_mean, length_var) (0.019263152151316732, 1.4477563216388555e-05, 0.0013589272732673807, 0.3163221925667883, 0.2173555276019356, 0.002149143637529507)
______________________________________________________________________________
epoch 0
epoch 1
epoch 2
Mean Training time per state 0.4126624410802668
[32m[I 2022-06-17 02:40:26,785][0m Trial 188 finished with value: 25.539871905378668 and parameters: {'g_reg': -1.6626401147956233, 'f_reg': -4.808542404872242, 'm_reg': -2.8634709010430575, 'output_scale': -0.4562312711480343, 'length_mean': -0.678682044527208, 'length_var': -2.6459945965126335}. Best is trial 164 with value: 3.9408155833120713.[0m

DTW mean relative error: 25.539871905378668%
(G_reg, F_reg, M_reg, output_scale, length_mean, length_var) (0.021745023693152333, 1.5540235472196704e-05, 0.0013693961387265306, 0.34975886331359657, 0.2095646157839874, 0.0022594638822719016)
______________________________________________________________________________
epoch 0
epoch 1
epoch 2
Mean Training time per state 0.40401459462714917
[32m[I 2022-06-17 02:44:08,097][0m Trial 189 finished with value: 5.04202306910497 and parameters: {'g_reg': -1.7195328640406808, 'f_reg': -4.782219050346031, 'm_reg': -2.933995977611803, 'output_scale': -0.5194984271962786, 'length_mean': -0.6204471324062313, 'length_var': -2.8008065646981137}. Best is trial 164 with value: 3.9408155833120713.[0m

DTW mean relative error: 5.04202306910497%
(G_reg, F_reg, M_reg, output_scale, length_mean, length_var) (0.01907511372850646, 1.6511287884271538e-05, 0.0011641368114689342, 0.3023441519928521, 0.23963644465470452, 0.0015819524859809792)
______________________________________________________________________________
epoch 0
epoch 1
epoch 2
Mean Training time per state 0.41221664891098486
[32m[I 2022-06-17 02:47:49,148][0m Trial 190 finished with value: 5.157732427027425 and parameters: {'g_reg': -1.7406769837619336, 'f_reg': -4.822135789041811, 'm_reg': -2.8958446686531354, 'output_scale': -0.5069968526268803, 'length_mean': -0.553344902698947, 'length_var': -2.7084426987433403}. Best is trial 164 with value: 3.9408155833120713.[0m

DTW mean relative error: 5.157732427027425%
(G_reg, F_reg, M_reg, output_scale, length_mean, length_var) (0.01816866495462445, 1.50613607528297e-05, 0.0012710286246503787, 0.31117388880898583, 0.27967593411894254, 0.0019568489395467344)
______________________________________________________________________________
epoch 0
epoch 1
epoch 2
Mean Training time per state 0.4223445401047215
[32m[I 2022-06-17 02:51:29,559][0m Trial 191 finished with value: 4.01999993355773 and parameters: {'g_reg': -0.061625948244482955, 'f_reg': -4.87717215129896, 'm_reg': -2.8359390830023554, 'output_scale': -0.5557348867648665, 'length_mean': -0.669535922838714, 'length_var': -2.9027609472195257}. Best is trial 164 with value: 3.9408155833120713.[0m

DTW mean relative error: 4.01999993355773%
(G_reg, F_reg, M_reg, output_scale, length_mean, length_var) (0.8677088995354798, 1.3268683921101681e-05, 0.001459018897500451, 0.27814106500292396, 0.21402478880048104, 0.0012509474114477824)
______________________________________________________________________________
epoch 0
epoch 1
epoch 2
Mean Training time per state 0.40425334554730036
[32m[I 2022-06-17 02:55:09,010][0m Trial 192 finished with value: 3.9955756785987986 and parameters: {'g_reg': -1.6809312452856653, 'f_reg': -4.864268198070906, 'm_reg': -2.8603332579267646, 'output_scale': -0.5659806301825564, 'length_mean': -0.6629798590822071, 'length_var': -2.8947552317959904}. Best is trial 164 with value: 3.9408155833120713.[0m

DTW mean relative error: 3.9955756785987986%
(G_reg, F_reg, M_reg, output_scale, length_mean, length_var) (0.02084820912435469, 1.3668844469407867e-05, 0.0013793254265064717, 0.27165604265058707, 0.21728019427748382, 0.0012742210291650257)
______________________________________________________________________________
epoch 0
epoch 1
epoch 2
Mean Training time per state 0.39881102244059247
[32m[I 2022-06-17 02:58:48,357][0m Trial 193 finished with value: 3.9634889641844797 and parameters: {'g_reg': -1.6615698170986921, 'f_reg': -4.870984066781402, 'm_reg': -2.859933382235084, 'output_scale': -0.556637648108669, 'length_mean': -0.6636087325848391, 'length_var': -2.827702127238449}. Best is trial 164 with value: 3.9408155833120713.[0m

DTW mean relative error: 3.9634889641844797%
(G_reg, F_reg, M_reg, output_scale, length_mean, length_var) (0.021798679338601266, 1.3459097313367672e-05, 0.0013805960222270197, 0.27756349789325296, 0.2169657926922789, 0.0014869551615253414)
______________________________________________________________________________
epoch 0
epoch 1
epoch 2
Mean Training time per state 0.39793540492202295
[32m[I 2022-06-17 03:02:28,962][0m Trial 194 finished with value: 4.913252849388744 and parameters: {'g_reg': -1.6878442092536416, 'f_reg': -4.946485205302949, 'm_reg': -2.841614030299228, 'output_scale': -0.5874238788138372, 'length_mean': -0.6501496856699245, 'length_var': -2.758851632714771}. Best is trial 164 with value: 3.9408155833120713.[0m

DTW mean relative error: 4.913252849388744%
(G_reg, F_reg, M_reg, output_scale, length_mean, length_var) (0.02051898106685594, 1.1311359220089891e-05, 0.0014400778473298357, 0.25856880076268085, 0.22379496649605155, 0.0017424020255660273)
______________________________________________________________________________
epoch 0
epoch 1
epoch 2
Mean Training time per state 0.3998180736194958
[32m[I 2022-06-17 03:06:08,685][0m Trial 195 finished with value: 5.0559963832465185 and parameters: {'g_reg': -1.7981527604812966, 'f_reg': -4.863167429366152, 'm_reg': -2.854890572614228, 'output_scale': -0.5593616535515791, 'length_mean': -0.6025915247112172, 'length_var': -2.8152828513690054}. Best is trial 164 with value: 3.9408155833120713.[0m

DTW mean relative error: 5.0559963832465185%
(G_reg, F_reg, M_reg, output_scale, length_mean, length_var) (0.01591648775659032, 1.370353365190449e-05, 0.0013967202425502238, 0.2758279974825248, 0.24969421195411684, 0.0015300906053869207)
______________________________________________________________________________
epoch 0
epoch 1
epoch 2
Mean Training time per state 0.40209859067743475
[32m[I 2022-06-17 03:09:50,562][0m Trial 196 finished with value: 25.499486905600683 and parameters: {'g_reg': -1.6047340390999765, 'f_reg': -4.909316319970694, 'm_reg': -2.945824108994072, 'output_scale': -0.5333608753804011, 'length_mean': -0.6631362303934972, 'length_var': -2.8495082795016646}. Best is trial 164 with value: 3.9408155833120713.[0m

DTW mean relative error: 25.499486905600683%
(G_reg, F_reg, M_reg, output_scale, length_mean, length_var) (0.02484654235779747, 1.2322070238249277e-05, 0.001132859082806964, 0.2928458842005707, 0.21720197483352, 0.0014141377653272232)
______________________________________________________________________________
epoch 0
epoch 1
epoch 2
Mean Training time per state 0.39785494226397883
[32m[I 2022-06-17 03:13:31,718][0m Trial 197 finished with value: 5.159330832858632 and parameters: {'g_reg': -1.586940235263535, 'f_reg': -4.8742548592363875, 'm_reg': -2.8180918571366433, 'output_scale': -0.487933451827267, 'length_mean': -0.5801002398419333, 'length_var': -2.677869135935635}. Best is trial 164 with value: 3.9408155833120713.[0m

DTW mean relative error: 5.159330832858632%
(G_reg, F_reg, M_reg, output_scale, length_mean, length_var) (0.025885691124178725, 1.335811385511845e-05, 0.0015202259544465602, 0.3251371152489413, 0.26296609677825644, 0.0020995724433337318)
______________________________________________________________________________
epoch 0
epoch 1
epoch 2
Mean Training time per state 0.3973691535718513
[32m[I 2022-06-17 03:17:11,355][0m Trial 198 finished with value: 5.022673430394191 and parameters: {'g_reg': -1.5127814923006575, 'f_reg': -4.856213298267752, 'm_reg': -2.894211195341307, 'output_scale': -0.6131243618322743, 'length_mean': -0.6278819183504465, 'length_var': -2.7873903667225903}. Best is trial 164 with value: 3.9408155833120713.[0m

DTW mean relative error: 5.022673430394191%
(G_reg, F_reg, M_reg, output_scale, length_mean, length_var) (0.03070566501830205, 1.3924727395173509e-05, 0.0012758182335922104, 0.2437112842157058, 0.23556896924767054, 0.0016315847344142863)
______________________________________________________________________________
epoch 0
epoch 1
epoch 2
Mean Training time per state 0.40167223323475226
[32m[I 2022-06-17 03:20:52,404][0m Trial 199 finished with value: 4.0279764564663045 and parameters: {'g_reg': -1.675717374878843, 'f_reg': -4.770308916720863, 'm_reg': -2.856848657349778, 'output_scale': -0.5598570233187918, 'length_mean': -0.6726856939520983, 'length_var': -2.880366739053686}. Best is trial 164 with value: 3.9408155833120713.[0m

DTW mean relative error: 4.0279764564663045%
(G_reg, F_reg, M_reg, output_scale, length_mean, length_var) (0.02110000825079744, 1.6970361093200474e-05, 0.0013904370853817058, 0.2755135588697929, 0.2124781645057398, 0.001317144009337864)
______________________________________________________________________________
epoch 0
epoch 1
epoch 2
Mean Training time per state 0.4122959989489931
[32m[I 2022-06-17 03:24:34,932][0m Trial 200 finished with value: 5.442494129569313 and parameters: {'g_reg': -1.5357004345826906, 'f_reg': -4.8361223551300085, 'm_reg': -2.2136127475884075, 'output_scale': -0.5688386593956725, 'length_mean': -0.515304228477732, 'length_var': -2.8853761752731057}. Best is trial 164 with value: 3.9408155833120713.[0m

DTW mean relative error: 5.442494129569313%
(G_reg, F_reg, M_reg, output_scale, length_mean, length_var) (0.029127255501750174, 1.4584033219039862e-05, 0.006114870336372983, 0.2698741830097213, 0.305278185382178, 0.0013020384959330034)
______________________________________________________________________________
epoch 0
epoch 1
epoch 2
Mean Training time per state 0.408414313287446
[32m[I 2022-06-17 03:28:15,820][0m Trial 201 finished with value: 4.068449205544631 and parameters: {'g_reg': -1.6586428457472144, 'f_reg': -4.7851899017099555, 'm_reg': -2.854202040721107, 'output_scale': -0.5354338414806, 'length_mean': -0.6824999702065889, 'length_var': -2.834003451885129}. Best is trial 164 with value: 3.9408155833120713.[0m

DTW mean relative error: 4.068449205544631%
(G_reg, F_reg, M_reg, output_scale, length_mean, length_var) (0.021946089917220656, 1.639872557782201e-05, 0.0013989363636530802, 0.29145140852669754, 0.20773038680794764, 0.0014655361924480349)
______________________________________________________________________________
epoch 0
epoch 1
epoch 2
Mean Training time per state 0.3986423160090591
[32m[I 2022-06-17 03:31:54,400][0m Trial 202 finished with value: 4.211298574144919 and parameters: {'g_reg': -1.7284969363335354, 'f_reg': -4.703023308976506, 'm_reg': -2.8478837462824296, 'output_scale': -0.5436609403146874, 'length_mean': -0.7484200283968715, 'length_var': -2.8831424229696765}. Best is trial 164 with value: 3.9408155833120713.[0m

DTW mean relative error: 4.211298574144919%
(G_reg, F_reg, M_reg, output_scale, length_mean, length_var) (0.01868542858569778, 1.9814206783165213e-05, 0.0014194374316377663, 0.28598223747786894, 0.1784760606637991, 0.0013087526589518825)
______________________________________________________________________________
epoch 0
epoch 1
epoch 2
Mean Training time per state 0.40721870191169507
