[32m[I 2022-06-18 01:08:02,701][0m Trial 551 finished with value: 4.203842661343262 and parameters: {'g_reg': -0.3799554353181386, 'f_reg': -5.022566633277833, 'm_reg': -1.2136136297012627, 'output_scale': -0.5243137046999946, 'length_mean': -0.7679649082625505, 'length_var': -2.331972190821861}. Best is trial 316 with value: 3.9293422879626934.[0m

DTW mean relative error: 4.203842661343262%
(G_reg, F_reg, M_reg, output_scale, length_mean, length_var) (0.4169121622884466, 9.49365328051736e-06, 0.06114857916228408, 0.29901040092482906, 0.17062202489497655, 0.0046561590735135884)
______________________________________________________________________________
epoch 0
epoch 1
epoch 2
Mean Training time per state 0.410854975382487
realloc(): invalid next size
