[32m[I 2022-06-17 12:32:34,753][0m Trial 348 finished with value: 4.123957300788174 and parameters: {'g_reg': -0.01387274271625799, 'f_reg': -4.828165271888504, 'm_reg': -2.919241840220441, 'output_scale': -0.3787923663830318, 'length_mean': -0.7239420379788266, 'length_var': -2.7699876579568574}. Best is trial 316 with value: 3.9293422879626934.[0m

DTW mean relative error: 4.123957300788174%
(G_reg, F_reg, M_reg, output_scale, length_mean, length_var) (0.96856162331301, 1.4853702732177294e-05, 0.0012043650936463368, 0.4180301766278754, 0.18882433419305483, 0.0016982919148623172)
______________________________________________________________________________
epoch 0
epoch 1
epoch 2
Mean Training time per state 0.4283216722083814
[32m[I 2022-06-17 12:36:20,855][0m Trial 349 finished with value: 5.103019550767411 and parameters: {'g_reg': -0.4782044570227765, 'f_reg': -4.406686857660506, 'm_reg': -2.9214013496958877, 'output_scale': -0.43712260006005904, 'length_mean': -0.609317177096167, 'length_var': -2.7031353812097456}. Best is trial 316 with value: 3.9293422879626934.[0m

DTW mean relative error: 5.103019550767411%
(G_reg, F_reg, M_reg, output_scale, length_mean, length_var) (0.3325029807901662, 3.920244393063977e-05, 0.001198391307723401, 0.3654915998404451, 0.2458571386625899, 0.0019809094270805683)
______________________________________________________________________________
epoch 0
epoch 1
epoch 2
Mean Training time per state 0.3967446775147409
[32m[I 2022-06-17 12:40:01,985][0m Trial 350 finished with value: 3.9372042567890833 and parameters: {'g_reg': -0.4978510649680433, 'f_reg': -4.634908442131237, 'm_reg': -2.883059449193754, 'output_scale': -0.40219542382097795, 'length_mean': -0.661691384686474, 'length_var': -2.8018341901134387}. Best is trial 316 with value: 3.9293422879626934.[0m

DTW mean relative error: 3.9372042567890833%
(G_reg, F_reg, M_reg, output_scale, length_mean, length_var) (0.31779637206449796, 2.3178832541093727e-05, 0.00130900272550474, 0.3960997571882631, 0.2179257831242291, 0.0015782137030667866)
______________________________________________________________________________
epoch 0
epoch 1
epoch 2
Mean Training time per state 0.3987070719401042
[32m[I 2022-06-17 12:43:42,554][0m Trial 351 finished with value: 4.8994363963835275 and parameters: {'g_reg': -0.45892064520719034, 'f_reg': -4.608419599979799, 'm_reg': -2.9562479097378596, 'output_scale': -0.39982238780018475, 'length_mean': -0.6562575523817966, 'length_var': -2.6090491477280624}. Best is trial 316 with value: 3.9293422879626934.[0m

DTW mean relative error: 4.8994363963835275%
(G_reg, F_reg, M_reg, output_scale, length_mean, length_var) (0.3475996694567551, 2.4636578878016105e-05, 0.0011059922665706565, 0.39827001662686484, 0.2206695694308955, 0.002460089187909133)
______________________________________________________________________________
epoch 0
epoch 1
epoch 2
Mean Training time per state 0.4018428181156968
[32m[I 2022-06-17 12:47:23,378][0m Trial 352 finished with value: 4.052853531675496 and parameters: {'g_reg': -0.502181220676718, 'f_reg': -4.6450122158215645, 'm_reg': -2.8887080546343116, 'output_scale': -0.3657324887496033, 'length_mean': -0.7058913328595067, 'length_var': -2.762992122989773}. Best is trial 316 with value: 3.9293422879626934.[0m

DTW mean relative error: 4.052853531675496%
(G_reg, F_reg, M_reg, output_scale, length_mean, length_var) (0.3146435108189022, 2.2645806086448754e-05, 0.0012920875605264516, 0.4307918825471691, 0.19683787466471428, 0.0017258691946352449)
______________________________________________________________________________
epoch 0
epoch 1
epoch 2
Mean Training time per state 0.3945746999798399
[32m[I 2022-06-17 12:51:06,293][0m Trial 353 finished with value: 25.863926966548046 and parameters: {'g_reg': -0.5346565939651904, 'f_reg': -4.626182751836291, 'm_reg': -1.0335014293312956, 'output_scale': -0.34406235820204845, 'length_mean': -0.7522339222585797, 'length_var': -2.797504951317769}. Best is trial 316 with value: 3.9293422879626934.[0m

DTW mean relative error: 25.863926966548046%
(G_reg, F_reg, M_reg, output_scale, length_mean, length_var) (0.2919734798893438, 2.3649243240060086e-05, 0.09257603382932547, 0.45283255524290633, 0.17691557885008916, 0.0015940247074031435)
______________________________________________________________________________
epoch 0
epoch 1
epoch 2
Mean Training time per state 0.4036929896383575
[32m[I 2022-06-17 12:54:59,081][0m Trial 354 finished with value: 10.652225429114903 and parameters: {'g_reg': -0.45781930461615555, 'f_reg': -4.563542187589446, 'm_reg': -2.022892510819679, 'output_scale': -0.4114790333468852, 'length_mean': -1.415815367170504, 'length_var': -2.7316118572856674}. Best is trial 316 with value: 3.9293422879626934.[0m

DTW mean relative error: 10.652225429114903%
(G_reg, F_reg, M_reg, output_scale, length_mean, length_var) (0.3484822766772774, 2.7318560570856788e-05, 0.009486532287522727, 0.38772246633105184, 0.038387040670840575, 0.0018551889237306517)
______________________________________________________________________________
epoch 0
epoch 1
epoch 2
Mean Training time per state 0.3971252369158196
[32m[I 2022-06-17 12:58:39,665][0m Trial 355 finished with value: 5.040145431811726 and parameters: {'g_reg': -0.34841910422755673, 'f_reg': -4.704984753731858, 'm_reg': -2.992573959582434, 'output_scale': -0.38337321558195475, 'length_mean': -0.6291508053676647, 'length_var': -2.840246427279554}. Best is trial 316 with value: 3.9293422879626934.[0m

DTW mean relative error: 5.040145431811726%
(G_reg, F_reg, M_reg, output_scale, length_mean, length_var) (0.4483125491291229, 1.9724919808670588e-05, 0.0010172461162138453, 0.41364405262183257, 0.2348817070837917, 0.0014446198322752705)
______________________________________________________________________________
epoch 0
epoch 1
epoch 2
Mean Training time per state 0.4139770883502382
[32m[I 2022-06-17 13:02:21,261][0m Trial 356 finished with value: 5.722057849204035 and parameters: {'g_reg': -0.5013248038879176, 'f_reg': -4.664733739865913, 'm_reg': -2.9118512109872983, 'output_scale': -0.32436872575963993, 'length_mean': -0.46916203090262276, 'length_var': -2.9208451417875634}. Best is trial 316 with value: 3.9293422879626934.[0m

DTW mean relative error: 5.722057849204035%
(G_reg, F_reg, M_reg, output_scale, length_mean, length_var) (0.31526459135499646, 2.164044864046445e-05, 0.0012250358238718626, 0.47383951405165026, 0.3394985854518192, 0.00119992708993191)
______________________________________________________________________________
epoch 0
epoch 1
epoch 2
Mean Training time per state 0.3921773578181411
[32m[I 2022-06-17 13:06:07,363][0m Trial 357 finished with value: 5.067536590930774 and parameters: {'g_reg': -0.5785874573082634, 'f_reg': -4.595254629212587, 'm_reg': -2.8776198981196504, 'output_scale': -0.4127222886142253, 'length_mean': -0.5924011540292524, 'length_var': -2.6640437260546324}. Best is trial 316 with value: 3.9293422879626934.[0m

DTW mean relative error: 5.067536590930774%
(G_reg, F_reg, M_reg, output_scale, length_mean, length_var) (0.26388368654443745, 2.5394833561062342e-05, 0.0013255011286926828, 0.38661412001037376, 0.2556223634576853, 0.002167485864937313)
______________________________________________________________________________
epoch 0
epoch 1
epoch 2
Mean Training time per state 0.41734791524482495
[32m[I 2022-06-17 13:09:48,519][0m Trial 358 finished with value: 4.015720475240238 and parameters: {'g_reg': -0.4333005725771753, 'f_reg': -4.872511866347405, 'm_reg': -2.9393931022183937, 'output_scale': -0.3904186096135315, 'length_mean': -0.6701402036321991, 'length_var': -2.8163261639778043}. Best is trial 316 with value: 3.9293422879626934.[0m

DTW mean relative error: 4.015720475240238%
(G_reg, F_reg, M_reg, output_scale, length_mean, length_var) (0.36872231976046776, 1.3411832893853671e-05, 0.0011497592117495614, 0.40698779955036407, 0.21372720009013554, 0.0015264192557885063)
______________________________________________________________________________
epoch 0
epoch 1
epoch 2
Mean Training time per state 0.40804891152815387
[32m[I 2022-06-17 13:13:30,662][0m Trial 359 finished with value: 5.494654668677668 and parameters: {'g_reg': -1.74085439467839, 'f_reg': -4.857190214815872, 'm_reg': -1.8198373078664756, 'output_scale': -0.4287657709219507, 'length_mean': -0.5247432563970484, 'length_var': -2.7687319191914552}. Best is trial 316 with value: 3.9293422879626934.[0m

DTW mean relative error: 5.494654668677668%
(G_reg, F_reg, M_reg, output_scale, length_mean, length_var) (0.018161244502937185, 1.3893439849978431e-05, 0.015141283535869387, 0.37259260333136424, 0.29871480212596135, 0.0017032095392376793)
______________________________________________________________________________
epoch 0
epoch 1
epoch 2
Mean Training time per state 0.39768944364605524
[32m[I 2022-06-17 13:17:13,383][0m Trial 360 finished with value: 4.840768385827317 and parameters: {'g_reg': -1.6959697682757633, 'f_reg': -4.712383330495634, 'm_reg': -2.86357270301659, 'output_scale': -0.3675788018524494, 'length_mean': -0.7008580934326869, 'length_var': -2.126836388590087}. Best is trial 316 with value: 3.9293422879626934.[0m

DTW mean relative error: 4.840768385827317%
(G_reg, F_reg, M_reg, output_scale, length_mean, length_var) (0.020138644323369575, 1.939173508390619e-05, 0.0013690751793372443, 0.42896434746661116, 0.19913239016560536, 0.007467300204252977)
______________________________________________________________________________
epoch 0
epoch 1
epoch 2
Mean Training time per state 0.4098638621243564
[32m[I 2022-06-17 13:20:54,664][0m Trial 361 finished with value: 5.002857541560494 and parameters: {'g_reg': -0.8682686771035223, 'f_reg': -5.003142268886667, 'm_reg': -2.8995871890697056, 'output_scale': -0.4007952858113162, 'length_mean': -0.6299331822052319, 'length_var': -2.876831241333403}. Best is trial 316 with value: 3.9293422879626934.[0m

DTW mean relative error: 5.002857541560494%
(G_reg, F_reg, M_reg, output_scale, length_mean, length_var) (0.1354351281137633, 9.927907705721363e-06, 0.0012601226299613427, 0.39737881851383305, 0.2344589511245252, 0.0013279103584759207)
______________________________________________________________________________
epoch 0
epoch 1
epoch 2
Mean Training time per state 0.41287067442229297
[32m[I 2022-06-17 13:24:36,839][0m Trial 362 finished with value: 5.159356301343071 and parameters: {'g_reg': -0.6207945480093586, 'f_reg': -4.522064873218296, 'm_reg': -2.8224916480465354, 'output_scale': -0.4455709694087212, 'length_mean': -0.566654299404216, 'length_var': -2.8322762761541647}. Best is trial 316 with value: 3.9293422879626934.[0m

DTW mean relative error: 5.159356301343071%
(G_reg, F_reg, M_reg, output_scale, length_mean, length_var) (0.23944482317933327, 3.0056273001936112e-05, 0.0015049024594291573, 0.3584503680035368, 0.2712349816934233, 0.001471376189634187)
______________________________________________________________________________
epoch 0
epoch 1
epoch 2
Mean Training time per state 0.3938961823781331
[32m[I 2022-06-17 13:28:24,029][0m Trial 363 finished with value: 6.348677879375458 and parameters: {'g_reg': -0.5415886842181041, 'f_reg': -4.818300885270398, 'm_reg': -2.9636204971507634, 'output_scale': -0.3052355294621194, 'length_mean': -1.1781663180358148, 'length_var': -2.9664152322392163}. Best is trial 316 with value: 3.9293422879626934.[0m

DTW mean relative error: 6.348677879375458%
(G_reg, F_reg, M_reg, output_scale, length_mean, length_var) (0.28735007563441506, 1.5194944380504392e-05, 0.0010873753980941703, 0.4951815678205352, 0.0663488931072426, 0.0010804004782514003)
______________________________________________________________________________
epoch 0
epoch 1
epoch 2
Mean Training time per state 0.4007394097068093
[32m[I 2022-06-17 13:32:05,893][0m Trial 364 finished with value: 4.162186170374702 and parameters: {'g_reg': -0.0021748266999538357, 'f_reg': -4.64731715974384, 'm_reg': -2.866523807016184, 'output_scale': -0.4261744459527878, 'length_mean': -0.7481929371594845, 'length_var': -2.7229289834004833}. Best is trial 316 with value: 3.9293422879626934.[0m

DTW mean relative error: 4.162186170374702%
(G_reg, F_reg, M_reg, output_scale, length_mean, length_var) (0.9950047942045132, 2.2525935708571537e-05, 0.0013598036199609096, 0.3748224145917396, 0.1785694096460994, 0.001892653083311874)
______________________________________________________________________________
epoch 0
epoch 1
epoch 2
Mean Training time per state 0.4404657537286932
[32m[I 2022-06-17 13:35:49,425][0m Trial 365 finished with value: 25.47282368331022 and parameters: {'g_reg': -0.3654342613078994, 'f_reg': -4.899374405198376, 'm_reg': -2.7566932007498792, 'output_scale': -0.48199717095517525, 'length_mean': -0.6566045696028381, 'length_var': -2.9041454534765307}. Best is trial 316 with value: 3.9293422879626934.[0m

DTW mean relative error: 25.47282368331022%
(G_reg, F_reg, M_reg, output_scale, length_mean, length_var) (0.43108780636763155, 1.2607401820600378e-05, 0.0017510832719646744, 0.32961185930049625, 0.2204933167762657, 0.0012469658117474313)
______________________________________________________________________________
epoch 0
epoch 1
epoch 2
Mean Training time per state 0.3944894761750192
[32m[I 2022-06-17 13:39:30,158][0m Trial 366 finished with value: 4.028707059067729 and parameters: {'g_reg': -0.7507853845765554, 'f_reg': -4.777362496924073, 'm_reg': -2.9104085552509082, 'output_scale': -0.3824808977888997, 'length_mean': -0.69684594619582, 'length_var': -2.7872421337128612}. Best is trial 316 with value: 3.9293422879626934.[0m

DTW mean relative error: 4.028707059067729%
(G_reg, F_reg, M_reg, output_scale, length_mean, length_var) (0.17750664492614, 1.669696370328724e-05, 0.001229111960307702, 0.4144948149703102, 0.20098056084300897, 0.0016321417205271787)
______________________________________________________________________________
epoch 0
epoch 1
epoch 2
Mean Training time per state 0.4058222192706484
[32m[I 2022-06-17 13:43:10,120][0m Trial 367 finished with value: 5.092468654938045 and parameters: {'g_reg': -1.8364046384700075, 'f_reg': -4.733576061951778, 'm_reg': -2.8078617119539078, 'output_scale': -0.35112541076373494, 'length_mean': -0.5966841219315904, 'length_var': -2.8573165937129428}. Best is trial 316 with value: 3.9293422879626934.[0m

DTW mean relative error: 5.092468654938045%
(G_reg, F_reg, M_reg, output_scale, length_mean, length_var) (0.01457455694858816, 1.8468173166307635e-05, 0.0015564611610603878, 0.4455275752876239, 0.2531138315450473, 0.0013889397472674702)
______________________________________________________________________________
epoch 0
epoch 1
epoch 2
Mean Training time per state 0.4028319879011675
[32m[I 2022-06-17 13:46:54,214][0m Trial 368 finished with value: 25.712294745120705 and parameters: {'g_reg': -1.5280076945807184, 'f_reg': -4.679588760561715, 'm_reg': -2.859875139755827, 'output_scale': -0.8078184439558347, 'length_mean': -0.6622495572700521, 'length_var': -2.6923973101406236}. Best is trial 316 with value: 3.9293422879626934.[0m

DTW mean relative error: 25.712294745120705%
(G_reg, F_reg, M_reg, output_scale, length_mean, length_var) (0.029647788608063875, 2.091275451168112e-05, 0.001380781183979141, 0.15566162362827665, 0.21764587613134295, 0.0020304985788349795)
______________________________________________________________________________
epoch 0
epoch 1
epoch 2
Mean Training time per state 0.39002028378573333
[32m[I 2022-06-17 13:50:35,739][0m Trial 369 finished with value: 4.343572684934487 and parameters: {'g_reg': -1.7744172657693105, 'f_reg': -4.96541570184427, 'm_reg': -2.9963500177710083, 'output_scale': -0.41101314248846965, 'length_mean': -0.7955605736774929, 'length_var': -2.8152668100404603}. Best is trial 316 with value: 3.9293422879626934.[0m

DTW mean relative error: 4.343572684934487%
(G_reg, F_reg, M_reg, output_scale, length_mean, length_var) (0.016810581411640053, 1.082889887637718e-05, 0.0010084398107424114, 0.38813862007920696, 0.1601177306888297, 0.001530147122659027)
______________________________________________________________________________
epoch 0
epoch 1
epoch 2
Mean Training time per state 0.4031535350915158
[32m[I 2022-06-17 13:54:19,088][0m Trial 370 finished with value: 4.123160856400982 and parameters: {'g_reg': -0.49337113981260317, 'f_reg': -4.60667961444468, 'm_reg': -2.9403945317783475, 'output_scale': -0.4535562823969341, 'length_mean': -0.7215251358025067, 'length_var': -2.933332437890018}. Best is trial 316 with value: 3.9293422879626934.[0m

DTW mean relative error: 4.123160856400982%
(G_reg, F_reg, M_reg, output_scale, length_mean, length_var) (0.3210915378551708, 2.4735482457534084e-05, 0.0011471110630104022, 0.3519198125184336, 0.18987809425609414, 0.001165916805104764)
______________________________________________________________________________
epoch 0
epoch 1
epoch 2
Mean Training time per state 0.4085589900161281
[32m[I 2022-06-17 13:58:00,985][0m Trial 371 finished with value: 4.93799507073359 and parameters: {'g_reg': -1.6573816832896924, 'f_reg': -5.136131885898828, 'm_reg': -2.7817100263745407, 'output_scale': -0.432655032266102, 'length_mean': -0.6161383932644434, 'length_var': -2.7590209924982134}. Best is trial 316 with value: 3.9293422879626934.[0m

DTW mean relative error: 4.93799507073359%
(G_reg, F_reg, M_reg, output_scale, length_mean, length_var) (0.02200991253462472, 7.309170859695206e-06, 0.0016530651631744258, 0.36927080038880616, 0.24202576790394476, 0.0017417226816841503)
______________________________________________________________________________
epoch 0
epoch 1
epoch 2
Mean Training time per state 0.4043985785860004
[32m[I 2022-06-17 14:01:45,413][0m Trial 372 finished with value: 4.882322950185607 and parameters: {'g_reg': -0.6760757291793897, 'f_reg': -4.855714532820971, 'm_reg': -2.8326823482042296, 'output_scale': -0.5901254863764632, 'length_mean': -0.6743582553682544, 'length_var': -1.712165492793901}. Best is trial 316 with value: 3.9293422879626934.[0m

DTW mean relative error: 4.882322950185607%
(G_reg, F_reg, M_reg, output_scale, length_mean, length_var) (0.21082604944263547, 1.3940728433152944e-05, 0.0014700010731431164, 0.2569653192034833, 0.21166143911682175, 0.01940146422110969)
______________________________________________________________________________
epoch 0
epoch 1
epoch 2
Mean Training time per state 0.4073097850337173
[32m[I 2022-06-17 14:05:27,969][0m Trial 373 finished with value: 26.029989648954714 and parameters: {'g_reg': -1.716975292188257, 'f_reg': -5.767444890512794, 'm_reg': -2.915494144909679, 'output_scale': -0.5415314073145621, 'length_mean': -0.758544569572342, 'length_var': -2.8726273243897236}. Best is trial 316 with value: 3.9293422879626934.[0m

DTW mean relative error: 26.029989648954714%
(G_reg, F_reg, M_reg, output_scale, length_mean, length_var) (0.01918777900368496, 1.7082644753039182e-06, 0.001214802998144958, 0.2873879752822673, 0.174363440739649, 0.0013408267805610152)
______________________________________________________________________________
epoch 0
epoch 1
epoch 2
Mean Training time per state 0.39835686394662567
[32m[I 2022-06-17 14:09:13,277][0m Trial 374 finished with value: 5.180919036961351 and parameters: {'g_reg': -0.8056649204676294, 'f_reg': -4.794374097950608, 'm_reg': -2.8589254822949948, 'output_scale': -0.3968039655489167, 'length_mean': -0.563785455964043, 'length_var': -2.837770099730858}. Best is trial 316 with value: 3.9293422879626934.[0m

DTW mean relative error: 5.180919036961351%
(G_reg, F_reg, M_reg, output_scale, length_mean, length_var) (0.15643541532356448, 1.605557642089005e-05, 0.0013838037963031637, 0.40104770409772783, 0.2730326246978152, 0.0014528805180528321)
______________________________________________________________________________
epoch 0
epoch 1
epoch 2
Mean Training time per state 0.4085629130854751
[32m[I 2022-06-17 14:12:54,933][0m Trial 375 finished with value: 5.007834731568521 and parameters: {'g_reg': -1.6799122380799099, 'f_reg': -4.911488798075056, 'm_reg': -2.8901748815380155, 'output_scale': -0.5117624512620219, 'length_mean': -0.6363697425328695, 'length_var': -2.9068875775052265}. Best is trial 316 with value: 3.9293422879626934.[0m

DTW mean relative error: 5.007834731568521%
(G_reg, F_reg, M_reg, output_scale, length_mean, length_var) (0.020897183769926938, 1.2260585264701616e-05, 0.0012877309042813856, 0.30777798266765133, 0.23100972199473946, 0.001239117305848329)
______________________________________________________________________________
epoch 0
epoch 1
epoch 2
Mean Training time per state 0.39662763566681836
[32m[I 2022-06-17 14:16:36,697][0m Trial 376 finished with value: 4.072107524196756 and parameters: {'g_reg': -1.602713304816564, 'f_reg': -5.035336694356033, 'm_reg': -2.7285672531186282, 'output_scale': -0.46655190457582657, 'length_mean': -0.7042935408980494, 'length_var': -2.778612575240312}. Best is trial 316 with value: 3.9293422879626934.[0m

DTW mean relative error: 4.072107524196756%
(G_reg, F_reg, M_reg, output_scale, length_mean, length_var) (0.024962420525177054, 9.218564647777396e-06, 0.0018682403465739436, 0.3415451285822311, 0.1975633852089091, 0.001664897207064879)
______________________________________________________________________________
epoch 0
epoch 1
epoch 2
Mean Training time per state 0.39883186600425025
