[32m[I 2022-06-17 16:07:53,553][0m Trial 406 finished with value: 3.949023841216612 and parameters: {'g_reg': -0.40693810696358634, 'f_reg': -4.775114693255286, 'm_reg': -2.8350047251154744, 'output_scale': -0.4185108452003757, 'length_mean': -0.6558979827363703, 'length_var': -2.8642630139290315}. Best is trial 316 with value: 3.9293422879626934.[0m

DTW mean relative error: 3.949023841216612%
(G_reg, F_reg, M_reg, output_scale, length_mean, length_var) (0.3917977097813739, 1.678360719662511e-05, 0.0014621612660841812, 0.381495267461921, 0.22085234618283647, 0.0013669007634391267)
______________________________________________________________________________
epoch 0
epoch 1
epoch 2
Mean Training time per state 0.38584651369037054
[32m[I 2022-06-17 16:11:36,033][0m Trial 407 finished with value: 5.086542602969826 and parameters: {'g_reg': -0.38237002565787714, 'f_reg': -4.774372251720914, 'm_reg': -2.792107914097968, 'output_scale': -0.6947484718688058, 'length_mean': -0.5750433685295712, 'length_var': -2.863526162608438}. Best is trial 316 with value: 3.9293422879626934.[0m

DTW mean relative error: 5.086542602969826%
(G_reg, F_reg, M_reg, output_scale, length_mean, length_var) (0.4146006459028908, 1.6812323896461393e-05, 0.0016139574685965366, 0.20195356692636293, 0.26604593737794313, 0.001369221901744485)
______________________________________________________________________________
epoch 0
epoch 1
epoch 2
Mean Training time per state 0.4052675276091604
[32m[I 2022-06-17 16:15:19,732][0m Trial 408 finished with value: 4.9758775356091505 and parameters: {'g_reg': -0.42571923352937896, 'f_reg': -4.827152172201191, 'm_reg': -2.8349151951351175, 'output_scale': -0.42194139434836725, 'length_mean': -0.6411570093678228, 'length_var': -2.934974097437581}. Best is trial 316 with value: 3.9293422879626934.[0m

DTW mean relative error: 4.9758775356091505%
(G_reg, F_reg, M_reg, output_scale, length_mean, length_var) (0.37521549642686675, 1.4888393127297228e-05, 0.0014624627222829282, 0.3784936569082747, 0.2284772646062734, 0.0011615178880163923)
______________________________________________________________________________
epoch 0
epoch 1
epoch 2
Mean Training time per state 0.3906063816764138
[32m[I 2022-06-17 16:19:02,232][0m Trial 409 finished with value: 4.115013230829389 and parameters: {'g_reg': -0.34813684037233233, 'f_reg': -4.791775420274464, 'm_reg': -2.7661088369842552, 'output_scale': -0.4431449706091569, 'length_mean': -0.7118286982138532, 'length_var': -2.870368566896091}. Best is trial 316 with value: 3.9293422879626934.[0m

DTW mean relative error: 4.115013230829389%
(G_reg, F_reg, M_reg, output_scale, length_mean, length_var) (0.44860401854658527, 1.6151935800037946e-05, 0.0017135278326246498, 0.36045829937447577, 0.19416515856794925, 0.0013478185619196193)
______________________________________________________________________________
epoch 0
epoch 1
epoch 2
Mean Training time per state 0.38996537526448566
[32m[I 2022-06-17 16:22:43,932][0m Trial 410 finished with value: 27.787017892725423 and parameters: {'g_reg': -0.39076572782548535, 'f_reg': -4.899395032442102, 'm_reg': -2.832369115700704, 'output_scale': -0.41857569068459366, 'length_mean': -0.6199640524693846, 'length_var': -2.816627866288431}. Best is trial 316 with value: 3.9293422879626934.[0m

DTW mean relative error: 27.787017892725423%
(G_reg, F_reg, M_reg, output_scale, length_mean, length_var) (0.406662636692767, 1.2606803033866431e-05, 0.0014710616857567325, 0.3814383097993058, 0.2399031484030797, 0.00152535922783355)
______________________________________________________________________________
epoch 0
epoch 1
epoch 2
Mean Training time per state 0.4171465310183438
[32m[I 2022-06-17 16:26:25,252][0m Trial 411 finished with value: 4.003754570656608 and parameters: {'g_reg': -0.454653914040629, 'f_reg': -4.859355550479595, 'm_reg': -2.8544499239732626, 'output_scale': -0.5201938172714096, 'length_mean': -0.6687165566550913, 'length_var': -2.889631983613229}. Best is trial 316 with value: 3.9293422879626934.[0m

DTW mean relative error: 4.003754570656608%
(G_reg, F_reg, M_reg, output_scale, length_mean, length_var) (0.3510314968448917, 1.3824341371449609e-05, 0.001398138117383614, 0.3018604274745236, 0.21442896203451461, 0.0012893416629081438)
______________________________________________________________________________
epoch 0
epoch 1
epoch 2
Mean Training time per state 0.41076205715988623
[32m[I 2022-06-17 16:30:06,226][0m Trial 412 finished with value: 4.123498868752739 and parameters: {'g_reg': -1.6119917536151491, 'f_reg': -4.75061522988552, 'm_reg': -2.730155757637953, 'output_scale': -0.3792503741454139, 'length_mean': -0.7245436312784597, 'length_var': -2.8536308784099895}. Best is trial 316 with value: 3.9293422879626934.[0m

DTW mean relative error: 4.123498868752739%
(G_reg, F_reg, M_reg, output_scale, length_mean, length_var) (0.024434769490007033, 1.7757620488412485e-05, 0.0018614194277633439, 0.4175895536136228, 0.18856295207108434, 0.0014007773849085228)
______________________________________________________________________________
epoch 0
epoch 1
epoch 2
Mean Training time per state 0.39721074971285736
[32m[I 2022-06-17 16:33:49,746][0m Trial 413 finished with value: 5.096061972855758 and parameters: {'g_reg': -0.401076719587944, 'f_reg': -4.807445189636861, 'm_reg': -2.5763082332769343, 'output_scale': -0.43543619918845633, 'length_mean': -0.5841800437765935, 'length_var': -2.948209618830017}. Best is trial 316 with value: 3.9293422879626934.[0m

DTW mean relative error: 5.096061972855758%
(G_reg, F_reg, M_reg, output_scale, length_mean, length_var) (0.3971213904369992, 1.5579546449087526e-05, 0.0026527221683134415, 0.36691359258311884, 0.26050733509662183, 0.001126653528475586)
______________________________________________________________________________
epoch 0
epoch 1
epoch 2
Mean Training time per state 0.3959103280847723
[32m[I 2022-06-17 16:37:33,555][0m Trial 414 finished with value: 4.993386299877587 and parameters: {'g_reg': -1.6831034183480291, 'f_reg': -4.959471227530707, 'm_reg': -2.8077317877436667, 'output_scale': -0.40736472888546504, 'length_mean': -0.6302462327917434, 'length_var': -2.9097554447758505}. Best is trial 316 with value: 3.9293422879626934.[0m

DTW mean relative error: 4.993386299877587%
(G_reg, F_reg, M_reg, output_scale, length_mean, length_var) (0.020744194780649653, 1.0978140192057315e-05, 0.0015569268640501504, 0.3914130228292756, 0.23429000800373664, 0.0012309617415831588)
______________________________________________________________________________
epoch 0
epoch 1
epoch 2
Mean Training time per state 0.40865603360262787
[32m[I 2022-06-17 16:41:18,720][0m Trial 415 finished with value: 4.0604823290144925 and parameters: {'g_reg': -0.01691942529054153, 'f_reg': -4.873305646232061, 'm_reg': -2.743972437317578, 'output_scale': -0.4834315130048663, 'length_mean': -0.6923246194414172, 'length_var': -2.821921002238065}. Best is trial 316 with value: 3.9293422879626934.[0m

DTW mean relative error: 4.0604823290144925%
(G_reg, F_reg, M_reg, output_scale, length_mean, length_var) (0.9617907029808082, 1.3387341862064174e-05, 0.0018031321737719953, 0.32852504767682383, 0.20308384650654593, 0.0015068811415357172)
______________________________________________________________________________
epoch 0
epoch 1
epoch 2
Mean Training time per state 0.4118981722629432
[32m[I 2022-06-17 16:45:02,614][0m Trial 416 finished with value: 6.03126567515878 and parameters: {'g_reg': -0.09482734563817563, 'f_reg': -5.01901220292342, 'm_reg': -1.7421394362098752, 'output_scale': -0.9626050405184987, 'length_mean': -0.4170664215525207, 'length_var': -2.8508818543364987}. Best is trial 316 with value: 3.9293422879626934.[0m

DTW mean relative error: 6.03126567515878%
(G_reg, F_reg, M_reg, output_scale, length_mean, length_var) (0.8038456285940041, 9.571671761756642e-06, 0.01810758630346386, 0.10899208470895205, 0.3827661980889372, 0.0014096722341243745)
______________________________________________________________________________
epoch 0
epoch 1
epoch 2
Mean Training time per state 0.40347201173955743
[32m[I 2022-06-17 16:48:44,805][0m Trial 417 finished with value: 4.220814573030125 and parameters: {'g_reg': -0.33155459178057056, 'f_reg': -5.097686254630902, 'm_reg': -2.8844121665431555, 'output_scale': -0.4493677527984937, 'length_mean': -0.766067641392537, 'length_var': -2.9100013598604204}. Best is trial 316 with value: 3.9293422879626934.[0m

DTW mean relative error: 4.220814573030125%
(G_reg, F_reg, M_reg, output_scale, length_mean, length_var) (0.4660638390602866, 7.985713871932681e-06, 0.0013049318566034796, 0.35533030379500385, 0.17136903793388802, 0.0012302649186078098)
______________________________________________________________________________
epoch 0
epoch 1
epoch 2
Mean Training time per state 0.40477382775509
[32m[I 2022-06-17 16:52:27,207][0m Trial 418 finished with value: 5.295460843315568 and parameters: {'g_reg': -0.4483562707354199, 'f_reg': -4.7786599271994845, 'm_reg': -2.8469070144913364, 'output_scale': -0.3749119175624938, 'length_mean': -0.5292589202995834, 'length_var': -2.807056095716655}. Best is trial 316 with value: 3.9293422879626934.[0m

DTW mean relative error: 5.295460843315568%
(G_reg, F_reg, M_reg, output_scale, length_mean, length_var) (0.3561588408966809, 1.664715690029346e-05, 0.0014226333503414344, 0.4217820394518133, 0.29562494664560335, 0.0015593510759858609)
______________________________________________________________________________
epoch 0
epoch 1
epoch 2
Mean Training time per state 0.39990078319202765
[32m[I 2022-06-17 16:56:08,346][0m Trial 419 finished with value: 4.468525964342821 and parameters: {'g_reg': -1.6446985994933077, 'f_reg': -4.925012878381415, 'm_reg': -2.7825555811552207, 'output_scale': -0.4212199595231279, 'length_mean': -0.8405831312312112, 'length_var': -2.8867408647046253}. Best is trial 316 with value: 3.9293422879626934.[0m

DTW mean relative error: 4.468525964342821%
(G_reg, F_reg, M_reg, output_scale, length_mean, length_var) (0.022662165169468073, 1.1884669846266687e-05, 0.0016498498394657158, 0.3791229198620409, 0.14435002677374434, 0.0012979535042592096)
______________________________________________________________________________
epoch 0
epoch 1
epoch 2
Mean Training time per state 0.4193441362091989
[32m[I 2022-06-17 16:59:52,782][0m Trial 420 finished with value: 4.045193320522967 and parameters: {'g_reg': -0.1384414371038239, 'f_reg': -4.815994016700935, 'm_reg': -2.893568018119677, 'output_scale': -0.49771814778831475, 'length_mean': -0.6539788870352105, 'length_var': -2.9666441722726558}. Best is trial 316 with value: 3.9293422879626934.[0m

DTW mean relative error: 4.045193320522967%
(G_reg, F_reg, M_reg, output_scale, length_mean, length_var) (0.7270404311359545, 1.527587103745004e-05, 0.0012777090822820236, 0.3178936495199019, 0.2218304258705039, 0.0010798310910074239)
______________________________________________________________________________
epoch 0
epoch 1
epoch 2
Mean Training time per state 0.40007169318921637
[32m[I 2022-06-17 17:03:37,016][0m Trial 421 finished with value: 27.851614760134254 and parameters: {'g_reg': -0.0021687258176419505, 'f_reg': -4.733793715227984, 'm_reg': -2.8152158792481132, 'output_scale': -0.4042649846869251, 'length_mean': -0.6048328185230596, 'length_var': -1.8280446340148593}. Best is trial 316 with value: 3.9293422879626934.[0m

DTW mean relative error: 27.851614760134254%
(G_reg, F_reg, M_reg, output_scale, length_mean, length_var) (0.9950187719317012, 1.84589198797142e-05, 0.0015303265773341547, 0.39421669744515564, 0.24840891703397747, 0.01485782935153307)
______________________________________________________________________________
epoch 0
epoch 1
epoch 2
Mean Training time per state 0.39716529123710864
[32m[I 2022-06-17 17:07:21,106][0m Trial 422 finished with value: 4.059152267201794 and parameters: {'g_reg': -1.5539129978598383, 'f_reg': -4.5791979088007215, 'm_reg': -2.8463418174884625, 'output_scale': -0.45765148635900516, 'length_mean': -0.710037604947714, 'length_var': -2.839363489679518}. Best is trial 316 with value: 3.9293422879626934.[0m

DTW mean relative error: 4.059152267201794%
(G_reg, F_reg, M_reg, output_scale, length_mean, length_var) (0.027931033271120835, 2.6351302784184958e-05, 0.0014244859908404438, 0.3486169617615632, 0.19496757727688283, 0.0014475597881805449)
______________________________________________________________________________
epoch 0
epoch 1
epoch 2
Mean Training time per state 0.40997498685663397
[32m[I 2022-06-17 17:11:05,583][0m Trial 423 finished with value: 27.42189073530753 and parameters: {'g_reg': -1.504118014100573, 'f_reg': -4.906692654356701, 'm_reg': -2.948300992958532, 'output_scale': -0.3897574950410852, 'length_mean': -0.6487805751834922, 'length_var': -2.7916675689867456}. Best is trial 316 with value: 3.9293422879626934.[0m

DTW mean relative error: 27.42189073530753%
(G_reg, F_reg, M_reg, output_scale, length_mean, length_var) (0.031324344087311086, 1.2396735801461352e-05, 0.0011264165092190713, 0.40760781770816223, 0.22450159188086335, 0.0016155947417656586)
______________________________________________________________________________
epoch 0
epoch 1
epoch 2
Mean Training time per state 0.38643280665079754
[32m[I 2022-06-17 17:14:46,921][0m Trial 424 finished with value: 4.2048962641407535 and parameters: {'g_reg': -1.6946705123674874, 'f_reg': -4.851395366086799, 'm_reg': -2.894739161150103, 'output_scale': -0.44057004560318835, 'length_mean': -0.7472645081017336, 'length_var': -2.8744845224037596}. Best is trial 316 with value: 3.9293422879626934.[0m

DTW mean relative error: 4.2048962641407535%
(G_reg, F_reg, M_reg, output_scale, length_mean, length_var) (0.020198982253912253, 1.408006416358652e-05, 0.001274268181350181, 0.3626017989485556, 0.1789515613261491, 0.0013351051698365906)
______________________________________________________________________________
epoch 0
epoch 1
epoch 2
Mean Training time per state 0.409949085929177
[32m[I 2022-06-17 17:18:27,122][0m Trial 425 finished with value: 4.11716172193138 and parameters: {'g_reg': -0.04994910686063693, 'f_reg': -4.775476628886721, 'm_reg': -1.1650611655307088, 'output_scale': -0.9384868060321054, 'length_mean': -0.6713587413691777, 'length_var': -2.928875461096274}. Best is trial 316 with value: 3.9293422879626934.[0m

DTW mean relative error: 4.11716172193138%
(G_reg, F_reg, M_reg, output_scale, length_mean, length_var) (0.8913553861934953, 1.6769625773460812e-05, 0.06838153327414737, 0.11521610622165497, 0.2131283676182351, 0.0011779437139089056)
______________________________________________________________________________
epoch 0
epoch 1
epoch 2
Mean Training time per state 0.390863375230269
[32m[I 2022-06-17 17:22:08,513][0m Trial 426 finished with value: 5.1891771458071645 and parameters: {'g_reg': -1.7532375896707184, 'f_reg': -5.4624148185868515, 'm_reg': -2.7595104511925332, 'output_scale': -0.3628700698892974, 'length_mean': -0.5671311557824376, 'length_var': -2.823898323961538}. Best is trial 316 with value: 3.9293422879626934.[0m

DTW mean relative error: 5.1891771458071645%
(G_reg, F_reg, M_reg, output_scale, length_mean, length_var) (0.017650719378361254, 3.4481423092580555e-06, 0.001739760830607451, 0.4336405934663387, 0.2709373284776922, 0.0015000359794153971)
______________________________________________________________________________
epoch 0
epoch 1
epoch 2
Mean Training time per state 0.41746455972844904
[32m[I 2022-06-17 17:25:52,072][0m Trial 427 finished with value: 5.099964444921142 and parameters: {'g_reg': -0.486510080836492, 'f_reg': -4.517511300018899, 'm_reg': -2.8664416213487556, 'output_scale': -0.4701636962158158, 'length_mean': -0.6110916779841984, 'length_var': -2.9994617866174575}. Best is trial 316 with value: 3.9293422879626934.[0m

DTW mean relative error: 5.099964444921142%
(G_reg, F_reg, M_reg, output_scale, length_mean, length_var) (0.3262044784533076, 3.0373070624507868e-05, 0.0013600609728579914, 0.33871646155360374, 0.24485463080728814, 0.0010012400503388854)
______________________________________________________________________________
epoch 0
epoch 1
epoch 2
Mean Training time per state 0.414866895386667
[32m[I 2022-06-17 17:29:34,582][0m Trial 428 finished with value: 4.310876759705274 and parameters: {'g_reg': -0.0868534161064825, 'f_reg': -4.979387519452232, 'm_reg': -2.810128900348507, 'output_scale': -0.8953005572023779, 'length_mean': -0.7010443155356385, 'length_var': -2.8611313803458787}. Best is trial 316 with value: 3.9293422879626934.[0m

DTW mean relative error: 4.310876759705274%
(G_reg, F_reg, M_reg, output_scale, length_mean, length_var) (0.8187410845408326, 1.048606343296946e-05, 0.0015483569921251811, 0.12726220472402752, 0.19904702204622118, 0.001376792906173368)
______________________________________________________________________________
epoch 0
epoch 1
epoch 2
Mean Training time per state 0.4178081859241833
[32m[I 2022-06-17 17:33:16,222][0m Trial 429 finished with value: 3.964375752771992 and parameters: {'g_reg': -1.6460353138252586, 'f_reg': -4.828231016959086, 'm_reg': -2.9300378914780456, 'output_scale': -0.4249901954278856, 'length_mean': -0.6549318194048808, 'length_var': -2.8027658159535966}. Best is trial 316 with value: 3.9293422879626934.[0m

DTW mean relative error: 3.964375752771992%
(G_reg, F_reg, M_reg, output_scale, length_mean, length_var) (0.022592520559915154, 1.485145429508787e-05, 0.001174795051535197, 0.37584588923744233, 0.22134421742074364, 0.001574831830063756)
______________________________________________________________________________
epoch 0
epoch 1
epoch 2
Mean Training time per state 0.4043185132922548
[32m[I 2022-06-17 17:36:57,863][0m Trial 430 finished with value: 4.957654894860534 and parameters: {'g_reg': -1.602153920427156, 'f_reg': -4.703481118767897, 'm_reg': -2.958402104171901, 'output_scale': -0.42082000963863453, 'length_mean': -0.6394600952160594, 'length_var': -2.769907962592943}. Best is trial 316 with value: 3.9293422879626934.[0m

DTW mean relative error: 4.957654894860534%
(G_reg, F_reg, M_reg, output_scale, length_mean, length_var) (0.024994593591079403, 1.9793330721461734e-05, 0.0011005198893504057, 0.37947222204130104, 0.22937173770612432, 0.001698603589122399)
______________________________________________________________________________
epoch 0
epoch 1
epoch 2
Mean Training time per state 0.4073632196946578
[32m[I 2022-06-17 17:40:38,995][0m Trial 431 finished with value: 4.181647244073717 and parameters: {'g_reg': -0.8267446834325491, 'f_reg': -4.8162062908542405, 'm_reg': -2.9249178989152953, 'output_scale': -0.43157332764371664, 'length_mean': -0.7352774651104571, 'length_var': -2.7877970806220524}. Best is trial 316 with value: 3.9293422879626934.[0m

DTW mean relative error: 4.181647244073717%
(G_reg, F_reg, M_reg, output_scale, length_mean, length_var) (0.14902369128194823, 1.526840633232702e-05, 0.001188726928762809, 0.37019169579505395, 0.1839596331717316, 0.0016300574813837244)
______________________________________________________________________________
epoch 0
epoch 1
epoch 2
Mean Training time per state 0.4022420825380268
[32m[I 2022-06-17 17:44:25,361][0m Trial 432 finished with value: 28.358145186026828 and parameters: {'g_reg': -1.5771367254857664, 'f_reg': -4.75449136753745, 'm_reg': -2.917176131039477, 'output_scale': -0.40243337725680256, 'length_mean': -0.5724966516529698, 'length_var': -2.8124975197545012}. Best is trial 316 with value: 3.9293422879626934.[0m

DTW mean relative error: 28.358145186026828%
(G_reg, F_reg, M_reg, output_scale, length_mean, length_var) (0.026476664635594987, 1.7599836466128034e-05, 0.001210107266903113, 0.39588279039332513, 0.26761062255079704, 0.0015399353205685178)
______________________________________________________________________________
epoch 0
epoch 1
epoch 2
Mean Training time per state 0.3665683847485166
[32m[I 2022-06-17 17:48:11,030][0m Trial 433 finished with value: 25.657089668352622 and parameters: {'g_reg': -0.9141860446799, 'f_reg': -4.630668469113257, 'm_reg': -2.069950931739409, 'output_scale': -0.45200016931416825, 'length_mean': -0.9720456312223659, 'length_var': -2.744229508175389}. Best is trial 316 with value: 3.9293422879626934.[0m

DTW mean relative error: 25.657089668352622%
(G_reg, F_reg, M_reg, output_scale, length_mean, length_var) (0.12184675154762162, 2.3406233373821823e-05, 0.008512342084836198, 0.3531830320998944, 0.10664840601057846, 0.0018020651660338356)
______________________________________________________________________________
epoch 0
epoch 1
epoch 2
Mean Training time per state 0.4074054775816021
[32m[I 2022-06-17 17:51:55,863][0m Trial 434 finished with value: 25.527307146642116 and parameters: {'g_reg': -1.651886582933146, 'f_reg': -4.840326435690818, 'm_reg': -2.9695169504149885, 'output_scale': -0.38906886654650386, 'length_mean': -0.6823062864433644, 'length_var': -2.8278709631606267}. Best is trial 316 with value: 3.9293422879626934.[0m

DTW mean relative error: 25.527307146642116%
(G_reg, F_reg, M_reg, output_scale, length_mean, length_var) (0.022290171865603964, 1.444353720002287e-05, 0.001072711779321371, 0.4082546438185149, 0.2078230496846598, 0.0014863772065582606)
______________________________________________________________________________
epoch 0
epoch 1
epoch 2
Mean Training time per state 0.40818181904879486
