[32m[I 2022-06-17 03:35:36,008][0m Trial 203 finished with value: 4.064473623523258 and parameters: {'g_reg': -1.6738560606742285, 'f_reg': -4.776990921847858, 'm_reg': -2.804080693877333, 'output_scale': -0.5717756645906222, 'length_mean': -0.6743684559513711, 'length_var': -2.817828974631443}. Best is trial 164 with value: 3.9408155833120713.[0m

DTW mean relative error: 4.064473623523258%
(G_reg, F_reg, M_reg, output_scale, length_mean, length_var) (0.021190633454337436, 1.671125545846861e-05, 0.0015700710509333605, 0.2680552610382763, 0.21165646773257293, 0.0015211464399733116)
______________________________________________________________________________
epoch 0
epoch 1
epoch 2
Mean Training time per state 0.41572373563593085
[32m[I 2022-06-17 03:39:15,198][0m Trial 204 finished with value: 4.035407552667832 and parameters: {'g_reg': -1.6439700931889167, 'f_reg': -4.771288440419633, 'm_reg': -2.413676572567864, 'output_scale': -0.5653307761142736, 'length_mean': -0.687040789987867, 'length_var': -2.7557730500668116}. Best is trial 164 with value: 3.9408155833120713.[0m

DTW mean relative error: 4.035407552667832%
(G_reg, F_reg, M_reg, output_scale, length_mean, length_var) (0.02270021166917869, 1.6932128650172526e-05, 0.0038576553771467762, 0.27206283789588753, 0.20556975108358652, 0.0017547972693817814)
______________________________________________________________________________
epoch 0
epoch 1
epoch 2
Mean Training time per state 0.39756946130232373
[32m[I 2022-06-17 03:42:57,739][0m Trial 205 finished with value: 32.12908807791128 and parameters: {'g_reg': -1.6794249893686224, 'f_reg': -4.749507749239395, 'm_reg': -1.9589522216446984, 'output_scale': -0.5683440533804803, 'length_mean': -0.010885886291188918, 'length_var': -2.732115463126539}. Best is trial 164 with value: 3.9408155833120713.[0m

DTW mean relative error: 32.12908807791128%
(G_reg, F_reg, M_reg, output_scale, length_mean, length_var) (0.020920642138032276, 1.780296142242227e-05, 0.01099126751813653, 0.27018171036231375, 0.9752458562663975, 0.0018530389021888499)
______________________________________________________________________________
epoch 0
epoch 1
epoch 2
Mean Training time per state 0.4050847472566547
[32m[I 2022-06-17 03:46:37,017][0m Trial 206 finished with value: 4.0731850370306075 and parameters: {'g_reg': -1.7768253309059385, 'f_reg': -4.765642622772028, 'm_reg': -2.3222722029888185, 'output_scale': -0.602230675003804, 'length_mean': -0.6915533983622277, 'length_var': -2.790394663023021}. Best is trial 164 with value: 3.9408155833120713.[0m

DTW mean relative error: 4.0731850370306075%
(G_reg, F_reg, M_reg, output_scale, length_mean, length_var) (0.016717628461740894, 1.7153682888325538e-05, 0.0047613246745782335, 0.24990176588303814, 0.20344480363927564, 0.0016203369546851224)
______________________________________________________________________________
epoch 0
epoch 1
epoch 2
Mean Training time per state 0.4228514830271403
[32m[I 2022-06-17 03:50:20,765][0m Trial 207 finished with value: 25.68675047844676 and parameters: {'g_reg': -1.649786169330878, 'f_reg': -4.7655784468323255, 'm_reg': -2.4032387991821524, 'output_scale': -0.6053965911689881, 'length_mean': -0.6874734329219251, 'length_var': -2.757559551417807}. Best is trial 164 with value: 3.9408155833120713.[0m

DTW mean relative error: 25.68675047844676%
(G_reg, F_reg, M_reg, output_scale, length_mean, length_var) (0.02239823674122611, 1.7156217884982165e-05, 0.003951492853392749, 0.24808665806406094, 0.20536506504995755, 0.0017475936120950326)
______________________________________________________________________________
epoch 0
epoch 1
epoch 2
Mean Training time per state 0.4191163308692701
[32m[I 2022-06-17 03:54:03,234][0m Trial 208 finished with value: 25.971140908628826 and parameters: {'g_reg': -1.852885463669061, 'f_reg': -4.792088663761945, 'm_reg': -2.7842483479356503, 'output_scale': -0.5280162786532463, 'length_mean': -0.7543341480888897, 'length_var': -2.806181752224301}. Best is trial 164 with value: 3.9408155833120713.[0m

DTW mean relative error: 25.971140908628826%
(G_reg, F_reg, M_reg, output_scale, length_mean, length_var) (0.014031837169162587, 1.6140290097131817e-05, 0.0016434316707879515, 0.29647202608786494, 0.1760620895670478, 0.0015624936022789278)
______________________________________________________________________________
epoch 0
epoch 1
epoch 2
Mean Training time per state 0.4078387997367165
[32m[I 2022-06-17 03:57:44,713][0m Trial 209 finished with value: 4.068401892851709 and parameters: {'g_reg': -1.7579408518052904, 'f_reg': -4.699406882320781, 'm_reg': -2.7369372518113275, 'output_scale': -0.6418248457845305, 'length_mean': -0.6876533983413864, 'length_var': -2.7747160242173754}. Best is trial 164 with value: 3.9408155833120713.[0m

DTW mean relative error: 4.068401892851709%
(G_reg, F_reg, M_reg, output_scale, length_mean, length_var) (0.01746059939180949, 1.9979891141232858e-05, 0.001832579179862269, 0.22812619365092435, 0.2052799823350898, 0.001679902110784709)
______________________________________________________________________________
epoch 0
epoch 1
epoch 2
Mean Training time per state 0.40665320916609327
[32m[I 2022-06-17 04:01:25,440][0m Trial 210 finished with value: 5.050859710232302 and parameters: {'g_reg': -1.774273232532745, 'f_reg': -4.658852016004758, 'm_reg': -2.744461458001621, 'output_scale': -0.657220133092682, 'length_mean': -0.6177027682454619, 'length_var': -2.7438413465824234}. Best is trial 164 with value: 3.9408155833120713.[0m

DTW mean relative error: 5.050859710232302%
(G_reg, F_reg, M_reg, output_scale, length_mean, length_var) (0.01681615754512149, 2.1935522516091768e-05, 0.0018011029684494358, 0.22018101372538904, 0.2411555335888123, 0.0018036765269934354)
______________________________________________________________________________
epoch 0
epoch 1
epoch 2
Mean Training time per state 0.42151490847269696
[32m[I 2022-06-17 04:05:04,958][0m Trial 211 finished with value: 4.030077807581951 and parameters: {'g_reg': -1.704558935735794, 'f_reg': -4.696518833915218, 'm_reg': -2.4551638391909507, 'output_scale': -0.5801631336089969, 'length_mean': -0.6816745035783812, 'length_var': -2.7980983957738874}. Best is trial 164 with value: 3.9408155833120713.[0m

DTW mean relative error: 4.030077807581951%
(G_reg, F_reg, M_reg, output_scale, length_mean, length_var) (0.019744269225177778, 2.0113199720149743e-05, 0.0035061957647422176, 0.2629280172455569, 0.20812559691037644, 0.0015918480297128456)
______________________________________________________________________________
epoch 0
epoch 1
epoch 2
Mean Training time per state 0.3855504556135698
[32m[I 2022-06-17 04:08:44,524][0m Trial 212 finished with value: 4.910712709556701 and parameters: {'g_reg': -1.6835624084327907, 'f_reg': -4.706684579256157, 'm_reg': -2.8150090865118274, 'output_scale': -0.5520712356507543, 'length_mean': -0.6476029849141487, 'length_var': -2.8260493618354467}. Best is trial 164 with value: 3.9408155833120713.[0m

DTW mean relative error: 4.910712709556701%
(G_reg, F_reg, M_reg, output_scale, length_mean, length_var) (0.02072228257478744, 1.964786750178849e-05, 0.0015310554278907416, 0.2804973511217406, 0.22511115439276963, 0.001492624748467468)
______________________________________________________________________________
epoch 0
epoch 1
epoch 2
Mean Training time per state 0.38833548805930396
[32m[I 2022-06-17 04:12:27,571][0m Trial 213 finished with value: 25.898479644780252 and parameters: {'g_reg': -1.6494032763054656, 'f_reg': -4.905830072677905, 'm_reg': -2.4595366397548366, 'output_scale': -0.5800931946480291, 'length_mean': -0.728407995114744, 'length_var': -2.775970326751746}. Best is trial 164 with value: 3.9408155833120713.[0m

DTW mean relative error: 25.898479644780252%
(G_reg, F_reg, M_reg, output_scale, length_mean, length_var) (0.022417992714750402, 1.2421382265786267e-05, 0.0034710699057079308, 0.2629703626905493, 0.18689255654766335, 0.0016750573207080896)
______________________________________________________________________________
epoch 0
epoch 1
epoch 2
Mean Training time per state 0.4144804405443596
[32m[I 2022-06-17 04:16:08,983][0m Trial 214 finished with value: 4.018497104216014 and parameters: {'g_reg': -1.7020004243891096, 'f_reg': -4.714176519403559, 'm_reg': -2.802954579457865, 'output_scale': -0.49127443868084425, 'length_mean': -0.6881029954056008, 'length_var': -2.8361038945219206}. Best is trial 164 with value: 3.9408155833120713.[0m

DTW mean relative error: 4.018497104216014%
(G_reg, F_reg, M_reg, output_scale, length_mean, length_var) (0.01986092976562181, 1.931183226225652e-05, 0.001574147487542413, 0.32264546212897494, 0.20506757917298157, 0.0014584653157480247)
______________________________________________________________________________
epoch 0
epoch 1
epoch 2
Mean Training time per state 0.4013189908229944
[32m[I 2022-06-17 04:19:49,711][0m Trial 215 finished with value: 5.01085666088896 and parameters: {'g_reg': -1.7193051663223606, 'f_reg': -4.693945263696457, 'm_reg': -2.7176743383601876, 'output_scale': -0.4816566614163865, 'length_mean': -0.598001639602928, 'length_var': -2.6922854571593793}. Best is trial 164 with value: 3.9408155833120713.[0m

DTW mean relative error: 5.01085666088896%
(G_reg, F_reg, M_reg, output_scale, length_mean, length_var) (0.019085117306378435, 2.0232741659618687e-05, 0.0019156918942548082, 0.32987039353890724, 0.2523471245537854, 0.002031021603138944)
______________________________________________________________________________
epoch 0
epoch 1
epoch 2
Mean Training time per state 0.35157515785910864
[32m[I 2022-06-17 04:23:30,780][0m Trial 216 finished with value: 27.495933119061057 and parameters: {'g_reg': -1.706712885941876, 'f_reg': -4.623267620129237, 'm_reg': -2.7899247696456344, 'output_scale': -0.44772905643417993, 'length_mean': -0.6422236957768601, 'length_var': -2.611940504564909}. Best is trial 164 with value: 3.9408155833120713.[0m

DTW mean relative error: 27.495933119061057%
(G_reg, F_reg, M_reg, output_scale, length_mean, length_var) (0.019646586923957213, 2.380851893153611e-05, 0.0016220910585995724, 0.3566735821967325, 0.22791678191292117, 0.002443765309242629)
______________________________________________________________________________
epoch 0
epoch 1
epoch 2
Mean Training time per state 0.4057120554374926
[32m[I 2022-06-17 04:27:11,116][0m Trial 217 finished with value: 4.113338046649866 and parameters: {'g_reg': -1.5785350714282083, 'f_reg': -4.812005856018213, 'm_reg': -2.7556695399123416, 'output_scale': -0.5036687246266566, 'length_mean': -0.7271484649961256, 'length_var': -2.8509826234222837}. Best is trial 164 with value: 3.9408155833120713.[0m

DTW mean relative error: 4.113338046649866%
(G_reg, F_reg, M_reg, output_scale, length_mean, length_var) (0.026391551889205847, 1.5416796648312675e-05, 0.0017552155592559376, 0.3135676674287222, 0.18743536445787834, 0.0014093451866728543)
______________________________________________________________________________
epoch 0
epoch 1
epoch 2
Mean Training time per state 0.3986380605986624
[32m[I 2022-06-17 04:30:52,193][0m Trial 218 finished with value: 4.383759745542325 and parameters: {'g_reg': -1.7773951070980318, 'f_reg': -4.736838945150486, 'm_reg': -2.8124079980468224, 'output_scale': -0.6321493432413126, 'length_mean': -0.7807283353909892, 'length_var': -2.805344163954298}. Best is trial 164 with value: 3.9408155833120713.[0m

DTW mean relative error: 4.383759745542325%
(G_reg, F_reg, M_reg, output_scale, length_mean, length_var) (0.016695710013747377, 1.8329940484337327e-05, 0.0015402527822327209, 0.23326557811240023, 0.16568060227199466, 0.0015655099637485138)
______________________________________________________________________________
epoch 0
epoch 1
epoch 2
Mean Training time per state 0.3955437920310281
[32m[I 2022-06-17 04:34:35,068][0m Trial 219 finished with value: 6.4410445455438055 and parameters: {'g_reg': -1.9206367591203717, 'f_reg': -4.650072824929017, 'm_reg': -2.891816954627237, 'output_scale': -0.4915488950509599, 'length_mean': -0.2795573369476856, 'length_var': -2.7414254794558355}. Best is trial 164 with value: 3.9408155833120713.[0m

DTW mean relative error: 6.4410445455438055%
(G_reg, F_reg, M_reg, output_scale, length_mean, length_var) (0.012005029756853872, 2.2383457687529802e-05, 0.0012828711701187493, 0.32244162779237456, 0.5253426531127884, 0.001813737868260072)
______________________________________________________________________________
epoch 0
epoch 1
epoch 2
Mean Training time per state 0.400417862516461
[32m[I 2022-06-17 04:38:16,545][0m Trial 220 finished with value: 4.009078330611488 and parameters: {'g_reg': -1.6270656376917603, 'f_reg': -4.840146352998385, 'm_reg': -2.825179782908174, 'output_scale': -0.4084487279311291, 'length_mean': -0.6761953548088722, 'length_var': -2.857719553615824}. Best is trial 164 with value: 3.9408155833120713.[0m

DTW mean relative error: 4.009078330611488%
(G_reg, F_reg, M_reg, output_scale, length_mean, length_var) (0.023601215060254702, 1.4449527537262671e-05, 0.0014956163944215358, 0.3904372741482723, 0.2107679857857933, 0.0013876516179528882)
______________________________________________________________________________
epoch 0
epoch 1
epoch 2
Mean Training time per state 0.40487756151141546
[32m[I 2022-06-17 04:41:57,637][0m Trial 221 finished with value: 3.9854860807381836 and parameters: {'g_reg': -1.6256784731131961, 'f_reg': -4.826924808921478, 'm_reg': -2.8279167110691117, 'output_scale': -0.41642156675008396, 'length_mean': -0.6829710226437441, 'length_var': -2.8575549512585003}. Best is trial 164 with value: 3.9408155833120713.[0m

DTW mean relative error: 3.9854860807381836%
(G_reg, F_reg, M_reg, output_scale, length_mean, length_var) (0.02367671938161052, 1.4896189588614005e-05, 0.0014862206421303373, 0.38333496414911233, 0.2075051966172583, 0.0013881776527691924)
______________________________________________________________________________
epoch 0
epoch 1
epoch 2
Mean Training time per state 0.40810239676273224
[32m[I 2022-06-17 04:45:39,060][0m Trial 222 finished with value: 3.9699433435161073 and parameters: {'g_reg': -1.629351388698897, 'f_reg': -4.829001532864122, 'm_reg': -2.8294150642093623, 'output_scale': -0.41588903513097886, 'length_mean': -0.6646510953558734, 'length_var': -2.856643909207916}. Best is trial 164 with value: 3.9408155833120713.[0m

DTW mean relative error: 3.9699433435161073%
(G_reg, F_reg, M_reg, output_scale, length_mean, length_var) (0.023477324962232628, 1.4825128525333679e-05, 0.0014811018888333403, 0.3838052975420922, 0.21644567123496303, 0.0013910927615195215)
______________________________________________________________________________
epoch 0
epoch 1
epoch 2
Mean Training time per state 0.4013496312228116
[32m[I 2022-06-17 04:49:21,100][0m Trial 223 finished with value: 5.02380249859296 and parameters: {'g_reg': -1.6232338020493888, 'f_reg': -4.8456620176760214, 'm_reg': -2.1443667614009643, 'output_scale': -0.369376208562418, 'length_mean': -0.6277535412316378, 'length_var': -2.8544074522223744}. Best is trial 164 with value: 3.9408155833120713.[0m

DTW mean relative error: 5.02380249859296%
(G_reg, F_reg, M_reg, output_scale, length_mean, length_var) (0.02381037294943664, 1.4267174803826596e-05, 0.007171883703559579, 0.4271926692227543, 0.2356386135488537, 0.0013982748547357875)
______________________________________________________________________________
epoch 0
epoch 1
epoch 2
Mean Training time per state 0.3972045797290224
[32m[I 2022-06-17 04:53:01,659][0m Trial 224 finished with value: 25.802549574544663 and parameters: {'g_reg': -1.6413446643247522, 'f_reg': -4.9039940374087845, 'm_reg': -2.842791937890317, 'output_scale': -0.41669465746713874, 'length_mean': -0.7145477836016287, 'length_var': -2.875206114126092}. Best is trial 164 with value: 3.9408155833120713.[0m

DTW mean relative error: 25.802549574544663%
(G_reg, F_reg, M_reg, output_scale, length_mean, length_var) (0.022837856284645134, 1.2474006401548568e-05, 0.001436177313415582, 0.38309399329248844, 0.19295330260782628, 0.0013328886992981434)
______________________________________________________________________________
epoch 0
epoch 1
epoch 2
Mean Training time per state 0.39914229421904596
[32m[I 2022-06-17 04:56:43,756][0m Trial 225 finished with value: 27.87711166409875 and parameters: {'g_reg': -1.4808457773609742, 'f_reg': -4.82185825292842, 'm_reg': -2.911710865435571, 'output_scale': -0.39367917766589683, 'length_mean': -0.5802370541917731, 'length_var': -1.866126926296394}. Best is trial 164 with value: 3.9408155833120713.[0m

DTW mean relative error: 27.87711166409875%
(G_reg, F_reg, M_reg, output_scale, length_mean, length_var) (0.03304868796450525, 1.5070988799288833e-05, 0.0012254317674509681, 0.4039436843479867, 0.26288326848843757, 0.013610468466901122)
______________________________________________________________________________
epoch 0
epoch 1
epoch 2
Mean Training time per state 0.40444733879782935
[32m[I 2022-06-17 05:00:24,940][0m Trial 226 finished with value: 3.967638381542684 and parameters: {'g_reg': -1.560442811981705, 'f_reg': -4.998436332323667, 'm_reg': -2.864580457147674, 'output_scale': -0.4334037778539661, 'length_mean': -0.6611757776664362, 'length_var': -2.8662323590915664}. Best is trial 164 with value: 3.9408155833120713.[0m

DTW mean relative error: 3.967638381542684%
(G_reg, F_reg, M_reg, output_scale, length_mean, length_var) (0.027514218891374256, 1.0036069673885141e-05, 0.0013659020060238494, 0.36863470739271514, 0.21818466458751007, 0.0013607164681973677)
______________________________________________________________________________
epoch 0
epoch 1
epoch 2
Mean Training time per state 0.40790562918691925
[32m[I 2022-06-17 05:04:05,344][0m Trial 227 finished with value: 4.999298874215912 and parameters: {'g_reg': -1.5511528215293382, 'f_reg': -4.968559037833732, 'm_reg': -2.873169871213026, 'output_scale': -0.4456110734754688, 'length_mean': -0.6491052236365604, 'length_var': -2.9030351327556025}. Best is trial 164 with value: 3.9408155833120713.[0m

DTW mean relative error: 4.999298874215912%
(G_reg, F_reg, M_reg, output_scale, length_mean, length_var) (0.028109115399375648, 1.0750804444146078e-05, 0.0013391527848378255, 0.35841726914003896, 0.2243338327616726, 0.0012501578931548678)
______________________________________________________________________________
epoch 0
epoch 1
epoch 2
Mean Training time per state 0.41273695049863873
[32m[I 2022-06-17 05:07:45,073][0m Trial 228 finished with value: 27.797588040186866 and parameters: {'g_reg': -1.5966659924869184, 'f_reg': -5.0301807266695535, 'm_reg': -2.923880188887495, 'output_scale': -0.4145294101819709, 'length_mean': -0.6154604074844063, 'length_var': -2.8379489880976854}. Best is trial 164 with value: 3.9408155833120713.[0m

DTW mean relative error: 27.797588040186866%
(G_reg, F_reg, M_reg, output_scale, length_mean, length_var) (0.02531243978984695, 9.328660185144827e-06, 0.0011915706875870262, 0.38500874121689777, 0.24240389423220776, 0.00145228219154076)
______________________________________________________________________________
epoch 0
epoch 1
epoch 2
Mean Training time per state 0.40197951143438165
[32m[I 2022-06-17 05:11:24,794][0m Trial 229 finished with value: 4.002689345554194 and parameters: {'g_reg': -1.1114693194672811, 'f_reg': -4.925956821000731, 'm_reg': -2.829382148576368, 'output_scale': -0.47131797382617086, 'length_mean': -0.6758369737942023, 'length_var': -2.877343085749317}. Best is trial 164 with value: 3.9408155833120713.[0m

DTW mean relative error: 4.002689345554194%
(G_reg, F_reg, M_reg, output_scale, length_mean, length_var) (0.07736253292479531, 1.185886647093766e-05, 0.0014812141473485607, 0.3378174086392163, 0.21094198389600688, 0.0013263462512589858)
______________________________________________________________________________
epoch 0
epoch 1
epoch 2
Mean Training time per state 0.4005636157411518
[32m[I 2022-06-17 05:15:04,541][0m Trial 230 finished with value: 4.124965730425737 and parameters: {'g_reg': -1.0394406949496702, 'f_reg': -4.98376745566097, 'm_reg': -2.833974288802033, 'output_scale': -0.47291855079440964, 'length_mean': -0.7399192699070948, 'length_var': -2.9118392055929667}. Best is trial 164 with value: 3.9408155833120713.[0m

DTW mean relative error: 4.124965730425737%
(G_reg, F_reg, M_reg, output_scale, length_mean, length_var) (0.0913186126842265, 1.0380841124156457e-05, 0.0014656346072116674, 0.33657468592763673, 0.1820039150437855, 0.0012250696885467024)
______________________________________________________________________________
epoch 0
epoch 1
epoch 2
Mean Training time per state 0.3914280154488303
[32m[I 2022-06-17 05:18:43,439][0m Trial 231 finished with value: 25.379635358800375 and parameters: {'g_reg': -1.6235135474580806, 'f_reg': -4.935246675385269, 'm_reg': -2.8694876310641866, 'output_scale': -0.43285457360018686, 'length_mean': -0.6575210793747982, 'length_var': -2.861405477910386}. Best is trial 164 with value: 3.9408155833120713.[0m

DTW mean relative error: 25.379635358800375%
(G_reg, F_reg, M_reg, output_scale, length_mean, length_var) (0.023795040731321365, 1.1607891087195462e-05, 0.0013505552918340509, 0.36910117386539754, 0.22002849116976203, 0.0013759242409333134)
______________________________________________________________________________
epoch 0
epoch 1
epoch 2
Mean Training time per state 0.393799420559045
