[32m[I 2022-06-17 21:32:14,586][0m Trial 493 finished with value: 3.991546478959531 and parameters: {'g_reg': -0.24473910122650416, 'f_reg': -5.01043354273174, 'm_reg': -2.970320446352966, 'output_scale': -0.4643233931543622, 'length_mean': -0.6801842151314693, 'length_var': -2.8568148801459823}. Best is trial 316 with value: 3.9293422879626934.[0m

DTW mean relative error: 3.991546478959531%
(G_reg, F_reg, M_reg, output_scale, length_mean, length_var) (0.5691947671461987, 9.762621620684345e-06, 0.0010707289709774195, 0.3433022160473913, 0.20884100999198785, 0.0013905452306728718)
______________________________________________________________________________
epoch 0
epoch 1
epoch 2
Mean Training time per state 0.38940435467344336
[32m[I 2022-06-17 21:35:57,801][0m Trial 494 finished with value: 5.6281626584493 and parameters: {'g_reg': -0.499761959292946, 'f_reg': -4.4599758175930475, 'm_reg': -1.1549779130383748, 'output_scale': -0.3966613205367254, 'length_mean': -0.46988376117909947, 'length_var': -2.7400803507675047}. Best is trial 316 with value: 3.9293422879626934.[0m

DTW mean relative error: 5.6281626584493%
(G_reg, F_reg, M_reg, output_scale, length_mean, length_var) (0.3164011408060511, 3.467561580086298e-05, 0.06998775888477253, 0.4011794507650529, 0.33893485983964206, 0.0018193642187454271)
______________________________________________________________________________
epoch 0
epoch 1
epoch 2
Mean Training time per state 0.4150421980655555
[32m[I 2022-06-17 21:39:42,903][0m Trial 495 finished with value: 5.177734140420598 and parameters: {'g_reg': -1.067104087460138, 'f_reg': -4.83586196088215, 'm_reg': -2.941973564788146, 'output_scale': -0.42725520992408916, 'length_mean': -0.5541772443397313, 'length_var': -2.8223232027514236}. Best is trial 316 with value: 3.9293422879626934.[0m

DTW mean relative error: 5.177734140420598%
(G_reg, F_reg, M_reg, output_scale, length_mean, length_var) (0.08568324633823274, 1.459278013438998e-05, 0.0011429479031395441, 0.37389080954768855, 0.27914043802919175, 0.0015054862635432036)
______________________________________________________________________________
epoch 0
epoch 1
epoch 2
Mean Training time per state 0.40559940627126984
[32m[I 2022-06-17 21:43:26,193][0m Trial 496 finished with value: 5.041822530509568 and parameters: {'g_reg': -0.8557563866460132, 'f_reg': -5.713732733615818, 'm_reg': -2.932995855586538, 'output_scale': -0.49119235590427096, 'length_mean': -0.5969237125344218, 'length_var': -2.7675491909444476}. Best is trial 316 with value: 3.9293422879626934.[0m

DTW mean relative error: 5.041822530509568%
(G_reg, F_reg, M_reg, output_scale, length_mean, length_var) (0.1393938500209684, 1.933157623173098e-06, 0.001166820751820347, 0.3227064487161395, 0.252974232786145, 0.0017078542667098592)
______________________________________________________________________________
epoch 0
epoch 1
epoch 2
Mean Training time per state 0.40190953919381806
[32m[I 2022-06-17 21:47:12,338][0m Trial 497 finished with value: 25.838567409771734 and parameters: {'g_reg': -0.3757530872238528, 'f_reg': -4.905941091503461, 'm_reg': -1.2650919756445946, 'output_scale': -0.38662004187333443, 'length_mean': -0.7166600000970281, 'length_var': -2.9605305409164218}. Best is trial 316 with value: 3.9293422879626934.[0m

DTW mean relative error: 25.838567409771734%
(G_reg, F_reg, M_reg, output_scale, length_mean, length_var) (0.42096589533435436, 1.2418207390015602e-05, 0.05431352931694786, 0.4105631418160954, 0.19201714137040668, 0.0010951395390964693)
______________________________________________________________________________
epoch 0
epoch 1
epoch 2
Mean Training time per state 0.38952182278488623
[32m[I 2022-06-17 21:50:58,909][0m Trial 498 finished with value: 27.410782801831058 and parameters: {'g_reg': -1.698492305882618, 'f_reg': -5.258029896369965, 'm_reg': -1.9159928333755085, 'output_scale': -0.4439865643531056, 'length_mean': -0.6489066371570565, 'length_var': -2.868922879309994}. Best is trial 316 with value: 3.9293422879626934.[0m

DTW mean relative error: 27.410782801831058%
(G_reg, F_reg, M_reg, output_scale, length_mean, length_var) (0.020022010929901583, 5.520394361654107e-06, 0.012134088736850849, 0.35976046479244184, 0.22443643561510926, 0.0013523126814369102)
______________________________________________________________________________
epoch 0
epoch 1
epoch 2
Mean Training time per state 0.4008784005136201
[32m[I 2022-06-17 21:54:42,012][0m Trial 499 finished with value: 4.031146751616601 and parameters: {'g_reg': -0.41631582083067153, 'f_reg': -5.367874959395571, 'm_reg': -1.6611589750861149, 'output_scale': -0.41217985150572867, 'length_mean': -0.6819547047528844, 'length_var': -2.8094936666526293}. Best is trial 316 with value: 3.9293422879626934.[0m

DTW mean relative error: 4.031146751616601%
(G_reg, F_reg, M_reg, output_scale, length_mean, length_var) (0.38342831335193334, 4.286719244081669e-06, 0.02181931061782375, 0.3870973056729671, 0.20799136027953122, 0.0015506233994808719)
______________________________________________________________________________
epoch 0
epoch 1
epoch 2
Mean Training time per state 0.3872775236765544
[32m[I 2022-06-17 21:58:26,543][0m Trial 500 finished with value: 5.073618194722813 and parameters: {'g_reg': -1.401786134529206, 'f_reg': -5.060495177716456, 'm_reg': -1.36806481786212, 'output_scale': -0.46655737445352335, 'length_mean': -0.6274366074407722, 'length_var': -2.9066206454946624}. Best is trial 316 with value: 3.9293422879626934.[0m

DTW mean relative error: 5.073618194722813%
(G_reg, F_reg, M_reg, output_scale, length_mean, length_var) (0.03964732268324968, 8.699710929254974e-06, 0.04284845648850329, 0.34154082689663695, 0.2358106375993104, 0.0012398791431650095)
______________________________________________________________________________
epoch 0
epoch 1
epoch 2
Mean Training time per state 0.4041332476066821
[32m[I 2022-06-17 22:02:41,083][0m Trial 501 finished with value: 11.081041750418132 and parameters: {'g_reg': -0.5095359865525205, 'f_reg': -4.94267152812882, 'm_reg': -2.898190489702049, 'output_scale': -0.5253008523994012, 'length_mean': -1.9954386165179434, 'length_var': -2.713207830339074}. Best is trial 316 with value: 3.9293422879626934.[0m

DTW mean relative error: 11.081041750418132%
(G_reg, F_reg, M_reg, output_scale, length_mean, length_var) (0.3093598962726139, 1.1411125239564118e-05, 0.0012641817320387398, 0.2983315246343498, 0.010105583234460992, 0.0019354955166383506)
______________________________________________________________________________
epoch 0
epoch 1
epoch 2
Mean Training time per state 0.4040804053797866
[32m[I 2022-06-17 22:06:23,334][0m Trial 502 finished with value: 4.1261396452336445 and parameters: {'g_reg': -1.667229758885549, 'f_reg': -4.867165180471151, 'm_reg': -2.650122338463943, 'output_scale': -0.4284467770170854, 'length_mean': -0.7347180157857155, 'length_var': -2.8455279276559096}. Best is trial 316 with value: 3.9293422879626934.[0m

DTW mean relative error: 4.1261396452336445%
(G_reg, F_reg, M_reg, output_scale, length_mean, length_var) (0.021516431296097534, 1.3577969210457189e-05, 0.0022380905914515634, 0.37286637708431003, 0.18419675892978438, 0.0014271580526677443)
______________________________________________________________________________
epoch 0
epoch 1
epoch 2
Mean Training time per state 0.4025521928613836
[32m[I 2022-06-17 22:10:05,913][0m Trial 503 finished with value: 5.136499527612765 and parameters: {'g_reg': -0.45284707589182116, 'f_reg': -4.974112867547684, 'm_reg': -1.0695542602276285, 'output_scale': -0.3737555135790299, 'length_mean': -0.5922198144032785, 'length_var': -2.775542242674133}. Best is trial 316 with value: 3.9293422879626934.[0m

DTW mean relative error: 5.136499527612765%
(G_reg, F_reg, M_reg, output_scale, length_mean, length_var) (0.3524949699932037, 1.0614196720355333e-05, 0.0852012055372772, 0.4229066228825046, 0.2557291208416963, 0.0016767092387494121)
______________________________________________________________________________
epoch 0
epoch 1
epoch 2
Mean Training time per state 0.41043297449747723
[32m[I 2022-06-17 22:13:47,742][0m Trial 504 finished with value: 3.944272484534657 and parameters: {'g_reg': -1.456886011985117, 'f_reg': -5.462885489649261, 'm_reg': -2.9990293046750787, 'output_scale': -0.5728856434321665, 'length_mean': -0.6511934291079123, 'length_var': -2.8822617674150126}. Best is trial 316 with value: 3.9293422879626934.[0m

DTW mean relative error: 3.944272484534657%
(G_reg, F_reg, M_reg, output_scale, length_mean, length_var) (0.03492319653530393, 3.444407374208363e-06, 0.0010022376083022291, 0.2673710345967586, 0.22325776403461187, 0.0013114092196704796)
______________________________________________________________________________
epoch 0
epoch 1
epoch 2
Mean Training time per state 0.42730624747998786
[32m[I 2022-06-17 22:17:31,417][0m Trial 505 finished with value: 5.239456401851097 and parameters: {'g_reg': -1.5271277338512368, 'f_reg': -5.443128608997145, 'm_reg': -2.988242316304055, 'output_scale': -0.5980527514131395, 'length_mean': -0.5507048127119414, 'length_var': -2.940483695426342}. Best is trial 316 with value: 3.9293422879626934.[0m

DTW mean relative error: 5.239456401851097%
(G_reg, F_reg, M_reg, output_scale, length_mean, length_var) (0.029707921396046968, 3.6047187953766595e-06, 0.0010274428724013362, 0.2523174277468229, 0.2813812711771112, 0.0011468755773835842)
______________________________________________________________________________
epoch 0
epoch 1
epoch 2
Mean Training time per state 0.41071895397070685
[32m[I 2022-06-17 22:21:15,539][0m Trial 506 finished with value: 5.009431256609894 and parameters: {'g_reg': -1.559469489175364, 'f_reg': -5.494573133909105, 'm_reg': -2.9665493978160047, 'output_scale': -0.5610543668078234, 'length_mean': -0.6429317584041155, 'length_var': -2.894995283459597}. Best is trial 316 with value: 3.9293422879626934.[0m

DTW mean relative error: 5.009431256609894%
(G_reg, F_reg, M_reg, output_scale, length_mean, length_var) (0.027575951769986052, 3.2020408349983737e-06, 0.0010800667642123203, 0.2747550181698069, 0.2275454949654876, 0.0012735169116352895)
______________________________________________________________________________
epoch 0
epoch 1
epoch 2
Mean Training time per state 0.42025481570850715
[32m[I 2022-06-17 22:24:59,431][0m Trial 507 finished with value: 6.912078458335536 and parameters: {'g_reg': -1.4760814573622234, 'f_reg': -5.518943350134649, 'm_reg': -2.973163206607581, 'output_scale': -0.5962688078844469, 'length_mean': -0.046144340918236715, 'length_var': -2.932359872756897}. Best is trial 316 with value: 3.9293422879626934.[0m

DTW mean relative error: 6.912078458335536%
(G_reg, F_reg, M_reg, output_scale, length_mean, length_var) (0.033413236344432794, 3.027308287878275e-06, 0.0010637431914938484, 0.25335599904640166, 0.8991986766648281, 0.0011685307012000473)
______________________________________________________________________________
epoch 0
epoch 1
epoch 2
Mean Training time per state 0.3882421002243504
[32m[I 2022-06-17 22:28:42,455][0m Trial 508 finished with value: 5.443695227148562 and parameters: {'g_reg': -1.4923658252909346, 'f_reg': -5.51710665515574, 'm_reg': -1.2345819228308, 'output_scale': -0.568898076026422, 'length_mean': -0.5111494567634659, 'length_var': -2.87105427291686}. Best is trial 316 with value: 3.9293422879626934.[0m

DTW mean relative error: 5.443695227148562%
(G_reg, F_reg, M_reg, output_scale, length_mean, length_var) (0.03218356686182383, 3.040138329003031e-06, 0.05826638540474632, 0.269837263549519, 0.3082127094008296, 0.0013456921750754003)
______________________________________________________________________________
epoch 0
epoch 1
epoch 2
Mean Training time per state 0.3705449176557136
[32m[I 2022-06-17 22:32:22,951][0m Trial 509 finished with value: 4.080063507354024 and parameters: {'g_reg': -1.4631125309278132, 'f_reg': -5.457516304198497, 'm_reg': -1.4752101084889753, 'output_scale': -0.5404076853479948, 'length_mean': -0.6997640410376502, 'length_var': -2.836818059098826}. Best is trial 316 with value: 3.9293422879626934.[0m

DTW mean relative error: 4.080063507354024%
(G_reg, F_reg, M_reg, output_scale, length_mean, length_var) (0.03442607171100425, 3.487254921052528e-06, 0.033480342452601626, 0.28813254459701787, 0.1996346666635183, 0.0014560689502073484)
______________________________________________________________________________
epoch 0
epoch 1
epoch 2
Mean Training time per state 0.4042918754346443
[32m[I 2022-06-17 22:36:06,478][0m Trial 510 finished with value: 4.940229866303902 and parameters: {'g_reg': -1.5546023325315639, 'f_reg': -5.395421423723996, 'm_reg': -2.7448566584519063, 'output_scale': -0.4003906104897938, 'length_mean': -0.6137450684770306, 'length_var': -2.8869425491680913}. Best is trial 316 with value: 3.9293422879626934.[0m

DTW mean relative error: 4.940229866303902%
(G_reg, F_reg, M_reg, output_scale, length_mean, length_var) (0.027886734855652445, 4.0232644175845e-06, 0.0017994647414613647, 0.3977492684094151, 0.24336321356503254, 0.001297350880250933)
______________________________________________________________________________
epoch 0
epoch 1
epoch 2
Mean Training time per state 0.3934194535920114
[32m[I 2022-06-17 22:39:47,730][0m Trial 511 finished with value: 3.9789180419722125 and parameters: {'g_reg': -1.1714645920288849, 'f_reg': -5.4272449761792725, 'm_reg': -1.4132342608045059, 'output_scale': -0.35850577806365147, 'length_mean': -0.6519259272426626, 'length_var': -2.971742888635901}. Best is trial 316 with value: 3.9293422879626934.[0m

DTW mean relative error: 3.9789180419722125%
(G_reg, F_reg, M_reg, output_scale, length_mean, length_var) (0.06738068286119651, 3.7389962004005177e-06, 0.038615862480444844, 0.4380202834980771, 0.2228815260969838, 0.0010672277552648463)
______________________________________________________________________________
epoch 0
epoch 1
epoch 2
Mean Training time per state 0.399337674632217
[32m[I 2022-06-17 22:43:30,047][0m Trial 512 finished with value: 5.1210590277596175 and parameters: {'g_reg': -1.3453672926560871, 'f_reg': -4.81804259113258, 'm_reg': -1.428185465698414, 'output_scale': -0.33001730496278403, 'length_mean': -0.5741963670292417, 'length_var': -2.953910427274544}. Best is trial 316 with value: 3.9293422879626934.[0m

DTW mean relative error: 5.1210590277596175%
(G_reg, F_reg, M_reg, output_scale, length_mean, length_var) (0.04514739611419206, 1.520398417393637e-05, 0.037309079514001635, 0.46771650421421657, 0.2665653112158076, 0.0011119610442885076)
______________________________________________________________________________
epoch 0
epoch 1
epoch 2
Mean Training time per state 0.40004379099065607
[32m[I 2022-06-17 22:47:15,584][0m Trial 513 finished with value: 4.929003930592999 and parameters: {'g_reg': -1.5341748624742224, 'f_reg': -5.369782185661576, 'm_reg': -1.3752416583586475, 'output_scale': -0.3482217684733623, 'length_mean': -0.6481755564667879, 'length_var': -2.971355583054376}. Best is trial 316 with value: 3.9293422879626934.[0m

DTW mean relative error: 4.929003930592999%
(G_reg, F_reg, M_reg, output_scale, length_mean, length_var) (0.02922975246619823, 4.26793517467444e-06, 0.04214619203472831, 0.4485163007329314, 0.22481456458918045, 0.0010681799378253148)
______________________________________________________________________________
epoch 0
epoch 1
epoch 2
Mean Training time per state 0.4101558959845341
[32m[I 2022-06-17 22:50:57,004][0m Trial 514 finished with value: 5.070819911961436 and parameters: {'g_reg': -1.1275356435319408, 'f_reg': -5.403959334934946, 'm_reg': -1.3650132352299005, 'output_scale': -0.587127180454233, 'length_mean': -0.5968153842012747, 'length_var': -2.9969845088758804}. Best is trial 316 with value: 3.9293422879626934.[0m

DTW mean relative error: 5.070819911961436%
(G_reg, F_reg, M_reg, output_scale, length_mean, length_var) (0.07455286822890177, 3.9449423872430864e-06, 0.04315059263793916, 0.258745508396963, 0.25303734133619316, 0.0010069675863739276)
______________________________________________________________________________
epoch 0
epoch 1
epoch 2
Mean Training time per state 0.40644011353001447
[32m[I 2022-06-17 22:54:41,190][0m Trial 515 finished with value: 26.094674377435865 and parameters: {'g_reg': -1.4338559261023154, 'f_reg': -5.446803486022528, 'm_reg': -1.3937789770988984, 'output_scale': -0.5835471169236855, 'length_mean': -0.7750618341253209, 'length_var': -2.979038832680483}. Best is trial 316 with value: 3.9293422879626934.[0m

DTW mean relative error: 26.094674377435865%
(G_reg, F_reg, M_reg, output_scale, length_mean, length_var) (0.03682511178942004, 3.5743453717472336e-06, 0.040385087009231525, 0.26088726691698577, 0.16785650098165353, 0.0010494485874330503)
______________________________________________________________________________
epoch 0
epoch 1
epoch 2
Mean Training time per state 0.3956599307782722
[32m[I 2022-06-17 22:58:23,362][0m Trial 516 finished with value: 4.047551316355946 and parameters: {'g_reg': -1.3928780274587587, 'f_reg': -5.352858058755353, 'm_reg': -1.416645349353134, 'output_scale': -0.3055351141583682, 'length_mean': -0.7000658975283776, 'length_var': -2.926477745967445}. Best is trial 316 with value: 3.9293422879626934.[0m

DTW mean relative error: 4.047551316355946%
(G_reg, F_reg, M_reg, output_scale, length_mean, length_var) (0.04046895336661236, 4.43753653035867e-06, 0.03831374907704717, 0.49484009982913735, 0.19949595874746318, 0.001184465059568132)
______________________________________________________________________________
epoch 0
epoch 1
epoch 2
Mean Training time per state 0.3999957821585915
[32m[I 2022-06-17 23:02:05,786][0m Trial 517 finished with value: 4.916370317434265 and parameters: {'g_reg': -1.005591193941777, 'f_reg': -4.910202380001556, 'm_reg': -1.3316515895276977, 'output_scale': -0.41672696778939045, 'length_mean': -0.6476087601775936, 'length_var': -2.923529739173431}. Best is trial 316 with value: 3.9293422879626934.[0m

DTW mean relative error: 4.916370317434265%
(G_reg, F_reg, M_reg, output_scale, length_mean, length_var) (0.09872083181907733, 1.2296956025988127e-05, 0.04659597573916074, 0.3830654932068034, 0.22510816087654736, 0.0011925326020317448)
______________________________________________________________________________
epoch 0
epoch 1
epoch 2
Mean Training time per state 0.38901416460673016
[32m[I 2022-06-17 23:05:47,518][0m Trial 518 finished with value: 4.275592937284542 and parameters: {'g_reg': -1.6003364770647852, 'f_reg': -4.871245201229464, 'm_reg': -1.7877672099653035, 'output_scale': -0.6297746089633744, 'length_mean': -0.7244239638299029, 'length_var': -2.9704975355932737}. Best is trial 316 with value: 3.9293422879626934.[0m

DTW mean relative error: 4.275592937284542%
(G_reg, F_reg, M_reg, output_scale, length_mean, length_var) (0.025099410583129138, 1.3451007002163132e-05, 0.016301696001511688, 0.23454457437298154, 0.1886149167112127, 0.0010702924562753227)
______________________________________________________________________________
epoch 0
epoch 1
epoch 2
Mean Training time per state 0.39528846018242114
[32m[I 2022-06-17 23:09:28,511][0m Trial 519 finished with value: 4.00142396945927 and parameters: {'g_reg': -1.306263054637875, 'f_reg': -5.004116137008647, 'm_reg': -1.3161125660435036, 'output_scale': -0.5512351851554353, 'length_mean': -0.6670755980896964, 'length_var': -2.8959736657384303}. Best is trial 316 with value: 3.9293422879626934.[0m

DTW mean relative error: 4.00142396945927%
(G_reg, F_reg, M_reg, output_scale, length_mean, length_var) (0.04940113708500745, 9.905670166510479e-06, 0.04829336128557955, 0.2810378503197287, 0.21524070303945167, 0.0012706511511915988)
______________________________________________________________________________
epoch 0
epoch 1
epoch 2
Mean Training time per state 0.39351924260457355
[32m[I 2022-06-17 23:13:08,494][0m Trial 520 finished with value: 5.037345079306988 and parameters: {'g_reg': -1.2195045332428835, 'f_reg': -5.427260232319487, 'm_reg': -1.4619833493000334, 'output_scale': -0.4459031368020422, 'length_mean': -0.612792270651236, 'length_var': -2.920714798307937}. Best is trial 316 with value: 3.9293422879626934.[0m

DTW mean relative error: 5.037345079306988%
(G_reg, F_reg, M_reg, output_scale, length_mean, length_var) (0.06032474110902039, 3.7388648571512494e-06, 0.034515697228091245, 0.35817631431949715, 0.24389771375473762, 0.0012002872744412577)
______________________________________________________________________________
epoch 0
epoch 1
epoch 2
Mean Training time per state 0.35122164090474445
[32m[I 2022-06-17 23:16:48,339][0m Trial 521 finished with value: 25.60753573884555 and parameters: {'g_reg': -1.2774262287720455, 'f_reg': -5.325855116681136, 'm_reg': -1.7208008020660779, 'output_scale': -0.3905231894590372, 'length_mean': -0.6884200103879113, 'length_var': -2.9963427404419423}. Best is trial 316 with value: 3.9293422879626934.[0m

DTW mean relative error: 25.60753573884555%
(G_reg, F_reg, M_reg, output_scale, length_mean, length_var) (0.052792687521603474, 4.722205506784941e-06, 0.019019504478686784, 0.4068898070619772, 0.20491794389900392, 0.0010084567089765329)
______________________________________________________________________________
epoch 0
epoch 1
epoch 2
Mean Training time per state 0.41828465461730957
