[32m[I 2022-06-17 23:20:30,634][0m Trial 522 finished with value: 5.351444271924353 and parameters: {'g_reg': -0.3203922414450441, 'f_reg': -4.844157524511363, 'm_reg': -2.9994663919353326, 'output_scale': -0.3655035508516443, 'length_mean': -0.5338768159257001, 'length_var': -2.87171466028219}. Best is trial 316 with value: 3.9293422879626934.[0m

DTW mean relative error: 5.351444271924353%
(G_reg, F_reg, M_reg, output_scale, length_mean, length_var) (0.47819800346924624, 1.4316685194554395e-05, 0.0010012294331092284, 0.43101903391945956, 0.29249819073648603, 0.0013436474730857113)
______________________________________________________________________________
epoch 0
epoch 1
epoch 2
Mean Training time per state 0.40374858451612067
[32m[I 2022-06-17 23:24:12,494][0m Trial 523 finished with value: 4.981589694340467 and parameters: {'g_reg': -1.6295557113754295, 'f_reg': -5.667186459708709, 'm_reg': -2.801062059113447, 'output_scale': -0.4224037490005373, 'length_mean': -0.6285964446372493, 'length_var': -2.8501328741084424}. Best is trial 316 with value: 3.9293422879626934.[0m

DTW mean relative error: 4.981589694340467%
(G_reg, F_reg, M_reg, output_scale, length_mean, length_var) (0.023466282174816385, 2.1518576592080956e-06, 0.0015810221007779377, 0.3780909228398677, 0.2351817162690193, 0.0014121054392992143)
______________________________________________________________________________
epoch 0
epoch 1
epoch 2
Mean Training time per state 0.41373312112056854
[32m[I 2022-06-17 23:27:52,996][0m Trial 524 finished with value: 5.107560828393514 and parameters: {'g_reg': -1.5864645218034372, 'f_reg': -4.810762761841722, 'm_reg': -1.4163739464219014, 'output_scale': -0.4066430929838069, 'length_mean': -0.5812224900002159, 'length_var': -2.935597884390849}. Best is trial 316 with value: 3.9293422879626934.[0m

DTW mean relative error: 5.107560828393514%
(G_reg, F_reg, M_reg, output_scale, length_mean, length_var) (0.025914061087325503, 1.54609878244086e-05, 0.03833769990779397, 0.39206394634148806, 0.2622874494870902, 0.0011598507712387652)
______________________________________________________________________________
epoch 0
epoch 1
epoch 2
Mean Training time per state 0.39772160125501227
[32m[I 2022-06-17 23:31:33,728][0m Trial 525 finished with value: 4.433352993211486 and parameters: {'g_reg': -1.7326424441296362, 'f_reg': -4.91515579260029, 'm_reg': -1.9865391445194875, 'output_scale': -0.4334403809309349, 'length_mean': -0.83257714096407, 'length_var': -2.8232616569519116}. Best is trial 316 with value: 3.9293422879626934.[0m

DTW mean relative error: 4.433352993211486%
(G_reg, F_reg, M_reg, output_scale, length_mean, length_var) (0.01850791753956119, 1.2157498016913863e-05, 0.010314801042477196, 0.3686036395423674, 0.14703572220152428, 0.0015022366147583964)
______________________________________________________________________________
epoch 0
epoch 1
epoch 2
Mean Training time per state 0.3763620781176018
[32m[I 2022-06-17 23:35:15,554][0m Trial 526 finished with value: 4.103197595568579 and parameters: {'g_reg': -1.4991423019465997, 'f_reg': -5.0323895060261075, 'm_reg': -1.5108788538537912, 'output_scale': -0.4490161036101438, 'length_mean': -0.715939189884086, 'length_var': -2.8838373750047257}. Best is trial 316 with value: 3.9293422879626934.[0m

DTW mean relative error: 4.103197595568579%
(G_reg, F_reg, M_reg, output_scale, length_mean, length_var) (0.031685290852767035, 9.281335974899368e-06, 0.030840481233684783, 0.35561813202812037, 0.1923361019963673, 0.0013066600857126476)
______________________________________________________________________________
epoch 0
epoch 1
epoch 2
Mean Training time per state 0.4155283046491218
[32m[I 2022-06-17 23:38:59,166][0m Trial 527 finished with value: 4.040220355650824 and parameters: {'g_reg': -1.648252407238599, 'f_reg': -4.9712247228861735, 'm_reg': -2.7113885191103346, 'output_scale': -0.39087467488785327, 'length_mean': -0.660447271513344, 'length_var': -2.805684252980686}. Best is trial 316 with value: 3.9293422879626934.[0m

DTW mean relative error: 4.040220355650824%
(G_reg, F_reg, M_reg, output_scale, length_mean, length_var) (0.02247747859482624, 1.0685018467457127e-05, 0.0019436205439875298, 0.4065606341465289, 0.21855096502661428, 0.001564284517941541)
______________________________________________________________________________
epoch 0
epoch 1
epoch 2
Mean Training time per state 0.39846982377948176
[32m[I 2022-06-17 23:42:40,427][0m Trial 528 finished with value: 4.67521928900171 and parameters: {'g_reg': -0.2828285091200401, 'f_reg': -4.875236763220767, 'm_reg': -2.847493363771462, 'output_scale': -0.7805311888910073, 'length_mean': -0.7464834568798893, 'length_var': -1.7302987052877072}. Best is trial 316 with value: 3.9293422879626934.[0m

DTW mean relative error: 4.67521928900171%
(G_reg, F_reg, M_reg, output_scale, length_mean, length_var) (0.521400557120995, 1.3327946377980073e-05, 0.001420713921886275, 0.1657558294900334, 0.1792736839892211, 0.018608068440042015)
______________________________________________________________________________
epoch 0
epoch 1
epoch 2
Mean Training time per state 0.4064143570986662
[32m[I 2022-06-17 23:46:50,552][0m Trial 529 finished with value: 11.462779311595044 and parameters: {'g_reg': -0.3698466992730442, 'f_reg': -4.7989322086267, 'm_reg': -2.2787161444060207, 'output_scale': -0.35109534876038617, 'length_mean': -1.8540024004179037, 'length_var': -2.857013315339502}. Best is trial 316 with value: 3.9293422879626934.[0m

DTW mean relative error: 11.462779311595044%
(G_reg, F_reg, M_reg, output_scale, length_mean, length_var) (0.42673012281853434, 1.5887947328009016e-05, 0.005263611845293082, 0.4455584159166868, 0.013995795868418587, 0.0013899100163328286)
______________________________________________________________________________
epoch 0
epoch 1
epoch 2
Mean Training time per state 0.4130665894710656
[32m[I 2022-06-17 23:50:31,348][0m Trial 530 finished with value: 4.919019029340294 and parameters: {'g_reg': -1.6856901360427405, 'f_reg': -4.942871141798863, 'm_reg': -2.129230771206714, 'output_scale': -0.568848024697533, 'length_mean': -0.633734113455078, 'length_var': -2.9425219689904907}. Best is trial 316 with value: 3.9293422879626934.[0m

DTW mean relative error: 4.919019029340294%
(G_reg, F_reg, M_reg, output_scale, length_mean, length_var) (0.020621006728734206, 1.1405881578200809e-05, 0.00742624424443219, 0.2698683633964353, 0.23241592725262258, 0.001141505559563076)
______________________________________________________________________________
epoch 0
epoch 1
epoch 2
Mean Training time per state 0.4014254049821333
[32m[I 2022-06-17 23:54:14,297][0m Trial 531 finished with value: 3.989943829038679 and parameters: {'g_reg': -1.7694806258765812, 'f_reg': -4.899998783117349, 'm_reg': -2.7974068826634317, 'output_scale': -0.4569322511278459, 'length_mean': -0.6886989258721539, 'length_var': -2.7873313821138157}. Best is trial 316 with value: 3.9293422879626934.[0m

DTW mean relative error: 3.989943829038679%
(G_reg, F_reg, M_reg, output_scale, length_mean, length_var) (0.017002758022194305, 1.2589289392777131e-05, 0.00159438469703169, 0.34919478475842064, 0.20478638238786745, 0.0016318063465391391)
______________________________________________________________________________
epoch 0
epoch 1
epoch 2
Mean Training time per state 0.40024664907744434
[32m[I 2022-06-17 23:57:54,140][0m Trial 532 finished with value: 5.205975766093454 and parameters: {'g_reg': -0.4186637462803775, 'f_reg': -4.850338463076551, 'm_reg': -1.1042595104611832, 'output_scale': -0.40913781219037193, 'length_mean': -0.5707119236574603, 'length_var': -2.9088004129500025}. Best is trial 316 with value: 3.9293422879626934.[0m

DTW mean relative error: 5.205975766093454%
(G_reg, F_reg, M_reg, output_scale, length_mean, length_var) (0.38136097892313686, 1.4114371264195376e-05, 0.07865756349654085, 0.38981826824092974, 0.26871262800183693, 0.0012336716567259642)
______________________________________________________________________________
epoch 0
epoch 1
epoch 2
Mean Training time per state 0.3993464094219786
[32m[I 2022-06-18 00:01:51,821][0m Trial 533 finished with value: 11.645272997172581 and parameters: {'g_reg': -1.1657553310955047, 'f_reg': -5.296397511687298, 'm_reg': -2.8579642485913137, 'output_scale': -0.3752181677999887, 'length_mean': -1.5223169212355963, 'length_var': -2.8331143335634956}. Best is trial 316 with value: 3.9293422879626934.[0m

DTW mean relative error: 11.645272997172581%
(G_reg, F_reg, M_reg, output_scale, length_mean, length_var) (0.06827232122581672, 5.053618902419679e-06, 0.0013868699922268803, 0.4214847174219192, 0.03003883454380189, 0.0014685396149585197)
______________________________________________________________________________
epoch 0
epoch 1
epoch 2
Mean Training time per state 0.40162506248011737
[32m[I 2022-06-18 00:05:33,140][0m Trial 534 finished with value: 27.591449213189005 and parameters: {'g_reg': -1.8016912075090208, 'f_reg': -4.764775725876202, 'm_reg': -2.821107005114032, 'output_scale': -0.4362388142046454, 'length_mean': -0.6258515900247436, 'length_var': -2.3849619842965835}. Best is trial 316 with value: 3.9293422879626934.[0m

DTW mean relative error: 27.591449213189005%
(G_reg, F_reg, M_reg, output_scale, length_mean, length_var) (0.015787333832966186, 1.7187957617694492e-05, 0.0015097081337932536, 0.36623612967116015, 0.23667283333303096, 0.004121335933819508)
______________________________________________________________________________
epoch 0
epoch 1
epoch 2
Mean Training time per state 0.4068894675283721
[32m[I 2022-06-18 00:09:13,085][0m Trial 535 finished with value: 26.186118220553052 and parameters: {'g_reg': -0.3243312898157917, 'f_reg': -4.965227194343155, 'm_reg': -2.999802968426201, 'output_scale': -0.8462709726573174, 'length_mean': -0.7929800039343224, 'length_var': -2.756445228343336}. Best is trial 316 with value: 3.9293422879626934.[0m

DTW mean relative error: 26.186118220553052%
(G_reg, F_reg, M_reg, output_scale, length_mean, length_var) (0.4738803605158175, 1.0833600229583824e-05, 0.0010004537848939067, 0.1424718380855254, 0.16107197952670943, 0.0017520833867249053)
______________________________________________________________________________
epoch 0
epoch 1
epoch 2
Mean Training time per state 0.39401084726507013
[32m[I 2022-06-18 00:12:51,648][0m Trial 536 finished with value: 3.959892687811764 and parameters: {'g_reg': -1.6312271593326046, 'f_reg': -4.886638109053351, 'm_reg': -2.8913328465860895, 'output_scale': -0.4804872987008572, 'length_mean': -0.6684344056674312, 'length_var': -2.878397710676951}. Best is trial 316 with value: 3.9293422879626934.[0m

DTW mean relative error: 3.959892687811764%
(G_reg, F_reg, M_reg, output_scale, length_mean, length_var) (0.023376142210841847, 1.2982606411043995e-05, 0.001284301983875275, 0.33075978525963035, 0.21456831678884586, 0.001323129307787385)
______________________________________________________________________________
epoch 0
epoch 1
epoch 2
Mean Training time per state 0.40459874904516974
[32m[I 2022-06-18 00:16:33,570][0m Trial 537 finished with value: 4.14912790649809 and parameters: {'g_reg': -1.61812775348651, 'f_reg': -4.893662143455184, 'm_reg': -2.946006755093536, 'output_scale': -0.5057585474405922, 'length_mean': -0.725139720008978, 'length_var': -2.857773547491223}. Best is trial 316 with value: 3.9293422879626934.[0m

DTW mean relative error: 4.14912790649809%
(G_reg, F_reg, M_reg, output_scale, length_mean, length_var) (0.02409196627273371, 1.2774321923619084e-05, 0.0011323827498160867, 0.312062405985032, 0.18830431846306003, 0.0013874791082058224)
______________________________________________________________________________
epoch 0
epoch 1
epoch 2
Mean Training time per state 0.4305115613070401
[32m[I 2022-06-18 00:20:14,648][0m Trial 538 finished with value: 4.07387412746022 and parameters: {'g_reg': -1.5945770128536447, 'f_reg': -4.835075533314475, 'm_reg': -2.8995998417383966, 'output_scale': -0.47954207323632075, 'length_mean': -0.6876820296660195, 'length_var': -2.8080708591650048}. Best is trial 316 with value: 3.9293422879626934.[0m

DTW mean relative error: 4.07387412746022%
(G_reg, F_reg, M_reg, output_scale, length_mean, length_var) (0.025434487268115456, 1.4619228919611767e-05, 0.001260085918277083, 0.33148045535567633, 0.20526644948048095, 0.0015557117821181489)
______________________________________________________________________________
epoch 0
epoch 1
epoch 2
Mean Training time per state 0.38308852369135077
[32m[I 2022-06-18 00:23:54,256][0m Trial 539 finished with value: 25.967976594265714 and parameters: {'g_reg': -1.6770646199200556, 'f_reg': -4.935419576568303, 'm_reg': -2.877036341162897, 'output_scale': -0.4753591901658989, 'length_mean': -0.755420358522813, 'length_var': -2.8774078929254094}. Best is trial 316 with value: 3.9293422879626934.[0m

DTW mean relative error: 25.967976594265714%
(G_reg, F_reg, M_reg, output_scale, length_mean, length_var) (0.02103465435832828, 1.1603270677032714e-05, 0.0013272833878405416, 0.334688515191177, 0.1756222923075567, 0.0013261483432828126)
______________________________________________________________________________
epoch 0
epoch 1
epoch 2
Mean Training time per state 0.41146076086795697
[32m[I 2022-06-18 00:27:36,096][0m Trial 540 finished with value: 25.980908651814268 and parameters: {'g_reg': -1.7261719201723444, 'f_reg': -4.874140356045275, 'm_reg': -2.782127572623993, 'output_scale': -0.9894318006615517, 'length_mean': -0.6700711996002768, 'length_var': -2.8019146815124945}. Best is trial 316 with value: 3.9293422879626934.[0m

DTW mean relative error: 25.980908651814268%
(G_reg, F_reg, M_reg, output_scale, length_mean, length_var) (0.018785730161262938, 1.336163623078788e-05, 0.0016514766109648534, 0.10246326706434417, 0.21376116140176843, 0.001577921226733369)
______________________________________________________________________________
epoch 0
epoch 1
epoch 2
Mean Training time per state 0.40261268615722656
[32m[I 2022-06-18 00:31:15,087][0m Trial 541 finished with value: 5.181616253735376 and parameters: {'g_reg': -1.5463458899164877, 'f_reg': -4.80661806735167, 'm_reg': -2.9408968071035972, 'output_scale': -0.5172552587253425, 'length_mean': -0.5890697982768465, 'length_var': -2.843010408486977}. Best is trial 316 with value: 3.9293422879626934.[0m

DTW mean relative error: 5.181616253735376%
(G_reg, F_reg, M_reg, output_scale, length_mean, length_var) (0.028421965640043984, 1.5609246271195042e-05, 0.0011457851596020046, 0.3039098255636038, 0.2575907133027169, 0.0014354550302132698)
______________________________________________________________________________
epoch 0
epoch 1
epoch 2
Mean Training time per state 0.40460001338611945
[32m[I 2022-06-18 00:34:54,642][0m Trial 542 finished with value: 4.052498347470576 and parameters: {'g_reg': -1.6586586966910646, 'f_reg': -4.3606298649478905, 'm_reg': -2.8371370736759274, 'output_scale': -0.46763934908072896, 'length_mean': -0.7118837008205109, 'length_var': -2.75732047667442}. Best is trial 316 with value: 3.9293422879626934.[0m

DTW mean relative error: 4.052498347470576%
(G_reg, F_reg, M_reg, output_scale, length_mean, length_var) (0.021945288940221536, 4.358832044951772e-05, 0.001454999775539701, 0.34069099208756815, 0.1941405694606924, 0.0017485559096413674)
______________________________________________________________________________
epoch 0
epoch 1
epoch 2
Mean Training time per state 0.4064124064012007
[32m[I 2022-06-18 00:38:36,016][0m Trial 543 finished with value: 11.308755308561457 and parameters: {'g_reg': -1.621747626443155, 'f_reg': -4.184784258145887, 'm_reg': -2.8913691043206207, 'output_scale': -0.4945075482062962, 'length_mean': -0.6100550485163272, 'length_var': -2.8818842971074474}. Best is trial 316 with value: 3.9293422879626934.[0m

DTW mean relative error: 11.308755308561457%
(G_reg, F_reg, M_reg, output_scale, length_mean, length_var) (0.023891992709729852, 6.534550849797581e-05, 0.0012841947664489158, 0.3202524433030347, 0.24543977914920911, 0.0013125495363191836)
______________________________________________________________________________
epoch 0
epoch 1
epoch 2
Mean Training time per state 0.4083251880876946
[32m[I 2022-06-18 00:42:17,943][0m Trial 544 finished with value: 4.003745707920393 and parameters: {'g_reg': -1.6964753731757058, 'f_reg': -4.920496336448535, 'm_reg': -2.758198673727176, 'output_scale': -0.46074978135594263, 'length_mean': -0.6743170098931744, 'length_var': -2.829624604962037}. Best is trial 316 with value: 3.9293422879626934.[0m

DTW mean relative error: 4.003745707920393%
(G_reg, F_reg, M_reg, output_scale, length_mean, length_var) (0.020115212590010853, 1.2008912032566022e-05, 0.0017450236862456227, 0.34613874812978, 0.21168154181566415, 0.0014803874511428378)
______________________________________________________________________________
epoch 0
epoch 1
epoch 2
Mean Training time per state 0.39935924790122296
[32m[I 2022-06-18 00:46:00,421][0m Trial 545 finished with value: 5.029640349927565 and parameters: {'g_reg': -0.5354684604719165, 'f_reg': -4.991121849612953, 'm_reg': -2.859930160007293, 'output_scale': -0.5399338483316662, 'length_mean': -0.6342870275639845, 'length_var': -2.781546994610267}. Best is trial 316 with value: 3.9293422879626934.[0m

DTW mean relative error: 5.029640349927565%
(G_reg, F_reg, M_reg, output_scale, length_mean, length_var) (0.2914281769359937, 1.0206530798130798e-05, 0.0013806062655332535, 0.2884470831817629, 0.23212021942578484, 0.001653685831251926)
______________________________________________________________________________
epoch 0
epoch 1
epoch 2
Mean Training time per state 0.40387424555691803
[32m[I 2022-06-18 00:49:39,285][0m Trial 546 finished with value: 4.221497986472254 and parameters: {'g_reg': -1.6460879070698677, 'f_reg': -5.076173335836635, 'm_reg': -2.92494345131353, 'output_scale': -0.43930952803256706, 'length_mean': -0.745607187488526, 'length_var': -2.900360746552391}. Best is trial 316 with value: 3.9293422879626934.[0m

DTW mean relative error: 4.221497986472254%
(G_reg, F_reg, M_reg, output_scale, length_mean, length_var) (0.02258978476181973, 8.391250076714126e-06, 0.0011886569902036426, 0.36365576096113067, 0.17963576694506542, 0.001257880120057474)
______________________________________________________________________________
epoch 0
epoch 1
epoch 2
Mean Training time per state 0.40009812152746954
[32m[I 2022-06-18 00:53:19,591][0m Trial 547 finished with value: 5.173725604384899 and parameters: {'g_reg': -1.594041959541023, 'f_reg': -4.8450550817304565, 'm_reg': -2.8178586705606112, 'output_scale': -0.42411935120972316, 'length_mean': -0.55420325741335, 'length_var': -2.7340593766968113}. Best is trial 316 with value: 3.9293422879626934.[0m

DTW mean relative error: 5.173725604384899%
(G_reg, F_reg, M_reg, output_scale, length_mean, length_var) (0.02546584201413004, 1.4287127428516563e-05, 0.0015210424314848641, 0.3766002888573084, 0.2791237187670203, 0.001844763186104527)
______________________________________________________________________________
epoch 0
epoch 1
epoch 2
Mean Training time per state 0.36726872848741937
[32m[I 2022-06-18 00:57:02,171][0m Trial 548 finished with value: 25.656408888818703 and parameters: {'g_reg': -1.5587627874236265, 'f_reg': -4.887329977232775, 'm_reg': -2.8834796592551895, 'output_scale': -0.5053727699904451, 'length_mean': -0.69468838655699, 'length_var': -2.8344823458937007}. Best is trial 316 with value: 3.9293422879626934.[0m

DTW mean relative error: 25.656408888818703%
(G_reg, F_reg, M_reg, output_scale, length_mean, length_var) (0.0276208610162514, 1.2961940476554e-05, 0.0013077367870328528, 0.3123397296190386, 0.201981509446922, 0.0014639210448516282)
______________________________________________________________________________
epoch 0
epoch 1
epoch 2
Mean Training time per state 0.3825977354338675
[32m[I 2022-06-18 01:00:44,717][0m Trial 549 finished with value: 25.4109270096815 and parameters: {'g_reg': -0.44920318990012026, 'f_reg': -4.800946467263975, 'm_reg': -1.5587363785651642, 'output_scale': -0.4519570245110189, 'length_mean': -0.6616784989873341, 'length_var': -2.7993078897830177}. Best is trial 316 with value: 3.9293422879626934.[0m

DTW mean relative error: 25.4109270096815%
(G_reg, F_reg, M_reg, output_scale, length_mean, length_var) (0.3554649710934158, 1.581442961735815e-05, 0.02762254065441863, 0.3532181206629839, 0.21793224916939602, 0.00158742095952111)
______________________________________________________________________________
epoch 0
epoch 1
epoch 2
Mean Training time per state 0.4117787245548133
[32m[I 2022-06-18 01:04:24,647][0m Trial 550 finished with value: 5.171940175251191 and parameters: {'g_reg': -0.3288306541586743, 'f_reg': -4.90885671404096, 'm_reg': -2.936077634596434, 'output_scale': -0.4849910056495061, 'length_mean': -0.609068691927569, 'length_var': -2.862120450876605}. Best is trial 316 with value: 3.9293422879626934.[0m

DTW mean relative error: 5.171940175251191%
(G_reg, F_reg, M_reg, output_scale, length_mean, length_var) (0.468996223697841, 1.233511736300754e-05, 0.0011585702313218979, 0.3273474742590774, 0.24599784810177286, 0.0013736609395211897)
______________________________________________________________________________
epoch 0
epoch 1
epoch 2
Mean Training time per state 0.4014547882658062
