[32m[I 2022-06-17 00:01:31,357][0m Trial 145 finished with value: 5.046980624419746 and parameters: {'g_reg': -0.07177955328629232, 'f_reg': -4.858181417946381, 'm_reg': -2.887089668978733, 'output_scale': -0.1726702117958689, 'length_mean': -0.6276605932848593, 'length_var': -2.9472845149477416}. Best is trial 70 with value: 4.050242107763392.[0m

DTW mean relative error: 5.046980624419746%
(G_reg, F_reg, M_reg, output_scale, length_mean, length_var) (0.8476575736673938, 1.3861766599770185e-05, 0.0012969114694388057, 0.6719389064011955, 0.2356890504531746, 0.001129056005302817)
______________________________________________________________________________
epoch 0
epoch 1
epoch 2
Mean Training time per state 0.40755235787593963
[32m[I 2022-06-17 00:05:13,124][0m Trial 146 finished with value: 4.24721544539287 and parameters: {'g_reg': -0.14066859288438505, 'f_reg': -5.425192629757047, 'm_reg': -2.75280734258979, 'output_scale': -0.15603480798477798, 'length_mean': -0.7631900965715438, 'length_var': -2.8662064744755815}. Best is trial 70 with value: 4.050242107763392.[0m

DTW mean relative error: 4.24721544539287%
(G_reg, F_reg, M_reg, output_scale, length_mean, length_var) (0.7233215547326767, 3.7567073992256185e-06, 0.0017668214266614067, 0.6981764441468336, 0.17250826346962997, 0.0013607975713989127)
______________________________________________________________________________
epoch 0
epoch 1
epoch 2
Mean Training time per state 0.40577962181784893
[32m[I 2022-06-17 00:08:55,227][0m Trial 147 finished with value: 5.06475464586448 and parameters: {'g_reg': -0.03434380406900456, 'f_reg': -5.4946693561308395, 'm_reg': -2.84474651307374, 'output_scale': -0.20070705241250325, 'length_mean': -0.563159434757769, 'length_var': -2.948403534429177}. Best is trial 70 with value: 4.050242107763392.[0m

DTW mean relative error: 5.06475464586448%
(G_reg, F_reg, M_reg, output_scale, length_mean, length_var) (0.9239664372838851, 3.20133146988677e-06, 0.0014297282119462144, 0.6299309511554345, 0.2734264760365283, 0.0011261505818923373)
______________________________________________________________________________
epoch 0
epoch 1
epoch 2
Mean Training time per state 0.40727977319197217
[32m[I 2022-06-17 00:12:38,224][0m Trial 148 finished with value: 25.33383962682195 and parameters: {'g_reg': -0.22862927087504076, 'f_reg': -5.559898977635353, 'm_reg': -2.799792666228491, 'output_scale': -0.24550391967737673, 'length_mean': -0.6570607173375584, 'length_var': -2.840630905167183}. Best is trial 70 with value: 4.050242107763392.[0m

DTW mean relative error: 25.33383962682195%
(G_reg, F_reg, M_reg, output_scale, length_mean, length_var) (0.5907051117804177, 2.7548694461323015e-06, 0.0015856500068971257, 0.5681932633705701, 0.22026185004020923, 0.0014433414863129419)
______________________________________________________________________________
epoch 0
epoch 1
epoch 2
Mean Training time per state 0.3964815645506888
[32m[I 2022-06-17 00:16:18,966][0m Trial 149 finished with value: 4.546448241100662 and parameters: {'g_reg': -0.07848655078813935, 'f_reg': -5.36328093286333, 'm_reg': -2.9187368398761175, 'output_scale': -0.3426278836653978, 'length_mean': -0.8680722826488586, 'length_var': -2.7732024597470644}. Best is trial 70 with value: 4.050242107763392.[0m

DTW mean relative error: 4.546448241100662%
(G_reg, F_reg, M_reg, output_scale, length_mean, length_var) (0.8346673958192383, 4.332305430955097e-06, 0.0012057663514601243, 0.45433073390970874, 0.13549638775281037, 0.0016857669699938762)
______________________________________________________________________________
epoch 0
epoch 1
epoch 2
Mean Training time per state 0.3998970190684001
[32m[I 2022-06-17 00:20:01,105][0m Trial 150 finished with value: 29.545100522390435 and parameters: {'g_reg': -0.18372349219963038, 'f_reg': -5.6298508174864095, 'm_reg': -2.723919052832087, 'output_scale': -0.14262467249387115, 'length_mean': -0.4448272819056822, 'length_var': -2.9998540895267465}. Best is trial 70 with value: 4.050242107763392.[0m

DTW mean relative error: 29.545100522390435%
(G_reg, F_reg, M_reg, output_scale, length_mean, length_var) (0.6550531023312082, 2.3450342089722964e-06, 0.001888343280337878, 0.7200710114816297, 0.35906470560777703, 0.001000336027725297)
______________________________________________________________________________
epoch 0
epoch 1
epoch 2
Mean Training time per state 0.41312672875144263
[32m[I 2022-06-17 00:23:43,909][0m Trial 151 finished with value: 4.118234591618334 and parameters: {'g_reg': -0.12828256787703674, 'f_reg': -5.448936115921101, 'm_reg': -2.9575334727251943, 'output_scale': -0.12533609709434526, 'length_mean': -0.704967776576837, 'length_var': -2.906171636644908}. Best is trial 70 with value: 4.050242107763392.[0m

DTW mean relative error: 4.118234591618334%
(G_reg, F_reg, M_reg, output_scale, length_mean, length_var) (0.7442475816391623, 3.5568363526012936e-06, 0.0011027232395059042, 0.7493140965849018, 0.1972569089736898, 0.0012411616936457534)
______________________________________________________________________________
epoch 0
epoch 1
epoch 2
Mean Training time per state 0.391350168170351
[32m[I 2022-06-17 00:27:26,047][0m Trial 152 finished with value: 4.087725009103688 and parameters: {'g_reg': -0.11209974393100218, 'f_reg': -5.3936128626994115, 'm_reg': -2.890030445346057, 'output_scale': -0.1752676332201895, 'length_mean': -0.7065114242541816, 'length_var': -2.920437124323243}. Best is trial 70 with value: 4.050242107763392.[0m

DTW mean relative error: 4.087725009103688%
(G_reg, F_reg, M_reg, output_scale, length_mean, length_var) (0.7725031447814878, 4.040053695829618e-06, 0.0012881592447002682, 0.6679321786699146, 0.1965570274950396, 0.0012010549450746373)
______________________________________________________________________________
epoch 0
epoch 1
epoch 2
Mean Training time per state 0.41239811434890283
[32m[I 2022-06-17 00:31:06,887][0m Trial 153 finished with value: 4.38193852471707 and parameters: {'g_reg': -0.0438060460915477, 'f_reg': -5.398406009579213, 'm_reg': -2.8780753908187235, 'output_scale': -0.18116699452380136, 'length_mean': -0.8013561617119404, 'length_var': -2.9462811522138836}. Best is trial 70 with value: 4.050242107763392.[0m

DTW mean relative error: 4.38193852471707%
(G_reg, F_reg, M_reg, output_scale, length_mean, length_var) (0.9040531295295964, 3.995710274894828e-06, 0.001324111657700957, 0.6589204790154551, 0.157995180096815, 0.0011316675106442654)
______________________________________________________________________________
epoch 0
epoch 1
epoch 2
Mean Training time per state 0.40438608689741656
[32m[I 2022-06-17 00:34:48,104][0m Trial 154 finished with value: 4.176291522032175 and parameters: {'g_reg': -0.10078782145219964, 'f_reg': -5.31216021182244, 'm_reg': -2.825154423661905, 'output_scale': -0.20947317946515445, 'length_mean': -0.7408750584927382, 'length_var': -2.877655375191062}. Best is trial 70 with value: 4.050242107763392.[0m

DTW mean relative error: 4.176291522032175%
(G_reg, F_reg, M_reg, output_scale, length_mean, length_var) (0.792888608862253, 4.873486733525992e-06, 0.0014957037287382405, 0.6173434157194642, 0.18160380408014137, 0.0013253928542855632)
______________________________________________________________________________
epoch 0
epoch 1
epoch 2
Mean Training time per state 0.4031639243617202
[32m[I 2022-06-17 00:38:31,196][0m Trial 155 finished with value: 4.967484495939882 and parameters: {'g_reg': -0.00031437586067400297, 'f_reg': -5.517524023681746, 'm_reg': -2.781859122169122, 'output_scale': -0.14856423925151738, 'length_mean': -0.6234274673089552, 'length_var': -2.8036290770895143}. Best is trial 70 with value: 4.050242107763392.[0m

DTW mean relative error: 4.967484495939882%
(G_reg, F_reg, M_reg, output_scale, length_mean, length_var) (0.9992763847654869, 3.037218078808273e-06, 0.0016524977537951458, 0.7102900987184461, 0.23799757539259336, 0.0015717045951718948)
______________________________________________________________________________
epoch 0
epoch 1
epoch 2
Mean Training time per state 0.398572892853708
[32m[I 2022-06-17 00:42:13,860][0m Trial 156 finished with value: 25.351407817534554 and parameters: {'g_reg': -0.15323805185390652, 'f_reg': -5.280749134317202, 'm_reg': -2.916566044610973, 'output_scale': -0.17049526744678362, 'length_mean': -0.6907087612249103, 'length_var': -2.847161745608917}. Best is trial 70 with value: 4.050242107763392.[0m

DTW mean relative error: 25.351407817534554%
(G_reg, F_reg, M_reg, output_scale, length_mean, length_var) (0.702687047184038, 5.239029762938843e-06, 0.0012118083910164282, 0.6753124129062592, 0.20384085804620286, 0.0014217991635366713)
______________________________________________________________________________
epoch 0
epoch 1
epoch 2
Mean Training time per state 0.40969279318144824
[32m[I 2022-06-17 00:45:55,080][0m Trial 157 finished with value: 4.252986684673703 and parameters: {'g_reg': -0.259292204410431, 'f_reg': -5.4150562534169175, 'm_reg': -2.84621656729304, 'output_scale': -0.21713245617246252, 'length_mean': -0.772936373767747, 'length_var': -2.9640923422760053}. Best is trial 70 with value: 4.050242107763392.[0m

DTW mean relative error: 4.252986684673703%
(G_reg, F_reg, M_reg, output_scale, length_mean, length_var) (0.5504372235766514, 3.845419697597409e-06, 0.0014248968707533199, 0.6065513083160005, 0.16868001316265582, 0.0010861946458955124)
______________________________________________________________________________
epoch 0
epoch 1
epoch 2
Mean Training time per state 0.3986898480039655
[32m[I 2022-06-17 00:49:37,040][0m Trial 158 finished with value: 4.139100435935824 and parameters: {'g_reg': -0.0720445579167791, 'f_reg': -5.358821772742436, 'm_reg': -2.7624713892175436, 'output_scale': -0.2722710088117265, 'length_mean': -0.7237909501067613, 'length_var': -2.908637408974325}. Best is trial 70 with value: 4.050242107763392.[0m

DTW mean relative error: 4.139100435935824%
(G_reg, F_reg, M_reg, output_scale, length_mean, length_var) (0.8471404944267354, 4.3770169382649265e-06, 0.0017279398112924733, 0.5342308841496419, 0.18889003622506004, 0.0012341347782623233)
______________________________________________________________________________
epoch 0
epoch 1
epoch 2
Mean Training time per state 0.39521683346141473
[32m[I 2022-06-17 00:53:16,523][0m Trial 159 finished with value: 5.164492064791734 and parameters: {'g_reg': -0.2009059723285775, 'f_reg': -5.491449568432876, 'm_reg': -2.8758598384004492, 'output_scale': -0.11107018737549762, 'length_mean': -0.5961657577352669, 'length_var': -2.9962574751207436}. Best is trial 70 with value: 4.050242107763392.[0m

DTW mean relative error: 5.164492064791734%
(G_reg, F_reg, M_reg, output_scale, length_mean, length_var) (0.6296424899278001, 3.2251538120267914e-06, 0.0013308838701628612, 0.7743366452825259, 0.25341612293088683, 0.001008654719382429)
______________________________________________________________________________
epoch 0
epoch 1
epoch 2
Mean Training time per state 0.40147774147264886
[32m[I 2022-06-17 00:57:01,720][0m Trial 160 finished with value: 27.39019343685609 and parameters: {'g_reg': -0.32795931179452587, 'f_reg': -5.593286733812786, 'm_reg': -2.957731944172247, 'output_scale': -0.19429686279892153, 'length_mean': -0.6507283204602746, 'length_var': -2.9171676844429384}. Best is trial 70 with value: 4.050242107763392.[0m

DTW mean relative error: 27.39019343685609%
(G_reg, F_reg, M_reg, output_scale, length_mean, length_var) (0.46993813413278857, 2.5510164914671e-06, 0.0011022194129901091, 0.6392976929706594, 0.2234969905140079, 0.0012101308025170238)
______________________________________________________________________________
epoch 0
epoch 1
epoch 2
Mean Training time per state 0.415780175815929
[32m[I 2022-06-17 01:00:44,435][0m Trial 161 finished with value: 25.440864146858488 and parameters: {'g_reg': -0.10832730490920392, 'f_reg': -5.450089813198434, 'm_reg': -2.973634644511165, 'output_scale': -0.15529872579934417, 'length_mean': -0.6975169563219703, 'length_var': -2.8773982161822045}. Best is trial 70 with value: 4.050242107763392.[0m

DTW mean relative error: 25.440864146858488%
(G_reg, F_reg, M_reg, output_scale, length_mean, length_var) (0.7792426149943282, 3.5474002051302117e-06, 0.001062589097233093, 0.6993607811020477, 0.2006702740042686, 0.0013261778922190129)
______________________________________________________________________________
epoch 0
epoch 1
epoch 2
Mean Training time per state 0.39615669394984393
[32m[I 2022-06-17 01:04:26,136][0m Trial 162 finished with value: 4.027881819069954 and parameters: {'g_reg': -0.10453404054068856, 'f_reg': -5.5414797210177404, 'm_reg': -2.9355611990149275, 'output_scale': -0.3649137076357916, 'length_mean': -0.6867120970698513, 'length_var': -2.9267937832569166}. Best is trial 162 with value: 4.027881819069954.[0m

DTW mean relative error: 4.027881819069954%
(G_reg, F_reg, M_reg, output_scale, length_mean, length_var) (0.7860785749187261, 2.8742217996308065e-06, 0.0011599487493630235, 0.43160482625017316, 0.20572539408690785, 0.0011836034346265917)
______________________________________________________________________________
epoch 0
epoch 1
epoch 2
Mean Training time per state 0.3877910628463283
[32m[I 2022-06-17 01:08:08,520][0m Trial 163 finished with value: 4.159577271919453 and parameters: {'g_reg': -0.1606927405324425, 'f_reg': -5.543129392117552, 'm_reg': -2.911208071747721, 'output_scale': -0.3149638697764183, 'length_mean': -0.7370610085601296, 'length_var': -2.94339248560331}. Best is trial 162 with value: 4.027881819069954.[0m

DTW mean relative error: 4.159577271919453%
(G_reg, F_reg, M_reg, output_scale, length_mean, length_var) (0.6907283151257052, 2.863324754253189e-06, 0.0012268513023080256, 0.4842126489698859, 0.18320570416816684, 0.0011392197734091908)
______________________________________________________________________________
epoch 0
epoch 1
epoch 2
Mean Training time per state 0.3989624904863762
[32m[I 2022-06-17 01:11:49,789][0m Trial 164 finished with value: 3.9408155833120713 and parameters: {'g_reg': -0.05543384326404909, 'f_reg': -5.419104094540173, 'm_reg': -2.829061803482618, 'output_scale': -0.4255222803593468, 'length_mean': -0.6666050038339911, 'length_var': -2.830142970225054}. Best is trial 164 with value: 3.9408155833120713.[0m

DTW mean relative error: 3.9408155833120713%
(G_reg, F_reg, M_reg, output_scale, length_mean, length_var) (0.8801691789793383, 3.8097449799157078e-06, 0.0014823071263026487, 0.3753856957822143, 0.2154740606830192, 0.0014786215441857495)
______________________________________________________________________________
epoch 0
epoch 1
epoch 2
Mean Training time per state 0.4038596514499549
[32m[I 2022-06-17 01:15:31,983][0m Trial 165 finished with value: 3.977799200248919 and parameters: {'g_reg': -0.033644595113939274, 'f_reg': -5.390729196758612, 'm_reg': -2.8056830345289874, 'output_scale': -0.40769620284056096, 'length_mean': -0.6591676046608755, 'length_var': -2.8145123705629795}. Best is trial 164 with value: 3.9408155833120713.[0m

DTW mean relative error: 3.977799200248919%
(G_reg, F_reg, M_reg, output_scale, length_mean, length_var) (0.9254552104001841, 4.06696844921095e-06, 0.0015642889066866926, 0.3911143919976854, 0.2191958842586757, 0.001532807544831149)
______________________________________________________________________________
epoch 0
epoch 1
epoch 2
Mean Training time per state 0.39877074415033514
[32m[I 2022-06-17 01:19:12,129][0m Trial 166 finished with value: 5.08915361113777 and parameters: {'g_reg': -0.055811946643219104, 'f_reg': -5.335944912443296, 'm_reg': -2.8248963164936525, 'output_scale': -0.4326549692484396, 'length_mean': -0.5710073034820027, 'length_var': -2.758307067235751}. Best is trial 164 with value: 3.9408155833120713.[0m

DTW mean relative error: 5.08915361113777%
(G_reg, F_reg, M_reg, output_scale, length_mean, length_var) (0.8794032237840981, 4.613760935397956e-06, 0.0014965929101825061, 0.3692708539713067, 0.26852992868993275, 0.0017445882083721742)
______________________________________________________________________________
epoch 0
epoch 1
epoch 2
Mean Training time per state 0.4010257648699211
[32m[I 2022-06-17 01:22:55,306][0m Trial 167 finished with value: 3.9791082232313544 and parameters: {'g_reg': -0.1198775201798954, 'f_reg': -5.48410436855424, 'm_reg': -2.920651651263233, 'output_scale': -0.3726050092138603, 'length_mean': -0.6670814068638578, 'length_var': -2.8135227424232}. Best is trial 164 with value: 3.9408155833120713.[0m

DTW mean relative error: 3.9791082232313544%
(G_reg, F_reg, M_reg, output_scale, length_mean, length_var) (0.758791539404372, 3.2801645555340786e-06, 0.001200461810632538, 0.4240284445528766, 0.2152378241719435, 0.0015363043405518125)
______________________________________________________________________________
epoch 0
epoch 1
epoch 2
Mean Training time per state 0.41118990291248675
[32m[I 2022-06-17 01:26:36,585][0m Trial 168 finished with value: 27.960037915308426 and parameters: {'g_reg': -0.10753715413731717, 'f_reg': -5.583390477889022, 'm_reg': -2.9344573899530793, 'output_scale': -0.35342234885270385, 'length_mean': -0.6015321841253354, 'length_var': -2.8108486620267197}. Best is trial 164 with value: 3.9408155833120713.[0m

DTW mean relative error: 27.960037915308426%
(G_reg, F_reg, M_reg, output_scale, length_mean, length_var) (0.7806616512374688, 2.609813793262941e-06, 0.00116290064137802, 0.44317744681276267, 0.2503040149496425, 0.0015457930059610534)
______________________________________________________________________________
epoch 0
epoch 1
epoch 2
Mean Training time per state 0.41158005685517285
[32m[I 2022-06-17 01:30:17,551][0m Trial 169 finished with value: 5.003231495011131 and parameters: {'g_reg': -0.12231378485555457, 'f_reg': -5.492542058680324, 'm_reg': -2.916648637986667, 'output_scale': -0.3994191680603515, 'length_mean': -0.6415707036341398, 'length_var': -2.692013211135247}. Best is trial 164 with value: 3.9408155833120713.[0m

DTW mean relative error: 5.003231495011131%
(G_reg, F_reg, M_reg, output_scale, length_mean, length_var) (0.7545468582425622, 3.2170509665216074e-06, 0.0012115779532990217, 0.3986399612430806, 0.2282597285001876, 0.0020322951880577768)
______________________________________________________________________________
epoch 0
epoch 1
epoch 2
Mean Training time per state 0.40616116379246564
[32m[I 2022-06-17 01:34:00,546][0m Trial 170 finished with value: 28.807532147333326 and parameters: {'g_reg': -0.07608444769916839, 'f_reg': -5.5281371238956885, 'm_reg': -2.882534170789985, 'output_scale': -0.3745130625698463, 'length_mean': -0.5257735717205758, 'length_var': -2.734156215096665}. Best is trial 164 with value: 3.9408155833120713.[0m

DTW mean relative error: 28.807532147333326%
(G_reg, F_reg, M_reg, output_scale, length_mean, length_var) (0.8392967710617969, 2.9638954230958694e-06, 0.0013105869198210601, 0.42216958097919677, 0.2980069744565389, 0.0018443518891457017)
______________________________________________________________________________
epoch 0
epoch 1
epoch 2
Mean Training time per state 0.4138799508412679
[32m[I 2022-06-17 01:37:41,346][0m Trial 171 finished with value: 4.019156452201679 and parameters: {'g_reg': -0.036697234744253245, 'f_reg': -4.943449197754931, 'm_reg': -2.828391957652718, 'output_scale': -0.42894352255130974, 'length_mean': -0.6576415119285149, 'length_var': -2.8290359849856097}. Best is trial 164 with value: 3.9408155833120713.[0m

DTW mean relative error: 4.019156452201679%
(G_reg, F_reg, M_reg, output_scale, length_mean, length_var) (0.9189730286190548, 1.1390710186148814e-05, 0.0014845951668115574, 0.3724401367595488, 0.2199674843635199, 0.0014823952510228864)
______________________________________________________________________________
epoch 0
epoch 1
epoch 2
Mean Training time per state 0.40922278346437396
[32m[I 2022-06-17 01:41:21,352][0m Trial 172 finished with value: 3.9842328225249246 and parameters: {'g_reg': -0.04614810019277956, 'f_reg': -4.639070649063498, 'm_reg': -2.8443819562489203, 'output_scale': -0.47595798665412964, 'length_mean': -0.6681152302174876, 'length_var': -2.8440180390289034}. Best is trial 164 with value: 3.9408155833120713.[0m

DTW mean relative error: 3.9842328225249246%
(G_reg, F_reg, M_reg, output_scale, length_mean, length_var) (0.8991908931902391, 2.2957751514080584e-05, 0.0014309288627053795, 0.33422737138548725, 0.21472606714913584, 0.001432128412580892)
______________________________________________________________________________
epoch 0
epoch 1
epoch 2
Mean Training time per state 0.43284609101035376
[32m[I 2022-06-17 01:45:02,011][0m Trial 173 finished with value: 4.001574169750096 and parameters: {'g_reg': -0.07795764767814446, 'f_reg': -4.758596926035003, 'm_reg': -2.8417080455280375, 'output_scale': -0.4680340798980714, 'length_mean': -0.6738634816107978, 'length_var': -2.802006214499148}. Best is trial 164 with value: 3.9408155833120713.[0m

DTW mean relative error: 4.001574169750096%
(G_reg, F_reg, M_reg, output_scale, length_mean, length_var) (0.8356845100647906, 1.7434242158536634e-05, 0.0014397661358054726, 0.340381478283463, 0.21190271365916427, 0.001577588695169495)
______________________________________________________________________________
epoch 0
epoch 1
epoch 2
Mean Training time per state 0.40662934563376685
