[32m[I 2022-06-16 18:41:12,035][0m Trial 58 finished with value: 4.49322900899759 and parameters: {'g_reg': -0.04263199074220422, 'f_reg': -4.976438287191862, 'm_reg': -2.721132026288401, 'output_scale': -0.30229522234381007, 'length_mean': -0.8535025850485154, 'length_var': -2.5409612806767563}. Best is trial 54 with value: 4.097765733959667.[0m

DTW mean relative error: 4.49322900899759%
(G_reg, F_reg, M_reg, output_scale, length_mean, length_var) (0.9065004191834387, 1.0557515137834815e-05, 0.001900500436610689, 0.4985454737125958, 0.14011912446126995, 0.0028776549592935802)
______________________________________________________________________________
epoch 0
epoch 1
epoch 2
Mean Training time per state 0.4078120751814409
[32m[I 2022-06-16 18:44:50,206][0m Trial 59 finished with value: 5.10005032743366 and parameters: {'g_reg': -0.072272502053056, 'f_reg': -4.963653452367989, 'm_reg': -2.685556136476454, 'output_scale': -0.3365679910880015, 'length_mean': -0.9926161673652609, 'length_var': -2.523131070247973}. Best is trial 54 with value: 4.097765733959667.[0m

DTW mean relative error: 5.10005032743366%
(G_reg, F_reg, M_reg, output_scale, length_mean, length_var) (0.8466959802785641, 1.0872928887960551e-05, 0.002062737022724568, 0.4607146357418173, 0.10171472579077538, 0.002998257507115743)
______________________________________________________________________________
epoch 0
epoch 1
epoch 2
Mean Training time per state 0.398133118947347
[32m[I 2022-06-16 18:48:29,204][0m Trial 60 finished with value: 4.555386921538172 and parameters: {'g_reg': -0.27654009024437837, 'f_reg': -5.278712532284992, 'm_reg': -2.9885768287942986, 'output_scale': -0.10463294640554455, 'length_mean': -0.8562606643800583, 'length_var': -2.7498848859435037}. Best is trial 54 with value: 4.097765733959667.[0m

DTW mean relative error: 4.555386921538172%
(G_reg, F_reg, M_reg, output_scale, length_mean, length_var) (0.5290051618547811, 5.2636556240719835e-06, 0.0010266517959343744, 0.7858995744199843, 0.13923208784500063, 0.0017787508230937517)
______________________________________________________________________________
epoch 0
epoch 1
epoch 2
Mean Training time per state 0.41699562650738337
[32m[I 2022-06-16 18:52:08,021][0m Trial 61 finished with value: 4.555206617606599 and parameters: {'g_reg': -0.012459133368623358, 'f_reg': -5.238806967034288, 'm_reg': -2.999408579699452, 'output_scale': -0.09065782326948482, 'length_mean': -0.8523178888459284, 'length_var': -2.8987416877301926}. Best is trial 54 with value: 4.097765733959667.[0m

DTW mean relative error: 4.555206617606599%
(G_reg, F_reg, M_reg, output_scale, length_mean, length_var) (0.9717193849966996, 5.770228785484363e-06, 0.0010013627232323692, 0.8116002585813793, 0.14050187215523927, 0.001262578275162541)
______________________________________________________________________________
epoch 0
epoch 1
epoch 2
Mean Training time per state 0.4023982178081165
[32m[I 2022-06-16 18:55:46,239][0m Trial 62 finished with value: 4.095097504322266 and parameters: {'g_reg': -0.03720186524240823, 'f_reg': -5.222655063065112, 'm_reg': -2.7719569875226595, 'output_scale': -0.2902448875543191, 'length_mean': -0.71260675920261, 'length_var': -2.8927662422532237}. Best is trial 62 with value: 4.095097504322266.[0m

DTW mean relative error: 4.095097504322266%
(G_reg, F_reg, M_reg, output_scale, length_mean, length_var) (0.9179058437540046, 5.988870702588996e-06, 0.001690608361016683, 0.5125722760876918, 0.1938176130766265, 0.0012800701127962443)
______________________________________________________________________________
epoch 0
epoch 1
epoch 2
Mean Training time per state 0.40745831980849756
[32m[I 2022-06-16 18:59:23,636][0m Trial 63 finished with value: 4.09914581485454 and parameters: {'g_reg': -0.15046120611344932, 'f_reg': -5.0858509311856, 'm_reg': -2.7985326884901527, 'output_scale': -0.28517206032285264, 'length_mean': -0.7255262321212659, 'length_var': -2.8348382035103845}. Best is trial 62 with value: 4.095097504322266.[0m

DTW mean relative error: 4.09914581485454%
(G_reg, F_reg, M_reg, output_scale, length_mean, length_var) (0.707194368863192, 8.20633173102537e-06, 0.0015902569838071462, 0.5185945396062535, 0.18813680649730907, 0.0014627220103167412)
______________________________________________________________________________
epoch 0
epoch 1
epoch 2
Mean Training time per state 0.399226730520075
[32m[I 2022-06-16 19:03:01,511][0m Trial 64 finished with value: 5.086588174819474 and parameters: {'g_reg': -0.0939064913429635, 'f_reg': -5.18605226080621, 'm_reg': -2.790345705714019, 'output_scale': -0.3005798454810972, 'length_mean': -0.5762907720732575, 'length_var': -2.806037674098165}. Best is trial 62 with value: 4.095097504322266.[0m

DTW mean relative error: 5.086588174819474%
(G_reg, F_reg, M_reg, output_scale, length_mean, length_var) (0.8055518672215177, 6.51549985106221e-06, 0.0016205196229244672, 0.5005185232309596, 0.26528288255591226, 0.0015630120488768931)
______________________________________________________________________________
epoch 0
epoch 1
epoch 2
Mean Training time per state 0.3967100779215495
[32m[I 2022-06-16 19:06:39,218][0m Trial 65 finished with value: 5.581451853858664 and parameters: {'g_reg': -0.360372052363348, 'f_reg': -5.070021847049146, 'm_reg': -2.8709648732475803, 'output_scale': -0.2058653474855806, 'length_mean': -0.5075930043495724, 'length_var': -2.995511953053241}. Best is trial 62 with value: 4.095097504322266.[0m

DTW mean relative error: 5.581451853858664%
(G_reg, F_reg, M_reg, output_scale, length_mean, length_var) (0.43614203702018867, 8.510952230443923e-06, 0.0013459692147883653, 0.6224932585849421, 0.31074703653678964, 0.0010103876913236916)
______________________________________________________________________________
epoch 0
epoch 1
epoch 2
Mean Training time per state 0.391467318390355
[32m[I 2022-06-16 19:10:20,295][0m Trial 66 finished with value: 4.078195338517654 and parameters: {'g_reg': -0.12627889120340094, 'f_reg': -5.388618993238273, 'm_reg': -2.925346479504354, 'output_scale': -0.29051293440222603, 'length_mean': -0.7098342578006872, 'length_var': -2.8961748628443784}. Best is trial 66 with value: 4.078195338517654.[0m

DTW mean relative error: 4.078195338517654%
(G_reg, F_reg, M_reg, output_scale, length_mean, length_var) (0.7476892021919703, 4.086777623090745e-06, 0.0011875544202229775, 0.5122560137409885, 0.19505888717220327, 0.0012700626285742395)
______________________________________________________________________________
epoch 0
epoch 1
epoch 2
Mean Training time per state 0.41511719877069647
[32m[I 2022-06-16 19:13:57,220][0m Trial 67 finished with value: 4.154051574416168 and parameters: {'g_reg': -0.13761730923183038, 'f_reg': -5.353886877284817, 'm_reg': -2.5273857621199713, 'output_scale': -0.17892786380316933, 'length_mean': -0.7284941539653311, 'length_var': -2.9172595011084477}. Best is trial 66 with value: 4.078195338517654.[0m

DTW mean relative error: 4.154051574416168%
(G_reg, F_reg, M_reg, output_scale, length_mean, length_var) (0.7284213907659866, 4.427036704417162e-06, 0.0029690276210254715, 0.6623265068207048, 0.18685548296887045, 0.0012098749889265744)
______________________________________________________________________________
epoch 0
epoch 1
epoch 2
Mean Training time per state 0.4128378087824041
[32m[I 2022-06-16 19:17:36,942][0m Trial 68 finished with value: 4.1094522477282585 and parameters: {'g_reg': -0.1148471685281819, 'f_reg': -5.430105986863118, 'm_reg': -2.9230094976374508, 'output_scale': -0.2095929507862727, 'length_mean': -0.7146256058354635, 'length_var': -2.878903029474495}. Best is trial 66 with value: 4.078195338517654.[0m

DTW mean relative error: 4.1094522477282585%
(G_reg, F_reg, M_reg, output_scale, length_mean, length_var) (0.7676315771213181, 3.7144456930170825e-06, 0.0011939619932825486, 0.6171731859680505, 0.19291872995641177, 0.0013215906898288916)
______________________________________________________________________________
epoch 0
epoch 1
epoch 2
Mean Training time per state 0.40552277276010223
[32m[I 2022-06-16 19:21:19,146][0m Trial 69 finished with value: 30.845545915597338 and parameters: {'g_reg': -0.13605667080597975, 'f_reg': -5.412077468712276, 'm_reg': -2.922476832888747, 'output_scale': -0.1482997496588435, 'length_mean': -0.2208363391256709, 'length_var': -2.916932841436024}. Best is trial 66 with value: 4.078195338517654.[0m

DTW mean relative error: 30.845545915597338%
(G_reg, F_reg, M_reg, output_scale, length_mean, length_var) (0.7310436838418732, 3.871885727211302e-06, 0.0011954272931393175, 0.7107228040922113, 0.6014003283437779, 0.0012107853528731257)
______________________________________________________________________________
epoch 0
epoch 1
epoch 2
Mean Training time per state 0.41730231227296777
[32m[I 2022-06-16 19:24:57,653][0m Trial 70 finished with value: 4.050242107763392 and parameters: {'g_reg': -0.17436304353281512, 'f_reg': -5.4471245965723485, 'm_reg': -2.7834301225963656, 'output_scale': -0.20596273115726754, 'length_mean': -0.6937913401962337, 'length_var': -2.865687948315676}. Best is trial 70 with value: 4.050242107763392.[0m

DTW mean relative error: 4.050242107763392%
(G_reg, F_reg, M_reg, output_scale, length_mean, length_var) (0.6693248609863005, 3.57170353345079e-06, 0.0016465308696400876, 0.6223536899614834, 0.20239913858431985, 0.0013624232667909769)
______________________________________________________________________________
epoch 0
epoch 1
epoch 2
Mean Training time per state 0.3835827220569958
[32m[I 2022-06-16 19:28:35,625][0m Trial 71 finished with value: 25.621801726198807 and parameters: {'g_reg': -0.16940640116407282, 'f_reg': -5.471384897738167, 'm_reg': -2.8036724730674516, 'output_scale': -0.20993862996402507, 'length_mean': -0.7162097734242221, 'length_var': -2.8525823106720782}. Best is trial 70 with value: 4.050242107763392.[0m

DTW mean relative error: 25.621801726198807%
(G_reg, F_reg, M_reg, output_scale, length_mean, length_var) (0.6770076854097028, 3.3776535566219415e-06, 0.0015715475536868266, 0.6166821388912199, 0.19221630592150088, 0.0014041635309971216)
______________________________________________________________________________
epoch 0
epoch 1
epoch 2
Mean Training time per state 0.40630403431979095
[32m[I 2022-06-16 19:32:14,022][0m Trial 72 finished with value: 5.131785459826911 and parameters: {'g_reg': -0.24196669862051312, 'f_reg': -5.563575139359777, 'm_reg': -2.6264132349144784, 'output_scale': -0.17254450895122683, 'length_mean': -0.615722778679917, 'length_var': -2.936470560875391}. Best is trial 70 with value: 4.050242107763392.[0m

DTW mean relative error: 5.131785459826911%
(G_reg, F_reg, M_reg, output_scale, length_mean, length_var) (0.5728399542455862, 2.731648787405481e-06, 0.0023636695753305693, 0.6721334215526528, 0.2422574945087333, 0.0011575224933562205)
______________________________________________________________________________
epoch 0
epoch 1
epoch 2
Mean Training time per state 0.4059275424841679
[32m[I 2022-06-16 19:35:54,123][0m Trial 73 finished with value: 5.968618800246164 and parameters: {'g_reg': -0.42928107308848906, 'f_reg': -5.331372866711908, 'm_reg': -2.5336423545535505, 'output_scale': -0.12969029216541, 'length_mean': -0.4099380253703326, 'length_var': -2.7910373459484443}. Best is trial 70 with value: 4.050242107763392.[0m

DTW mean relative error: 5.968618800246164%
(G_reg, F_reg, M_reg, output_scale, length_mean, length_var) (0.37215077428797333, 4.66258898424466e-06, 0.0029265614356633377, 0.74183907940981, 0.3891006664208902, 0.0016179409013241477)
______________________________________________________________________________
epoch 0
epoch 1
epoch 2
Mean Training time per state 0.3957210454073819
[32m[I 2022-06-16 19:39:32,926][0m Trial 74 finished with value: 4.151653071767363 and parameters: {'g_reg': -0.10657009736465184, 'f_reg': -5.423784911935101, 'm_reg': -2.8977684961069716, 'output_scale': -0.07297256961745074, 'length_mean': -0.7211683353573016, 'length_var': -2.883536974876908}. Best is trial 70 with value: 4.050242107763392.[0m

DTW mean relative error: 4.151653071767363%
(G_reg, F_reg, M_reg, output_scale, length_mean, length_var) (0.7824019111792314, 3.7689041097620938e-06, 0.0012654107042762125, 0.8453322353259456, 0.19003415524441492, 0.0013075642110403935)
______________________________________________________________________________
epoch 0
epoch 1
epoch 2
Mean Training time per state 0.41886775421373773
[32m[I 2022-06-16 19:43:16,299][0m Trial 75 finished with value: 25.46357389975819 and parameters: {'g_reg': -0.08689271643538735, 'f_reg': -5.433580918798352, 'm_reg': -2.930877839877951, 'output_scale': -0.06832834462375659, 'length_mean': -0.6856628441557616, 'length_var': -2.8713677910249746}. Best is trial 70 with value: 4.050242107763392.[0m

DTW mean relative error: 25.46357389975819%
(G_reg, F_reg, M_reg, output_scale, length_mean, length_var) (0.8186669980870136, 3.6848437855520924e-06, 0.0011725251318152323, 0.8544204913350911, 0.20622302632532502, 0.0013447210676029286)
______________________________________________________________________________
epoch 0
epoch 1
epoch 2
Mean Training time per state 0.3992268461169619
[32m[I 2022-06-16 19:46:55,678][0m Trial 76 finished with value: 5.441959064808557 and parameters: {'g_reg': -0.14251989220721092, 'f_reg': -5.3562234399620605, 'm_reg': -2.830505617360422, 'output_scale': -0.019669984569809562, 'length_mean': -0.5266450455598257, 'length_var': -2.699109128194534}. Best is trial 70 with value: 4.050242107763392.[0m

DTW mean relative error: 5.441959064808557%
(G_reg, F_reg, M_reg, output_scale, length_mean, length_var) (0.7202447607520583, 4.403282609410519e-06, 0.0014773873722723865, 0.9557185498010728, 0.29740958052381655, 0.001999359413564262)
______________________________________________________________________________
epoch 0
epoch 1
epoch 2
Mean Training time per state 0.4211605245416814
[32m[I 2022-06-16 19:50:35,138][0m Trial 77 finished with value: 5.063958072984966 and parameters: {'g_reg': -0.07007488333551963, 'f_reg': -5.517707456741005, 'm_reg': -2.744746622397708, 'output_scale': -0.2263435526792321, 'length_mean': -0.6170611524800793, 'length_var': -2.9667659886485924}. Best is trial 70 with value: 4.050242107763392.[0m

DTW mean relative error: 5.063958072984966%
(G_reg, F_reg, M_reg, output_scale, length_mean, length_var) (0.8509912931632223, 3.035935519192981e-06, 0.0017999207248880949, 0.5938222241872424, 0.24151207402745783, 0.0010795282488825907)
______________________________________________________________________________
epoch 0
epoch 1
epoch 2
Mean Training time per state 0.3948904384266247
[32m[I 2022-06-16 19:54:14,553][0m Trial 78 finished with value: 4.193882617945834 and parameters: {'g_reg': -0.2638091943721498, 'f_reg': -5.209445945371962, 'm_reg': -2.9059052313376714, 'output_scale': -0.17718392736680005, 'length_mean': -0.7426070561878291, 'length_var': -2.7487051370004445}. Best is trial 70 with value: 4.050242107763392.[0m

DTW mean relative error: 4.193882617945834%
(G_reg, F_reg, M_reg, output_scale, length_mean, length_var) (0.54474193056979, 6.173821298085955e-06, 0.001241923281718568, 0.6649914670762228, 0.18088099728139795, 0.0017835893193314425)
______________________________________________________________________________
epoch 0
epoch 1
epoch 2
Mean Training time per state 0.41105344078757544
[32m[I 2022-06-16 19:57:54,472][0m Trial 79 finished with value: 5.834027174048788 and parameters: {'g_reg': -0.1860419919460101, 'f_reg': -5.11379650450584, 'm_reg': -2.680094448722607, 'output_scale': -0.055842631951995444, 'length_mean': -0.4586997046035538, 'length_var': -2.92682921542033}. Best is trial 70 with value: 4.050242107763392.[0m

DTW mean relative error: 5.834027174048788%
(G_reg, F_reg, M_reg, output_scale, length_mean, length_var) (0.6515653911385095, 7.694909128690444e-06, 0.002088841808031517, 0.8793410912742544, 0.3477765504037379, 0.0011835068736032455)
______________________________________________________________________________
epoch 0
epoch 1
epoch 2
Mean Training time per state 0.4078361554579301
[32m[I 2022-06-16 20:01:35,299][0m Trial 80 finished with value: 5.1408730575666715 and parameters: {'g_reg': -0.04009247706799329, 'f_reg': -5.621079023656931, 'm_reg': -2.7679785740425973, 'output_scale': -0.2763924316890446, 'length_mean': -0.5872571044384949, 'length_var': -2.867717132266261}. Best is trial 70 with value: 4.050242107763392.[0m

DTW mean relative error: 5.1408730575666715%
(G_reg, F_reg, M_reg, output_scale, length_mean, length_var) (0.9118166598002876, 2.3928803114126667e-06, 0.0017061665608078295, 0.5291850522785522, 0.25866811340168294, 0.001356072371358318)
______________________________________________________________________________
epoch 0
epoch 1
epoch 2
Mean Training time per state 0.3973371187845866
[32m[I 2022-06-16 20:05:15,847][0m Trial 81 finished with value: 4.150228458514553 and parameters: {'g_reg': -0.24980970913755418, 'f_reg': -5.2455096321208226, 'm_reg': -2.9196785675798456, 'output_scale': -0.17756105603960215, 'length_mean': -0.7354182289130414, 'length_var': -2.781378710083927}. Best is trial 70 with value: 4.050242107763392.[0m

DTW mean relative error: 4.150228458514553%
(G_reg, F_reg, M_reg, output_scale, length_mean, length_var) (0.5625877751617298, 5.681857897537682e-06, 0.0012031545905549965, 0.6644142585157937, 0.18390001772071699, 0.001654326741216382)
______________________________________________________________________________
epoch 0
epoch 1
epoch 2
Mean Training time per state 0.4145760391697739
[32m[I 2022-06-16 20:08:56,119][0m Trial 82 finished with value: 25.292516397187658 and parameters: {'g_reg': -0.34793832525483925, 'f_reg': -5.274093726856092, 'm_reg': -2.946029421925951, 'output_scale': -0.3515358537459743, 'length_mean': -0.6706929774732169, 'length_var': -2.6420053085729522}. Best is trial 70 with value: 4.050242107763392.[0m

DTW mean relative error: 25.292516397187658%
(G_reg, F_reg, M_reg, output_scale, length_mean, length_var) (0.4488091213964223, 5.31993435212892e-06, 0.0011323236496863889, 0.44510671503930144, 0.21345533927787258, 0.002280314198544122)
______________________________________________________________________________
epoch 0
epoch 1
epoch 2
Mean Training time per state 0.4169791033773711
[32m[I 2022-06-16 20:12:38,219][0m Trial 83 finished with value: 25.531582800018192 and parameters: {'g_reg': -0.2509422156567068, 'f_reg': -5.4404196036061165, 'm_reg': -2.835992096660586, 'output_scale': -0.22494970414230445, 'length_mean': -0.7236950113018776, 'length_var': -2.77995467691148}. Best is trial 70 with value: 4.050242107763392.[0m

DTW mean relative error: 25.531582800018192%
(G_reg, F_reg, M_reg, output_scale, length_mean, length_var) (0.561122630321389, 3.627274279639899e-06, 0.001458840808181504, 0.5957311314497045, 0.18893176801503297, 0.0016597601114096312)
______________________________________________________________________________
epoch 0
epoch 1
epoch 2
Mean Training time per state 0.41418922308719525
[32m[I 2022-06-16 20:16:19,932][0m Trial 84 finished with value: 4.976173905921302 and parameters: {'g_reg': -0.422490289339735, 'f_reg': -5.380052968318183, 'm_reg': -2.9622919691928025, 'output_scale': -0.14379855177356718, 'length_mean': -0.6416330836885152, 'length_var': -2.86665727952325}. Best is trial 70 with value: 4.050242107763392.[0m

DTW mean relative error: 4.976173905921302%
(G_reg, F_reg, M_reg, output_scale, length_mean, length_var) (0.37801558949284525, 4.168185434882888e-06, 0.0010907068252623002, 0.718127318593226, 0.22822694468110596, 0.0013593857732718906)
______________________________________________________________________________
epoch 0
epoch 1
epoch 2
Mean Training time per state 0.4047217296831535
[32m[I 2022-06-16 20:20:00,930][0m Trial 85 finished with value: 4.9902756071783765 and parameters: {'g_reg': -0.12637024289757284, 'f_reg': -5.32485308400399, 'm_reg': -2.6817726112330162, 'output_scale': -0.27628683665449316, 'length_mean': -0.9643334215041084, 'length_var': -2.944324699290208}. Best is trial 70 with value: 4.050242107763392.[0m

DTW mean relative error: 4.9902756071783765%
(G_reg, F_reg, M_reg, output_scale, length_mean, length_var) (0.7475319460095435, 4.73311346760053e-06, 0.002080785863935485, 0.5293137347970975, 0.10855918606622456, 0.0011367770592227548)
______________________________________________________________________________
epoch 0
epoch 1
epoch 2
Mean Training time per state 0.409580693100438
[32m[I 2022-06-16 20:23:40,086][0m Trial 86 finished with value: 5.435345164085322 and parameters: {'g_reg': -0.0051362541400953865, 'f_reg': -5.514938989528471, 'm_reg': -2.882297743422248, 'output_scale': -0.12245231519673382, 'length_mean': -0.5094477425062419, 'length_var': -2.998569450712445}. Best is trial 70 with value: 4.050242107763392.[0m

DTW mean relative error: 5.435345164085322%
(G_reg, F_reg, M_reg, output_scale, length_mean, length_var) (0.9882429978669208, 3.055350304185315e-06, 0.001311300589891651, 0.7543062128537006, 0.30942276131875235, 0.0010032993925169706)
______________________________________________________________________________
epoch 0
epoch 1
epoch 2
Mean Training time per state 0.39349747426582105
