[32m[I 2022-06-17 05:22:22,828][0m Trial 232 finished with value: 4.019998312409375 and parameters: {'g_reg': -1.5600144203875634, 'f_reg': -4.882697377977022, 'm_reg': -2.8210278058215232, 'output_scale': -0.3690620769134962, 'length_mean': -0.687748972019204, 'length_var': -2.81377579771005}. Best is trial 164 with value: 3.9408155833120713.[0m

DTW mean relative error: 4.019998312409375%
(G_reg, F_reg, M_reg, output_scale, length_mean, length_var) (0.027541372529799026, 1.3100944958383018e-05, 0.001509983473969369, 0.42750177580230114, 0.2052348120529716, 0.001535409425444008)
______________________________________________________________________________
epoch 0
epoch 1
epoch 2
Mean Training time per state 0.4042132117531516
[32m[I 2022-06-17 05:26:03,471][0m Trial 233 finished with value: 25.41837409208841 and parameters: {'g_reg': -1.7045136870843127, 'f_reg': -4.878714991087608, 'm_reg': -2.820677086065977, 'output_scale': -0.3641582304633246, 'length_mean': -0.6727379579435135, 'length_var': -2.8182009162170414}. Best is trial 164 with value: 3.9408155833120713.[0m

DTW mean relative error: 25.41837409208841%
(G_reg, F_reg, M_reg, output_scale, length_mean, length_var) (0.019746326465453712, 1.3221630286421815e-05, 0.001511203371871139, 0.4323562780355321, 0.2124525959358933, 0.0015198442465587788)
______________________________________________________________________________
epoch 0
epoch 1
epoch 2
Mean Training time per state 0.40738062425093213
[32m[I 2022-06-17 05:29:45,278][0m Trial 234 finished with value: 5.063436477682102 and parameters: {'g_reg': -1.223293198740541, 'f_reg': -4.897770943077339, 'm_reg': -2.8774886743579042, 'output_scale': -0.39046091192409765, 'length_mean': -0.6215516644355085, 'length_var': -2.880525396709093}. Best is trial 164 with value: 3.9408155833120713.[0m

DTW mean relative error: 5.063436477682102%
(G_reg, F_reg, M_reg, output_scale, length_mean, length_var) (0.05980077347282793, 1.2654035745200168e-05, 0.001325901694511748, 0.40694815896879355, 0.23902775668065357, 0.0013166629145460761)
______________________________________________________________________________
epoch 0
epoch 1
epoch 2
Mean Training time per state 0.4144207058530865
[32m[I 2022-06-17 05:33:25,499][0m Trial 235 finished with value: 4.078578299356763 and parameters: {'g_reg': -1.5669010469439801, 'f_reg': -4.847575429248618, 'm_reg': -2.7804009744657856, 'output_scale': -0.3352751388057497, 'length_mean': -0.7072991124080883, 'length_var': -2.855655521742521}. Best is trial 164 with value: 3.9408155833120713.[0m

DTW mean relative error: 4.078578299356763%
(G_reg, F_reg, M_reg, output_scale, length_mean, length_var) (0.02710809213532301, 1.4204454852477214e-05, 0.00165805535477607, 0.46208818168498755, 0.19620085137880333, 0.0013942622800561632)
______________________________________________________________________________
epoch 0
epoch 1
epoch 2
Mean Training time per state 0.40114932349233917
[32m[I 2022-06-17 05:37:05,335][0m Trial 236 finished with value: 5.213953061698224 and parameters: {'g_reg': -1.4046795942052221, 'f_reg': -4.919026513388728, 'm_reg': -2.840179596416474, 'output_scale': -0.4035913059916208, 'length_mean': -0.5689110813947014, 'length_var': -2.9168817338212807}. Best is trial 164 with value: 3.9408155833120713.[0m

DTW mean relative error: 5.213953061698224%
(G_reg, F_reg, M_reg, output_scale, length_mean, length_var) (0.03938405287212476, 1.2049623759761662e-05, 0.0014448421528963828, 0.3948286819133719, 0.26982918313268306, 0.0012109278460318037)
______________________________________________________________________________
epoch 0
epoch 1
epoch 2
Mean Training time per state 0.40822371569546784
[32m[I 2022-06-17 05:40:43,525][0m Trial 237 finished with value: 4.979756050266421 and parameters: {'g_reg': -1.481549502882649, 'f_reg': -4.8336991803257, 'm_reg': -2.8941756296923513, 'output_scale': -0.43980986521048493, 'length_mean': -0.6516300479070967, 'length_var': -2.810149568333048}. Best is trial 164 with value: 3.9408155833120713.[0m

DTW mean relative error: 4.979756050266421%
(G_reg, F_reg, M_reg, output_scale, length_mean, length_var) (0.032995179634389644, 1.466563323223022e-05, 0.001275922718367696, 0.3632370456994109, 0.2230334241979345, 0.0015482833078895933)
______________________________________________________________________________
epoch 0
epoch 1
epoch 2
Mean Training time per state 0.39330562678250397
[32m[I 2022-06-17 05:44:24,393][0m Trial 238 finished with value: 4.6895369395329265 and parameters: {'g_reg': -1.604623338310172, 'f_reg': -5.011746797982054, 'm_reg': -2.9562143697623515, 'output_scale': -0.4625598789758306, 'length_mean': -0.7423411956896175, 'length_var': -1.4808043084608662}. Best is trial 164 with value: 3.9408155833120713.[0m

DTW mean relative error: 4.6895369395329265%
(G_reg, F_reg, M_reg, output_scale, length_mean, length_var) (0.024852876498708425, 9.73314519433487e-06, 0.0011060776841559864, 0.34469907741597267, 0.1809917604532375, 0.03305184379132392)
______________________________________________________________________________
epoch 0
epoch 1
epoch 2
Mean Training time per state 0.3996282490816983
[32m[I 2022-06-17 05:48:05,408][0m Trial 239 finished with value: 5.076269859482619 and parameters: {'g_reg': -1.699507490953768, 'f_reg': -4.577981855485685, 'm_reg': -2.8165099855099673, 'output_scale': -0.42055699613144515, 'length_mean': -0.6029129617167649, 'length_var': -2.8691832173800824}. Best is trial 164 with value: 3.9408155833120713.[0m

DTW mean relative error: 5.076269859482619%
(G_reg, F_reg, M_reg, output_scale, length_mean, length_var) (0.019975263136961272, 2.6425191575851163e-05, 0.0015257733130820375, 0.37970210418846995, 0.24950947263909531, 0.0013515022797657768)
______________________________________________________________________________
epoch 0
epoch 1
epoch 2
Mean Training time per state 0.41666161652767303
[32m[I 2022-06-17 05:51:48,000][0m Trial 240 finished with value: 4.056974203331731 and parameters: {'g_reg': -1.1380413549488286, 'f_reg': -4.858408188786668, 'm_reg': -2.858861609131201, 'output_scale': -0.37807303571465894, 'length_mean': -0.6994311157978882, 'length_var': -2.829021005963154}. Best is trial 164 with value: 3.9408155833120713.[0m

DTW mean relative error: 4.056974203331731%
(G_reg, F_reg, M_reg, output_scale, length_mean, length_var) (0.07277105062498485, 1.3854530440794382e-05, 0.0013840073319921898, 0.4187231421288438, 0.19978776301541334, 0.0014824463804192075)
______________________________________________________________________________
epoch 0
epoch 1
epoch 2
Mean Training time per state 0.4069008393721147
[32m[I 2022-06-17 05:55:27,900][0m Trial 241 finished with value: 3.999677568358694 and parameters: {'g_reg': -1.643544533477616, 'f_reg': -4.72437192917426, 'm_reg': -2.9038618517604933, 'output_scale': -0.46965706683658487, 'length_mean': -0.6863590376999654, 'length_var': -2.786041250414841}. Best is trial 164 with value: 3.9408155833120713.[0m

DTW mean relative error: 3.999677568358694%
(G_reg, F_reg, M_reg, output_scale, length_mean, length_var) (0.022722466223345533, 1.886375168146719e-05, 0.0012477803676558023, 0.3391118242614358, 0.20589270638908946, 0.001636661059737964)
______________________________________________________________________________
epoch 0
epoch 1
epoch 2
Mean Training time per state 0.39339229554841015
[32m[I 2022-06-17 05:59:08,988][0m Trial 242 finished with value: 4.011749342293134 and parameters: {'g_reg': -1.6329764134220857, 'f_reg': -4.734562840707595, 'm_reg': -2.9203486040798956, 'output_scale': -0.4718515252598296, 'length_mean': -0.662659178526935, 'length_var': -2.7974646854652296}. Best is trial 164 with value: 3.9408155833120713.[0m

DTW mean relative error: 4.011749342293134%
(G_reg, F_reg, M_reg, output_scale, length_mean, length_var) (0.02328217699973824, 1.8426258489492617e-05, 0.0012012997755210266, 0.3374026387146609, 0.2174406919750909, 0.0015941725051349634)
______________________________________________________________________________
epoch 0
epoch 1
epoch 2
Mean Training time per state 0.4235847213051536
[32m[I 2022-06-17 06:02:50,013][0m Trial 243 finished with value: 4.991986596363398 and parameters: {'g_reg': -1.5743817962182651, 'f_reg': -4.720575135948695, 'm_reg': -2.9239300391662826, 'output_scale': -0.4747706158015953, 'length_mean': -0.6439940648368239, 'length_var': -2.78875492601119}. Best is trial 164 with value: 3.9408155833120713.[0m

DTW mean relative error: 4.991986596363398%
(G_reg, F_reg, M_reg, output_scale, length_mean, length_var) (0.02664515210554891, 1.902938987491455e-05, 0.0011914339215803892, 0.33514240680757124, 0.22698958725642618, 0.00162646631781702)
______________________________________________________________________________
epoch 0
epoch 1
epoch 2
Mean Training time per state 0.4001664609620066
[32m[I 2022-06-17 06:06:31,956][0m Trial 244 finished with value: 4.766729859041352 and parameters: {'g_reg': -1.5217719843278845, 'f_reg': -4.737141659332882, 'm_reg': -2.8984660466325036, 'output_scale': -0.4363027953529094, 'length_mean': -0.7066493189033587, 'length_var': -1.2607837425484152}. Best is trial 164 with value: 3.9408155833120713.[0m

DTW mean relative error: 4.766729859041352%
(G_reg, F_reg, M_reg, output_scale, length_mean, length_var) (0.03007654983692361, 1.8317168506280538e-05, 0.0012633798716390572, 0.3661821789922248, 0.1964946277617788, 0.05485500480702391)
______________________________________________________________________________
epoch 0
epoch 1
epoch 2
Mean Training time per state 0.4050584778641209
[32m[I 2022-06-17 06:10:15,331][0m Trial 245 finished with value: 4.019003769313949 and parameters: {'g_reg': -1.670752500502715, 'f_reg': -4.6705783707100315, 'm_reg': -2.963819997949681, 'output_scale': -0.351623032045568, 'length_mean': -0.665780574373765, 'length_var': -2.895309684695442}. Best is trial 164 with value: 3.9408155833120713.[0m

DTW mean relative error: 4.019003769313949%
(G_reg, F_reg, M_reg, output_scale, length_mean, length_var) (0.02134260857682446, 2.1351167582984764e-05, 0.0010868760078152537, 0.4450173753083161, 0.215883487671824, 0.0012725953010407957)
______________________________________________________________________________
epoch 0
epoch 1
epoch 2
Mean Training time per state 0.41033214511293353
[32m[I 2022-06-17 06:13:57,694][0m Trial 246 finished with value: 4.948486531624006 and parameters: {'g_reg': -1.6282816753490366, 'f_reg': -4.644056818340632, 'm_reg': -2.9271696097554702, 'output_scale': -0.3501667313470072, 'length_mean': -0.642933914625934, 'length_var': -2.8963459258153796}. Best is trial 164 with value: 3.9408155833120713.[0m

DTW mean relative error: 4.948486531624006%
(G_reg, F_reg, M_reg, output_scale, length_mean, length_var) (0.02353522337821648, 2.2695679070144427e-05, 0.0011825796198259768, 0.4465121373760333, 0.22754436523125565, 0.0012695624658662498)
______________________________________________________________________________
epoch 0
epoch 1
epoch 2
Mean Training time per state 0.41481348962494824
[32m[I 2022-06-17 06:17:40,613][0m Trial 247 finished with value: 4.266750301259343 and parameters: {'g_reg': -1.6594226004227515, 'f_reg': -4.8074318068737725, 'm_reg': -2.9673465220017916, 'output_scale': -0.3919765700640921, 'length_mean': -0.7640843931799804, 'length_var': -2.923499164792911}. Best is trial 164 with value: 3.9408155833120713.[0m

DTW mean relative error: 4.266750301259343%
(G_reg, F_reg, M_reg, output_scale, length_mean, length_var) (0.021906722129385728, 1.5580026539441648e-05, 0.0010780861778872572, 0.4055304129892782, 0.1721534009725255, 0.0011926165594167315)
______________________________________________________________________________
epoch 0
epoch 1
epoch 2
Mean Training time per state 0.40262300317937677
[32m[I 2022-06-17 06:21:32,506][0m Trial 248 finished with value: 25.785983014604717 and parameters: {'g_reg': -1.6212031349481486, 'f_reg': -4.880258958031487, 'm_reg': -2.9521219817355684, 'output_scale': -0.40826177440957867, 'length_mean': -1.3030849763472308, 'length_var': -2.864738016861005}. Best is trial 164 with value: 3.9408155833120713.[0m

DTW mean relative error: 25.785983014604717%
(G_reg, F_reg, M_reg, output_scale, length_mean, length_var) (0.02392196579414906, 1.3174709320848282e-05, 0.0011165495947359886, 0.390605384358416, 0.049763970464490555, 0.0013654065539666135)
______________________________________________________________________________
epoch 0
epoch 1
epoch 2
Mean Training time per state 0.40428433996258356
[32m[I 2022-06-17 06:25:15,388][0m Trial 249 finished with value: 28.05246839008403 and parameters: {'g_reg': -1.5709784263300755, 'f_reg': -4.944851574868382, 'm_reg': -1.6085828064619896, 'output_scale': -0.5166439569783929, 'length_mean': -0.5929750456200593, 'length_var': -2.889989475488328}. Best is trial 164 with value: 3.9408155833120713.[0m

DTW mean relative error: 28.05246839008403%
(G_reg, F_reg, M_reg, output_scale, length_mean, length_var) (0.026854778440231025, 1.135398784958781e-05, 0.024627322269602105, 0.3043379024248133, 0.255284798402836, 0.0012882807709747302)
______________________________________________________________________________
epoch 0
epoch 1
epoch 2
Mean Training time per state 0.4073324203491211
[32m[I 2022-06-17 06:28:54,506][0m Trial 250 finished with value: 4.076680484459111 and parameters: {'g_reg': -1.6721812420079023, 'f_reg': -4.7395026815281405, 'm_reg': -2.898729327825447, 'output_scale': -0.46116648943066246, 'length_mean': -0.7263685490513011, 'length_var': -2.93473141357929}. Best is trial 164 with value: 3.9408155833120713.[0m

DTW mean relative error: 4.076680484459111%
(G_reg, F_reg, M_reg, output_scale, length_mean, length_var) (0.021272511053383136, 1.8217858245376292e-05, 0.00126261420831373, 0.3458067852786147, 0.18777226758282947, 0.0011621671258647255)
______________________________________________________________________________
epoch 0
epoch 1
epoch 2
Mean Training time per state 0.4095146150299997
[32m[I 2022-06-17 06:32:39,432][0m Trial 251 finished with value: 5.030838341228524 and parameters: {'g_reg': -0.9395737939487526, 'f_reg': -4.79098179679421, 'm_reg': -2.8388848133329927, 'output_scale': -0.3588320995318513, 'length_mean': -0.630040202902278, 'length_var': -2.8335485886587928}. Best is trial 164 with value: 3.9408155833120713.[0m

DTW mean relative error: 5.030838341228524%
(G_reg, F_reg, M_reg, output_scale, length_mean, length_var) (0.11492809446343442, 1.6181478599673767e-05, 0.0014491561580671965, 0.4376912861430705, 0.23440118186877013, 0.0014670719424189063)
______________________________________________________________________________
epoch 0
epoch 1
epoch 2
Mean Training time per state 0.4130927577163234
[32m[I 2022-06-17 06:36:19,168][0m Trial 252 finished with value: 4.026095940155267 and parameters: {'g_reg': -1.7155563462068217, 'f_reg': -4.677583785033317, 'm_reg': -2.7857890840490644, 'output_scale': -0.37454985425521053, 'length_mean': -0.6786159741881438, 'length_var': -2.851547251241602}. Best is trial 164 with value: 3.9408155833120713.[0m

DTW mean relative error: 4.026095940155267%
(G_reg, F_reg, M_reg, output_scale, length_mean, length_var) (0.01925057268218119, 2.100952409651327e-05, 0.0016376116375807087, 0.42213381798164284, 0.20959649981444453, 0.0014075140824927172)
______________________________________________________________________________
epoch 0
epoch 1
epoch 2
Mean Training time per state 0.3920693036281701
[32m[I 2022-06-17 06:39:58,638][0m Trial 253 finished with value: 4.096746125610004 and parameters: {'g_reg': -1.7454081467480704, 'f_reg': -4.9894861584891945, 'm_reg': -2.7823038045330333, 'output_scale': -0.3789869538594635, 'length_mean': -0.7129503812406567, 'length_var': -2.846209865875805}. Best is trial 164 with value: 3.9408155833120713.[0m

DTW mean relative error: 4.096746125610004%
(G_reg, F_reg, M_reg, output_scale, length_mean, length_var) (0.01797181143664008, 1.0245044320335355e-05, 0.0016508065959289658, 0.417842918396152, 0.19366432155360938, 0.0014249188579129974)
______________________________________________________________________________
epoch 0
epoch 1
epoch 2
Mean Training time per state 0.42445285392530036
[32m[I 2022-06-17 06:43:43,000][0m Trial 254 finished with value: 3.9372153724412313 and parameters: {'g_reg': -0.5500381309345452, 'f_reg': -4.607565468311064, 'm_reg': -2.8078832389341164, 'output_scale': -0.4262011367853355, 'length_mean': -0.6706676450627421, 'length_var': -2.7729973705195476}. Best is trial 254 with value: 3.9372153724412313.[0m

DTW mean relative error: 3.9372153724412313%
(G_reg, F_reg, M_reg, output_scale, length_mean, length_var) (0.28181354888909493, 2.4685079582748094e-05, 0.0015563840127667435, 0.37479937949619097, 0.21346779049750836, 0.0016865632368278044)
______________________________________________________________________________
epoch 0
epoch 1
epoch 2
Mean Training time per state 0.41410222198023944
[32m[I 2022-06-17 06:47:24,096][0m Trial 255 finished with value: 4.948623843645473 and parameters: {'g_reg': -1.7374018483655649, 'f_reg': -4.676744359655412, 'm_reg': -2.7998960906669823, 'output_scale': -0.4230563124876634, 'length_mean': -0.6111419973076008, 'length_var': -2.7730490844079676}. Best is trial 254 with value: 3.9372153724412313.[0m

DTW mean relative error: 4.948623843645473%
(G_reg, F_reg, M_reg, output_scale, length_mean, length_var) (0.018306197841932055, 2.1050171590813126e-05, 0.0015852724395026116, 0.377523236467494, 0.24482626248552405, 0.001686362420206665)
______________________________________________________________________________
epoch 0
epoch 1
epoch 2
Mean Training time per state 0.3810571829477946
[32m[I 2022-06-17 06:51:05,799][0m Trial 256 finished with value: 5.11020539039165 and parameters: {'g_reg': -0.8728378309876841, 'f_reg': -4.596519001886208, 'm_reg': -2.7598193859866154, 'output_scale': -0.4460628834501862, 'length_mean': -0.5565675172107719, 'length_var': -2.775628237436467}. Best is trial 254 with value: 3.9372153724412313.[0m

DTW mean relative error: 5.11020539039165%
(G_reg, F_reg, M_reg, output_scale, length_mean, length_var) (0.13401770267613863, 2.5321008446842855e-05, 0.001738523694156401, 0.3580445904635109, 0.2776083231211026, 0.0016763772659888383)
______________________________________________________________________________
epoch 0
epoch 1
epoch 2
Mean Training time per state 0.4057312228462913
[32m[I 2022-06-17 06:54:49,604][0m Trial 257 finished with value: 25.43169195045826 and parameters: {'g_reg': -1.606770018403073, 'f_reg': -4.608577526686323, 'm_reg': -2.814702164793421, 'output_scale': -0.4063714564366546, 'length_mean': -0.6621727407209791, 'length_var': -2.733848742920553}. Best is trial 254 with value: 3.9372153724412313.[0m

DTW mean relative error: 25.43169195045826%
(G_reg, F_reg, M_reg, output_scale, length_mean, length_var) (0.024730333985953347, 2.462762166904797e-05, 0.001532137827665378, 0.3923092458186048, 0.21768437600755902, 0.001845658117300148)
______________________________________________________________________________
epoch 0
epoch 1
epoch 2
Mean Training time per state 0.3941414645223906
[32m[I 2022-06-17 06:58:30,099][0m Trial 258 finished with value: 4.1266790564167435 and parameters: {'g_reg': -1.8109063329866386, 'f_reg': -4.654292072193628, 'm_reg': -2.881210245319342, 'output_scale': -0.4691093561382674, 'length_mean': -0.7373911162241458, 'length_var': -2.8286919800122927}. Best is trial 254 with value: 3.9372153724412313.[0m

DTW mean relative error: 4.1266790564167435%
(G_reg, F_reg, M_reg, output_scale, length_mean, length_var) (0.015455877501923882, 2.2167051374658718e-05, 0.001314588275766894, 0.33953976509668, 0.18306650224220522, 0.00148356992254136)
______________________________________________________________________________
epoch 0
epoch 1
epoch 2
Mean Training time per state 0.4042962825659549
[32m[I 2022-06-17 07:02:13,561][0m Trial 259 finished with value: 5.022936652152004 and parameters: {'g_reg': -0.7974225565867878, 'f_reg': -4.540123616451441, 'm_reg': -2.776874436426475, 'output_scale': -0.33164131407127406, 'length_mean': -0.6338731052068194, 'length_var': -2.7949805574814808}. Best is trial 254 with value: 3.9372153724412313.[0m

DTW mean relative error: 5.022936652152004%
(G_reg, F_reg, M_reg, output_scale, length_mean, length_var) (0.1594327155861742, 2.883210716721627e-05, 0.0016715738312377516, 0.46597078218244375, 0.2323415566826897, 0.0016033171664717842)
______________________________________________________________________________
epoch 0
epoch 1
epoch 2
Mean Training time per state 0.39658822435321234
[32m[I 2022-06-17 07:05:53,048][0m Trial 260 finished with value: 4.317652012134718 and parameters: {'g_reg': -1.636419452491822, 'f_reg': -4.725474000321267, 'm_reg': -2.8288487536848677, 'output_scale': -0.4308524482506122, 'length_mean': -0.7875002712592266, 'length_var': -2.838034612608185}. Best is trial 254 with value: 3.9372153724412313.[0m

DTW mean relative error: 4.317652012134718%
(G_reg, F_reg, M_reg, output_scale, length_mean, length_var) (0.023098328180934984, 1.8815943472631877e-05, 0.0014830344731164725, 0.3708066821241207, 0.16311718904017145, 0.0014519958911170395)
______________________________________________________________________________
epoch 0
epoch 1
epoch 2
Mean Training time per state 0.390168977506233
