[32m[I 2022-06-16 16:55:33,841][0m Trial 29 finished with value: 25.987876038407244 and parameters: {'g_reg': -0.11557943549280658, 'f_reg': -4.445320761979618, 'm_reg': -1.961656136900431, 'output_scale': -0.9153882874316732, 'length_mean': -1.3607340057088961, 'length_var': -2.200666555817482}. Best is trial 14 with value: 4.401185381553881.[0m

DTW mean relative error: 25.987876038407244%
(G_reg, F_reg, M_reg, output_scale, length_mean, length_var) (0.7663383587068299, 3.586569393258444e-05, 0.010923048527867484, 0.12150991374252362, 0.04357786953004581, 0.006299896929748377)
______________________________________________________________________________
epoch 0
epoch 1
epoch 2
Mean Training time per state 0.4012945782054554
[32m[I 2022-06-16 16:59:16,318][0m Trial 30 finished with value: 6.780716024073041 and parameters: {'g_reg': -0.8446444282010419, 'f_reg': -5.161170908025593, 'm_reg': -1.397724953126077, 'output_scale': -0.6231006037866632, 'length_mean': -1.2147494563269408, 'length_var': -2.3514260111199157}. Best is trial 14 with value: 4.401185381553881.[0m

DTW mean relative error: 6.780716024073041%
(G_reg, F_reg, M_reg, output_scale, length_mean, length_var) (0.1430064322083, 6.899682270228437e-06, 0.040019812252719195, 0.2381767671875381, 0.060988863938429665, 0.004452193065547523)
______________________________________________________________________________
epoch 0
epoch 1
epoch 2
Mean Training time per state 0.40544883410135907
[32m[I 2022-06-16 17:02:54,431][0m Trial 31 finished with value: 4.6099245948476915 and parameters: {'g_reg': -0.6333137874115843, 'f_reg': -4.821394286083132, 'm_reg': -2.216486643376046, 'output_scale': -0.6278026011333299, 'length_mean': -0.7960994585967258, 'length_var': -2.096860763656742}. Best is trial 14 with value: 4.401185381553881.[0m

DTW mean relative error: 4.6099245948476915%
(G_reg, F_reg, M_reg, output_scale, length_mean, length_var) (0.23264097675399464, 1.5087098088821223e-05, 0.006074539446785334, 0.23561199623096588, 0.1599191752762224, 0.008000907258018344)
______________________________________________________________________________
epoch 0
epoch 1
epoch 2
Mean Training time per state 0.40398327509562176
[32m[I 2022-06-16 17:06:33,278][0m Trial 32 finished with value: 5.352933635680638 and parameters: {'g_reg': -0.21194729561355774, 'f_reg': -4.820708574177802, 'm_reg': -2.2557037503051762, 'output_scale': -0.7437992158351843, 'length_mean': -1.0385264426087486, 'length_var': -2.087632497150374}. Best is trial 14 with value: 4.401185381553881.[0m

DTW mean relative error: 5.352933635680638%
(G_reg, F_reg, M_reg, output_scale, length_mean, length_var) (0.6138364935917614, 1.511093807467865e-05, 0.005550041744816836, 0.18038515094743054, 0.09151105398382448, 0.008172736611826955)
______________________________________________________________________________
epoch 0
epoch 1
epoch 2
Mean Training time per state 0.4094924782261704
[32m[I 2022-06-16 17:10:10,829][0m Trial 33 finished with value: 5.512800095187269 and parameters: {'g_reg': -0.5971230679955052, 'f_reg': -4.6193446639341245, 'm_reg': -2.2918160504209095, 'output_scale': -0.6409459569727817, 'length_mean': -0.47730603675502525, 'length_var': -1.8696224830594015}. Best is trial 14 with value: 4.401185381553881.[0m

DTW mean relative error: 5.512800095187269%
(G_reg, F_reg, M_reg, output_scale, length_mean, length_var) (0.25285813593535755, 2.4024554112909734e-05, 0.005107212750473516, 0.22858832379450172, 0.33319153804738366, 0.013501359984499488)
______________________________________________________________________________
epoch 0
epoch 1
epoch 2
Mean Training time per state 0.3858317606376879
[32m[I 2022-06-16 17:13:45,252][0m Trial 34 finished with value: 4.263344698239168 and parameters: {'g_reg': -0.7221385833129623, 'f_reg': -4.288580208167152, 'm_reg': -1.8948934850373345, 'output_scale': -0.5216396966041753, 'length_mean': -0.7897557378996448, 'length_var': -2.3671877260561685}. Best is trial 34 with value: 4.263344698239168.[0m

DTW mean relative error: 4.263344698239168%
(G_reg, F_reg, M_reg, output_scale, length_mean, length_var) (0.18961007791526996, 5.145407696944676e-05, 0.012738154583885464, 0.3008571266195279, 0.16227225155024022, 0.004293507975253763)
______________________________________________________________________________
epoch 0
epoch 1
epoch 2
Mean Training time per state 0.4123749949715354
[32m[I 2022-06-16 17:17:32,593][0m Trial 35 finished with value: 11.258601379306684 and parameters: {'g_reg': -0.9446604788553677, 'f_reg': -5.808223317515913, 'm_reg': -2.640064541535877, 'output_scale': -0.5070034499123012, 'length_mean': -1.5490501326361832, 'length_var': -2.3005358569160768}. Best is trial 34 with value: 4.263344698239168.[0m

DTW mean relative error: 11.258601379306684%
(G_reg, F_reg, M_reg, output_scale, length_mean, length_var) (0.11358984871932805, 1.5551657479489343e-06, 0.0022905272267737036, 0.311169161861136, 0.02824553904674415, 0.0050056922202540745)
______________________________________________________________________________
epoch 0
epoch 1
epoch 2
Mean Training time per state 0.40093497074011597
[32m[I 2022-06-16 17:21:10,081][0m Trial 36 finished with value: 4.678879540707346 and parameters: {'g_reg': -0.31112562349043404, 'f_reg': -4.902264089185086, 'm_reg': -2.355612943094887, 'output_scale': -0.38524100877181633, 'length_mean': -0.9044854388039995, 'length_var': -2.4451252552972598}. Best is trial 34 with value: 4.263344698239168.[0m

DTW mean relative error: 4.678879540707346%
(G_reg, F_reg, M_reg, output_scale, length_mean, length_var) (0.4885110328002403, 1.252379386695743e-05, 0.004409476748776272, 0.41186889182264425, 0.12459900126130397, 0.003588184325442757)
______________________________________________________________________________
epoch 0
epoch 1
epoch 2
Mean Training time per state 0.3983743768749815
[32m[I 2022-06-16 17:24:46,290][0m Trial 37 finished with value: 6.1538075295565156 and parameters: {'g_reg': -0.496394154016417, 'f_reg': -4.599162943997414, 'm_reg': -2.0369450969206473, 'output_scale': -0.521976698395962, 'length_mean': -0.3560640701776374, 'length_var': -1.9825372704365485}. Best is trial 34 with value: 4.263344698239168.[0m

DTW mean relative error: 6.1538075295565156%
(G_reg, F_reg, M_reg, output_scale, length_mean, length_var) (0.3188642615016055, 2.5167324916446787e-05, 0.009184486985217843, 0.30062375947509645, 0.44048987454730626, 0.010410287644172143)
______________________________________________________________________________
epoch 0
epoch 1
epoch 2
Mean Training time per state 0.4054945960189357
[32m[I 2022-06-16 17:28:23,832][0m Trial 38 finished with value: 5.192160307879746 and parameters: {'g_reg': -1.7464820613266294, 'f_reg': -5.481199353307831, 'm_reg': -2.7312228839320722, 'output_scale': -0.996148443212777, 'length_mean': -0.5660748445785355, 'length_var': -2.685080384258678}. Best is trial 34 with value: 4.263344698239168.[0m

DTW mean relative error: 5.192160307879746%
(G_reg, F_reg, M_reg, output_scale, length_mean, length_var) (0.01792742600646411, 3.3021792698225444e-06, 0.0018568512573332563, 0.10089079792308532, 0.27159711688682353, 0.0020649979066783165)
______________________________________________________________________________
epoch 0
epoch 1
epoch 2
Mean Training time per state 0.40833038994760223
[32m[I 2022-06-16 17:32:01,581][0m Trial 39 finished with value: 25.80398774977788 and parameters: {'g_reg': -0.7575948225681137, 'f_reg': -5.665865560551318, 'm_reg': -1.1297130522299157, 'output_scale': -0.6723754917813706, 'length_mean': -0.7182581000625823, 'length_var': -2.298626235064674}. Best is trial 34 with value: 4.263344698239168.[0m

DTW mean relative error: 25.80398774977788%
(G_reg, F_reg, M_reg, output_scale, length_mean, length_var) (0.17474516873490892, 2.1584124601750498e-06, 0.074180020287883, 0.21262998483803622, 0.19131186257654287, 0.005027751044890324)
______________________________________________________________________________
epoch 0
epoch 1
epoch 2
Mean Training time per state 0.41535237341216114
[32m[I 2022-06-16 17:35:41,531][0m Trial 40 finished with value: 5.157842398551664 and parameters: {'g_reg': -1.2213793312369194, 'f_reg': -4.735090830554486, 'm_reg': -2.4808482776190637, 'output_scale': -0.24601402659002974, 'length_mean': -1.0000946523375878, 'length_var': -2.823118942485411}. Best is trial 34 with value: 4.263344698239168.[0m

DTW mean relative error: 5.157842398551664%
(G_reg, F_reg, M_reg, output_scale, length_mean, length_var) (0.06006488760717578, 1.8403870533164793e-05, 0.003304849770187236, 0.5675262754797051, 0.0999782078686753, 0.0015027303491611096)
______________________________________________________________________________
epoch 0
epoch 1
epoch 2
Mean Training time per state 0.41284661582022003
[32m[I 2022-06-16 17:39:19,099][0m Trial 41 finished with value: 11.33722221233568 and parameters: {'g_reg': -0.5945891781440981, 'f_reg': -4.244567493886433, 'm_reg': -1.866491098599976, 'output_scale': -0.5844176674532485, 'length_mean': -0.6819796867812877, 'length_var': -2.1599142835576437}. Best is trial 34 with value: 4.263344698239168.[0m

DTW mean relative error: 11.33722221233568%
(G_reg, F_reg, M_reg, output_scale, length_mean, length_var) (0.25433774816992005, 5.694197234946038e-05, 0.013599060359471298, 0.26036483782476305, 0.20797939628541479, 0.006919675306601384)
______________________________________________________________________________
epoch 0
epoch 1
epoch 2
Mean Training time per state 0.37402137120564777
[32m[I 2022-06-16 17:42:56,203][0m Trial 42 finished with value: 48.801243973636545 and parameters: {'g_reg': -0.9074234696732851, 'f_reg': -4.200637512797385, 'm_reg': -1.8320733504031381, 'output_scale': -0.47703765819598154, 'length_mean': -0.8002109202711744, 'length_var': -1.7719188555954721}. Best is trial 34 with value: 4.263344698239168.[0m

DTW mean relative error: 48.801243973636545%
(G_reg, F_reg, M_reg, output_scale, length_mean, length_var) (0.12375892557166536, 6.300318243301281e-05, 0.01472063856408653, 0.33339750221209286, 0.1584123657148106, 0.016907568063408186)
______________________________________________________________________________
epoch 0
epoch 1
epoch 2
Mean Training time per state 0.42559289209770435
[32m[I 2022-06-16 17:46:34,782][0m Trial 43 finished with value: 4.72927888878975 and parameters: {'g_reg': -1.04748964090606, 'f_reg': -4.464303131891579, 'm_reg': -2.06443502820823, 'output_scale': -0.394707160455661, 'length_mean': -0.9200232639174076, 'length_var': -1.9772177990999813}. Best is trial 34 with value: 4.263344698239168.[0m

DTW mean relative error: 4.72927888878975%
(G_reg, F_reg, M_reg, output_scale, length_mean, length_var) (0.08964175676700314, 3.433182325959772e-05, 0.008621145440491201, 0.4029886731478939, 0.12022000344636742, 0.010538582529182591)
______________________________________________________________________________
epoch 0
epoch 1
epoch 2
Mean Training time per state 0.378409566301288
[32m[I 2022-06-16 17:50:14,587][0m Trial 44 finished with value: 6.344082050864761 and parameters: {'g_reg': -0.38831012968695156, 'f_reg': -4.332889452590522, 'm_reg': -2.177699149423285, 'output_scale': -0.9064406497595529, 'length_mean': -1.1567551632283934, 'length_var': -2.1410466169566256}. Best is trial 34 with value: 4.263344698239168.[0m

DTW mean relative error: 6.344082050864761%
(G_reg, F_reg, M_reg, output_scale, length_mean, length_var) (0.4089685110194358, 4.646335302284973e-05, 0.006642030271247759, 0.1240393124394663, 0.06970193532557613, 0.0072269222600968245)
______________________________________________________________________________
epoch 0
epoch 1
epoch 2
Mean Training time per state 0.3784369194146358
[32m[I 2022-06-16 17:53:51,997][0m Trial 45 finished with value: 48.57772000274924 and parameters: {'g_reg': -0.6896693474412035, 'f_reg': -4.10757789445151, 'm_reg': -1.502401384969354, 'output_scale': -0.5439626756169541, 'length_mean': -0.7852380559926833, 'length_var': -2.251088832903297}. Best is trial 34 with value: 4.263344698239168.[0m

DTW mean relative error: 48.57772000274924%
(G_reg, F_reg, M_reg, output_scale, length_mean, length_var) (0.204329302530493, 7.805884223327338e-05, 0.03144840436534033, 0.2857836142598119, 0.16396907398859595, 0.005609332280312783)
______________________________________________________________________________
epoch 0
epoch 1
epoch 2
Mean Training time per state 0.4143418615514582
[32m[I 2022-06-16 17:57:31,753][0m Trial 46 finished with value: 5.215850638744357 and parameters: {'g_reg': -0.4763424326564052, 'f_reg': -4.477297714123038, 'm_reg': -1.3295742778221409, 'output_scale': -0.4352458678987601, 'length_mean': -0.5434226285951934, 'length_var': -2.6000709604719368}. Best is trial 34 with value: 4.263344698239168.[0m

DTW mean relative error: 5.215850638744357%
(G_reg, F_reg, M_reg, output_scale, length_mean, length_var) (0.333931637668108, 3.3319792324737745e-05, 0.046819386885710426, 0.3670744291702586, 0.28613920843628, 0.0025114760415715777)
______________________________________________________________________________
epoch 0
epoch 1
epoch 2
Mean Training time per state 0.38463627930843475
[32m[I 2022-06-16 18:01:08,700][0m Trial 47 finished with value: 6.072615245251533 and parameters: {'g_reg': -0.5529304279425534, 'f_reg': -5.131130897582398, 'm_reg': -1.6039735649176179, 'output_scale': -0.7391093215189746, 'length_mean': -0.37504658590044804, 'length_var': -2.410159482846161}. Best is trial 34 with value: 4.263344698239168.[0m

DTW mean relative error: 6.072615245251533%
(G_reg, F_reg, M_reg, output_scale, length_mean, length_var) (0.27994297399934126, 7.393823895320645e-06, 0.02489008817215513, 0.18234366452432185, 0.4216512713141108, 0.003889023049660751)
______________________________________________________________________________
epoch 0
epoch 1
epoch 2
Mean Training time per state 0.3965388355833112
[32m[I 2022-06-16 18:04:50,908][0m Trial 48 finished with value: 26.603742073387025 and parameters: {'g_reg': -1.3960346429353532, 'f_reg': -4.91881095146049, 'm_reg': -1.9735185108049036, 'output_scale': -0.8580035413439352, 'length_mean': -1.9464339600264784, 'length_var': -1.7131093430457958}. Best is trial 34 with value: 4.263344698239168.[0m

DTW mean relative error: 26.603742073387025%
(G_reg, F_reg, M_reg, output_scale, length_mean, length_var) (0.04017587619546425, 1.2055606071226382e-05, 0.010628732797776291, 0.13867445209701623, 0.01131269400087707, 0.01935934489128951)
______________________________________________________________________________
epoch 0
epoch 1
epoch 2
Mean Training time per state 0.401959397576072
[32m[I 2022-06-16 18:08:28,765][0m Trial 49 finished with value: 25.916049772604637 and parameters: {'g_reg': -0.8652476872762047, 'f_reg': -4.53147768564116, 'm_reg': -2.1275735031706784, 'output_scale': -0.6712636463904471, 'length_mean': -0.7498358248176109, 'length_var': -2.583543985210704}. Best is trial 34 with value: 4.263344698239168.[0m

DTW mean relative error: 25.916049772604637%
(G_reg, F_reg, M_reg, output_scale, length_mean, length_var) (0.1363805108013181, 2.9411848100288996e-05, 0.007454636936292151, 0.21317504022752343, 0.17789517753302614, 0.0026088914819114516)
______________________________________________________________________________
epoch 0
epoch 1
epoch 2
Mean Training time per state 0.3921961712114739
[32m[I 2022-06-16 18:12:05,880][0m Trial 50 finished with value: 4.823563723343131 and parameters: {'g_reg': -1.8825415710847313, 'f_reg': -5.835218610615416, 'm_reg': -1.8054061864856694, 'output_scale': -0.7808123249377711, 'length_mean': -0.9391597841779347, 'length_var': -2.1362474261159083}. Best is trial 34 with value: 4.263344698239168.[0m

DTW mean relative error: 4.823563723343131%
(G_reg, F_reg, M_reg, output_scale, length_mean, length_var) (0.013105645878613651, 1.4614413442116364e-06, 0.01565286405858864, 0.16564856388839289, 0.1150377068180021, 0.007307226577884958)
______________________________________________________________________________
epoch 0
epoch 1
epoch 2
Mean Training time per state 0.3965389584050034
[32m[I 2022-06-16 18:15:42,135][0m Trial 51 finished with value: 4.434303465336848 and parameters: {'g_reg': -0.3104284335758075, 'f_reg': -4.895361090870341, 'm_reg': -2.4562693440834007, 'output_scale': -0.30705274307961333, 'length_mean': -0.8351019299155285, 'length_var': -2.4666154129389475}. Best is trial 34 with value: 4.263344698239168.[0m

DTW mean relative error: 4.434303465336848%
(G_reg, F_reg, M_reg, output_scale, length_mean, length_var) (0.4892958884753258, 1.2724446765503726e-05, 0.0034972820263640147, 0.4931139138875651, 0.1461834038373969, 0.003414951869249988)
______________________________________________________________________________
epoch 0
epoch 1
epoch 2
Mean Training time per state 0.39621087276574335
[32m[I 2022-06-16 18:19:18,856][0m Trial 52 finished with value: 4.526999052866517 and parameters: {'g_reg': -0.19661436725622955, 'f_reg': -4.704193613450486, 'm_reg': -2.4107713563228526, 'output_scale': -0.2509512526615418, 'length_mean': -0.8553473216017989, 'length_var': -2.4656699520224907}. Best is trial 34 with value: 4.263344698239168.[0m

DTW mean relative error: 4.526999052866517%
(G_reg, F_reg, M_reg, output_scale, length_mean, length_var) (0.6358953258953537, 1.9760884808501302e-05, 0.00388354769906531, 0.5611109543379805, 0.13952520792797735, 0.003422394332051014)
______________________________________________________________________________
epoch 0
epoch 1
epoch 2
Mean Training time per state 0.40263050975221576
[32m[I 2022-06-16 18:22:55,686][0m Trial 53 finished with value: 4.63134061368969 and parameters: {'g_reg': -0.00716806297542899, 'f_reg': -4.672967846631355, 'm_reg': -2.389111055436233, 'output_scale': -0.2630618188488718, 'length_mean': -0.8892381441485109, 'length_var': -2.4701231416739833}. Best is trial 34 with value: 4.263344698239168.[0m

DTW mean relative error: 4.63134061368969%
(G_reg, F_reg, M_reg, output_scale, length_mean, length_var) (0.9836303875001521, 2.1234016640647438e-05, 0.004082149864562789, 0.5456801817214895, 0.12905114312731256, 0.0033874809246963082)
______________________________________________________________________________
epoch 0
epoch 1
epoch 2
Mean Training time per state 0.4090573065208667
[32m[I 2022-06-16 18:26:34,470][0m Trial 54 finished with value: 4.097765733959667 and parameters: {'g_reg': -0.23360541518641587, 'f_reg': -4.753301803694311, 'm_reg': -2.8101914888217774, 'output_scale': -0.16810590850904786, 'length_mean': -0.661357549183653, 'length_var': -2.9626308348238437}. Best is trial 54 with value: 4.097765733959667.[0m

DTW mean relative error: 4.097765733959667%
(G_reg, F_reg, M_reg, output_scale, length_mean, length_var) (0.5839754430260627, 1.7648109766752282e-05, 0.0015481338662934423, 0.6790380199354331, 0.2180933637291268, 0.0010898561147076196)
______________________________________________________________________________
epoch 0
epoch 1
epoch 2
Mean Training time per state 0.4048666014815822
[32m[I 2022-06-16 18:30:11,778][0m Trial 55 finished with value: 4.962795223626342 and parameters: {'g_reg': -0.2169548561311599, 'f_reg': -4.802815994122525, 'm_reg': -2.844700718960697, 'output_scale': -0.16388506557433624, 'length_mean': -0.6281920560715335, 'length_var': -2.821094647473863}. Best is trial 54 with value: 4.097765733959667.[0m

DTW mean relative error: 4.962795223626342%
(G_reg, F_reg, M_reg, output_scale, length_mean, length_var) (0.6067994016514918, 1.574649885286701e-05, 0.0014298789773602605, 0.685669662379313, 0.23540080514196673, 0.0015097510924217588)
______________________________________________________________________________
epoch 0
epoch 1
epoch 2
Mean Training time per state 0.41723734682256525
[32m[I 2022-06-16 18:33:52,048][0m Trial 56 finished with value: 25.150931397534215 and parameters: {'g_reg': -0.31438419435888526, 'f_reg': -4.986277566604545, 'm_reg': -2.582049514348986, 'output_scale': -0.022518268018095616, 'length_mean': -0.6562642441714309, 'length_var': -2.995950101475485}. Best is trial 54 with value: 4.097765733959667.[0m

DTW mean relative error: 25.150931397534215%
(G_reg, F_reg, M_reg, output_scale, length_mean, length_var) (0.48485938427910796, 1.032101557425861e-05, 0.002617884523566744, 0.9494710601285241, 0.22066616928877464, 0.0010093688514531086)
______________________________________________________________________________
epoch 0
epoch 1
epoch 2
Mean Training time per state 0.39199887622486457
[32m[I 2022-06-16 18:37:33,221][0m Trial 57 finished with value: 25.781065667715612 and parameters: {'g_reg': -0.1567396691142768, 'f_reg': -4.752464665466785, 'm_reg': -2.881073081085699, 'output_scale': -0.19491637558997305, 'length_mean': -1.0615818832285058, 'length_var': -2.672813207697311}. Best is trial 54 with value: 4.097765733959667.[0m

DTW mean relative error: 25.781065667715612%
(G_reg, F_reg, M_reg, output_scale, length_mean, length_var) (0.6970442209215985, 1.7682160753024988e-05, 0.0013150035308034807, 0.638386397138561, 0.08677969447396874, 0.002124157876842162)
______________________________________________________________________________
epoch 0
epoch 1
epoch 2
Mean Training time per state 0.42723845713066333
