[32m[I 2022-06-16 20:27:19,276][0m Trial 87 finished with value: 4.208715782788674 and parameters: {'g_reg': -0.18295599429037357, 'f_reg': -5.592336214248058, 'm_reg': -2.610202893951286, 'output_scale': -0.1873957814665662, 'length_mean': -0.744979003511897, 'length_var': -2.832362263849471}. Best is trial 70 with value: 4.050242107763392.[0m

DTW mean relative error: 4.208715782788674%
(G_reg, F_reg, M_reg, output_scale, length_mean, length_var) (0.6562117548312604, 2.5566058936707005e-06, 0.002453562391169045, 0.6495374837113818, 0.1798957885805078, 0.0014710848948366491)
______________________________________________________________________________
epoch 0
epoch 1
epoch 2
Mean Training time per state 0.4023168375997832
[32m[I 2022-06-16 20:30:59,066][0m Trial 88 finished with value: 4.157572428419278 and parameters: {'g_reg': -0.13455357367366422, 'f_reg': -5.241647238499482, 'm_reg': -2.5325716365732682, 'output_scale': -0.07534000418709465, 'length_mean': -0.6908994750133225, 'length_var': -2.7557160278253354}. Best is trial 70 with value: 4.050242107763392.[0m

DTW mean relative error: 4.157572428419278%
(G_reg, F_reg, M_reg, output_scale, length_mean, length_var) (0.7335782161373333, 5.7326148123019985e-06, 0.0029337855381545027, 0.8407366807879976, 0.20375136409819936, 0.0017550276868683564)
______________________________________________________________________________
epoch 0
epoch 1
epoch 2
Mean Training time per state 0.40074063069892657
[32m[I 2022-06-16 20:34:40,974][0m Trial 89 finished with value: 5.872611911391596 and parameters: {'g_reg': -0.2903795777502078, 'f_reg': -5.048875783790437, 'm_reg': -2.7981875601264914, 'output_scale': -0.22477538729163346, 'length_mean': -0.4184053472985842, 'length_var': -2.8999443104118927}. Best is trial 70 with value: 4.050242107763392.[0m

DTW mean relative error: 5.872611911391596%
(G_reg, F_reg, M_reg, output_scale, length_mean, length_var) (0.5124133338063299, 8.935610220743088e-06, 0.001591521243314262, 0.5959702936371469, 0.381587950746388, 0.0012590868541697807)
______________________________________________________________________________
epoch 0
epoch 1
epoch 2
Mean Training time per state 0.4018751274455678
[32m[I 2022-06-16 20:38:20,467][0m Trial 90 finished with value: 5.1252748872824085 and parameters: {'g_reg': -0.21232157406444463, 'f_reg': -5.137204034622776, 'm_reg': -2.719650647839018, 'output_scale': -0.10763151511463102, 'length_mean': -0.5526101047521945, 'length_var': -2.7076341591884616}. Best is trial 70 with value: 4.050242107763392.[0m

DTW mean relative error: 5.1252748872824085%
(G_reg, F_reg, M_reg, output_scale, length_mean, length_var) (0.6133077122888628, 7.291148864409139e-06, 0.001906994112143029, 0.7804920520429849, 0.2801495280962845, 0.001960495459493275)
______________________________________________________________________________
epoch 0
epoch 1
epoch 2
Mean Training time per state 0.39976403929970483
[32m[I 2022-06-16 20:41:59,665][0m Trial 91 finished with value: 4.129300999044966 and parameters: {'g_reg': -0.1114350935616053, 'f_reg': -5.288801190683312, 'm_reg': -2.4997412264727155, 'output_scale': -0.06932719843200184, 'length_mean': -0.69785025479842, 'length_var': -2.7459291074595766}. Best is trial 70 with value: 4.050242107763392.[0m

DTW mean relative error: 4.129300999044966%
(G_reg, F_reg, M_reg, output_scale, length_mean, length_var) (0.7736862995619198, 5.142790219739612e-06, 0.003164162458668576, 0.8524576285429731, 0.20051632906300956, 0.0017950266160750448)
______________________________________________________________________________
epoch 0
epoch 1
epoch 2
Mean Training time per state 0.40672479253826727
[32m[I 2022-06-16 20:45:41,696][0m Trial 92 finished with value: 25.73584383069676 and parameters: {'g_reg': -0.0593431631328578, 'f_reg': -5.1926321682827, 'm_reg': -2.8486759505492945, 'output_scale': -0.04313256479339116, 'length_mean': -0.7811786826330975, 'length_var': -2.950094585711936}. Best is trial 70 with value: 4.050242107763392.[0m

DTW mean relative error: 25.73584383069676%
(G_reg, F_reg, M_reg, output_scale, length_mean, length_var) (0.8722818517623517, 6.417528879533875e-06, 0.0014168505707310227, 0.9054561757142471, 0.16550888668980424, 0.0011217741146596514)
______________________________________________________________________________
epoch 0
epoch 1
epoch 2
Mean Training time per state 0.4103793086427631
[32m[I 2022-06-16 20:49:22,528][0m Trial 93 finished with value: 4.997999977842782 and parameters: {'g_reg': -0.11366657778475395, 'f_reg': -5.373813635299809, 'm_reg': -2.766859490761708, 'output_scale': -0.15197300435548894, 'length_mean': -0.5971883365835348, 'length_var': -2.6443428137768734}. Best is trial 70 with value: 4.050242107763392.[0m

DTW mean relative error: 4.997999977842782%
(G_reg, F_reg, M_reg, output_scale, length_mean, length_var) (0.7697211538503669, 4.228500289883355e-06, 0.0017105686535090069, 0.7047368738867047, 0.2528201376321023, 0.00226807382312287)
______________________________________________________________________________
epoch 0
epoch 1
epoch 2
Mean Training time per state 0.40694783673141943
[32m[I 2022-06-16 20:53:01,702][0m Trial 94 finished with value: 4.134343445982872 and parameters: {'g_reg': -0.22653361619570983, 'f_reg': -5.302728630958193, 'm_reg': -2.9050863279913806, 'output_scale': -0.005320930552789899, 'length_mean': -0.6671452886288245, 'length_var': -2.7972294014912973}. Best is trial 70 with value: 4.050242107763392.[0m

DTW mean relative error: 4.134343445982872%
(G_reg, F_reg, M_reg, output_scale, length_mean, length_var) (0.5935624022193055, 4.9804819333892e-06, 0.0012442672547961409, 0.9878228535151172, 0.21520616648005655, 0.001595036400208311)
______________________________________________________________________________
epoch 0
epoch 1
epoch 2
Mean Training time per state 0.4075910178097812
[32m[I 2022-06-16 20:56:42,850][0m Trial 95 finished with value: 4.43061693072374 and parameters: {'g_reg': -0.23029003402291764, 'f_reg': -5.293328978044506, 'm_reg': -2.9028333076758868, 'output_scale': -0.005337511463047354, 'length_mean': -0.8112914019475432, 'length_var': -2.8092611870678765}. Best is trial 70 with value: 4.050242107763392.[0m

DTW mean relative error: 4.43061693072374%
(G_reg, F_reg, M_reg, output_scale, length_mean, length_var) (0.5884505403457575, 5.089451990440231e-06, 0.001250739000821366, 0.9877851401890119, 0.15442179559119196, 0.0015514536766353792)
______________________________________________________________________________
epoch 0
epoch 1
epoch 2
Mean Training time per state 0.4123569690819943
[32m[I 2022-06-16 21:00:23,669][0m Trial 96 finished with value: 4.968803107523191 and parameters: {'g_reg': -0.3115928135286738, 'f_reg': -5.483891002883974, 'm_reg': -2.972640240127691, 'output_scale': -0.08667960534094483, 'length_mean': -0.6518455197800148, 'length_var': -1.048850654290283}. Best is trial 70 with value: 4.050242107763392.[0m

DTW mean relative error: 4.968803107523191%
(G_reg, F_reg, M_reg, output_scale, length_mean, length_var) (0.4879858021460705, 3.2817764720743312e-06, 0.001065024895803921, 0.8190688218270443, 0.22292279532295153, 0.08936127275240374)
______________________________________________________________________________
epoch 0
epoch 1
epoch 2
Mean Training time per state 0.4318823597647927
[32m[I 2022-06-16 21:04:05,705][0m Trial 97 finished with value: 4.196852644789738 and parameters: {'g_reg': -0.18257091678129586, 'f_reg': -5.411077793980306, 'm_reg': -2.813219907191242, 'output_scale': -0.034900762781784445, 'length_mean': -0.6886687487970898, 'length_var': -2.724114960618561}. Best is trial 70 with value: 4.050242107763392.[0m

DTW mean relative error: 4.196852644789738%
(G_reg, F_reg, M_reg, output_scale, length_mean, length_var) (0.656793858586849, 3.880808439061982e-06, 0.0015373759851333867, 0.9227822607866064, 0.20480061252202839, 0.0018874916514525742)
______________________________________________________________________________
epoch 0
epoch 1
epoch 2
Mean Training time per state 0.3885900251793139
[32m[I 2022-06-16 21:08:02,994][0m Trial 98 finished with value: 11.83949443124254 and parameters: {'g_reg': -0.363156236795266, 'f_reg': -5.093957703246884, 'm_reg': -2.9358679984982574, 'output_scale': -2.3212598534397277e-05, 'length_mean': -1.674242095034102, 'length_var': -2.5764286696270284}. Best is trial 70 with value: 4.050242107763392.[0m

DTW mean relative error: 11.83949443124254%
(G_reg, F_reg, M_reg, output_scale, length_mean, length_var) (0.433354951541372, 8.054568823337973e-06, 0.0011591296139103384, 0.9999465524450165, 0.021171805957344428, 0.0026519866308053613)
______________________________________________________________________________
epoch 0
epoch 1
epoch 2
Mean Training time per state 0.37523607774214307
[32m[I 2022-06-16 21:11:42,713][0m Trial 99 finished with value: 25.818718528854994 and parameters: {'g_reg': -0.0919012010069403, 'f_reg': -5.165123501567901, 'm_reg': -2.652008336231015, 'output_scale': -0.3150177645649829, 'length_mean': -0.9040030630148719, 'length_var': -2.848518164827754}. Best is trial 70 with value: 4.050242107763392.[0m

DTW mean relative error: 25.818718528854994%
(G_reg, F_reg, M_reg, output_scale, length_mean, length_var) (0.8092799838416782, 6.8371718901464315e-06, 0.002228392375132726, 0.4841525631980527, 0.12473747166621754, 0.0014173654273893273)
______________________________________________________________________________
epoch 0
epoch 1
epoch 2
Mean Training time per state 0.3898314996199175
[32m[I 2022-06-16 21:15:22,649][0m Trial 100 finished with value: 4.24512171373967 and parameters: {'g_reg': -0.26180469020063357, 'f_reg': -5.255115263399066, 'm_reg': -2.8867696849546176, 'output_scale': -0.3558973869482469, 'length_mean': -0.7682517807796131, 'length_var': -2.768212242133488}. Best is trial 70 with value: 4.050242107763392.[0m

DTW mean relative error: 4.24512171373967%
(G_reg, F_reg, M_reg, output_scale, length_mean, length_var) (0.5472620208324861, 5.5575673775371295e-06, 0.0012978673735233577, 0.44065896802992194, 0.17050935800766637, 0.001705248820733495)
______________________________________________________________________________
epoch 0
epoch 1
epoch 2
Mean Training time per state 0.3993498773285837
[32m[I 2022-06-16 21:19:03,501][0m Trial 101 finished with value: 4.129780886555406 and parameters: {'g_reg': -0.036384089092047336, 'f_reg': -5.338063482924566, 'm_reg': -2.74963836071345, 'output_scale': -0.25465772958163335, 'length_mean': -0.7301845245527488, 'length_var': -2.886411479633723}. Best is trial 70 with value: 4.050242107763392.[0m

DTW mean relative error: 4.129780886555406%
(G_reg, F_reg, M_reg, output_scale, length_mean, length_var) (0.9196358880236757, 4.591308945483802e-06, 0.0017797608093033687, 0.556342541860036, 0.18612961346456372, 0.0012989382938244445)
______________________________________________________________________________
epoch 0
epoch 1
epoch 2
Mean Training time per state 0.3768675038308808
[32m[I 2022-06-16 21:22:42,917][0m Trial 102 finished with value: 4.441580288932353 and parameters: {'g_reg': -0.05867670866146518, 'f_reg': -5.308912550803572, 'm_reg': -2.739335552838686, 'output_scale': -0.2815625073919446, 'length_mean': -0.8272403810661426, 'length_var': -2.890340800113693}. Best is trial 70 with value: 4.050242107763392.[0m

DTW mean relative error: 4.441580288932353%
(G_reg, F_reg, M_reg, output_scale, length_mean, length_var) (0.8736214552868579, 4.910067349304463e-06, 0.0018224870336994703, 0.5229226972396951, 0.1488536947640478, 0.0012872390314200546)
______________________________________________________________________________
epoch 0
epoch 1
epoch 2
Mean Training time per state 0.3577402288263494
[32m[I 2022-06-16 21:26:25,329][0m Trial 103 finished with value: 27.473265932491742 and parameters: {'g_reg': -0.002265282175013164, 'f_reg': -5.208665135876828, 'm_reg': -2.8555342100015646, 'output_scale': -0.2471973937398604, 'length_mean': -0.646412392892019, 'length_var': -2.8286954426049795}. Best is trial 70 with value: 4.050242107763392.[0m

DTW mean relative error: 27.473265932491742%
(G_reg, F_reg, M_reg, output_scale, length_mean, length_var) (0.9947975747653899, 6.18493107382889e-06, 0.0013946517945833674, 0.5659819827672131, 0.22572912967412767, 0.0014835580942126573)
______________________________________________________________________________
epoch 0
epoch 1
epoch 2
Mean Training time per state 0.4291434143528794
[32m[I 2022-06-16 21:30:06,546][0m Trial 104 finished with value: 5.08116962125102 and parameters: {'g_reg': -0.041264420853248704, 'f_reg': -5.023739249233513, 'm_reg': -2.704448148806157, 'output_scale': -0.40956823143945564, 'length_mean': -0.5936813828395233, 'length_var': -2.961906040279606}. Best is trial 70 with value: 4.050242107763392.[0m

DTW mean relative error: 5.08116962125102%
(G_reg, F_reg, M_reg, output_scale, length_mean, length_var) (0.9093594391759989, 9.468054535253368e-06, 0.0019749306558323873, 0.38943211972493574, 0.2548699402648773, 0.0010916764953856695)
______________________________________________________________________________
epoch 0
epoch 1
epoch 2
Mean Training time per state 0.4135507959308047
[32m[I 2022-06-16 21:33:48,782][0m Trial 105 finished with value: 4.129410317040526 and parameters: {'g_reg': -0.09651090193751236, 'f_reg': -5.413406742626537, 'm_reg': -2.7772734506744974, 'output_scale': -0.20565227617427878, 'length_mean': -0.7060700651502148, 'length_var': -2.7188524594934123}. Best is trial 70 with value: 4.050242107763392.[0m

DTW mean relative error: 4.129410317040526%
(G_reg, F_reg, M_reg, output_scale, length_mean, length_var) (0.8007355276796838, 3.860052907847143e-06, 0.0016700387542396046, 0.6227987379363805, 0.19675688343104267, 0.001910502192868556)
______________________________________________________________________________
epoch 0
epoch 1
epoch 2
Mean Training time per state 0.39589652870640607
[32m[I 2022-06-16 21:37:28,660][0m Trial 106 finished with value: 5.179328948041165 and parameters: {'g_reg': -0.21173822747629512, 'f_reg': -5.473527107293833, 'm_reg': -2.781273553525746, 'output_scale': -0.2034834178970986, 'length_mean': -0.5553761663705146, 'length_var': -2.666945451636332}. Best is trial 70 with value: 4.050242107763392.[0m

DTW mean relative error: 5.179328948041165%
(G_reg, F_reg, M_reg, output_scale, length_mean, length_var) (0.6141320638841187, 3.3610338987723048e-06, 0.0016547273550307359, 0.6259167620330827, 0.27837090004404447, 0.0021530521459336956)
______________________________________________________________________________
epoch 0
epoch 1
epoch 2
Mean Training time per state 0.4055610281048399
[32m[I 2022-06-16 21:41:08,376][0m Trial 107 finished with value: 5.534910617832094 and parameters: {'g_reg': -0.15414389050952118, 'f_reg': -5.33763877348754, 'm_reg': -2.6510805250780267, 'output_scale': -0.23270254125403422, 'length_mean': -0.4981785775054405, 'length_var': -2.724993337312677}. Best is trial 70 with value: 4.050242107763392.[0m

DTW mean relative error: 5.534910617832094%
(G_reg, F_reg, M_reg, output_scale, length_mean, length_var) (0.7012229306469064, 4.595801118646094e-06, 0.0022331581215427393, 0.5851907581514619, 0.31755680406436615, 0.001883677987534104)
______________________________________________________________________________
epoch 0
epoch 1
epoch 2
Mean Training time per state 0.37997491431958746
[32m[I 2022-06-16 21:44:48,435][0m Trial 108 finished with value: 25.85464497010877 and parameters: {'g_reg': -0.419005986939376, 'f_reg': -5.528644839984053, 'm_reg': -2.592169183864804, 'output_scale': -0.2601190867864719, 'length_mean': -0.7619961015027248, 'length_var': -2.772621371390646}. Best is trial 70 with value: 4.050242107763392.[0m

DTW mean relative error: 25.85464497010877%
(G_reg, F_reg, M_reg, output_scale, length_mean, length_var) (0.38106057027094303, 2.9604324775938074e-06, 0.0025575893576771907, 0.5493902063088479, 0.1729831887191882, 0.0016880240449337804)
______________________________________________________________________________
epoch 0
epoch 1
epoch 2
Mean Training time per state 0.4125255310174191
[32m[I 2022-06-16 21:48:31,344][0m Trial 109 finished with value: 25.768581379758125 and parameters: {'g_reg': -0.16953240271938147, 'f_reg': -5.217445864540376, 'm_reg': -2.951544118636967, 'output_scale': -0.32456823547977554, 'length_mean': -0.8809598342001711, 'length_var': -2.7997514313892173}. Best is trial 70 with value: 4.050242107763392.[0m

DTW mean relative error: 25.768581379758125%
(G_reg, F_reg, M_reg, output_scale, length_mean, length_var) (0.6768112941326543, 6.061137488077387e-06, 0.0011180362409615359, 0.4736218878053173, 0.13153464766120415, 0.0015858005663216665)
______________________________________________________________________________
epoch 0
epoch 1
epoch 2
Mean Training time per state 0.4021419395099987
[32m[I 2022-06-16 21:52:11,214][0m Trial 110 finished with value: 4.396452517427499 and parameters: {'g_reg': -0.08439400463672289, 'f_reg': -5.156420741890418, 'm_reg': -2.825388066788218, 'output_scale': -0.2917062982094057, 'length_mean': -0.8136114374542832, 'length_var': -2.8384658725655023}. Best is trial 70 with value: 4.050242107763392.[0m

DTW mean relative error: 4.396452517427499%
(G_reg, F_reg, M_reg, output_scale, length_mean, length_var) (0.8233907719046897, 6.975562882714429e-06, 0.0014948992816992126, 0.5108503576744353, 0.1535990616446263, 0.001450554756336802)
______________________________________________________________________________
epoch 0
epoch 1
epoch 2
Mean Training time per state 0.40555576844648883
[32m[I 2022-06-16 21:55:52,751][0m Trial 111 finished with value: 4.1034721210400695 and parameters: {'g_reg': -0.11713375579636043, 'f_reg': -5.409395340107314, 'm_reg': -2.8702737959103524, 'output_scale': -0.16336849845639814, 'length_mean': -0.7049132271881586, 'length_var': -2.884995193307258}. Best is trial 70 with value: 4.050242107763392.[0m

DTW mean relative error: 4.1034721210400695%
(G_reg, F_reg, M_reg, output_scale, length_mean, length_var) (0.7636005705219984, 3.8958718234803255e-06, 0.001348112712633024, 0.6864857103516264, 0.1972816869067327, 0.0013031812017462174)
______________________________________________________________________________
epoch 0
epoch 1
epoch 2
Mean Training time per state 0.40020884889544867
[32m[I 2022-06-16 21:59:35,084][0m Trial 112 finished with value: 4.118309659352669 and parameters: {'g_reg': -0.040128716908752304, 'f_reg': -5.393837213595554, 'm_reg': -2.9998962394756936, 'output_scale': -0.15879787905778098, 'length_mean': -0.7134068126860117, 'length_var': -2.9736968934339294}. Best is trial 70 with value: 4.050242107763392.[0m

DTW mean relative error: 4.118309659352669%
(G_reg, F_reg, M_reg, output_scale, length_mean, length_var) (0.9117405761444263, 4.037967195469567e-06, 0.001000238945979553, 0.6937486019591663, 0.1934608926451741, 0.0010624368035954132)
______________________________________________________________________________
epoch 0
epoch 1
epoch 2
Mean Training time per state 0.4259408893007221
[32m[I 2022-06-16 22:03:16,745][0m Trial 113 finished with value: 4.116276569977719 and parameters: {'g_reg': -0.10131790810635077, 'f_reg': -5.455465109775353, 'm_reg': -2.991739469683752, 'output_scale': -0.13070837102421018, 'length_mean': -0.7006626130742099, 'length_var': -2.905929416542015}. Best is trial 70 with value: 4.050242107763392.[0m

DTW mean relative error: 4.116276569977719%
(G_reg, F_reg, M_reg, output_scale, length_mean, length_var) (0.791921423486635, 3.5037643561179363e-06, 0.0010192026174421262, 0.7401020871802939, 0.19922204185253892, 0.0012418541228107758)
______________________________________________________________________________
epoch 0
epoch 1
epoch 2
Mean Training time per state 0.40320879040342383
[32m[I 2022-06-16 22:06:57,575][0m Trial 114 finished with value: 4.129810897487994 and parameters: {'g_reg': -0.058526354824640935, 'f_reg': -5.658490351167963, 'm_reg': -2.991139214326359, 'output_scale': -0.13349372403005266, 'length_mean': -0.6979211047430217, 'length_var': -2.918436569682453}. Best is trial 70 with value: 4.050242107763392.[0m

DTW mean relative error: 4.129810897487994%
(G_reg, F_reg, M_reg, output_scale, length_mean, length_var) (0.8739239575821595, 2.195379723913157e-06, 0.0010206122711115232, 0.7353706222062727, 0.2004836198929767, 0.0012066003037713834)
______________________________________________________________________________
epoch 0
epoch 1
epoch 2
Mean Training time per state 0.44392532290834374
[32m[I 2022-06-16 22:10:39,324][0m Trial 115 finished with value: 5.092222369042316 and parameters: {'g_reg': -0.036326553196681724, 'f_reg': -5.58364544049312, 'm_reg': -2.760756712155082, 'output_scale': -0.21338840881981785, 'length_mean': -0.6159250297713695, 'length_var': -2.9682717727120873}. Best is trial 70 with value: 4.050242107763392.[0m

DTW mean relative error: 5.092222369042316%
(G_reg, F_reg, M_reg, output_scale, length_mean, length_var) (0.9197577306477881, 2.6082820914656255e-06, 0.0017347755311855058, 0.6118029844283099, 0.24214470137512087, 0.001075791794176669)
______________________________________________________________________________
epoch 0
epoch 1
epoch 2
Mean Training time per state 0.4238220850626628
