[32m[I 2022-06-17 14:20:18,942][0m Trial 377 finished with value: 4.003201793820379 and parameters: {'g_reg': -0.6021118496065982, 'f_reg': -4.489645565652104, 'm_reg': -1.8788102925753591, 'output_scale': -0.366509165348885, 'length_mean': -0.6648396410257812, 'length_var': -2.9609727094326312}. Best is trial 316 with value: 3.9293422879626934.[0m

DTW mean relative error: 4.003201793820379%
(G_reg, F_reg, M_reg, output_scale, length_mean, length_var) (0.24997014975738202, 3.2385785443967234e-05, 0.013218729253026652, 0.4300221583489953, 0.21635172337605638, 0.0010940251113959515)
______________________________________________________________________________
epoch 0
epoch 1
epoch 2
Mean Training time per state 0.39299860867587005
[32m[I 2022-06-17 14:23:59,974][0m Trial 378 finished with value: 5.0225124902653215 and parameters: {'g_reg': -0.07777779565240767, 'f_reg': -4.841206753468744, 'm_reg': -2.8033976103033806, 'output_scale': -0.4244328146677226, 'length_mean': -0.5924222462797598, 'length_var': -2.7299446022273353}. Best is trial 316 with value: 3.9293422879626934.[0m

DTW mean relative error: 5.0225124902653215%
(G_reg, F_reg, M_reg, output_scale, length_mean, length_var) (0.8360306592422337, 1.4414289707343145e-05, 0.0015725424929364218, 0.37632856577310125, 0.25560994902410444, 0.0018623246760828118)
______________________________________________________________________________
epoch 0
epoch 1
epoch 2
Mean Training time per state 0.41691084341569384
[32m[I 2022-06-17 14:27:42,912][0m Trial 379 finished with value: 4.1020785221019285 and parameters: {'g_reg': -0.8884485231581173, 'f_reg': -4.743092919092789, 'm_reg': -2.937444170872843, 'output_scale': -0.40220934319336177, 'length_mean': -0.7252341621116172, 'length_var': -2.8094184362341013}. Best is trial 316 with value: 3.9293422879626934.[0m

DTW mean relative error: 4.1020785221019285%
(G_reg, F_reg, M_reg, output_scale, length_mean, length_var) (0.12928599341659658, 1.8067875150248654e-05, 0.0011549304429752706, 0.39608706218084894, 0.18826337407392896, 0.001550892028617168)
______________________________________________________________________________
epoch 0
epoch 1
epoch 2
Mean Training time per state 0.40091185136274854
[32m[I 2022-06-17 14:31:24,595][0m Trial 380 finished with value: 4.972873687536321 and parameters: {'g_reg': -0.41596243425829915, 'f_reg': -4.6801685165144065, 'm_reg': -2.8408360120496488, 'output_scale': -0.44151164450528646, 'length_mean': -0.6262431514456146, 'length_var': -2.636607660554653}. Best is trial 316 with value: 3.9293422879626934.[0m

DTW mean relative error: 4.972873687536321%
(G_reg, F_reg, M_reg, output_scale, length_mean, length_var) (0.3837404369586584, 2.0884855918829385e-05, 0.0014426599916364065, 0.3618164894106712, 0.2364595444457976, 0.0023088320340779174)
______________________________________________________________________________
epoch 0
epoch 1
epoch 2
Mean Training time per state 0.39047425443475897
[32m[I 2022-06-17 14:35:07,540][0m Trial 381 finished with value: 25.537236172909516 and parameters: {'g_reg': -1.4441041366637974, 'f_reg': -4.559584321241907, 'm_reg': -2.8890878921391834, 'output_scale': -0.47577432102121103, 'length_mean': -0.6892736257590169, 'length_var': -2.8675590196404577}. Best is trial 316 with value: 3.9293422879626934.[0m

DTW mean relative error: 25.537236172909516%
(G_reg, F_reg, M_reg, output_scale, length_mean, length_var) (0.03596630835316263, 2.756866135977895e-05, 0.0012909579842216305, 0.3343687479545115, 0.20451556873436857, 0.0013565661634910007)
______________________________________________________________________________
epoch 0
epoch 1
epoch 2
Mean Training time per state 0.3979900822494969
[32m[I 2022-06-17 14:38:51,441][0m Trial 382 finished with value: 25.30131506166787 and parameters: {'g_reg': -1.5724306775590444, 'f_reg': -4.955267332789416, 'm_reg': -1.5456040709111154, 'output_scale': -0.3766121683229976, 'length_mean': -0.6538530097716089, 'length_var': -2.793004707959991}. Best is trial 316 with value: 3.9293422879626934.[0m

DTW mean relative error: 25.30131506166787%
(G_reg, F_reg, M_reg, output_scale, length_mean, length_var) (0.02676512786267392, 1.1084922655954067e-05, 0.028470554724602287, 0.42013400266778606, 0.22189473120996925, 0.0016106281751035398)
______________________________________________________________________________
epoch 0
epoch 1
epoch 2
Mean Training time per state 0.4094701969262326
[32m[I 2022-06-17 14:42:36,108][0m Trial 383 finished with value: 4.234032243458947 and parameters: {'g_reg': -0.714976233015726, 'f_reg': -4.884783902365833, 'm_reg': -2.7843965993466986, 'output_scale': -0.4950841494574782, 'length_mean': -0.7520353656948867, 'length_var': -2.689531954976206}. Best is trial 316 with value: 3.9293422879626934.[0m

DTW mean relative error: 4.234032243458947%
(G_reg, F_reg, M_reg, output_scale, length_mean, length_var) (0.19276304008491008, 1.3038153736880712e-05, 0.0016428707622473196, 0.31982753477048514, 0.176996481974986, 0.0020439395393360665)
______________________________________________________________________________
epoch 0
epoch 1
epoch 2
Mean Training time per state 0.40370860966769134
[32m[I 2022-06-17 14:46:17,856][0m Trial 384 finished with value: 5.252920487451818 and parameters: {'g_reg': -1.7456108348342945, 'f_reg': -4.621135094300347, 'm_reg': -2.954739735919265, 'output_scale': -0.342923638683298, 'length_mean': -0.5416026073402527, 'length_var': -2.9117511021041116}. Best is trial 316 with value: 3.9293422879626934.[0m

DTW mean relative error: 5.252920487451818%
(G_reg, F_reg, M_reg, output_scale, length_mean, length_var) (0.017963425831202844, 2.3925713927331795e-05, 0.0011098397209717656, 0.4540214395091106, 0.28734086357614924, 0.0012253182384750051)
______________________________________________________________________________
epoch 0
epoch 1
epoch 2
Mean Training time per state 0.4051938129193855
[32m[I 2022-06-17 14:49:59,425][0m Trial 385 finished with value: 5.083617652712001 and parameters: {'g_reg': -0.5462989390854266, 'f_reg': -4.814020911828711, 'm_reg': -2.8641799789797613, 'output_scale': -0.4157077739093833, 'length_mean': -0.6145397168413991, 'length_var': -2.9985215462814794}. Best is trial 316 with value: 3.9293422879626934.[0m

DTW mean relative error: 5.083617652712001%
(G_reg, F_reg, M_reg, output_scale, length_mean, length_var) (0.2842503845606429, 1.534543090829203e-05, 0.0013671621330658213, 0.383965519557328, 0.24291832796333926, 0.0010034100665856725)
______________________________________________________________________________
epoch 0
epoch 1
epoch 2
Mean Training time per state 0.3776765230930213
[32m[I 2022-06-17 14:53:41,483][0m Trial 386 finished with value: 25.770978741998917 and parameters: {'g_reg': -0.28872167671879534, 'f_reg': -5.850143023409871, 'm_reg': -2.91258345091345, 'output_scale': -0.4573072710642447, 'length_mean': -0.7037207570153259, 'length_var': -2.851719965550129}. Best is trial 316 with value: 3.9293422879626934.[0m

DTW mean relative error: 25.770978741998917%
(G_reg, F_reg, M_reg, output_scale, length_mean, length_var) (0.51437318874163, 1.4120724393029332e-06, 0.001222972098921793, 0.34889337986641805, 0.19782412022529985, 0.0014069544403620378)
______________________________________________________________________________
epoch 0
epoch 1
epoch 2
Mean Training time per state 0.40713470632379706
[32m[I 2022-06-17 14:57:24,655][0m Trial 387 finished with value: 4.810273643595919 and parameters: {'g_reg': -1.6625229832655828, 'f_reg': -4.711672466847842, 'm_reg': -2.6239854671544656, 'output_scale': -0.38809577011645835, 'length_mean': -0.6772876764641438, 'length_var': -1.1758107942753924}. Best is trial 316 with value: 3.9293422879626934.[0m

DTW mean relative error: 4.810273643595919%
(G_reg, F_reg, M_reg, output_scale, length_mean, length_var) (0.021750889232565, 1.9423501933319784e-05, 0.0023769198244319107, 0.40917041999318865, 0.21023853593388933, 0.0667097335061372)
______________________________________________________________________________
epoch 0
epoch 1
epoch 2
Mean Training time per state 0.39512144435535773
[32m[I 2022-06-17 15:01:06,784][0m Trial 388 finished with value: 4.90185567163891 and parameters: {'g_reg': -0.0647303024294964, 'f_reg': -4.654069723029956, 'm_reg': -2.822805650299529, 'output_scale': -0.4347653232594524, 'length_mean': -0.6400562310752298, 'length_var': -2.7442642773796684}. Best is trial 316 with value: 3.9293422879626934.[0m

DTW mean relative error: 4.90185567163891%
(G_reg, F_reg, M_reg, output_scale, length_mean, length_var) (0.8615285967394722, 2.217840332012376e-05, 0.0015038147827594328, 0.36748081995570164, 0.2290571057674855, 0.001801920900180929)
______________________________________________________________________________
epoch 0
epoch 1
epoch 2
Mean Training time per state 0.41240184234850336
[32m[I 2022-06-17 15:04:48,417][0m Trial 389 finished with value: 4.1505173663424575 and parameters: {'g_reg': -0.0991556450604784, 'f_reg': -4.765081256128498, 'm_reg': -2.672271956993561, 'output_scale': -0.41281799282716874, 'length_mean': -0.7299015954679586, 'length_var': -2.8265670758874903}. Best is trial 316 with value: 3.9293422879626934.[0m

DTW mean relative error: 4.1505173663424575%
(G_reg, F_reg, M_reg, output_scale, length_mean, length_var) (0.7958740691789542, 1.717586998024993e-05, 0.002126806813713856, 0.3865289323668458, 0.18625091051242693, 0.0014908464795047724)
______________________________________________________________________________
epoch 0
epoch 1
epoch 2
Mean Training time per state 0.42268310893665667
[32m[I 2022-06-17 15:08:33,271][0m Trial 390 finished with value: 5.08322871709364 and parameters: {'g_reg': -0.9664953426549352, 'f_reg': -5.926890281907788, 'm_reg': -2.9684918677530185, 'output_scale': -0.36257926511713084, 'length_mean': -0.5765293713887273, 'length_var': -2.88302632575973}. Best is trial 316 with value: 3.9293422879626934.[0m

DTW mean relative error: 5.08322871709364%
(G_reg, F_reg, M_reg, output_scale, length_mean, length_var) (0.10802012048254696, 1.1833404714734725e-06, 0.00107524673440434, 0.43393105762996664, 0.26513717743494536, 0.0013091025663287356)
______________________________________________________________________________
epoch 0
epoch 1
epoch 2
Mean Training time per state 0.38588572993423
[32m[I 2022-06-17 15:12:14,930][0m Trial 391 finished with value: 25.99738760155008 and parameters: {'g_reg': -0.4571061790129788, 'f_reg': -4.920947222937041, 'm_reg': -2.8716206702025056, 'output_scale': -0.45978993570480353, 'length_mean': -0.7695905389120596, 'length_var': -2.9438889757326296}. Best is trial 316 with value: 3.9293422879626934.[0m

DTW mean relative error: 25.99738760155008%
(G_reg, F_reg, M_reg, output_scale, length_mean, length_var) (0.3490549659190533, 1.1996450795744251e-05, 0.001343938296950882, 0.34690460448416355, 0.16998455438674123, 0.001137918149251299)
______________________________________________________________________________
epoch 0
epoch 1
epoch 2
Mean Training time per state 0.4032117453488437
[32m[I 2022-06-17 15:15:55,974][0m Trial 392 finished with value: 3.975102617784117 and parameters: {'g_reg': -1.709345487242733, 'f_reg': -4.848058361620098, 'm_reg': -2.7704815793321833, 'output_scale': -0.38745064728018574, 'length_mean': -0.660755363898484, 'length_var': -2.7784153521314785}. Best is trial 316 with value: 3.9293422879626934.[0m

DTW mean relative error: 3.975102617784117%
(G_reg, F_reg, M_reg, output_scale, length_mean, length_var) (0.01952785370047683, 1.4188668378674085e-05, 0.0016963615521725596, 0.4097786739396554, 0.2183959780007359, 0.0016656534468631932)
______________________________________________________________________________
epoch 0
epoch 1
epoch 2
Mean Training time per state 0.3970489790945342
[32m[I 2022-06-17 15:19:38,767][0m Trial 393 finished with value: 29.032212781385752 and parameters: {'g_reg': -1.811955468738266, 'f_reg': -4.8562166441460715, 'm_reg': -2.7373010039235366, 'output_scale': -0.3909115996433951, 'length_mean': -0.503513792173127, 'length_var': -2.715764213615583}. Best is trial 316 with value: 3.9293422879626934.[0m

DTW mean relative error: 29.032212781385752%
(G_reg, F_reg, M_reg, output_scale, length_mean, length_var) (0.01541858542423749, 1.392462011712609e-05, 0.0018310449087879058, 0.4065260688584862, 0.31367955113155516, 0.0019241360939135019)
______________________________________________________________________________
epoch 0
epoch 1
epoch 2
Mean Training time per state 0.40718989661245636
[32m[I 2022-06-17 15:23:21,363][0m Trial 394 finished with value: 5.120887112618108 and parameters: {'g_reg': -1.7451394452363023, 'f_reg': -4.857756706590907, 'm_reg': -2.77082849461515, 'output_scale': -0.3761752001388989, 'length_mean': -0.6152324012591427, 'length_var': -2.7728700635252843}. Best is trial 316 with value: 3.9293422879626934.[0m

DTW mean relative error: 5.120887112618108%
(G_reg, F_reg, M_reg, output_scale, length_mean, length_var) (0.01798293418237765, 1.3875329123672335e-05, 0.0016950070363083451, 0.42055693592752413, 0.2425311905947647, 0.0016870577003267827)
______________________________________________________________________________
epoch 0
epoch 1
epoch 2
Mean Training time per state 0.4307881557580197
[32m[I 2022-06-17 15:27:06,847][0m Trial 395 finished with value: 27.423791889896272 and parameters: {'g_reg': -1.714499488713968, 'f_reg': -4.821547410300525, 'm_reg': -2.834839878295896, 'output_scale': -0.3303488516625577, 'length_mean': -0.6499432564669494, 'length_var': -2.8263298535665276}. Best is trial 316 with value: 3.9293422879626934.[0m

DTW mean relative error: 27.423791889896272%
(G_reg, F_reg, M_reg, output_scale, length_mean, length_var) (0.01929747608040791, 1.5081779594194337e-05, 0.0014627163695798474, 0.4673595789166812, 0.22390136618478945, 0.0014916610389427867)
______________________________________________________________________________
epoch 0
epoch 1
epoch 2
Mean Training time per state 0.4023161151192405
[32m[I 2022-06-17 15:30:48,546][0m Trial 396 finished with value: 5.002187499585436 and parameters: {'g_reg': -0.04703674944345955, 'f_reg': -4.896491259554418, 'm_reg': -2.7955153444760885, 'output_scale': -0.35447938493673214, 'length_mean': -0.60164826388723, 'length_var': -2.8950217672967296}. Best is trial 316 with value: 3.9293422879626934.[0m

DTW mean relative error: 5.002187499585436%
(G_reg, F_reg, M_reg, output_scale, length_mean, length_var) (0.8973528584371028, 1.2691376863705928e-05, 0.0016013440687171986, 0.44210010195752136, 0.2502371217492431, 0.0012734392533008574)
______________________________________________________________________________
epoch 0
epoch 1
epoch 2
Mean Training time per state 0.4113623590180368
[32m[I 2022-06-17 15:34:33,334][0m Trial 397 finished with value: 6.44252942529953 and parameters: {'g_reg': -1.8935838179607944, 'f_reg': -4.939050696155387, 'm_reg': -2.7635563166007895, 'output_scale': -0.4014163062935878, 'length_mean': -0.2995338132055886, 'length_var': -2.7493794408252796}. Best is trial 316 with value: 3.9293422879626934.[0m

DTW mean relative error: 6.44252942529953%
(G_reg, F_reg, M_reg, output_scale, length_mean, length_var) (0.012776625994596008, 1.1506660613101824e-05, 0.0017236285671281173, 0.3968109917562991, 0.5017255142796969, 0.0017808221924935246)
______________________________________________________________________________
epoch 0
epoch 1
epoch 2
Mean Training time per state 0.38009653669415094
[32m[I 2022-06-17 15:38:14,029][0m Trial 398 finished with value: 4.01190899265459 and parameters: {'g_reg': -1.7807841736882497, 'f_reg': -4.795255802919763, 'm_reg': -2.8210891227808297, 'output_scale': -0.4241032908802219, 'length_mean': -0.694885054462321, 'length_var': -2.6565957060146355}. Best is trial 316 with value: 3.9293422879626934.[0m

DTW mean relative error: 4.01190899265459%
(G_reg, F_reg, M_reg, output_scale, length_mean, length_var) (0.016565930168357276, 1.6023013443980286e-05, 0.0015097702982020363, 0.37661421589717897, 0.20189006392054612, 0.00220497816906906)
______________________________________________________________________________
epoch 0
epoch 1
epoch 2
Mean Training time per state 0.39232144211277814
[32m[I 2022-06-17 15:41:55,993][0m Trial 399 finished with value: 3.9667525281149656 and parameters: {'g_reg': -0.5086878288940686, 'f_reg': -4.974294821412036, 'm_reg': -2.8400115229212215, 'output_scale': -0.3820340031681136, 'length_mean': -0.6560252764689077, 'length_var': -2.858975083181049}. Best is trial 316 with value: 3.9293422879626934.[0m

DTW mean relative error: 3.9667525281149656%
(G_reg, F_reg, M_reg, output_scale, length_mean, length_var) (0.30996465262360084, 1.0609750682757322e-05, 0.001445401420114395, 0.4149215550014074, 0.22078762281881506, 0.0013836457607354663)
______________________________________________________________________________
epoch 0
epoch 1
epoch 2
Mean Training time per state 0.40160528096285736
[32m[I 2022-06-17 15:45:37,382][0m Trial 400 finished with value: 5.211640049460249 and parameters: {'g_reg': -0.5112109393523039, 'f_reg': -4.884149977880879, 'm_reg': -2.873968373589928, 'output_scale': -0.3857655861326473, 'length_mean': -0.551086461896064, 'length_var': -2.9204684403660357}. Best is trial 316 with value: 3.9293422879626934.[0m

DTW mean relative error: 5.211640049460249%
(G_reg, F_reg, M_reg, output_scale, length_mean, length_var) (0.3081690791573094, 1.3057198970906407e-05, 0.0013366928543180965, 0.4113717023075949, 0.28113410763887686, 0.0012009683427032384)
______________________________________________________________________________
epoch 0
epoch 1
epoch 2
Mean Training time per state 0.41880257924397785
[32m[I 2022-06-17 15:49:20,250][0m Trial 401 finished with value: 4.9765094585960705 and parameters: {'g_reg': -0.4799644229264275, 'f_reg': -5.012859843457166, 'm_reg': -2.7027125668329797, 'output_scale': -0.4103214577756494, 'length_mean': -0.6382340226712606, 'length_var': -2.852461674962303}. Best is trial 316 with value: 3.9293422879626934.[0m

DTW mean relative error: 4.9765094585960705%
(G_reg, F_reg, M_reg, output_scale, length_mean, length_var) (0.33115824860325976, 9.70823223063165e-06, 0.0019828389123967226, 0.38875728659570913, 0.23002020031834833, 0.0014045536252760562)
______________________________________________________________________________
epoch 0
epoch 1
epoch 2
Mean Training time per state 0.39661455154418945
[32m[I 2022-06-17 15:53:02,740][0m Trial 402 finished with value: 25.620520098945633 and parameters: {'g_reg': -0.5796718170195082, 'f_reg': -4.279208595761355, 'm_reg': -2.799616622646262, 'output_scale': -0.4377140108189905, 'length_mean': -0.7317872606963645, 'length_var': -2.4944465140985}. Best is trial 316 with value: 3.9293422879626934.[0m

DTW mean relative error: 25.620520098945633%
(G_reg, F_reg, M_reg, output_scale, length_mean, length_var) (0.2632256355684332, 5.257646759711059e-05, 0.001586292888865028, 0.3649942217647568, 0.18544397989447683, 0.003202974535357422)
______________________________________________________________________________
epoch 0
epoch 1
epoch 2
Mean Training time per state 0.41058208003188623
[32m[I 2022-06-17 15:56:45,751][0m Trial 403 finished with value: 5.0906450957100065 and parameters: {'g_reg': -0.5337934067630787, 'f_reg': -4.984379238223981, 'm_reg': -2.9993901510394574, 'output_scale': -0.39933179525875995, 'length_mean': -0.6003248572806074, 'length_var': -2.9561477311926527}. Best is trial 316 with value: 3.9293422879626934.[0m

DTW mean relative error: 5.0906450957100065%
(G_reg, F_reg, M_reg, output_scale, length_mean, length_var) (0.2925543723669941, 1.0366228121196653e-05, 0.0010014052155168942, 0.39872016901813456, 0.2510008214044284, 0.0011062474148181964)
______________________________________________________________________________
epoch 0
epoch 1
epoch 2
Mean Training time per state 0.41633778629880963
[32m[I 2022-06-17 16:00:27,248][0m Trial 404 finished with value: 4.324591523184373 and parameters: {'g_reg': -1.7017501113365163, 'f_reg': -4.838197530679602, 'm_reg': -2.9179320818188863, 'output_scale': -0.5500773123062364, 'length_mean': -0.8004125177756738, 'length_var': -2.8971448903683377}. Best is trial 316 with value: 3.9293422879626934.[0m

DTW mean relative error: 4.324591523184373%
(G_reg, F_reg, M_reg, output_scale, length_mean, length_var) (0.019872380251708066, 1.4514513020981338e-05, 0.0012080027367322513, 0.2817881252565304, 0.1583388484864732, 0.001267229019336596)
______________________________________________________________________________
epoch 0
epoch 1
epoch 2
Mean Training time per state 0.38757644277630426
[32m[I 2022-06-17 16:04:11,008][0m Trial 405 finished with value: 4.841354136369667 and parameters: {'g_reg': -1.3295380106778012, 'f_reg': -5.062332438334573, 'm_reg': -2.8770474862970006, 'output_scale': -0.6124312983029874, 'length_mean': -0.681006758105765, 'length_var': -1.968578866980267}. Best is trial 316 with value: 3.9293422879626934.[0m

DTW mean relative error: 4.841354136369667%
(G_reg, F_reg, M_reg, output_scale, length_mean, length_var) (0.04682329685103002, 8.662984985014534e-06, 0.0013272493267088472, 0.24410051837809013, 0.20844584463502533, 0.010750313591927244)
______________________________________________________________________________
epoch 0
epoch 1
epoch 2
Mean Training time per state 0.40207021886652167
