[32m[I 2022-06-17 07:09:36,465][0m Trial 261 finished with value: 25.462511957155765 and parameters: {'g_reg': -1.7078617598118675, 'f_reg': -4.889286014106414, 'm_reg': -2.8653327537214675, 'output_scale': -0.38735789821359984, 'length_mean': -0.6865534474767012, 'length_var': -2.713843369942893}. Best is trial 254 with value: 3.9372153724412313.[0m

DTW mean relative error: 25.462511957155765%
(G_reg, F_reg, M_reg, output_scale, length_mean, length_var) (0.019594682922019886, 1.2903691929396246e-05, 0.001363538001945407, 0.4098661966915689, 0.20580056016339163, 0.0019326652148471469)
______________________________________________________________________________
epoch 0
epoch 1
epoch 2
Mean Training time per state 0.4018428686893348
[32m[I 2022-06-17 07:13:20,515][0m Trial 262 finished with value: 5.087835880954961 and parameters: {'g_reg': -0.5272437371357287, 'f_reg': -4.6852745943985, 'm_reg': -2.801741204878701, 'output_scale': -0.4891248252910455, 'length_mean': -0.5943735871252294, 'length_var': -2.8692149511229554}. Best is trial 254 with value: 3.9372153724412313.[0m

DTW mean relative error: 5.087835880954961%
(G_reg, F_reg, M_reg, output_scale, length_mean, length_var) (0.2969998724908699, 2.0640746762624125e-05, 0.0015785516449219159, 0.32424640877510386, 0.2544640370103122, 0.0013514035295841605)
______________________________________________________________________________
epoch 0
epoch 1
epoch 2
Mean Training time per state 0.3944718259753603
[32m[I 2022-06-17 07:17:00,754][0m Trial 263 finished with value: 25.32319665739543 and parameters: {'g_reg': -1.562013227735232, 'f_reg': -4.946133197057322, 'm_reg': -2.905510259511354, 'output_scale': -0.41073068332478646, 'length_mean': -0.6579155721569679, 'length_var': -2.766172914929236}. Best is trial 254 with value: 3.9372153724412313.[0m

DTW mean relative error: 25.32319665739543%
(G_reg, F_reg, M_reg, output_scale, length_mean, length_var) (0.02741490670371898, 1.132053112062037e-05, 0.001243053270355744, 0.38839114221411825, 0.21982871833170736, 0.0017132750289465292)
______________________________________________________________________________
epoch 0
epoch 1
epoch 2
Mean Training time per state 0.40636792327418475
[32m[I 2022-06-17 07:20:43,168][0m Trial 264 finished with value: 4.773406337206319 and parameters: {'g_reg': -1.6678035418876063, 'f_reg': -4.811098456536688, 'm_reg': -2.841186302624691, 'output_scale': -0.45349805310636937, 'length_mean': -0.7149124509391763, 'length_var': -2.273431441109464}. Best is trial 254 with value: 3.9372153724412313.[0m

DTW mean relative error: 4.773406337206319%
(G_reg, F_reg, M_reg, output_scale, length_mean, length_var) (0.02148802289780083, 1.5449041630265083e-05, 0.0014414968489469102, 0.35196700034996, 0.1927913520491805, 0.005328053277609974)
______________________________________________________________________________
epoch 0
epoch 1
epoch 2
Mean Training time per state 0.41579762372103596
[32m[I 2022-06-17 07:24:23,476][0m Trial 265 finished with value: 4.2068559842319635 and parameters: {'g_reg': -0.6424630307024249, 'f_reg': -4.627020890607054, 'm_reg': -2.754440170064907, 'output_scale': -0.379778122446708, 'length_mean': -0.7583192896388958, 'length_var': -2.8058143241438307}. Best is trial 254 with value: 3.9372153724412313.[0m

DTW mean relative error: 4.2068559842319635%
(G_reg, F_reg, M_reg, output_scale, length_mean, length_var) (0.22779121407694355, 2.3603646912423448e-05, 0.001760191137220149, 0.41708241309409394, 0.17445391109020314, 0.0015638160850028652)
______________________________________________________________________________
epoch 0
epoch 1
epoch 2
Mean Training time per state 0.41711979923826276
[32m[I 2022-06-17 07:28:08,038][0m Trial 266 finished with value: 27.81482210163532 and parameters: {'g_reg': -1.7386719638651456, 'f_reg': -4.867790372395379, 'm_reg': -2.9725528566156347, 'output_scale': -0.5100086038726084, 'length_mean': -0.6172200987219449, 'length_var': -2.8931740108442274}. Best is trial 254 with value: 3.9372153724412313.[0m

DTW mean relative error: 27.81482210163532%
(G_reg, F_reg, M_reg, output_scale, length_mean, length_var) (0.018252738679125885, 1.3558437003861354e-05, 0.0010652392088636093, 0.3090234210817348, 0.2414236998612367, 0.0012788687910225422)
______________________________________________________________________________
epoch 0
epoch 1
epoch 2
Mean Training time per state 0.42527332450404315
[32m[I 2022-06-17 07:31:50,874][0m Trial 267 finished with value: 3.972414179996768 and parameters: {'g_reg': -1.531264068965395, 'f_reg': -4.736229790814945, 'm_reg': -2.8836014480684224, 'output_scale': -0.432952075914447, 'length_mean': -0.6747682354321731, 'length_var': -2.849172877741386}. Best is trial 254 with value: 3.9372153724412313.[0m

DTW mean relative error: 3.972414179996768%
(G_reg, F_reg, M_reg, output_scale, length_mean, length_var) (0.02942631848135943, 1.8355668642440853e-05, 0.0013073701109907064, 0.369018317230926, 0.21146172204119354, 0.001415230313156376)
______________________________________________________________________________
epoch 0
epoch 1
epoch 2
Mean Training time per state 0.4093928048104951
[32m[I 2022-06-17 07:35:56,102][0m Trial 268 finished with value: 25.96826347285523 and parameters: {'g_reg': -1.5153933968463953, 'f_reg': -4.751986348463511, 'm_reg': -2.9220284742185463, 'output_scale': -0.43926074900708745, 'length_mean': -1.7700278906745162, 'length_var': -2.8193616756658892}. Best is trial 254 with value: 3.9372153724412313.[0m

DTW mean relative error: 25.96826347285523%
(G_reg, F_reg, M_reg, output_scale, length_mean, length_var) (0.030521551278418078, 1.7701646004861328e-05, 0.0011966620704108174, 0.36369660829075784, 0.016981345936501423, 0.0015157875105254288)
______________________________________________________________________________
epoch 0
epoch 1
epoch 2
Mean Training time per state 0.3947720672145034
[32m[I 2022-06-17 07:39:35,384][0m Trial 269 finished with value: 5.141491626645851 and parameters: {'g_reg': -0.7438975172222176, 'f_reg': -4.82213574010911, 'm_reg': -1.774369267399516, 'output_scale': -0.4262551861130929, 'length_mean': -0.5621347353714722, 'length_var': -2.747741708003216}. Best is trial 254 with value: 3.9372153724412313.[0m

DTW mean relative error: 5.141491626645851%
(G_reg, F_reg, M_reg, output_scale, length_mean, length_var) (0.18034432587453458, 1.5061362449819019e-05, 0.016812439425330474, 0.3747527374253444, 0.2740723758817568, 0.0017875503852405657)
______________________________________________________________________________
epoch 0
epoch 1
epoch 2
Mean Training time per state 0.39304376370979077
[32m[I 2022-06-17 07:43:17,575][0m Trial 270 finished with value: 27.448598747224366 and parameters: {'g_reg': -1.4396214528068632, 'f_reg': -5.8443310528487045, 'm_reg': -2.8830955242009195, 'output_scale': -0.4686251595382444, 'length_mean': -0.643055359111109, 'length_var': -2.0290425492157578}. Best is trial 254 with value: 3.9372153724412313.[0m

DTW mean relative error: 27.448598747224366%
(G_reg, F_reg, M_reg, output_scale, length_mean, length_var) (0.03633946650461063, 1.43109659086334e-06, 0.0013088939966964164, 0.33991853040014053, 0.22748074447145772, 0.009353140339589982)
______________________________________________________________________________
epoch 0
epoch 1
epoch 2
Mean Training time per state 0.38711118698120117
[32m[I 2022-06-17 07:47:01,532][0m Trial 271 finished with value: 25.650883851404792 and parameters: {'g_reg': -1.594611593027308, 'f_reg': -4.7205562067688795, 'm_reg': -2.861990230441214, 'output_scale': -0.40208695136978667, 'length_mean': -0.7010837015028216, 'length_var': -2.7898554381053877}. Best is trial 254 with value: 3.9372153724412313.[0m

DTW mean relative error: 25.650883851404792%
(G_reg, F_reg, M_reg, output_scale, length_mean, length_var) (0.0254324621584062, 1.9030219308876824e-05, 0.0013740728847647576, 0.39619870221185954, 0.19902897138168812, 0.0016223500327599625)
______________________________________________________________________________
epoch 0
epoch 1
epoch 2
Mean Training time per state 0.402775121457649
[32m[I 2022-06-17 07:50:41,966][0m Trial 272 finished with value: 4.167448798290615 and parameters: {'g_reg': -1.5275059741760555, 'f_reg': -4.898165893077226, 'm_reg': -2.9484573127897553, 'output_scale': -0.4504554121121917, 'length_mean': -0.7391194780522862, 'length_var': -2.903302996589562}. Best is trial 254 with value: 3.9372153724412313.[0m

DTW mean relative error: 4.167448798290615%
(G_reg, F_reg, M_reg, output_scale, length_mean, length_var) (0.029682059123972388, 1.2642533320373992e-05, 0.001126011140142487, 0.354441518004204, 0.18233940023378908, 0.0012493870594224288)
______________________________________________________________________________
epoch 0
epoch 1
epoch 2
Mean Training time per state 0.39667376604947174
[32m[I 2022-06-17 07:54:24,138][0m Trial 273 finished with value: 4.933789682208321 and parameters: {'g_reg': -1.6204949213225839, 'f_reg': -4.78698089653691, 'm_reg': -2.833861435013213, 'output_scale': -0.48959285575700046, 'length_mean': -0.6672850123831039, 'length_var': -1.6470553120612867}. Best is trial 254 with value: 3.9372153724412313.[0m

DTW mean relative error: 4.933789682208321%
(G_reg, F_reg, M_reg, output_scale, length_mean, length_var) (0.02396100769792379, 1.633123783100757e-05, 0.0014660155098424029, 0.32389716313505074, 0.2151369402332527, 0.022539521288877304)
______________________________________________________________________________
epoch 0
epoch 1
epoch 2
Mean Training time per state 0.4149153666062788
[32m[I 2022-06-17 07:58:07,211][0m Trial 274 finished with value: 28.038654305194395 and parameters: {'g_reg': -1.589759973052632, 'f_reg': -4.749785630469322, 'm_reg': -2.9158062931254976, 'output_scale': -0.4258407803410755, 'length_mean': -0.5941601511520628, 'length_var': -2.840461101361714}. Best is trial 254 with value: 3.9372153724412313.[0m

DTW mean relative error: 28.038654305194395%
(G_reg, F_reg, M_reg, output_scale, length_mean, length_var) (0.02571816788107543, 1.779157392691375e-05, 0.0012139301748354317, 0.37511049885532893, 0.25458912523894367, 0.001443905925434354)
______________________________________________________________________________
epoch 0
epoch 1
epoch 2
Mean Training time per state 0.39330217332550976
[32m[I 2022-06-17 08:01:48,253][0m Trial 275 finished with value: 4.962728620752565 and parameters: {'g_reg': -1.5555139690130753, 'f_reg': -4.547544932940634, 'm_reg': -2.883964419259935, 'output_scale': -0.47054312987464375, 'length_mean': -0.6262336178829776, 'length_var': -2.4124248692371504}. Best is trial 254 with value: 3.9372153724412313.[0m

DTW mean relative error: 4.962728620752565%
(G_reg, F_reg, M_reg, output_scale, length_mean, length_var) (0.027828258632608897, 2.8343603699552926e-05, 0.0013062779040682968, 0.3384206615716576, 0.23646473522467054, 0.003868789769630505)
______________________________________________________________________________
epoch 0
epoch 1
epoch 2
Mean Training time per state 0.39653037533615576
[32m[I 2022-06-17 08:05:35,592][0m Trial 276 finished with value: 25.693830308274237 and parameters: {'g_reg': -0.9943938404955541, 'f_reg': -4.928826460911767, 'm_reg': -1.4232544782403656, 'output_scale': -0.34185663604122724, 'length_mean': -1.1138982025114355, 'length_var': -2.8740386061184586}. Best is trial 254 with value: 3.9372153724412313.[0m

DTW mean relative error: 25.693830308274237%
(G_reg, F_reg, M_reg, output_scale, length_mean, length_var) (0.10129923357088169, 1.1780766253733782e-05, 0.03773510143604346, 0.4551382800116414, 0.07693107435769234, 0.0013364767066753405)
______________________________________________________________________________
epoch 0
epoch 1
epoch 2
Mean Training time per state 0.40486939748128253
[32m[I 2022-06-17 08:09:16,454][0m Trial 277 finished with value: 4.054653104487992 and parameters: {'g_reg': -1.6469511604710407, 'f_reg': -4.843410200239359, 'm_reg': -2.999628079518959, 'output_scale': -0.3920484972796363, 'length_mean': -0.7021633168735413, 'length_var': -2.928174084183625}. Best is trial 254 with value: 3.9372153724412313.[0m

DTW mean relative error: 4.054653104487992%
(G_reg, F_reg, M_reg, output_scale, length_mean, length_var) (0.022544927317725127, 1.4341342236140705e-05, 0.0010008567453522377, 0.40546325519810883, 0.19853481847942445, 0.0011798476064362317)
______________________________________________________________________________
epoch 0
epoch 1
epoch 2
Mean Training time per state 0.39345959461096564
[32m[I 2022-06-17 08:12:54,962][0m Trial 278 finished with value: 4.392491677997517 and parameters: {'g_reg': -1.480661059130963, 'f_reg': -5.0465930779074455, 'm_reg': -2.8185454931195184, 'output_scale': -0.5101014481158981, 'length_mean': -0.8117152805863335, 'length_var': -2.7878903858022044}. Best is trial 254 with value: 3.9372153724412313.[0m

DTW mean relative error: 4.392491677997517%
(G_reg, F_reg, M_reg, output_scale, length_mean, length_var) (0.03306274753430593, 8.98270054878645e-06, 0.0015186388535782358, 0.3089573645687193, 0.15427115087773316, 0.001629707312370718)
______________________________________________________________________________
epoch 0
epoch 1
epoch 2
Mean Training time per state 0.40959656599796185
[32m[I 2022-06-17 08:16:37,145][0m Trial 279 finished with value: 4.0186811543658205 and parameters: {'g_reg': -0.46366727376480593, 'f_reg': -4.982559612692412, 'm_reg': -2.8559042728635835, 'output_scale': -0.44734171475492013, 'length_mean': -0.6734233953979221, 'length_var': -2.8478719115401003}. Best is trial 254 with value: 3.9372153724412313.[0m

DTW mean relative error: 4.0186811543658205%
(G_reg, F_reg, M_reg, output_scale, length_mean, length_var) (0.34382125896413385, 1.0409752101269396e-05, 0.0013934639162425729, 0.35699183669336665, 0.21211755113042116, 0.00141947611254633)
______________________________________________________________________________
epoch 0
epoch 1
epoch 2
Mean Training time per state 0.4133717724771211
[32m[I 2022-06-17 08:20:18,028][0m Trial 280 finished with value: 4.149864910185368 and parameters: {'g_reg': -1.6797073499623794, 'f_reg': -4.986516847030326, 'm_reg': -2.9000961048199945, 'output_scale': -0.4500642890600439, 'length_mean': -0.7435767856937803, 'length_var': -2.6956526966627328}. Best is trial 254 with value: 3.9372153724412313.[0m

DTW mean relative error: 4.149864910185368%
(G_reg, F_reg, M_reg, output_scale, length_mean, length_var) (0.02090704480880304, 1.0315330637206808e-05, 0.0012586468556085877, 0.3547608697290024, 0.1804775614496773, 0.00201533526013031)
______________________________________________________________________________
epoch 0
epoch 1
epoch 2
Mean Training time per state 0.4049575184330796
[32m[I 2022-06-17 08:24:00,560][0m Trial 281 finished with value: 27.54127211755499 and parameters: {'g_reg': -0.4610879402913286, 'f_reg': -5.070724083757688, 'm_reg': -2.9526008569910434, 'output_scale': -0.40902485547574535, 'length_mean': -0.6383788812019064, 'length_var': -2.824268726542802}. Best is trial 254 with value: 3.9372153724412313.[0m

DTW mean relative error: 27.54127211755499%
(G_reg, F_reg, M_reg, output_scale, length_mean, length_var) (0.3458693356518207, 8.49720148322326e-06, 0.0011153191087042837, 0.3899196702146725, 0.229943490083127, 0.0014987571689517771)
______________________________________________________________________________
epoch 0
epoch 1
epoch 2
Mean Training time per state 0.39811327963164356
[32m[I 2022-06-17 08:27:44,198][0m Trial 282 finished with value: 25.6043605148149 and parameters: {'g_reg': -1.2039729559716679, 'f_reg': -4.710770712293898, 'm_reg': -2.868951639454249, 'output_scale': -0.43528195389595786, 'length_mean': -0.7085848176988806, 'length_var': -2.748193380257114}. Best is trial 254 with value: 3.9372153724412313.[0m

DTW mean relative error: 25.6043605148149%
(G_reg, F_reg, M_reg, output_scale, length_mean, length_var) (0.06252116242269168, 1.946387414311112e-05, 0.0013522231306328928, 0.36704392982691647, 0.19562086831302772, 0.0017856922745718147)
______________________________________________________________________________
epoch 0
epoch 1
epoch 2
Mean Training time per state 0.41565347440315015
[32m[I 2022-06-17 08:31:25,229][0m Trial 283 finished with value: 4.274377747800542 and parameters: {'g_reg': -1.6378684893614004, 'f_reg': -5.010070656041947, 'm_reg': -2.7161632433922684, 'output_scale': -0.4834586345759911, 'length_mean': -0.7741922294306851, 'length_var': -2.854281159326653}. Best is trial 254 with value: 3.9372153724412313.[0m

DTW mean relative error: 4.274377747800542%
(G_reg, F_reg, M_reg, output_scale, length_mean, length_var) (0.023021388327422822, 9.770782456509944e-06, 0.001922369009563551, 0.3285045320184244, 0.16819294329085635, 0.0013986815323860518)
______________________________________________________________________________
epoch 0
epoch 1
epoch 2
Mean Training time per state 0.39995590845743817
[32m[I 2022-06-17 08:35:06,005][0m Trial 284 finished with value: 5.143137756060048 and parameters: {'g_reg': -1.5608020715888111, 'f_reg': -4.788848777629619, 'm_reg': -2.8026828612643446, 'output_scale': -0.4599183105678236, 'length_mean': -0.5814066379067466, 'length_var': -2.8069152642202}. Best is trial 254 with value: 3.9372153724412313.[0m

DTW mean relative error: 5.143137756060048%
(G_reg, F_reg, M_reg, output_scale, length_mean, length_var) (0.02749146783063449, 1.6261148742453425e-05, 0.0015751326677858179, 0.34680207670262836, 0.2621762589279956, 0.001559856818897693)
______________________________________________________________________________
epoch 0
epoch 1
epoch 2
Mean Training time per state 0.405930706948945
[32m[I 2022-06-17 08:38:47,841][0m Trial 285 finished with value: 5.338104750108716 and parameters: {'g_reg': -1.6066523477753412, 'f_reg': -4.649653085119863, 'm_reg': -2.919910042672792, 'output_scale': -0.41437291037008106, 'length_mean': -0.5369169525740884, 'length_var': -2.8690198969750083}. Best is trial 254 with value: 3.9372153724412313.[0m

DTW mean relative error: 5.338104750108716%
(G_reg, F_reg, M_reg, output_scale, length_mean, length_var) (0.02473703549452179, 2.240510145758428e-05, 0.0012025134907336355, 0.38514750570906586, 0.2904578025708235, 0.0013520106201144648)
______________________________________________________________________________
epoch 0
epoch 1
epoch 2
Mean Training time per state 0.3871002775250059
[32m[I 2022-06-17 08:42:28,880][0m Trial 286 finished with value: 3.998210629412612 and parameters: {'g_reg': -0.7043061962920709, 'f_reg': -4.943859266549138, 'm_reg': -2.8407235998142215, 'output_scale': -0.3592904325761882, 'length_mean': -0.6666885969097023, 'length_var': -2.776803385774623}. Best is trial 254 with value: 3.9372153724412313.[0m

DTW mean relative error: 3.998210629412612%
(G_reg, F_reg, M_reg, output_scale, length_mean, length_var) (0.1975576282717158, 1.137995994531057e-05, 0.0014430334562588476, 0.43722961193552107, 0.21543259019043795, 0.001671847323374791)
______________________________________________________________________________
epoch 0
epoch 1
epoch 2
Mean Training time per state 0.40056922941496875
[32m[I 2022-06-17 08:46:10,874][0m Trial 287 finished with value: 5.030725420392969 and parameters: {'g_reg': -1.2660004808796317, 'f_reg': -4.96267564437793, 'm_reg': -2.8647798979066077, 'output_scale': -0.3491684575094739, 'length_mean': -0.6288925682394227, 'length_var': -2.746592420719559}. Best is trial 254 with value: 3.9372153724412313.[0m

DTW mean relative error: 5.030725420392969%
(G_reg, F_reg, M_reg, output_scale, length_mean, length_var) (0.05420002902626511, 1.0897436715400333e-05, 0.0013652748877831075, 0.44753967534653294, 0.2350214123225047, 0.0017922871013067937)
______________________________________________________________________________
epoch 0
epoch 1
epoch 2
Mean Training time per state 0.40708109826752636
[32m[I 2022-06-17 08:49:50,690][0m Trial 288 finished with value: 3.96710429821629 and parameters: {'g_reg': -0.4568166082220608, 'f_reg': -4.925361108913606, 'm_reg': -2.9090539463949283, 'output_scale': -0.43386035110517907, 'length_mean': -0.6552398999483501, 'length_var': -2.716889293315345}. Best is trial 254 with value: 3.9372153724412313.[0m

DTW mean relative error: 3.96710429821629%
(G_reg, F_reg, M_reg, output_scale, length_mean, length_var) (0.34928777989916704, 1.187514417580215e-05, 0.0012329516711885478, 0.3682473658226967, 0.2211872555703574, 0.0019191578938582677)
______________________________________________________________________________
epoch 0
epoch 1
epoch 2
Mean Training time per state 0.4255627213102398
[32m[I 2022-06-17 08:53:32,561][0m Trial 289 finished with value: 5.074011146003483 and parameters: {'g_reg': -0.48685518477927947, 'f_reg': -4.724728010070878, 'm_reg': -2.962031842238783, 'output_scale': -0.46894010843722306, 'length_mean': -0.6073801262363687, 'length_var': -2.6461127807036076}. Best is trial 254 with value: 3.9372153724412313.[0m

DTW mean relative error: 5.074011146003483%
(G_reg, F_reg, M_reg, output_scale, length_mean, length_var) (0.3259453691608397, 1.884829150644892e-05, 0.0010913603155614994, 0.3396721119857765, 0.24695616581166646, 0.0022588490999256774)
______________________________________________________________________________
epoch 0
epoch 1
epoch 2
Mean Training time per state 0.40894808191241644
