Post-processing...
[32m[I 2022-06-16 15:06:41,625][0m A new study created in memory with name: gpyro_hyperparameter_opt_0616_150619[0m
Running 1000 trials...
gpyro_hyperparameter_opt_0616_150619
epoch 0
epoch 1
epoch 2
Mean Training time per state 0.4119588823029489
[32m[I 2022-06-16 15:10:21,855][0m Trial 0 finished with value: 7.934865433418695 and parameters: {'g_reg': -0.2552270697714065, 'f_reg': -4.453802381668777, 'm_reg': -2.0064281667973742, 'output_scale': -0.6450673086881493, 'length_mean': -1.288216533214557, 'length_var': -2.3062245208468877}. Best is trial 0 with value: 7.934865433418695.[0m

DTW mean relative error: 7.934865433418695%
(G_reg, F_reg, M_reg, output_scale, length_mean, length_var) (0.55561368010592, 3.5172044854022536e-05, 0.009853076012353365, 0.22642933511975546, 0.05149718227436924, 0.0049405520510595515)
______________________________________________________________________________
epoch 0
epoch 1
epoch 2
Mean Training time per state 0.3953291647361987
[32m[I 2022-06-16 15:13:58,711][0m Trial 1 finished with value: 10.484296493231628 and parameters: {'g_reg': -0.38955362194253484, 'f_reg': -4.800297661209564, 'm_reg': -2.7620337799733816, 'output_scale': -0.9821579891311711, 'length_mean': -1.5449278606964238, 'length_var': -1.9199592476309484}. Best is trial 0 with value: 7.934865433418695.[0m

DTW mean relative error: 10.484296493231628%
(G_reg, F_reg, M_reg, output_scale, length_mean, length_var) (0.4077992080674678, 1.5838072942722043e-05, 0.0017296818171461577, 0.10419383205568315, 0.02851491880601607, 0.01202377255352649)
______________________________________________________________________________
epoch 0
epoch 1
epoch 2
Mean Training time per state 0.4059817935481216
[32m[I 2022-06-16 15:17:35,110][0m Trial 2 finished with value: 6.1039519552754 and parameters: {'g_reg': -1.7841154439214846, 'f_reg': -5.7606501223952815, 'm_reg': -2.9362847225712434, 'output_scale': -0.5484601558714509, 'length_mean': -0.3096515032720233, 'length_var': -1.1575620370387334}. Best is trial 2 with value: 6.1039519552754.[0m

DTW mean relative error: 6.1039519552754%
(G_reg, F_reg, M_reg, output_scale, length_mean, length_var) (0.016439346753139426, 1.7352013528527586e-06, 0.0011580179130698941, 0.28283935886899986, 0.49017199686544516, 0.06957255662936362)
______________________________________________________________________________
epoch 0
epoch 1
epoch 2
Mean Training time per state 0.42060727061647357
[32m[I 2022-06-16 15:21:22,010][0m Trial 3 finished with value: 26.256372532478693 and parameters: {'g_reg': -0.5101984416376311, 'f_reg': -5.291288403256743, 'm_reg': -2.5580955977045994, 'output_scale': -0.7900361114924492, 'length_mean': -1.8080094491180143, 'length_var': -2.1939451869374036}. Best is trial 2 with value: 6.1039519552754.[0m

DTW mean relative error: 26.256372532478693%
(G_reg, F_reg, M_reg, output_scale, length_mean, length_var) (0.3088883710216785, 5.113421542274807e-06, 0.0027663326481282315, 0.16216752498056725, 0.015559317782093973, 0.006398155826254193)
______________________________________________________________________________
epoch 0
epoch 1
epoch 2
Mean Training time per state 0.4076602386705803
[32m[I 2022-06-16 15:25:22,294][0m Trial 4 finished with value: 11.949607672225621 and parameters: {'g_reg': -0.3917396367749819, 'f_reg': -4.581476347150191, 'm_reg': -2.7990867103953496, 'output_scale': -0.14230029090398644, 'length_mean': -1.7661409433394595, 'length_var': -2.9436591973706223}. Best is trial 2 with value: 6.1039519552754.[0m

DTW mean relative error: 11.949607672225621%
(G_reg, F_reg, M_reg, output_scale, length_mean, length_var) (0.40575171414093836, 2.6213418000980452e-05, 0.0015882296140900783, 0.7206090451028441, 0.01713401160281297, 0.0011385203630971709)
______________________________________________________________________________
epoch 0
epoch 1
epoch 2
Mean Training time per state 0.40904511104930535
[32m[I 2022-06-16 15:28:56,372][0m Trial 5 finished with value: 26.203328749908255 and parameters: {'g_reg': -0.36472720511001633, 'f_reg': -5.03643410753701, 'm_reg': -1.450034321304631, 'output_scale': -0.6992663711949147, 'length_mean': -1.8487443471413163, 'length_var': -1.1328556733910948}. Best is trial 2 with value: 6.1039519552754.[0m

DTW mean relative error: 26.203328749908255%
(G_reg, F_reg, M_reg, output_scale, length_mean, length_var) (0.43179021353909547, 9.195299780704268e-06, 0.03547853502467755, 0.19986356457546736, 0.014166274499594506, 0.07364517976593848)
______________________________________________________________________________
epoch 0
epoch 1
epoch 2
Mean Training time per state 0.4055960900855787
[32m[I 2022-06-16 15:32:37,591][0m Trial 6 finished with value: 6.986242502947569 and parameters: {'g_reg': -1.083685106838102, 'f_reg': -5.5504238862094235, 'm_reg': -2.4646019012084928, 'output_scale': -0.2424906413046235, 'length_mean': -1.2238335453925135, 'length_var': -2.721750104255825}. Best is trial 2 with value: 6.1039519552754.[0m

DTW mean relative error: 6.986242502947569%
(G_reg, F_reg, M_reg, output_scale, length_mean, length_var) (0.08247358881223868, 2.8156334355288717e-06, 0.0034308213086296233, 0.5721492838745198, 0.05972641596773239, 0.0018977976116394916)
______________________________________________________________________________
epoch 0
epoch 1
epoch 2
Mean Training time per state 0.4041962551348137
[32m[I 2022-06-16 15:36:16,065][0m Trial 7 finished with value: 9.013682342617667 and parameters: {'g_reg': -0.0897065126839125, 'f_reg': -5.572683419511031, 'm_reg': -2.448665921167617, 'output_scale': -0.11917795282273047, 'length_mean': -1.3552263751827829, 'length_var': -1.7871233945807903}. Best is trial 2 with value: 6.1039519552754.[0m

DTW mean relative error: 9.013682342617667%
(G_reg, F_reg, M_reg, output_scale, length_mean, length_var) (0.8133799960220517, 2.674955616434158e-06, 0.003559049914082899, 0.7600147959141549, 0.04413403395640446, 0.01632588020433839)
______________________________________________________________________________
epoch 0
epoch 1
epoch 2
Mean Training time per state 0.3847080649751606
[32m[I 2022-06-16 15:39:54,471][0m Trial 8 finished with value: 30.288583148292304 and parameters: {'g_reg': -1.3036329325296772, 'f_reg': -4.704239665271825, 'm_reg': -2.1105737918268774, 'output_scale': -0.06107735895377897, 'length_mean': -0.3099457081849337, 'length_var': -1.8014520746278744}. Best is trial 2 with value: 6.1039519552754.[0m

DTW mean relative error: 30.288583148292304%
(G_reg, F_reg, M_reg, output_scale, length_mean, length_var) (0.0497012220734447, 1.975878951020117e-05, 0.0077522221264258815, 0.8688056589959248, 0.48984005119236157, 0.015796029108522732)
______________________________________________________________________________
epoch 0
epoch 1
epoch 2
Mean Training time per state 0.39694418329181086
[32m[I 2022-06-16 15:43:28,526][0m Trial 9 finished with value: 6.372933193596947 and parameters: {'g_reg': -0.46737374059534664, 'f_reg': -5.942341187421327, 'm_reg': -1.5342933494728028, 'output_scale': -0.7995983480302327, 'length_mean': -0.2173397387498872, 'length_var': -2.892866335004988}. Best is trial 2 with value: 6.1039519552754.[0m

DTW mean relative error: 6.372933193596947%
(G_reg, F_reg, M_reg, output_scale, length_mean, length_var) (0.3408994177046285, 1.1419808272252356e-06, 0.029221778905906375, 0.15863596396633464, 0.6062618790817809, 0.00127977512637157)
______________________________________________________________________________
epoch 0
epoch 1
epoch 2
Mean Training time per state 0.407055580254757
[32m[I 2022-06-16 15:47:05,077][0m Trial 10 finished with value: 11.269555855748706 and parameters: {'g_reg': -1.9911683280704184, 'f_reg': -4.076202151388598, 'm_reg': -2.981308522495301, 'output_scale': -0.4662439473851319, 'length_mean': -0.7303671028495079, 'length_var': -1.1748673961058251}. Best is trial 2 with value: 6.1039519552754.[0m

DTW mean relative error: 11.269555855748706%
(G_reg, F_reg, M_reg, output_scale, length_mean, length_var) (0.010205438547494833, 8.390693333556712e-05, 0.0010439783142654829, 0.34178740331376006, 0.18605138063658663, 0.06685480153437474)
______________________________________________________________________________
epoch 0
epoch 1
epoch 2
Mean Training time per state 0.4123941045818907
[32m[I 2022-06-16 15:50:41,234][0m Trial 11 finished with value: 6.44302502957589 and parameters: {'g_reg': -1.9426965733478236, 'f_reg': -5.9384152141144835, 'm_reg': -1.4027057731505317, 'output_scale': -0.46014652631879893, 'length_mean': -0.1330818029542688, 'length_var': -1.5806325016060714}. Best is trial 2 with value: 6.1039519552754.[0m

DTW mean relative error: 6.44302502957589%
(G_reg, F_reg, M_reg, output_scale, length_mean, length_var) (0.011410467193233622, 1.1523510075701752e-06, 0.03956345647316287, 0.3466198848758184, 0.7360684398636631, 0.026264400872666415)
______________________________________________________________________________
epoch 0
epoch 1
epoch 2
Mean Training time per state 0.3956623294136741
[32m[I 2022-06-16 15:54:14,960][0m Trial 12 finished with value: 5.126122883340019 and parameters: {'g_reg': -1.525486937707087, 'f_reg': -5.975146231375592, 'm_reg': -1.064135376793838, 'output_scale': -0.9218446768362847, 'length_mean': -0.5572079281934433, 'length_var': -2.5268627585702745}. Best is trial 12 with value: 5.126122883340019.[0m

DTW mean relative error: 5.126122883340019%
(G_reg, F_reg, M_reg, output_scale, length_mean, length_var) (0.029820372374328736, 1.0588971236979668e-06, 0.08627095849612981, 0.11971686158834, 0.27719926334477013, 0.002972605256523836)
______________________________________________________________________________
epoch 0
epoch 1
epoch 2
Mean Training time per state 0.4043001117128315
[32m[I 2022-06-16 15:57:50,427][0m Trial 13 finished with value: 5.001321643733249 and parameters: {'g_reg': -1.5623396668912481, 'f_reg': -5.649120982579298, 'm_reg': -1.073794109672787, 'output_scale': -0.9589354618019752, 'length_mean': -0.6413044626906161, 'length_var': -2.530141770613325}. Best is trial 13 with value: 5.001321643733249.[0m

DTW mean relative error: 5.001321643733249%
(G_reg, F_reg, M_reg, output_scale, length_mean, length_var) (0.027394307923780413, 2.243256926631178e-06, 0.08437346606902449, 0.10991691689930351, 0.2283997042994621, 0.0029502459943969994)
______________________________________________________________________________
epoch 0
epoch 1
epoch 2
Mean Training time per state 0.3904395175702644
[32m[I 2022-06-16 16:01:22,720][0m Trial 14 finished with value: 4.401185381553881 and parameters: {'g_reg': -1.5278243341563, 'f_reg': -5.302523923333042, 'm_reg': -1.1396699995344883, 'output_scale': -0.9407425067587214, 'length_mean': -0.7625003795434034, 'length_var': -2.5157272712354977}. Best is trial 14 with value: 4.401185381553881.[0m

DTW mean relative error: 4.401185381553881%
(G_reg, F_reg, M_reg, output_scale, length_mean, length_var) (0.029660308635572445, 4.982830070409317e-06, 0.07249866349373175, 0.11461923175630087, 0.17278244705078658, 0.003049809611453493)
______________________________________________________________________________
epoch 0
epoch 1
epoch 2
Mean Training time per state 0.42414192719893024
[32m[I 2022-06-16 16:04:58,102][0m Trial 15 finished with value: 25.933552319570918 and parameters: {'g_reg': -1.4711644913626785, 'f_reg': -5.245099976723348, 'm_reg': -1.0229308528000303, 'output_scale': -0.860881469705182, 'length_mean': -0.8663212407272779, 'length_var': -2.4870812928492785}. Best is trial 14 with value: 4.401185381553881.[0m

DTW mean relative error: 25.933552319570918%
(G_reg, F_reg, M_reg, output_scale, length_mean, length_var) (0.033793681658295584, 5.687219931763101e-06, 0.09485694799610686, 0.13775853965871915, 0.13604380158213908, 0.0032577571538970384)
______________________________________________________________________________
epoch 0
epoch 1
epoch 2
Mean Training time per state 0.4123134902029326
[32m[I 2022-06-16 16:08:32,693][0m Trial 16 finished with value: 5.038114488201729 and parameters: {'g_reg': -0.9214895089677382, 'f_reg': -5.308591317238477, 'm_reg': -1.7298769557323945, 'output_scale': -0.9665421902744447, 'length_mean': -0.983090815555042, 'length_var': -2.6243764558228135}. Best is trial 14 with value: 4.401185381553881.[0m

DTW mean relative error: 5.038114488201729%
(G_reg, F_reg, M_reg, output_scale, length_mean, length_var) (0.11981480658976149, 4.913700510626941e-06, 0.018626147777395307, 0.10800846891250515, 0.10397027302930682, 0.0023747808829027413)
______________________________________________________________________________
epoch 0
epoch 1
epoch 2
Mean Training time per state 0.4042874466289173
[32m[I 2022-06-16 16:12:08,267][0m Trial 17 finished with value: 5.081676012539818 and parameters: {'g_reg': -1.625657679883926, 'f_reg': -5.541793634867145, 'm_reg': -1.235350278859012, 'output_scale': -0.6908165352686229, 'length_mean': -0.6080116037865582, 'length_var': -2.2255777681654494}. Best is trial 14 with value: 4.401185381553881.[0m

DTW mean relative error: 5.081676012539818%
(G_reg, F_reg, M_reg, output_scale, length_mean, length_var) (0.02367785300697477, 2.8721450243936715e-06, 0.0581633913520614, 0.203790279397808, 0.24659734487346555, 0.0059487022510758495)
______________________________________________________________________________
epoch 0
epoch 1
epoch 2
Mean Training time per state 0.38606819239529694
[32m[I 2022-06-16 16:15:42,124][0m Trial 18 finished with value: 5.742496012654043 and parameters: {'g_reg': -1.1861245998886154, 'f_reg': -5.035123121418104, 'm_reg': -1.758418755918392, 'output_scale': -0.33459704772182375, 'length_mean': -0.4757757431642865, 'length_var': -2.3789934392219707}. Best is trial 14 with value: 4.401185381553881.[0m

DTW mean relative error: 5.742496012654043%
(G_reg, F_reg, M_reg, output_scale, length_mean, length_var) (0.06514414674876777, 9.223099174933128e-06, 0.017441396056063957, 0.4628102323520095, 0.3343676530305813, 0.004178366787530606)
______________________________________________________________________________
epoch 0
epoch 1
epoch 2
Mean Training time per state 0.4046214421590169
[32m[I 2022-06-16 16:19:16,925][0m Trial 19 finished with value: 4.616784125926233 and parameters: {'g_reg': -0.765329938825472, 'f_reg': -5.705691603513017, 'm_reg': -1.1655896785142377, 'output_scale': -0.8587794063765475, 'length_mean': -0.8109960786736297, 'length_var': -2.0389981653328264}. Best is trial 14 with value: 4.401185381553881.[0m

DTW mean relative error: 4.616784125926233%
(G_reg, F_reg, M_reg, output_scale, length_mean, length_var) (0.1716603766791846, 1.969284200050248e-06, 0.06829836724728303, 0.1384269320084656, 0.15452683919936974, 0.00914117103129031)
______________________________________________________________________________
epoch 0
epoch 1
epoch 2
Mean Training time per state 0.41901239481839264
[32m[I 2022-06-16 16:22:54,472][0m Trial 20 finished with value: 4.872748566984365 and parameters: {'g_reg': -0.8182276827434413, 'f_reg': -5.385176107780003, 'm_reg': -1.2707323105523427, 'output_scale': -0.8299653175008013, 'length_mean': -0.9289238728195556, 'length_var': -1.5234621770109555}. Best is trial 14 with value: 4.401185381553881.[0m

DTW mean relative error: 4.872748566984365%
(G_reg, F_reg, M_reg, output_scale, length_mean, length_var) (0.15197505780936205, 4.119304461322391e-06, 0.05361270124430189, 0.14792265136016183, 0.11778124133531934, 0.029959725022612682)
______________________________________________________________________________
epoch 0
epoch 1
epoch 2
Mean Training time per state 0.41864434878031415
[32m[I 2022-06-16 16:26:31,057][0m Trial 21 finished with value: 25.862590979283993 and parameters: {'g_reg': -0.7908262706931527, 'f_reg': -5.376573884951467, 'm_reg': -1.2753137002860695, 'output_scale': -0.8202997652553591, 'length_mean': -1.0774174370099334, 'length_var': -1.643484940259433}. Best is trial 14 with value: 4.401185381553881.[0m

DTW mean relative error: 25.862590979283993%
(G_reg, F_reg, M_reg, output_scale, length_mean, length_var) (0.16187274420377523, 4.201710394152518e-06, 0.053050111338929805, 0.15125168959409885, 0.0836724648945745, 0.022725584379002753)
______________________________________________________________________________
epoch 0
epoch 1
epoch 2
Mean Training time per state 0.40526205843145197
[32m[I 2022-06-16 16:30:07,210][0m Trial 22 finished with value: 4.722496592971545 and parameters: {'g_reg': -0.7059889969419659, 'f_reg': -5.081342168474415, 'm_reg': -1.6634212381828526, 'output_scale': -0.8663955045791946, 'length_mean': -0.8408863748034453, 'length_var': -1.3825323445117563}. Best is trial 14 with value: 4.401185381553881.[0m

DTW mean relative error: 4.722496592971545%
(G_reg, F_reg, M_reg, output_scale, length_mean, length_var) (0.19679361476770615, 8.291972088010069e-06, 0.02170594817804567, 0.13602054023898888, 0.14424927039540097, 0.041444571663321265)
______________________________________________________________________________
epoch 0
epoch 1
epoch 2
Mean Training time per state 0.4092681191184304
[32m[I 2022-06-16 16:33:42,747][0m Trial 23 finished with value: 4.684552544917359 and parameters: {'g_reg': -0.6576978930327985, 'f_reg': -4.905092152845271, 'm_reg': -1.685193325012093, 'output_scale': -0.59862749638058, 'length_mean': -0.7858792422157511, 'length_var': -1.400538185583669}. Best is trial 14 with value: 4.401185381553881.[0m

DTW mean relative error: 4.684552544917359%
(G_reg, F_reg, M_reg, output_scale, length_mean, length_var) (0.2199389295344861, 1.2442505665197322e-05, 0.02064460962032881, 0.2519837319213303, 0.16372717098473852, 0.03976141344938234)
______________________________________________________________________________
epoch 0
epoch 1
epoch 2
Mean Training time per state 0.406549511533795
[32m[I 2022-06-16 16:37:20,250][0m Trial 24 finished with value: 4.629362451510391 and parameters: {'g_reg': -0.6668482939008118, 'f_reg': -4.321338447638597, 'm_reg': -1.8572822313218302, 'output_scale': -0.5874753618215987, 'length_mean': -0.7872327854163864, 'length_var': -2.15450640360779}. Best is trial 14 with value: 4.401185381553881.[0m

DTW mean relative error: 4.629362451510391%
(G_reg, F_reg, M_reg, output_scale, length_mean, length_var) (0.21535338676232293, 4.771572779196684e-05, 0.013890496477635926, 0.2585381507978772, 0.1632176853160778, 0.007006378519879281)
______________________________________________________________________________
epoch 0
epoch 1
epoch 2
Mean Training time per state 0.40331201842336944
[32m[I 2022-06-16 16:40:57,062][0m Trial 25 finished with value: 10.192262669936882 and parameters: {'g_reg': -0.992735203330143, 'f_reg': -4.2211915329877225, 'm_reg': -2.1726910961840855, 'output_scale': -0.3828458868032237, 'length_mean': -1.121428298533772, 'length_var': -2.0478325506689083}. Best is trial 14 with value: 4.401185381553881.[0m

DTW mean relative error: 10.192262669936882%
(G_reg, F_reg, M_reg, output_scale, length_mean, length_var) (0.10168685057734436, 6.009086656943981e-05, 0.006719065949255529, 0.41414661229612576, 0.07560868790163759, 0.008957100546211275)
______________________________________________________________________________
epoch 0
epoch 1
epoch 2
Mean Training time per state 0.4103192127112186
[32m[I 2022-06-16 16:44:33,504][0m Trial 26 finished with value: 5.7417269729429075 and parameters: {'g_reg': -1.316625980818694, 'f_reg': -4.365681216724036, 'm_reg': -1.9120691622667512, 'output_scale': -0.7700521211110342, 'length_mean': -0.4509328950151643, 'length_var': -2.0759760268179557}. Best is trial 14 with value: 4.401185381553881.[0m

DTW mean relative error: 5.7417269729429075%
(G_reg, F_reg, M_reg, output_scale, length_mean, length_var) (0.04823630351436011, 4.3084274406440505e-05, 0.012244211922087163, 0.1698039852877765, 0.35405204318659245, 0.008395063262344167)
______________________________________________________________________________
epoch 0
epoch 1
epoch 2
Mean Training time per state 0.4206025239193078
[32m[I 2022-06-16 16:48:11,231][0m Trial 27 finished with value: 6.842494837057086 and parameters: {'g_reg': -0.5928304811123093, 'f_reg': -5.770205446786327, 'm_reg': -1.183130360984765, 'output_scale': -0.7153344548094063, 'length_mean': -0.00042063320185004027, 'length_var': -2.7459202686655444}. Best is trial 14 with value: 4.401185381553881.[0m

DTW mean relative error: 6.842494837057086%
(G_reg, F_reg, M_reg, output_scale, length_mean, length_var) (0.255369789729641, 1.6974404735046993e-06, 0.06559483425325206, 0.1926041077143232, 0.9990319251468986, 0.0017950631489638007)
______________________________________________________________________________
epoch 0
epoch 1
epoch 2
Mean Training time per state 0.41850797335306805
[32m[I 2022-06-16 16:51:48,877][0m Trial 28 finished with value: 11.248155578636231 and parameters: {'g_reg': -1.1315127577711457, 'f_reg': -4.013315793191389, 'm_reg': -1.5271020160695359, 'output_scale': -0.5635976148090457, 'length_mean': -0.6861021897309146, 'length_var': -1.9138018001157233}. Best is trial 14 with value: 4.401185381553881.[0m

DTW mean relative error: 11.248155578636231%
(G_reg, F_reg, M_reg, output_scale, length_mean, length_var) (0.07387325617752635, 9.698045264618723e-05, 0.02970968067342953, 0.2731507423773937, 0.20601451029561788, 0.012195460387288918)
______________________________________________________________________________
epoch 0
epoch 1
epoch 2
Mean Training time per state 0.43107505278153857
