[32m[I 2022-06-17 19:44:12,383][0m Trial 464 finished with value: 4.3146243461420095 and parameters: {'g_reg': -0.34800340740863844, 'f_reg': -4.907231996037759, 'm_reg': -1.1044632948158517, 'output_scale': -0.44390223033026516, 'length_mean': -0.8063990665323201, 'length_var': -2.6289751948248674}. Best is trial 316 with value: 3.9293422879626934.[0m

DTW mean relative error: 4.3146243461420095%
(G_reg, F_reg, M_reg, output_scale, length_mean, length_var) (0.44874186915867276, 1.2381350097358041e-05, 0.07862066360169981, 0.35983033211638943, 0.1561711949987885, 0.00234976702637135)
______________________________________________________________________________
epoch 0
epoch 1
epoch 2
Mean Training time per state 0.40349132364446466
[32m[I 2022-06-17 19:47:57,652][0m Trial 465 finished with value: 25.908790380070634 and parameters: {'g_reg': -0.27510158466081325, 'f_reg': -4.963387018075793, 'm_reg': -1.3547209085492824, 'output_scale': -0.4231522300050836, 'length_mean': -0.7530764556228843, 'length_var': -2.7483272896703923}. Best is trial 316 with value: 3.9293422879626934.[0m

DTW mean relative error: 25.908790380070634%
(G_reg, F_reg, M_reg, output_scale, length_mean, length_var) (0.5307602809923125, 1.0879601341854138e-05, 0.04418543057693614, 0.37743986655455614, 0.17657269449030402, 0.0017851417629869103)
______________________________________________________________________________
epoch 0
epoch 1
epoch 2
Mean Training time per state 0.41731292551214044
[32m[I 2022-06-17 19:51:42,224][0m Trial 466 finished with value: 5.073377134487665 and parameters: {'g_reg': -0.3927304235220113, 'f_reg': -4.881396211905334, 'm_reg': -1.254889097543751, 'output_scale': -0.47052097116613895, 'length_mean': -0.6292370003226866, 'length_var': -2.8035867050450674}. Best is trial 316 with value: 3.9293422879626934.[0m

DTW mean relative error: 5.073377134487665%
(G_reg, F_reg, M_reg, output_scale, length_mean, length_var) (0.4048270991265329, 1.3140254844584842e-05, 0.05560462324105462, 0.33843792901670877, 0.23483509445096362, 0.0015718579463853883)
______________________________________________________________________________
epoch 0
epoch 1
epoch 2
Mean Training time per state 0.3928953084078702
[32m[I 2022-06-17 19:55:25,681][0m Trial 467 finished with value: 3.9916972100447006 and parameters: {'g_reg': -0.3704370809358814, 'f_reg': -5.179391247182976, 'm_reg': -1.390854912179245, 'output_scale': -0.39168472427443374, 'length_mean': -0.6896153083615413, 'length_var': -2.7218964597921627}. Best is trial 316 with value: 3.9293422879626934.[0m

DTW mean relative error: 3.9916972100447006%
(G_reg, F_reg, M_reg, output_scale, length_mean, length_var) (0.4261504182914202, 6.616201947851672e-06, 0.04065791352385148, 0.405803020917367, 0.20435472872149155, 0.0018971581690417304)
______________________________________________________________________________
epoch 0
epoch 1
epoch 2
Mean Training time per state 0.40417767293525464
[32m[I 2022-06-17 19:59:07,934][0m Trial 468 finished with value: 5.074976783721751 and parameters: {'g_reg': -0.21278214992117017, 'f_reg': -5.484873717842483, 'm_reg': -1.328542249058815, 'output_scale': -0.4379766820513535, 'length_mean': -0.5899108522588526, 'length_var': -2.6742395803111814}. Best is trial 316 with value: 3.9293422879626934.[0m

DTW mean relative error: 5.074976783721751%
(G_reg, F_reg, M_reg, output_scale, length_mean, length_var) (0.612657634967212, 3.2743589134444275e-06, 0.04693077768723736, 0.36477353166014465, 0.25709234627357336, 0.002117192855015201)
______________________________________________________________________________
epoch 0
epoch 1
epoch 2
Mean Training time per state 0.39166488069476507
[32m[I 2022-06-17 20:02:50,952][0m Trial 469 finished with value: 3.9360117645552535 and parameters: {'g_reg': -0.33051964477342954, 'f_reg': -4.927879519590212, 'm_reg': -1.328676654269698, 'output_scale': -0.5168712865776943, 'length_mean': -0.6550712550261978, 'length_var': -2.7661011121421852}. Best is trial 316 with value: 3.9293422879626934.[0m

DTW mean relative error: 3.9360117645552535%
(G_reg, F_reg, M_reg, output_scale, length_mean, length_var) (0.4671758185739286, 1.1806481213709503e-05, 0.04691625582389954, 0.3041786397306021, 0.221273163525795, 0.0017135583115972443)
______________________________________________________________________________
epoch 0
epoch 1
epoch 2
Mean Training time per state 0.4117569634408662
[32m[I 2022-06-17 20:06:34,675][0m Trial 470 finished with value: 4.927652898695733 and parameters: {'g_reg': -0.33494489895247215, 'f_reg': -4.9994084162772845, 'm_reg': -1.3172022556382723, 'output_scale': -0.5211316071451437, 'length_mean': -0.6435496482246524, 'length_var': -2.7642701687217395}. Best is trial 316 with value: 3.9293422879626934.[0m

DTW mean relative error: 4.927652898695733%
(G_reg, F_reg, M_reg, output_scale, length_mean, length_var) (0.4624396896439756, 1.0013631000386703e-05, 0.048172340157811494, 0.30120931112625204, 0.2272219861924911, 0.0017207977569454434)
______________________________________________________________________________
epoch 0
epoch 1
epoch 2
Mean Training time per state 0.40346030755476514
[32m[I 2022-06-17 20:10:19,783][0m Trial 471 finished with value: 4.206768079689358 and parameters: {'g_reg': -0.28830278173225987, 'f_reg': -4.924092115460294, 'm_reg': -1.3389801059530924, 'output_scale': -0.7274628731542614, 'length_mean': -0.7267610451517986, 'length_var': -2.6862678134009363}. Best is trial 316 with value: 3.9293422879626934.[0m

DTW mean relative error: 4.206768079689358%
(G_reg, F_reg, M_reg, output_scale, length_mean, length_var) (0.5148695623002164, 1.1909893680007913e-05, 0.045816287363773946, 0.18729971944362883, 0.1876026439920071, 0.002059359590468503)
______________________________________________________________________________
epoch 0
epoch 1
epoch 2
Mean Training time per state 0.3772852131814668
[32m[I 2022-06-17 20:14:02,608][0m Trial 472 finished with value: 5.2119062496572655 and parameters: {'g_reg': -0.3135715157401012, 'f_reg': -5.026999631525164, 'm_reg': -1.2055253587366905, 'output_scale': -0.5350235010077627, 'length_mean': -0.5611372822350468, 'length_var': -2.769731193869837}. Best is trial 316 with value: 3.9293422879626934.[0m

DTW mean relative error: 5.2119062496572655%
(G_reg, F_reg, M_reg, output_scale, length_mean, length_var) (0.4857675324881766, 9.397241078682057e-06, 0.06229807701154951, 0.29172691473398793, 0.2747025669964957, 0.0016992951040160557)
______________________________________________________________________________
epoch 0
epoch 1
epoch 2
Mean Training time per state 0.40764180819193524
[32m[I 2022-06-17 20:17:46,542][0m Trial 473 finished with value: 5.025845318235825 and parameters: {'g_reg': -0.42201373550528765, 'f_reg': -4.95790317715794, 'm_reg': -1.4990502230521991, 'output_scale': -0.5151369521224607, 'length_mean': -0.6088124985220887, 'length_var': -1.330387559175277}. Best is trial 316 with value: 3.9293422879626934.[0m

DTW mean relative error: 5.025845318235825%
(G_reg, F_reg, M_reg, output_scale, length_mean, length_var) (0.378430615838509, 1.1017849172127304e-05, 0.03169200946417541, 0.3053957914307165, 0.24614300679384604, 0.04673179262559826)
______________________________________________________________________________
epoch 0
epoch 1
epoch 2
Mean Training time per state 0.4123422521533388
[32m[I 2022-06-17 20:21:32,012][0m Trial 474 finished with value: 25.454069335471445 and parameters: {'g_reg': -0.3285224989235457, 'f_reg': -4.877273033876769, 'm_reg': -1.3292587346749838, 'output_scale': -0.5512410219021111, 'length_mean': -0.6666366363684484, 'length_var': -2.709947125146437}. Best is trial 316 with value: 3.9293422879626934.[0m

DTW mean relative error: 25.454069335471445%
(G_reg, F_reg, M_reg, output_scale, length_mean, length_var) (0.46932911977039177, 1.3265602086917375e-05, 0.046853416571945715, 0.28103407330716185, 0.2154583668561058, 0.0019500820055466292)
______________________________________________________________________________
epoch 0
epoch 1
epoch 2
Mean Training time per state 0.3984059492746989
[32m[I 2022-06-17 20:25:15,616][0m Trial 475 finished with value: 26.957780479648573 and parameters: {'g_reg': -0.2620545874551828, 'f_reg': -4.917069906584261, 'm_reg': -1.4060723519412222, 'output_scale': -0.49813696849535294, 'length_mean': -0.7025474887942661, 'length_var': -2.1751767189555484}. Best is trial 316 with value: 3.9293422879626934.[0m

DTW mean relative error: 26.957780479648573%
(G_reg, F_reg, M_reg, output_scale, length_mean, length_var) (0.5469472115418754, 1.2104032842646906e-05, 0.039257952757561485, 0.31758723009509576, 0.19835927450818108, 0.006680720167793131)
______________________________________________________________________________
epoch 0
epoch 1
epoch 2
Mean Training time per state 0.39954775029962714
[32m[I 2022-06-17 20:28:59,306][0m Trial 476 finished with value: 5.4684484883693125 and parameters: {'g_reg': -0.38427443125555927, 'f_reg': -4.965155896983139, 'm_reg': -1.3932418890278464, 'output_scale': -0.48621428944328304, 'length_mean': -0.5203122803401197, 'length_var': -2.801795326514446}. Best is trial 316 with value: 3.9293422879626934.[0m

DTW mean relative error: 5.4684484883693125%
(G_reg, F_reg, M_reg, output_scale, length_mean, length_var) (0.412786579176632, 1.0835378908645752e-05, 0.04043506177760934, 0.32642672705893316, 0.3017780998433032, 0.0015783549385911975)
______________________________________________________________________________
epoch 0
epoch 1
epoch 2
Mean Training time per state 0.4081635258414529
[32m[I 2022-06-17 20:32:43,218][0m Trial 477 finished with value: 5.012071909242397 and parameters: {'g_reg': -0.4240436552297105, 'f_reg': -4.852448055502575, 'm_reg': -1.6489438222463306, 'output_scale': -0.5201314518425545, 'length_mean': -0.6314633862104795, 'length_var': -2.7434828636369053}. Best is trial 316 with value: 3.9293422879626934.[0m

DTW mean relative error: 5.012071909242397%
(G_reg, F_reg, M_reg, output_scale, length_mean, length_var) (0.37666593466589177, 1.4045976727191668e-05, 0.022441721977892883, 0.30190377825967313, 0.23363430625095202, 0.0018051659638461696)
______________________________________________________________________________
epoch 0
epoch 1
epoch 2
Mean Training time per state 0.42048039580836444
[32m[I 2022-06-17 20:36:25,524][0m Trial 478 finished with value: 4.311142534594427 and parameters: {'g_reg': -0.36497088067661776, 'f_reg': -4.894094990298876, 'm_reg': -1.5814644291501065, 'output_scale': -0.47073406250735156, 'length_mean': -0.7850689708841091, 'length_var': -2.806145225680779}. Best is trial 316 with value: 3.9293422879626934.[0m

DTW mean relative error: 4.311142534594427%
(G_reg, F_reg, M_reg, output_scale, length_mean, length_var) (0.4315480110310187, 1.2761596525016429e-05, 0.026214137364954967, 0.3382719114748819, 0.16403292496439226, 0.0015626250220714118)
______________________________________________________________________________
epoch 0
epoch 1
epoch 2
Mean Training time per state 0.37863878770308057
[32m[I 2022-06-17 20:40:11,212][0m Trial 479 finished with value: 27.221358794491973 and parameters: {'g_reg': -0.3080525010413513, 'f_reg': -4.99768119347014, 'm_reg': -1.397073970610062, 'output_scale': -0.4542244658247032, 'length_mean': -0.6705898636610322, 'length_var': -2.436981107928786}. Best is trial 316 with value: 3.9293422879626934.[0m

DTW mean relative error: 27.221358794491973%
(G_reg, F_reg, M_reg, output_scale, length_mean, length_var) (0.49198005754455965, 1.0053535285430793e-05, 0.04007984463694651, 0.35137878287944374, 0.21350602563887855, 0.0036561069555239756)
______________________________________________________________________________
epoch 0
epoch 1
epoch 2
Mean Training time per state 0.4081333478291829
[32m[I 2022-06-17 20:43:55,400][0m Trial 480 finished with value: 5.158918304878787 and parameters: {'g_reg': -0.4371753348140822, 'f_reg': -4.929807804357965, 'm_reg': -1.2913592478531097, 'output_scale': -0.480935856877702, 'length_mean': -0.5944051360872638, 'length_var': -2.773450875822953}. Best is trial 316 with value: 3.9293422879626934.[0m

DTW mean relative error: 5.158918304878787%
(G_reg, F_reg, M_reg, output_scale, length_mean, length_var) (0.365447222257321, 1.1754176171840899e-05, 0.05112587479777828, 0.33041833856874725, 0.2544455523530397, 0.0016848029884391456)
______________________________________________________________________________
epoch 0
epoch 1
epoch 2
Mean Training time per state 0.3995538552602132
[32m[I 2022-06-17 20:47:37,193][0m Trial 481 finished with value: 4.128735396781385 and parameters: {'g_reg': -0.25729351372619136, 'f_reg': -5.052122375310902, 'm_reg': -1.1401798787901662, 'output_scale': -0.5062293973961856, 'length_mean': -0.7287710209212171, 'length_var': -2.6339304244563393}. Best is trial 316 with value: 3.9293422879626934.[0m

DTW mean relative error: 4.128735396781385%
(G_reg, F_reg, M_reg, output_scale, length_mean, length_var) (0.5529762592407078, 8.869060648180157e-06, 0.07241359708124856, 0.31172425997186054, 0.1867363987439488, 0.0023231089369845368)
______________________________________________________________________________
epoch 0
epoch 1
epoch 2
Mean Training time per state 0.4111474066069632
[32m[I 2022-06-17 20:51:22,352][0m Trial 482 finished with value: 4.930111882686196 and parameters: {'g_reg': -0.3447872852279199, 'f_reg': -5.116967330539309, 'm_reg': -1.443285002588403, 'output_scale': -0.422497173620929, 'length_mean': -0.6437400083416389, 'length_var': -2.8224648274637043}. Best is trial 316 with value: 3.9293422879626934.[0m

DTW mean relative error: 4.930111882686196%
(G_reg, F_reg, M_reg, output_scale, length_mean, length_var) (0.45207731485207586, 7.638932446847185e-06, 0.03603420935406548, 0.378009597372069, 0.22712241199225391, 0.0015049954000698885)
______________________________________________________________________________
epoch 0
epoch 1
epoch 2
Mean Training time per state 0.40615950931202277
[32m[I 2022-06-17 20:55:04,496][0m Trial 483 finished with value: 4.025473665505308 and parameters: {'g_reg': -0.3855632286362265, 'f_reg': -4.881806790190177, 'm_reg': -1.2698577789343255, 'output_scale': -0.5599026850885934, 'length_mean': -0.6722955660407993, 'length_var': -2.7085237520949095}. Best is trial 316 with value: 3.9293422879626934.[0m

DTW mean relative error: 4.025473665505308%
(G_reg, F_reg, M_reg, output_scale, length_mean, length_var) (0.4115634237037243, 1.3127838030458856e-05, 0.053720769025053176, 0.27548459286654986, 0.2126691199724171, 0.001956483762525606)
______________________________________________________________________________
epoch 0
epoch 1
epoch 2
Mean Training time per state 0.4063052336374919
[32m[I 2022-06-17 20:58:47,388][0m Trial 484 finished with value: 25.797245379094598 and parameters: {'g_reg': -0.1939828532598108, 'f_reg': -4.855017831065536, 'm_reg': -1.312476954046045, 'output_scale': -0.5343103590104106, 'length_mean': -0.9256703031741, 'length_var': -2.770745300976004}. Best is trial 316 with value: 3.9293422879626934.[0m

DTW mean relative error: 25.797245379094598%
(G_reg, F_reg, M_reg, output_scale, length_mean, length_var) (0.6397600938822348, 1.3963110307750755e-05, 0.048699336691472576, 0.2922063443082226, 0.11866692722124694, 0.0016953317636921835)
______________________________________________________________________________
epoch 0
epoch 1
epoch 2
Mean Training time per state 0.39703713041363337
[32m[I 2022-06-17 21:02:30,721][0m Trial 485 finished with value: 4.040706423357293 and parameters: {'g_reg': -0.4789623727668648, 'f_reg': -4.978122549713215, 'm_reg': -1.238572441426141, 'output_scale': -0.4405342683318391, 'length_mean': -0.6976203513043524, 'length_var': -2.829268578860633}. Best is trial 316 with value: 3.9293422879626934.[0m

DTW mean relative error: 4.040706423357293%
(G_reg, F_reg, M_reg, output_scale, length_mean, length_var) (0.3319232141029648, 1.0516650718974078e-05, 0.05773345638056623, 0.3626316713919396, 0.20062250496581124, 0.001481601541326197)
______________________________________________________________________________
epoch 0
epoch 1
epoch 2
Mean Training time per state 0.4076745437853264
[32m[I 2022-06-17 21:06:13,913][0m Trial 486 finished with value: 5.1959488976791075 and parameters: {'g_reg': -0.4133660147749729, 'f_reg': -4.917220624418289, 'm_reg': -1.3464210155762217, 'output_scale': -0.40546595593954265, 'length_mean': -0.5716834946458137, 'length_var': -2.7149834892672846}. Best is trial 316 with value: 3.9293422879626934.[0m

DTW mean relative error: 5.1959488976791075%
(G_reg, F_reg, M_reg, output_scale, length_mean, length_var) (0.3860414918050465, 1.2099832980171878e-05, 0.04503798836895048, 0.39312806075125606, 0.26811215621324397, 0.0019275981940059734)
______________________________________________________________________________
epoch 0
epoch 1
epoch 2
Mean Training time per state 0.4182274341583252
[32m[I 2022-06-17 21:09:57,116][0m Trial 487 finished with value: 4.2360190319615585 and parameters: {'g_reg': -0.9499599027198726, 'f_reg': -4.862508638341896, 'm_reg': -1.3726108046408985, 'output_scale': -0.45711984478339, 'length_mean': -0.7601961777618227, 'length_var': -2.796853294003528}. Best is trial 316 with value: 3.9293422879626934.[0m

DTW mean relative error: 4.2360190319615585%
(G_reg, F_reg, M_reg, output_scale, length_mean, length_var) (0.11221220521304154, 1.3724336623205977e-05, 0.04240227861583575, 0.3490439825191364, 0.17370160135978027, 0.001596418331128839)
______________________________________________________________________________
epoch 0
epoch 1
epoch 2
Mean Training time per state 0.4001890746029941
[32m[I 2022-06-17 21:13:41,774][0m Trial 488 finished with value: 5.1002710762273304 and parameters: {'g_reg': -0.28808611486776936, 'f_reg': -5.426904613949648, 'm_reg': -1.508200173990498, 'output_scale': -0.4824783653119138, 'length_mean': -0.6181759410731142, 'length_var': -2.741970922500679}. Best is trial 316 with value: 3.9293422879626934.[0m

DTW mean relative error: 5.1002710762273304%
(G_reg, F_reg, M_reg, output_scale, length_mean, length_var) (0.5151264916651067, 3.7419276488724232e-06, 0.03103128971553036, 0.3292468545908015, 0.24089293272371748, 0.0018114613720871984)
______________________________________________________________________________
epoch 0
epoch 1
epoch 2
Mean Training time per state 0.3488984830451734
[32m[I 2022-06-17 21:17:23,505][0m Trial 489 finished with value: 25.697049884936874 and parameters: {'g_reg': -1.7781186707841297, 'f_reg': -4.951520452105836, 'm_reg': -1.038138673459976, 'output_scale': -0.4253004822298898, 'length_mean': -0.7066732390879938, 'length_var': -2.841222718260019}. Best is trial 316 with value: 3.9293422879626934.[0m

DTW mean relative error: 25.697049884936874%
(G_reg, F_reg, M_reg, output_scale, length_mean, length_var) (0.016667917001900744, 1.1180971691141552e-05, 0.09159279808039203, 0.3755774576235878, 0.19648380547751082, 0.0014413759843606583)
______________________________________________________________________________
epoch 0
epoch 1
epoch 2
Mean Training time per state 0.4206762241594719
[32m[I 2022-06-17 21:21:06,985][0m Trial 490 finished with value: 4.883317632615539 and parameters: {'g_reg': -0.343088427319994, 'f_reg': -4.835794197915214, 'm_reg': -2.3772421051170327, 'output_scale': -0.4106473005918454, 'length_mean': -0.6561395198395562, 'length_var': -2.667093451296877}. Best is trial 316 with value: 3.9293422879626934.[0m

DTW mean relative error: 4.883317632615539%
(G_reg, F_reg, M_reg, output_scale, length_mean, length_var) (0.4538491983580604, 1.4595057223480711e-05, 0.004195250471557619, 0.38846571885586734, 0.22072955115089796, 0.0021523185499269615)
______________________________________________________________________________
epoch 0
epoch 1
epoch 2
Mean Training time per state 0.4061516053748853
[32m[I 2022-06-17 21:24:49,988][0m Trial 491 finished with value: 5.095132747905561 and parameters: {'g_reg': -0.46459585331778597, 'f_reg': -4.9389937797954815, 'm_reg': -1.4475353634011134, 'output_scale': -0.4436124329157594, 'length_mean': -0.6217818192971415, 'length_var': -2.786721791476008}. Best is trial 316 with value: 3.9293422879626934.[0m

DTW mean relative error: 5.095132747905561%
(G_reg, F_reg, M_reg, output_scale, length_mean, length_var) (0.34308690858352964, 1.1508168714588118e-05, 0.035683269219912446, 0.3600705209823325, 0.23890111720461987, 0.0016340984141593677)
______________________________________________________________________________
epoch 0
epoch 1
epoch 2
Mean Training time per state 0.4027198372465192
[32m[I 2022-06-17 21:28:32,374][0m Trial 492 finished with value: 4.20793809414876 and parameters: {'g_reg': -1.2647484822336277, 'f_reg': -4.890879783781274, 'm_reg': -1.3010274281337235, 'output_scale': -0.5086789599478307, 'length_mean': -0.750701649535177, 'length_var': -2.517388400163058}. Best is trial 316 with value: 3.9293422879626934.[0m

DTW mean relative error: 4.20793809414876%
(G_reg, F_reg, M_reg, output_scale, length_mean, length_var) (0.0543565041186829, 1.2856424869130494e-05, 0.05000029559871864, 0.30997098263244155, 0.1775408727597085, 0.003038166703634533)
______________________________________________________________________________
epoch 0
epoch 1
epoch 2
Mean Training time per state 0.39475958275072504
