[32m[I 2022-06-16 22:14:20,567][0m Trial 116 finished with value: 4.301953994955031 and parameters: {'g_reg': -0.09525677051097323, 'f_reg': -5.452740932641435, 'm_reg': -2.9950733579937623, 'output_scale': -0.15819218489324932, 'length_mean': -0.775990509685685, 'length_var': -2.879793330227846}. Best is trial 70 with value: 4.050242107763392.[0m

DTW mean relative error: 4.301953994955031%
(G_reg, F_reg, M_reg, output_scale, length_mean, length_var) (0.8030511890673057, 3.525811316553302e-06, 0.0010114085997465696, 0.6947168220306758, 0.16749794777073146, 0.0013188842129223108)
______________________________________________________________________________
epoch 0
epoch 1
epoch 2
Mean Training time per state 0.3900297266064268
[32m[I 2022-06-16 22:18:03,494][0m Trial 117 finished with value: 4.081866831682021 and parameters: {'g_reg': -0.1197857526264835, 'f_reg': -5.3988788258732425, 'm_reg': -2.8578303949596293, 'output_scale': -0.11527265605588995, 'length_mean': -0.6516471069972398, 'length_var': -2.955468261011361}. Best is trial 70 with value: 4.050242107763392.[0m

DTW mean relative error: 4.081866831682021%
(G_reg, F_reg, M_reg, output_scale, length_mean, length_var) (0.7589518909706456, 3.991362513248994e-06, 0.0013872975044413609, 0.7668798804485507, 0.22302466361560477, 0.0011079795354680465)
______________________________________________________________________________
epoch 0
epoch 1
epoch 2
Mean Training time per state 0.4094094796614213
[32m[I 2022-06-16 22:21:44,071][0m Trial 118 finished with value: 5.139249097063417 and parameters: {'g_reg': -0.12249663555241602, 'f_reg': -5.715122721216241, 'm_reg': -2.834540838100311, 'output_scale': -0.19380204031934664, 'length_mean': -0.5766974983877573, 'length_var': -2.9902488817890855}. Best is trial 70 with value: 4.050242107763392.[0m

DTW mean relative error: 5.139249097063417%
(G_reg, F_reg, M_reg, output_scale, length_mean, length_var) (0.7542292387836816, 1.9269803177763997e-06, 0.0014637238924361245, 0.6400265052510821, 0.2650345556137514, 0.0010227067402315355)
______________________________________________________________________________
epoch 0
epoch 1
epoch 2
Mean Training time per state 0.4172359668847287
[32m[I 2022-06-16 22:25:35,287][0m Trial 119 finished with value: 9.733224305974044 and parameters: {'g_reg': -0.15166936171739503, 'f_reg': -5.406927137714145, 'm_reg': -2.9612417894874916, 'output_scale': -0.11924689871289613, 'length_mean': -1.3692598546006054, 'length_var': -2.954050231709207}. Best is trial 70 with value: 4.050242107763392.[0m

DTW mean relative error: 9.733224305974044%
(G_reg, F_reg, M_reg, output_scale, length_mean, length_var) (0.7052297721302014, 3.918076057880331e-06, 0.0010933474855636107, 0.7598941502699987, 0.042730713583611794, 0.001111603148730066)
______________________________________________________________________________
epoch 0
epoch 1
epoch 2
Mean Training time per state 0.38369898362593213
[32m[I 2022-06-16 22:29:15,723][0m Trial 120 finished with value: 4.984947384999234 and parameters: {'g_reg': -0.18948068901637238, 'f_reg': -5.512618741706997, 'm_reg': -2.8602306742920125, 'output_scale': -0.09286312758547012, 'length_mean': -0.6291004252325225, 'length_var': -2.9207982691191954}. Best is trial 70 with value: 4.050242107763392.[0m

DTW mean relative error: 4.984947384999234%
(G_reg, F_reg, M_reg, output_scale, length_mean, length_var) (0.646426736843672, 3.0717174033290184e-06, 0.0013796512720656642, 0.8074894788427531, 0.23490895601056247, 0.0012000566030207318)
______________________________________________________________________________
epoch 0
epoch 1
epoch 2
Mean Training time per state 0.4070931203437574
[32m[I 2022-06-16 22:32:57,009][0m Trial 121 finished with value: 4.11311242875062 and parameters: {'g_reg': -0.019677269636500946, 'f_reg': -5.387963273390228, 'm_reg': -2.792638330662784, 'output_scale': -0.16073579692831486, 'length_mean': -0.7169325929946799, 'length_var': -2.867027639460999}. Best is trial 70 with value: 4.050242107763392.[0m

DTW mean relative error: 4.11311242875062%
(G_reg, F_reg, M_reg, output_scale, length_mean, length_var) (0.9557025182481336, 4.092952707894091e-06, 0.0016119874983272315, 0.6906598390137032, 0.19189665610588277, 0.0013582270032671036)
______________________________________________________________________________
epoch 0
epoch 1
epoch 2
Mean Training time per state 0.3899316932215835
[32m[I 2022-06-16 22:36:35,682][0m Trial 122 finished with value: 4.11236462420022 and parameters: {'g_reg': -0.0006876245502352996, 'f_reg': -5.387555678793344, 'm_reg': -2.807127781397744, 'output_scale': -0.1640578794136997, 'length_mean': -0.6699164313177974, 'length_var': -2.846108517707151}. Best is trial 70 with value: 4.050242107763392.[0m

DTW mean relative error: 4.11236462420022%
(G_reg, F_reg, M_reg, output_scale, length_mean, length_var) (0.9984179387414556, 4.0967958341018e-06, 0.0015590937070265286, 0.6853968759644946, 0.21383735243070598, 0.001425251419744563)
______________________________________________________________________________
epoch 0
epoch 1
epoch 2
Mean Training time per state 0.395825212652033
[32m[I 2022-06-16 22:40:16,829][0m Trial 123 finished with value: 4.968214052947991 and parameters: {'g_reg': -0.00036265581798808637, 'f_reg': -5.38795647163638, 'm_reg': -2.8701117837621615, 'output_scale': -0.15870185726581337, 'length_mean': -0.6481922060693481, 'length_var': -2.8576550636442906}. Best is trial 70 with value: 4.050242107763392.[0m

DTW mean relative error: 4.968214052947991%
(G_reg, F_reg, M_reg, output_scale, length_mean, length_var) (0.999165302673398, 4.093016810653845e-06, 0.0013486157155249234, 0.6939020055861647, 0.22480594600994974, 0.0013878576907024119)
______________________________________________________________________________
epoch 0
epoch 1
epoch 2
Mean Training time per state 0.4112097928018281
[32m[I 2022-06-16 22:43:57,697][0m Trial 124 finished with value: 5.235056789863748 and parameters: {'g_reg': -0.03569517938504792, 'f_reg': -5.475957218541648, 'm_reg': -2.934529502521321, 'output_scale': -0.10724722782327886, 'length_mean': -0.5326057350753447, 'length_var': -2.927372692953277}. Best is trial 70 with value: 4.050242107763392.[0m

DTW mean relative error: 5.235056789863748%
(G_reg, F_reg, M_reg, output_scale, length_mean, length_var) (0.9210958394413976, 3.3422796251536194e-06, 0.0011627075631937944, 0.781182979344199, 0.29335552018980665, 0.0011820267555420361)
______________________________________________________________________________
epoch 0
epoch 1
epoch 2
Mean Training time per state 0.3968671813155666
[32m[I 2022-06-16 22:47:37,512][0m Trial 125 finished with value: 4.430894860020944 and parameters: {'g_reg': -0.11508198158794539, 'f_reg': -5.3581272452356465, 'm_reg': -2.816335921836864, 'output_scale': -0.13946389387530672, 'length_mean': -0.817191092758698, 'length_var': -2.968647402959553}. Best is trial 70 with value: 4.050242107763392.[0m

DTW mean relative error: 4.430894860020944%
(G_reg, F_reg, M_reg, output_scale, length_mean, length_var) (0.7672166485251989, 4.3840223017878645e-06, 0.001526384960126788, 0.7253307777173934, 0.15233823069143873, 0.0010748617219609484)
______________________________________________________________________________
epoch 0
epoch 1
epoch 2
Mean Training time per state 0.4159266370715517
[32m[I 2022-06-16 22:51:18,637][0m Trial 126 finished with value: 4.077059664711576 and parameters: {'g_reg': -0.07368510630196122, 'f_reg': -5.542938970790727, 'm_reg': -2.319754057456019, 'output_scale': -0.18071266636378186, 'length_mean': -0.6788931200314634, 'length_var': -2.9977488440490236}. Best is trial 70 with value: 4.050242107763392.[0m

DTW mean relative error: 4.077059664711576%
(G_reg, F_reg, M_reg, output_scale, length_mean, length_var) (0.8439464558399424, 2.8645804866466167e-06, 0.004789012190467608, 0.6596101556836166, 0.20946278808122795, 0.0010051969355996204)
______________________________________________________________________________
epoch 0
epoch 1
epoch 2
Mean Training time per state 0.4214755983063669
[32m[I 2022-06-16 22:55:01,778][0m Trial 127 finished with value: 4.227406102871901 and parameters: {'g_reg': -0.1716124039264468, 'f_reg': -5.619018418175876, 'm_reg': -2.684576083454031, 'output_scale': -0.1667686045326115, 'length_mean': -0.7565655394249216, 'length_var': -2.99008650614777}. Best is trial 70 with value: 4.050242107763392.[0m

DTW mean relative error: 4.227406102871901%
(G_reg, F_reg, M_reg, output_scale, length_mean, length_var) (0.6735775378353996, 2.4042608345439828e-06, 0.002067397165721204, 0.6811321745335628, 0.17515980804158088, 0.0010230891851339622)
______________________________________________________________________________
epoch 0
epoch 1
epoch 2
Mean Training time per state 0.40411550348455255
[32m[I 2022-06-16 22:58:40,082][0m Trial 128 finished with value: 4.086456303649102 and parameters: {'g_reg': -0.06706635047474635, 'f_reg': -5.538456407379815, 'm_reg': -2.878495890323533, 'output_scale': -0.18870379726285527, 'length_mean': -0.6676319577435406, 'length_var': -2.8422310246424005}. Best is trial 70 with value: 4.050242107763392.[0m

DTW mean relative error: 4.086456303649102%
(G_reg, F_reg, M_reg, output_scale, length_mean, length_var) (0.8569069190347632, 2.89430031995607e-06, 0.0013228302257340895, 0.6475841382747842, 0.21496514215581797, 0.001438033407280014)
______________________________________________________________________________
epoch 0
epoch 1
epoch 2
Mean Training time per state 0.3833343838200425
[32m[I 2022-06-16 23:02:20,120][0m Trial 129 finished with value: 5.080022636831471 and parameters: {'g_reg': -0.06944528404072771, 'f_reg': -5.548022000711965, 'm_reg': -2.797241397801181, 'output_scale': -0.22784236884701195, 'length_mean': -0.5999798820234888, 'length_var': -2.8592956389713304}. Best is trial 70 with value: 4.050242107763392.[0m

DTW mean relative error: 5.080022636831471%
(G_reg, F_reg, M_reg, output_scale, length_mean, length_var) (0.8522258749790366, 2.8312485653286822e-06, 0.0015949923418850762, 0.5917763858499667, 0.2512002793206091, 0.0013826248589495624)
______________________________________________________________________________
epoch 0
epoch 1
epoch 2
Mean Training time per state 0.4090141094092166
[32m[I 2022-06-16 23:06:00,869][0m Trial 130 finished with value: 5.7228311201649005 and parameters: {'g_reg': -0.14663515813051228, 'f_reg': -5.713893818041502, 'm_reg': -2.865616520344966, 'output_scale': -0.18390531388642697, 'length_mean': -0.48627781790276037, 'length_var': -2.9088951936033722}. Best is trial 70 with value: 4.050242107763392.[0m

DTW mean relative error: 5.7228311201649005%
(G_reg, F_reg, M_reg, output_scale, length_mean, length_var) (0.7134521349205655, 1.932440727484749e-06, 0.0013626473615846004, 0.654778915260794, 0.32637898095275164, 0.0012334024489597318)
______________________________________________________________________________
epoch 0
epoch 1
epoch 2
Mean Training time per state 0.41688572276722297
[32m[I 2022-06-16 23:09:43,218][0m Trial 131 finished with value: 4.09975185274479 and parameters: {'g_reg': -0.01435737433938079, 'f_reg': -5.505506134673057, 'm_reg': -2.8981676004598147, 'output_scale': -0.13458703438966813, 'length_mean': -0.6694327040283574, 'length_var': -2.8327798744265094}. Best is trial 70 with value: 4.050242107763392.[0m

DTW mean relative error: 4.09975185274479%
(G_reg, F_reg, M_reg, output_scale, length_mean, length_var) (0.9674814028451764, 3.1224382995762912e-06, 0.0012642483617695888, 0.7335216989403287, 0.21407566213745882, 0.0014696710031985413)
______________________________________________________________________________
epoch 0
epoch 1
epoch 2
Mean Training time per state 0.41586329720237036
[32m[I 2022-06-16 23:13:24,149][0m Trial 132 finished with value: 4.132020435461112 and parameters: {'g_reg': -0.0008953597320654205, 'f_reg': -5.504794041966091, 'm_reg': -2.9061621609869035, 'output_scale': -0.13027300260956273, 'length_mean': -0.6787865301421432, 'length_var': -2.8257353292806164}. Best is trial 70 with value: 4.050242107763392.[0m

DTW mean relative error: 4.132020435461112%
(G_reg, F_reg, M_reg, output_scale, length_mean, length_var) (0.9979404817521856, 3.1275622177646242e-06, 0.0012411887742386, 0.7408443914155937, 0.20951420332224313, 0.0014937044358472658)
______________________________________________________________________________
epoch 0
epoch 1
epoch 2
Mean Training time per state 0.38822465231924347
[32m[I 2022-06-16 23:17:07,290][0m Trial 133 finished with value: 27.492757948905822 and parameters: {'g_reg': -0.09350053479136151, 'f_reg': -5.438883858989257, 'm_reg': -2.73404663330478, 'output_scale': -0.1087310453666267, 'length_mean': -0.6474927221420413, 'length_var': -2.9056535059967574}. Best is trial 70 with value: 4.050242107763392.[0m

DTW mean relative error: 27.492757948905822%
(G_reg, F_reg, M_reg, output_scale, length_mean, length_var) (0.8063052084677726, 3.6401236895964357e-06, 0.0018448173173135824, 0.778518531246261, 0.22516831498807893, 0.0012426433327284202)
______________________________________________________________________________
epoch 0
epoch 1
epoch 2
Mean Training time per state 0.4087036595200047
[32m[I 2022-06-16 23:20:48,935][0m Trial 134 finished with value: 5.089388337764134 and parameters: {'g_reg': -0.07175879871084151, 'f_reg': -5.563418158141067, 'm_reg': -2.3101376452046365, 'output_scale': -0.19637804611503407, 'length_mean': -0.5817387794872363, 'length_var': -2.8395556065694483}. Best is trial 70 with value: 4.050242107763392.[0m

DTW mean relative error: 5.089388337764134%
(G_reg, F_reg, M_reg, output_scale, length_mean, length_var) (0.8476980834923651, 2.7326363547905234e-06, 0.004896236135659416, 0.6362414422034153, 0.2619758273071624, 0.0014469195793036743)
______________________________________________________________________________
epoch 0
epoch 1
epoch 2
Mean Training time per state 0.3988159714323101
[32m[I 2022-06-16 23:24:30,589][0m Trial 135 finished with value: 4.319636091809898 and parameters: {'g_reg': -0.1892139711777466, 'f_reg': -5.46365448405575, 'm_reg': -2.8190507601507804, 'output_scale': -0.14073787706900315, 'length_mean': -0.7899419619575602, 'length_var': -2.9370398414006362}. Best is trial 70 with value: 4.050242107763392.[0m

DTW mean relative error: 4.319636091809898%
(G_reg, F_reg, M_reg, output_scale, length_mean, length_var) (0.6468238556263837, 3.4383138444074754e-06, 0.001516873065631704, 0.7232061704739168, 0.16220268465392473, 0.0011560061873831559)
______________________________________________________________________________
epoch 0
epoch 1
epoch 2
Mean Training time per state 0.4060552409200957
[32m[I 2022-06-16 23:28:13,177][0m Trial 136 finished with value: 5.295051037621809 and parameters: {'g_reg': -0.000771982677715565, 'f_reg': -5.605180474225872, 'm_reg': -2.942313127915958, 'output_scale': -0.21668774575939628, 'length_mean': -0.5373798256077551, 'length_var': -2.8782314571094565}. Best is trial 70 with value: 4.050242107763392.[0m

DTW mean relative error: 5.295051037621809%
(G_reg, F_reg, M_reg, output_scale, length_mean, length_var) (0.9982240231108878, 2.482101435674498e-06, 0.0011420546123034805, 0.6071727249946945, 0.29014839623668137, 0.0013236359158306707)
______________________________________________________________________________
epoch 0
epoch 1
epoch 2
Mean Training time per state 0.3912045160929362
[32m[I 2022-06-16 23:31:54,391][0m Trial 137 finished with value: 4.963678756219282 and parameters: {'g_reg': -0.122189530656161, 'f_reg': -5.544961160403547, 'm_reg': -2.878900560554585, 'output_scale': -0.17500079035135446, 'length_mean': -0.6232181104656322, 'length_var': -2.7911607659552593}. Best is trial 70 with value: 4.050242107763392.[0m

DTW mean relative error: 4.963678756219282%
(G_reg, F_reg, M_reg, output_scale, length_mean, length_var) (0.7547627694110853, 2.85127324967668e-06, 0.0013215982029587548, 0.6683427012832095, 0.23811233262488676, 0.001617481172006494)
______________________________________________________________________________
epoch 0
epoch 1
epoch 2
Mean Training time per state 0.40575852538600116
[32m[I 2022-06-16 23:35:37,368][0m Trial 138 finished with value: 25.35425776750549 and parameters: {'g_reg': -0.21667857341531946, 'f_reg': -5.503230985038813, 'm_reg': -2.791848931326149, 'output_scale': -0.1220192039763278, 'length_mean': -0.6692880475788915, 'length_var': -2.944752467873469}. Best is trial 70 with value: 4.050242107763392.[0m

DTW mean relative error: 25.35425776750549%
(G_reg, F_reg, M_reg, output_scale, length_mean, length_var) (0.6071855486804452, 3.138838818532276e-06, 0.0016149202066697444, 0.7550588391392817, 0.2141469791457072, 0.001135657915126472)
______________________________________________________________________________
epoch 0
epoch 1
epoch 2
Mean Training time per state 0.40168038281527435
[32m[I 2022-06-16 23:39:22,013][0m Trial 139 finished with value: 4.6848008017995575 and parameters: {'g_reg': -0.05966357175408002, 'f_reg': -5.672025401135642, 'm_reg': -2.7006051782801164, 'output_scale': -0.23770779267275088, 'length_mean': -0.7532925392199752, 'length_var': -1.37414107765521}. Best is trial 70 with value: 4.050242107763392.[0m

DTW mean relative error: 4.6848008017995575%
(G_reg, F_reg, M_reg, output_scale, length_mean, length_var) (0.8716385473588395, 2.1280145784382234e-06, 0.0019924839041112036, 0.5784851399441167, 0.17648486244489728, 0.042253133549392176)
______________________________________________________________________________
epoch 0
epoch 1
epoch 2
Mean Training time per state 0.3983317577477658
[32m[I 2022-06-16 23:43:03,777][0m Trial 140 finished with value: 25.804414282037307 and parameters: {'g_reg': -0.2844047173316304, 'f_reg': -5.450017224877307, 'm_reg': -2.9106325682721264, 'output_scale': -0.09134176966615633, 'length_mean': -0.8295869418575201, 'length_var': -2.820855796532158}. Best is trial 70 with value: 4.050242107763392.[0m

DTW mean relative error: 25.804414282037307%
(G_reg, F_reg, M_reg, output_scale, length_mean, length_var) (0.5195116400151192, 3.5479931699422185e-06, 0.0012284781367233766, 0.8103231200642481, 0.1480515839615039, 0.0015105816455724542)
______________________________________________________________________________
epoch 0
epoch 1
epoch 2
Mean Training time per state 0.4220609953909209
[32m[I 2022-06-16 23:46:45,727][0m Trial 141 finished with value: 4.10818338238212 and parameters: {'g_reg': -0.03113266831923775, 'f_reg': -5.403735607795147, 'm_reg': -2.998003445792936, 'output_scale': -0.16820478505379283, 'length_mean': -0.7049862687849544, 'length_var': -2.9896174343790527}. Best is trial 70 with value: 4.050242107763392.[0m

DTW mean relative error: 4.10818338238212%
(G_reg, F_reg, M_reg, output_scale, length_mean, length_var) (0.9308234839865117, 3.946975150924034e-06, 0.0010046078194558198, 0.6788834398210285, 0.19724850997644994, 0.0010241947978755885)
______________________________________________________________________________
epoch 0
epoch 1
epoch 2
Mean Training time per state 0.3735368251800537
[32m[I 2022-06-16 23:50:26,563][0m Trial 142 finished with value: 25.315972095217298 and parameters: {'g_reg': -0.0333806067540434, 'f_reg': -5.374028018034334, 'm_reg': -2.9523676118013302, 'output_scale': -0.18904584513365494, 'length_mean': -0.6720607949405639, 'length_var': -2.8927282028191144}. Best is trial 70 with value: 4.050242107763392.[0m

DTW mean relative error: 25.315972095217298%
(G_reg, F_reg, M_reg, output_scale, length_mean, length_var) (0.926017924597136, 4.226413471409902e-06, 0.0011159182705575853, 0.6470743054773854, 0.21278411581739648, 0.0012801822378111706)
______________________________________________________________________________
epoch 0
epoch 1
epoch 2
Mean Training time per state 0.39855099446845776
[32m[I 2022-06-16 23:54:08,196][0m Trial 143 finished with value: 4.113849870708377 and parameters: {'g_reg': -0.15841684849582838, 'f_reg': -5.442974438367023, 'm_reg': -2.864962123177711, 'output_scale': -0.1575929030748106, 'length_mean': -0.7146071086178972, 'length_var': -2.9955992371234164}. Best is trial 70 with value: 4.050242107763392.[0m

DTW mean relative error: 4.113849870708377%
(G_reg, F_reg, M_reg, output_scale, length_mean, length_var) (0.69435753305176, 3.605998665245128e-06, 0.00136470215335997, 0.6956761216696886, 0.19292694681355196, 0.0010101846450217516)
______________________________________________________________________________
epoch 0
epoch 1
epoch 2
Mean Training time per state 0.4146428180463386
[32m[I 2022-06-16 23:57:49,716][0m Trial 144 finished with value: 4.166952422848113 and parameters: {'g_reg': -0.1510419867382835, 'f_reg': -5.33001295396922, 'm_reg': -2.8453637287639535, 'output_scale': -0.2639630123934361, 'length_mean': -0.7304727987169942, 'length_var': -2.999959723882889}. Best is trial 70 with value: 4.050242107763392.[0m

DTW mean relative error: 4.166952422848113%
(G_reg, F_reg, M_reg, output_scale, length_mean, length_var) (0.706249272168583, 4.67721190070884e-06, 0.0014276977373418112, 0.5445490285353815, 0.1860061061278571, 0.0010000927434872754)
______________________________________________________________________________
epoch 0
epoch 1
epoch 2
Mean Training time per state 0.4053597305760239
