[32m[I 2022-06-17 08:57:15,411][0m Trial 290 finished with value: 3.9969272904437516 and parameters: {'g_reg': -0.5110745771075415, 'f_reg': -4.678665987948726, 'm_reg': -2.9252709362112514, 'output_scale': -0.3933058609770338, 'length_mean': -0.6748589822258397, 'length_var': -2.722075891370818}. Best is trial 254 with value: 3.9372153724412313.[0m

DTW mean relative error: 3.9969272904437516%
(G_reg, F_reg, M_reg, output_scale, length_mean, length_var) (0.30826585502505255, 2.095723638743826e-05, 0.001187761007177875, 0.4042910609702329, 0.21141754126212275, 0.0018963745077524921)
______________________________________________________________________________
epoch 0
epoch 1
epoch 2
Mean Training time per state 0.41714320760784734
[32m[I 2022-06-17 09:00:56,550][0m Trial 291 finished with value: 4.058342289298888 and parameters: {'g_reg': -0.5524174215251372, 'f_reg': -4.836980588195883, 'm_reg': -2.9022362359738176, 'output_scale': -0.4001755091360589, 'length_mean': -0.7168495940024833, 'length_var': -2.747260992774361}. Best is trial 254 with value: 3.9372153724412313.[0m

DTW mean relative error: 4.058342289298888%
(G_reg, F_reg, M_reg, output_scale, length_mean, length_var) (0.2802738494814717, 1.455524137171857e-05, 0.0012524597098582883, 0.3979463181089324, 0.19193333341072458, 0.0017895300982686472)
______________________________________________________________________________
epoch 0
epoch 1
epoch 2
Mean Training time per state 0.41946890137412335
[32m[I 2022-06-17 09:05:03,556][0m Trial 292 finished with value: 26.23407697787975 and parameters: {'g_reg': -0.41229952768836653, 'f_reg': -4.762109981168641, 'm_reg': -2.8751907083409165, 'output_scale': -0.44193541091580696, 'length_mean': -1.9203861827424222, 'length_var': -2.6828779815265693}. Best is trial 254 with value: 3.9372153724412313.[0m

DTW mean relative error: 26.23407697787975%
(G_reg, F_reg, M_reg, output_scale, length_mean, length_var) (0.3869906500569718, 1.729378354254223e-05, 0.0013329359818725958, 0.3614636161845513, 0.012011958338691836, 0.0020754965627385455)
______________________________________________________________________________
epoch 0
epoch 1
epoch 2
Mean Training time per state 0.3986003687887481
[32m[I 2022-06-17 09:08:44,002][0m Trial 293 finished with value: 3.979238198297077 and parameters: {'g_reg': -0.702225703098119, 'f_reg': -4.59070624280782, 'm_reg': -2.9220611116360224, 'output_scale': -0.49160216450947125, 'length_mean': -0.6713805658012357, 'length_var': -2.7068535283263455}. Best is trial 254 with value: 3.9372153724412313.[0m

DTW mean relative error: 3.979238198297077%
(G_reg, F_reg, M_reg, output_scale, length_mean, length_var) (0.19850630108231127, 2.5662192426906582e-05, 0.0011965721441195613, 0.3224020803464072, 0.21311765763019275, 0.001964022558255055)
______________________________________________________________________________
epoch 0
epoch 1
epoch 2
Mean Training time per state 0.39766964045437897
[32m[I 2022-06-17 09:12:25,747][0m Trial 294 finished with value: 4.149903895411039 and parameters: {'g_reg': -0.6049664485394982, 'f_reg': -4.578956018889657, 'm_reg': -2.9319622029604933, 'output_scale': -0.500270778638088, 'length_mean': -0.744846183588956, 'length_var': -2.67239274017982}. Best is trial 254 with value: 3.9372153724412313.[0m

DTW mean relative error: 4.149903895411039%
(G_reg, F_reg, M_reg, output_scale, length_mean, length_var) (0.24833249473843474, 2.6365983812805198e-05, 0.0011696011780333456, 0.31603066234900384, 0.17995081437486413, 0.002126215402134209)
______________________________________________________________________________
epoch 0
epoch 1
epoch 2
Mean Training time per state 0.39558468442974665
[32m[I 2022-06-17 09:16:06,275][0m Trial 295 finished with value: 4.935329854676215 and parameters: {'g_reg': -0.5464729363599886, 'f_reg': -4.689609257946403, 'm_reg': -2.9255933409534105, 'output_scale': -0.48327726273449756, 'length_mean': -0.6391427342526557, 'length_var': -2.7205831644222433}. Best is trial 254 with value: 3.9372153724412313.[0m

DTW mean relative error: 4.935329854676215%
(G_reg, F_reg, M_reg, output_scale, length_mean, length_var) (0.2841365242932029, 2.04357575728784e-05, 0.0011868795829554591, 0.32864175207867324, 0.22953941250322044, 0.0019029038096230987)
______________________________________________________________________________
epoch 0
epoch 1
epoch 2
Mean Training time per state 0.3998261148279363
[32m[I 2022-06-17 09:19:46,837][0m Trial 296 finished with value: 5.081275739676918 and parameters: {'g_reg': -0.6787375089086819, 'f_reg': -4.489100942956731, 'm_reg': -2.8913942501319543, 'output_scale': -0.5216696042721451, 'length_mean': -0.5912432151208655, 'length_var': -2.6142844358321202}. Best is trial 254 with value: 3.9372153724412313.[0m

DTW mean relative error: 5.081275739676918%
(G_reg, F_reg, M_reg, output_scale, length_mean, length_var) (0.20953785369031527, 3.242642399343293e-05, 0.0012841204132489248, 0.3008364088217889, 0.25630482672317023, 0.0024306115884823363)
______________________________________________________________________________
epoch 0
epoch 1
epoch 2
Mean Training time per state 0.3996186184160637
[32m[I 2022-06-17 09:23:28,566][0m Trial 297 finished with value: 4.042681506383931 and parameters: {'g_reg': -0.6433449265235709, 'f_reg': -4.611893416775705, 'm_reg': -2.9001850341433992, 'output_scale': -0.394278091557934, 'length_mean': -0.7065773278994183, 'length_var': -2.712154919229828}. Best is trial 254 with value: 3.9372153724412313.[0m

DTW mean relative error: 4.042681506383931%
(G_reg, F_reg, M_reg, output_scale, length_mean, length_var) (0.2273291214177045, 2.4440302855409767e-05, 0.0012583891522325286, 0.4033870096587754, 0.19652720247461009, 0.001940193658521025)
______________________________________________________________________________
epoch 0
epoch 1
epoch 2
Mean Training time per state 0.3957720380840879
[32m[I 2022-06-17 09:27:11,069][0m Trial 298 finished with value: 25.406011988238316 and parameters: {'g_reg': -0.7679666547240742, 'f_reg': -4.633149698608085, 'm_reg': -2.7660941422212963, 'output_scale': -0.41329191995630205, 'length_mean': -0.6696209388763318, 'length_var': -2.671332040867941}. Best is trial 254 with value: 3.9372153724412313.[0m

DTW mean relative error: 25.406011988238316%
(G_reg, F_reg, M_reg, output_scale, length_mean, length_var) (0.17062133876099408, 2.3272889173700618e-05, 0.0017135858124341353, 0.3861073598178732, 0.21398289612299812, 0.002131414711906139)
______________________________________________________________________________
epoch 0
epoch 1
epoch 2
Mean Training time per state 0.40666993459065753
[32m[I 2022-06-17 09:30:53,201][0m Trial 299 finished with value: 4.285151852724064 and parameters: {'g_reg': -0.5650853874558481, 'f_reg': -4.808717434164171, 'm_reg': -2.993432014958725, 'output_scale': -0.5005682314111546, 'length_mean': -0.7764119845866971, 'length_var': -2.769642374048967}. Best is trial 254 with value: 3.9372153724412313.[0m

DTW mean relative error: 4.285151852724064%
(G_reg, F_reg, M_reg, output_scale, length_mean, length_var) (0.27221660452682195, 1.5533973710899242e-05, 0.0010152382808975731, 0.31581428379497767, 0.16733547290904102, 0.0016996426712266373)
______________________________________________________________________________
epoch 0
epoch 1
epoch 2
Mean Training time per state 0.386795289588697
[32m[I 2022-06-17 09:34:35,220][0m Trial 300 finished with value: 28.61047930691309 and parameters: {'g_reg': -0.7041708588079789, 'f_reg': -4.7506978275425515, 'm_reg': -2.847350096689371, 'output_scale': -0.5350213006955449, 'length_mean': -0.5460061960129831, 'length_var': -2.7059904954920007}. Best is trial 254 with value: 3.9372153724412313.[0m

DTW mean relative error: 28.61047930691309%
(G_reg, F_reg, M_reg, output_scale, length_mean, length_var) (0.19761920197317018, 1.7754243520850884e-05, 0.0014211826709099537, 0.2917283927447561, 0.28444205262456096, 0.001967929357248407)
______________________________________________________________________________
epoch 0
epoch 1
epoch 2
Mean Training time per state 0.40865344712228485
[32m[I 2022-06-17 09:38:17,774][0m Trial 301 finished with value: 5.002336256697865 and parameters: {'g_reg': -0.502466184194414, 'f_reg': -4.918680037142327, 'm_reg': -2.9523190222995965, 'output_scale': -0.42174088001220966, 'length_mean': -0.6290905794771986, 'length_var': -2.7290069558703673}. Best is trial 254 with value: 3.9372153724412313.[0m

DTW mean relative error: 5.002336256697865%
(G_reg, F_reg, M_reg, output_scale, length_mean, length_var) (0.3144371243326061, 1.205924067726828e-05, 0.0011160431281100709, 0.37866844827739676, 0.23491428161891778, 0.0018663497982346902)
______________________________________________________________________________
epoch 0
epoch 1
epoch 2
Mean Training time per state 0.39687132835388184
[32m[I 2022-06-17 09:41:58,006][0m Trial 302 finished with value: 4.127188127791692 and parameters: {'g_reg': -0.8919514561306536, 'f_reg': -4.577307107720688, 'm_reg': -2.7976693689542818, 'output_scale': -0.469248241382741, 'length_mean': -0.7295108128269395, 'length_var': -2.7604378845039177}. Best is trial 254 with value: 3.9372153724412313.[0m

DTW mean relative error: 4.127188127791692%
(G_reg, F_reg, M_reg, output_scale, length_mean, length_var) (0.1282473924950219, 2.6466279358575342e-05, 0.0015934213468237139, 0.33943119930606175, 0.18641857641951629, 0.0017360495457116858)
______________________________________________________________________________
epoch 0
epoch 1
epoch 2
Mean Training time per state 0.40544953490748553
[32m[I 2022-06-17 09:45:40,601][0m Trial 303 finished with value: 4.043278924785026 and parameters: {'g_reg': -1.0579443620658473, 'f_reg': -4.701572161324487, 'm_reg': -2.920497955045972, 'output_scale': -0.38004770575481683, 'length_mean': -0.6927896198430344, 'length_var': -2.7776184913139463}. Best is trial 254 with value: 3.9372153724412313.[0m

DTW mean relative error: 4.043278924785026%
(G_reg, F_reg, M_reg, output_scale, length_mean, length_var) (0.08750958775225444, 1.988052452947329e-05, 0.001200886727593468, 0.4168235943175737, 0.20286652039088462, 0.0016687124597076356)
______________________________________________________________________________
epoch 0
epoch 1
epoch 2
Mean Training time per state 0.4024332508896336
[32m[I 2022-06-17 09:49:21,587][0m Trial 304 finished with value: 4.850123842397435 and parameters: {'g_reg': -0.6115812314874627, 'f_reg': -4.8072734893893685, 'm_reg': -2.8508256937069634, 'output_scale': -0.4345465116253664, 'length_mean': -0.6503671067083039, 'length_var': -2.6333565874063214}. Best is trial 254 with value: 3.9372153724412313.[0m

DTW mean relative error: 4.850123842397435%
(G_reg, F_reg, M_reg, output_scale, length_mean, length_var) (0.24457877672223366, 1.558570710954082e-05, 0.0014098545371524396, 0.3676660153514835, 0.22368295596336574, 0.002326180509688977)
______________________________________________________________________________
epoch 0
epoch 1
epoch 2
Mean Training time per state 0.38868245211514557
[32m[I 2022-06-17 09:53:01,432][0m Trial 305 finished with value: 5.1478037617558225 and parameters: {'g_reg': -0.4366024758210711, 'f_reg': -4.657773419526961, 'm_reg': -2.883779053521655, 'output_scale': -0.45987248323163454, 'length_mean': -0.6033106144519474, 'length_var': -2.714109390255223}. Best is trial 254 with value: 3.9372153724412313.[0m

DTW mean relative error: 5.1478037617558225%
(G_reg, F_reg, M_reg, output_scale, length_mean, length_var) (0.3659295858821569, 2.199006841211619e-05, 0.0013068355691101, 0.346838673653725, 0.2492811190248243, 0.0019314817534009676)
______________________________________________________________________________
epoch 0
epoch 1
epoch 2
Mean Training time per state 0.3884153293840813
[32m[I 2022-06-17 09:56:41,374][0m Trial 306 finished with value: 4.867102129003261 and parameters: {'g_reg': -1.9884551446167298, 'f_reg': -4.859274744695115, 'm_reg': -2.8214531317730267, 'output_scale': -0.36117858618767906, 'length_mean': -0.6831114338218082, 'length_var': -2.336425837487344}. Best is trial 254 with value: 3.9372153724412313.[0m

DTW mean relative error: 4.867102129003261%
(G_reg, F_reg, M_reg, output_scale, length_mean, length_var) (0.010269394919283416, 1.3826913798054714e-05, 0.0015085053967637742, 0.4353328237104279, 0.20743811922884098, 0.00460865461890274)
______________________________________________________________________________
epoch 0
epoch 1
epoch 2
Mean Training time per state 0.4156240983442827
[32m[I 2022-06-17 10:00:24,275][0m Trial 307 finished with value: 4.168929269710857 and parameters: {'g_reg': -0.5737192686601685, 'f_reg': -4.715409099065203, 'm_reg': -2.8898621477434263, 'output_scale': -0.4877463336649051, 'length_mean': -0.733332966113817, 'length_var': -2.7934835038197354}. Best is trial 254 with value: 3.9372153724412313.[0m

DTW mean relative error: 4.168929269710857%
(G_reg, F_reg, M_reg, output_scale, length_mean, length_var) (0.26685831000432486, 1.925710067760199e-05, 0.0012886585283272307, 0.32527723254345153, 0.18478513598800791, 0.0016088534871918434)
______________________________________________________________________________
epoch 0
epoch 1
epoch 2
Mean Training time per state 0.42772930318659
[32m[I 2022-06-17 10:04:25,308][0m Trial 308 finished with value: 11.875682076141038 and parameters: {'g_reg': -0.8090043151869821, 'f_reg': -4.769527882064801, 'm_reg': -2.766030473111146, 'output_scale': -0.38694750201619016, 'length_mean': -1.6431593036561805, 'length_var': -2.780240104362069}. Best is trial 254 with value: 3.9372153724412313.[0m

DTW mean relative error: 11.875682076141038%
(G_reg, F_reg, M_reg, output_scale, length_mean, length_var) (0.15523715853850892, 1.7000908029034772e-05, 0.0017138370486026492, 0.4102536918966377, 0.022742630548120833, 0.0016586696406007105)
______________________________________________________________________________
epoch 0
epoch 1
epoch 2
Mean Training time per state 0.4089843648852724
[32m[I 2022-06-17 10:08:08,029][0m Trial 309 finished with value: 4.964042926089737 and parameters: {'g_reg': -1.1327855426022375, 'f_reg': -4.515564608425593, 'm_reg': -2.9328094317651954, 'output_scale': -0.4210540211443764, 'length_mean': -0.6420844603542185, 'length_var': -2.67551934690132}. Best is trial 254 with value: 3.9372153724412313.[0m

DTW mean relative error: 4.964042926089737%
(G_reg, F_reg, M_reg, output_scale, length_mean, length_var) (0.0736570731051384, 3.050952116222645e-05, 0.0011673217249751218, 0.3792678055688033, 0.2279898640687391, 0.0021109631547667116)
______________________________________________________________________________
epoch 0
epoch 1
epoch 2
Mean Training time per state 0.4134825504187382
[32m[I 2022-06-17 10:11:51,694][0m Trial 310 finished with value: 28.39915140236621 and parameters: {'g_reg': -0.3931178737794683, 'f_reg': -4.922430931918798, 'm_reg': -2.84568247762977, 'output_scale': -0.4002899047796573, 'length_mean': -0.5626298740243023, 'length_var': -2.7410619997947157}. Best is trial 254 with value: 3.9372153724412313.[0m

DTW mean relative error: 28.39915140236621%
(G_reg, F_reg, M_reg, output_scale, length_mean, length_var) (0.40446609887187696, 1.1955536455898861e-05, 0.0014266502681861144, 0.39784151058305073, 0.2737600843281612, 0.00181525649861418)
______________________________________________________________________________
epoch 0
epoch 1
epoch 2
Mean Training time per state 0.4110446987730085
[32m[I 2022-06-17 10:15:34,370][0m Trial 311 finished with value: 5.531141705650678 and parameters: {'g_reg': -1.7081208684961753, 'f_reg': -4.609536882476398, 'm_reg': -2.7362907768312534, 'output_scale': -0.32231465232461415, 'length_mean': -0.49966210335283123, 'length_var': -2.8103950864493314}. Best is trial 254 with value: 3.9372153724412313.[0m

DTW mean relative error: 5.531141705650678%
(G_reg, F_reg, M_reg, output_scale, length_mean, length_var) (0.019582995833053365, 2.4573279336794354e-05, 0.001835309121961231, 0.47608593101745883, 0.3164738982717307, 0.001547408269895559)
______________________________________________________________________________
epoch 0
epoch 1
epoch 2
Mean Training time per state 0.4014229629978989
[32m[I 2022-06-17 10:19:17,347][0m Trial 312 finished with value: 4.397492193434049 and parameters: {'g_reg': -1.7535771094156014, 'f_reg': -4.831112217335491, 'm_reg': -2.788313797946956, 'output_scale': -0.45021387504222543, 'length_mean': -0.8080585264234716, 'length_var': -2.7739830023852674}. Best is trial 254 with value: 3.9372153724412313.[0m

DTW mean relative error: 4.397492193434049%
(G_reg, F_reg, M_reg, output_scale, length_mean, length_var) (0.017636925913079155, 1.4753252747768743e-05, 0.0016281192157384641, 0.35463869890412913, 0.15557559605835172, 0.0016827399196211006)
______________________________________________________________________________
epoch 0
epoch 1
epoch 2
Mean Training time per state 0.41353764678492694
[32m[I 2022-06-17 10:22:58,658][0m Trial 313 finished with value: 4.042492546791261 and parameters: {'g_reg': -0.7088540451345758, 'f_reg': -4.740545525335652, 'm_reg': -2.862066533701502, 'output_scale': -0.47389472056844323, 'length_mean': -0.6965092032093485, 'length_var': -2.826026961805594}. Best is trial 254 with value: 3.9372153724412313.[0m

DTW mean relative error: 4.042492546791261%
(G_reg, F_reg, M_reg, output_scale, length_mean, length_var) (0.19549963678505425, 1.8174165336783692e-05, 0.0013738314885798609, 0.3358190118918513, 0.2011364574575318, 0.0014927017370146023)
______________________________________________________________________________
epoch 0
epoch 1
epoch 2
Mean Training time per state 0.40009260900092847
[32m[I 2022-06-17 10:26:38,792][0m Trial 314 finished with value: 5.027207872700971 and parameters: {'g_reg': -0.5295010428046001, 'f_reg': -4.6801082966868774, 'm_reg': -2.967648032841634, 'output_scale': -0.520496562271877, 'length_mean': -0.6031599618280735, 'length_var': -2.716765776222786}. Best is trial 254 with value: 3.9372153724412313.[0m

DTW mean relative error: 5.027207872700971%
(G_reg, F_reg, M_reg, output_scale, length_mean, length_var) (0.2954601794039576, 2.0887752040409942e-05, 0.0010773379716049914, 0.3016500750666662, 0.24936760727344964, 0.001919703796524884)
______________________________________________________________________________
epoch 0
epoch 1
epoch 2
Mean Training time per state 0.4078377738143459
[32m[I 2022-06-17 10:30:21,325][0m Trial 315 finished with value: 4.22182471306104 and parameters: {'g_reg': -1.6504778301843865, 'f_reg': -4.766363260458647, 'm_reg': -2.9112081709573867, 'output_scale': -0.36547692945780236, 'length_mean': -0.7678317247574212, 'length_var': -2.8605143888833986}. Best is trial 254 with value: 3.9372153724412313.[0m

DTW mean relative error: 4.22182471306104%
(G_reg, F_reg, M_reg, output_scale, length_mean, length_var) (0.022362593521234406, 1.7125242876853428e-05, 0.001226851022047744, 0.4310454553445927, 0.17067435695301586, 0.001378750271970426)
______________________________________________________________________________
epoch 0
epoch 1
epoch 2
Mean Training time per state 0.4067750627344305
[32m[I 2022-06-17 10:34:02,092][0m Trial 316 finished with value: 3.9293422879626934 and parameters: {'g_reg': -1.700490958499534, 'f_reg': -4.881570868290925, 'm_reg': -2.81197681738583, 'output_scale': -0.43724889471344286, 'length_mean': -0.6526627366151557, 'length_var': -2.943321869466803}. Best is trial 316 with value: 3.9293422879626934.[0m

DTW mean relative error: 3.9293422879626934%
(G_reg, F_reg, M_reg, output_scale, length_mean, length_var) (0.01993007997815931, 1.3134971406529564e-05, 0.001541782751026531, 0.36538532880596797, 0.22250371339869843, 0.0011394050252212424)
______________________________________________________________________________
epoch 0
epoch 1
epoch 2
Mean Training time per state 0.40509542551907624
[32m[I 2022-06-17 10:37:45,062][0m Trial 317 finished with value: 25.384931597904668 and parameters: {'g_reg': -1.6297296830766301, 'f_reg': -4.881899779280476, 'm_reg': -2.8229138520108075, 'output_scale': -0.4324424660862696, 'length_mean': -0.6589624709530874, 'length_var': -2.9055547643380835}. Best is trial 316 with value: 3.9293422879626934.[0m

DTW mean relative error: 25.384931597904668%
(G_reg, F_reg, M_reg, output_scale, length_mean, length_var) (0.02345688382502643, 1.3125027460474501e-05, 0.0015034401635283417, 0.3694515848551031, 0.21929944321976, 0.0012429258935682686)
______________________________________________________________________________
epoch 0
epoch 1
epoch 2
Mean Training time per state 0.4035096385262229
[32m[I 2022-06-17 10:41:26,641][0m Trial 318 finished with value: 5.009710028086028 and parameters: {'g_reg': -1.5926771431706688, 'f_reg': -4.8551991485140835, 'm_reg': -2.8852321780887373, 'output_scale': -0.4118886854881213, 'length_mean': -0.6171205787255707, 'length_var': -2.9442921749409545}. Best is trial 316 with value: 3.9293422879626934.[0m

DTW mean relative error: 5.009710028086028%
(G_reg, F_reg, M_reg, output_scale, length_mean, length_var) (0.025545996999480097, 1.3957281941949915e-05, 0.0013024702789079569, 0.38735691608999956, 0.2414790292283371, 0.001136862195737552)
______________________________________________________________________________
epoch 0
epoch 1
epoch 2
Mean Training time per state 0.4094028617396499
