[32m[I 2022-06-17 17:55:40,156][0m Trial 435 finished with value: 5.106870237728137 and parameters: {'g_reg': -0.41342521814357674, 'f_reg': -4.748406036263401, 'm_reg': -2.926707726734667, 'output_scale': -0.4154117532517863, 'length_mean': -0.6318941332791317, 'length_var': -2.793475811425297}. Best is trial 316 with value: 3.9293422879626934.[0m

DTW mean relative error: 5.106870237728137%
(G_reg, F_reg, M_reg, output_scale, length_mean, length_var) (0.38598886990917664, 1.7848181091206384e-05, 0.001183837991803359, 0.3842273245670052, 0.23340269519990478, 0.0016088819840890801)
______________________________________________________________________________
epoch 0
epoch 1
epoch 2
Mean Training time per state 0.40741012313149194
[32m[I 2022-06-17 17:59:23,025][0m Trial 436 finished with value: 4.262169251367964 and parameters: {'g_reg': -0.0430660069916607, 'f_reg': -4.8020689983757014, 'm_reg': -2.881670128171473, 'output_scale': -0.4301180039119505, 'length_mean': -0.7833988538745803, 'length_var': -2.755355070478292}. Best is trial 316 with value: 3.9293422879626934.[0m

DTW mean relative error: 4.262169251367964%
(G_reg, F_reg, M_reg, output_scale, length_mean, length_var) (0.905594952036157, 1.5773606471997974e-05, 0.0013131969695094818, 0.37143429146959406, 0.1646649422307211, 0.0017564869581580282)
______________________________________________________________________________
epoch 0
epoch 1
epoch 2
Mean Training time per state 0.3608043266065193
[32m[I 2022-06-17 18:03:06,429][0m Trial 437 finished with value: 29.20114755374421 and parameters: {'g_reg': -1.6255373297600926, 'f_reg': -4.705035185944709, 'm_reg': -1.0062886493046554, 'output_scale': -0.34312004966809917, 'length_mean': -0.490534505401582, 'length_var': -2.847698939822194}. Best is trial 316 with value: 3.9293422879626934.[0m

DTW mean relative error: 29.20114755374421%
(G_reg, F_reg, M_reg, output_scale, length_mean, length_var) (0.02368441543762192, 1.972262939596837e-05, 0.09856241830363434, 0.4538161533725739, 0.3231956409011693, 0.0014200415770718672)
______________________________________________________________________________
epoch 0
epoch 1
epoch 2
Mean Training time per state 0.41328307354088983
[32m[I 2022-06-17 18:06:49,691][0m Trial 438 finished with value: 4.082581532433537 and parameters: {'g_reg': -1.7142527900783497, 'f_reg': -4.606461023952146, 'm_reg': -2.8429493702553765, 'output_scale': -0.3772170271540819, 'length_mean': -0.714454088319159, 'length_var': -2.7119255859139746}. Best is trial 316 with value: 3.9293422879626934.[0m

DTW mean relative error: 4.082581532433537%
(G_reg, F_reg, M_reg, output_scale, length_mean, length_var) (0.019308441021498108, 2.474793553365328e-05, 0.0014356567914551646, 0.4195492729697936, 0.19299493510664667, 0.0019412184667206259)
______________________________________________________________________________
epoch 0
epoch 1
epoch 2
Mean Training time per state 0.42619507240526605
[32m[I 2022-06-17 18:10:33,033][0m Trial 439 finished with value: 5.039329751201793 and parameters: {'g_reg': -0.1316871343970717, 'f_reg': -4.883110365835595, 'm_reg': -2.5085648292973755, 'output_scale': -0.4761821491638509, 'length_mean': -0.6115119800653483, 'length_var': -2.8796119335604904}. Best is trial 316 with value: 3.9293422879626934.[0m

DTW mean relative error: 5.039329751201793%
(G_reg, F_reg, M_reg, output_scale, length_mean, length_var) (0.7384360076186629, 1.3088492671513595e-05, 0.0031005245232693557, 0.334054903354204, 0.24461777970127857, 0.0013194352012057525)
______________________________________________________________________________
epoch 0
epoch 1
epoch 2
Mean Training time per state 0.4082106460224499
[32m[I 2022-06-17 18:14:18,781][0m Trial 440 finished with value: 25.334990223766603 and parameters: {'g_reg': -1.0247102164867377, 'f_reg': -4.778094670827637, 'm_reg': -2.9998395367501365, 'output_scale': -0.4032059470685791, 'length_mean': -0.6712131469932835, 'length_var': -2.602650605144307}. Best is trial 316 with value: 3.9293422879626934.[0m

DTW mean relative error: 25.334990223766603%
(G_reg, F_reg, M_reg, output_scale, length_mean, length_var) (0.09446910122425593, 1.6668838128815625e-05, 0.0010003695485533578, 0.39517917745336967, 0.21319982948315416, 0.002496602464320454)
______________________________________________________________________________
epoch 0
epoch 1
epoch 2
Mean Training time per state 0.4374209461790142
[32m[I 2022-06-17 18:18:03,444][0m Trial 441 finished with value: 4.891315024747074 and parameters: {'g_reg': -1.525654629991708, 'f_reg': -5.037417926601812, 'm_reg': -2.7031325510123763, 'output_scale': -0.4522956918201245, 'length_mean': -0.6508949665404482, 'length_var': -2.8071789927391495}. Best is trial 316 with value: 3.9293422879626934.[0m

DTW mean relative error: 4.891315024747074%
(G_reg, F_reg, M_reg, output_scale, length_mean, length_var) (0.029808860183257693, 9.174492994786569e-06, 0.0019809223362542987, 0.3529427849040344, 0.22341124742004917, 0.0015589098719189544)
______________________________________________________________________________
epoch 0
epoch 1
epoch 2
Mean Training time per state 0.4074004996906628
[32m[I 2022-06-17 18:21:48,568][0m Trial 442 finished with value: 30.747194274304157 and parameters: {'g_reg': -1.8574707791813858, 'f_reg': -4.93852722687888, 'm_reg': -2.779809449648276, 'output_scale': -0.4359823611513975, 'length_mean': -0.19537969586814885, 'length_var': -2.916719831654238}. Best is trial 316 with value: 3.9293422879626934.[0m

DTW mean relative error: 30.747194274304157%
(G_reg, F_reg, M_reg, output_scale, length_mean, length_var) (0.013884467262324236, 1.1520538327662354e-05, 0.0016603152248986582, 0.3664524577937877, 0.6377057077474055, 0.0012113793562363885)
______________________________________________________________________________
epoch 0
epoch 1
epoch 2
Mean Training time per state 0.4024751836603338
[32m[I 2022-06-17 18:25:34,976][0m Trial 443 finished with value: 5.113996061501485 and parameters: {'g_reg': -0.07357954019239853, 'f_reg': -4.553412466470463, 'm_reg': -2.8979198239426056, 'output_scale': -0.3659905477717561, 'length_mean': -0.5870997197600358, 'length_var': -1.5272211458001332}. Best is trial 316 with value: 3.9293422879626934.[0m

DTW mean relative error: 5.113996061501485%
(G_reg, F_reg, M_reg, output_scale, length_mean, length_var) (0.8441516230171614, 2.796324279452748e-05, 0.001264969854777297, 0.4305359808158618, 0.25876186954410835, 0.029701532237242735)
______________________________________________________________________________
epoch 0
epoch 1
epoch 2
Mean Training time per state 0.42194089022549713
[32m[I 2022-06-17 18:29:24,600][0m Trial 444 finished with value: 5.557111533299828 and parameters: {'g_reg': -0.48308713368574174, 'f_reg': -4.834743429307656, 'm_reg': -2.9305453792233473, 'output_scale': -0.41243957775607737, 'length_mean': -1.0736227525214659, 'length_var': -2.8421753761676634}. Best is trial 316 with value: 3.9293422879626934.[0m

DTW mean relative error: 5.557111533299828%
(G_reg, F_reg, M_reg, output_scale, length_mean, length_var) (0.32878565909513857, 1.4630412486339365e-05, 0.0011734230656686576, 0.3868658745161328, 0.08440676340545403, 0.001438217681997435)
______________________________________________________________________________
epoch 0
epoch 1
epoch 2
Mean Training time per state 0.40070382754007977
[32m[I 2022-06-17 18:33:09,849][0m Trial 445 finished with value: 28.692352786884268 and parameters: {'g_reg': -1.6598347749423732, 'f_reg': -4.654242808007382, 'm_reg': -2.8342581400433877, 'output_scale': -0.3911786153914298, 'length_mean': -0.5361562150788154, 'length_var': -2.7762160777854157}. Best is trial 316 with value: 3.9293422879626934.[0m

DTW mean relative error: 28.692352786884268%
(G_reg, F_reg, M_reg, output_scale, length_mean, length_var) (0.021885941047303077, 2.2169566036329916e-05, 0.0014646769936677295, 0.40627620268616804, 0.29096703257271306, 0.00167410973643226)
______________________________________________________________________________
epoch 0
epoch 1
epoch 2
Mean Training time per state 0.40235897266503534
[32m[I 2022-06-17 18:36:53,065][0m Trial 446 finished with value: 4.048153274253422 and parameters: {'g_reg': -1.5947443713085856, 'f_reg': -4.727641861077436, 'm_reg': -2.960663006789734, 'output_scale': -0.4945930807326584, 'length_mean': -0.7000638562192164, 'length_var': -2.668899668061137}. Best is trial 316 with value: 3.9293422879626934.[0m

DTW mean relative error: 4.048153274253422%
(G_reg, F_reg, M_reg, output_scale, length_mean, length_var) (0.02542468779654981, 1.8722254259277178e-05, 0.0010948055572022409, 0.32018937710142187, 0.19949689643813673, 0.002143385714953299)
______________________________________________________________________________
epoch 0
epoch 1
epoch 2
Mean Training time per state 0.4141908992420544
[32m[I 2022-06-17 18:40:34,755][0m Trial 447 finished with value: 4.190441900523448 and parameters: {'g_reg': -0.44166385442218936, 'f_reg': -4.8789890507606435, 'm_reg': -2.1775522488787833, 'output_scale': -0.4539877548636646, 'length_mean': -0.7480735882810334, 'length_var': -2.8847591776580597}. Best is trial 316 with value: 3.9293422879626934.[0m

DTW mean relative error: 4.190441900523448%
(G_reg, F_reg, M_reg, output_scale, length_mean, length_var) (0.3616897035303896, 1.3213289465244792e-05, 0.006644277324667702, 0.3515703530793292, 0.17861848921841023, 0.001303889602979689)
______________________________________________________________________________
epoch 0
epoch 1
epoch 2
Mean Training time per state 0.4211631110220245
[32m[I 2022-06-17 18:44:30,616][0m Trial 448 finished with value: 11.00417484137136 and parameters: {'g_reg': -1.731097698028453, 'f_reg': -4.800468563492435, 'm_reg': -2.8721479267813126, 'output_scale': -0.40923724148100604, 'length_mean': -1.4453508240356348, 'length_var': -2.7441426638698347}. Best is trial 316 with value: 3.9293422879626934.[0m

DTW mean relative error: 11.00417484137136%
(G_reg, F_reg, M_reg, output_scale, length_mean, length_var) (0.018573865740772372, 1.5831841617144226e-05, 0.001342307674474911, 0.3897290317459423, 0.03586321137931872, 0.0018024255545553427)
______________________________________________________________________________
epoch 0
epoch 1
epoch 2
Mean Training time per state 0.40526606819846417
[32m[I 2022-06-17 18:48:12,926][0m Trial 449 finished with value: 3.9551940919810513 and parameters: {'g_reg': -0.36313352312462827, 'f_reg': -4.921250192856906, 'm_reg': -1.3556149713286216, 'output_scale': -0.4333017335243675, 'length_mean': -0.6525528878205119, 'length_var': -2.8182898043335722}. Best is trial 316 with value: 3.9293422879626934.[0m

DTW mean relative error: 3.9551940919810513%
(G_reg, F_reg, M_reg, output_scale, length_mean, length_var) (0.4333776166671117, 1.1988084821915233e-05, 0.044094561557708724, 0.3687213341007656, 0.22255999975991958, 0.0015195332081416573)
______________________________________________________________________________
epoch 0
epoch 1
epoch 2
Mean Training time per state 0.4187345504760742
[32m[I 2022-06-17 18:51:59,068][0m Trial 450 finished with value: 5.10492334793558 and parameters: {'g_reg': -0.5583875880135529, 'f_reg': -4.9508571416200375, 'm_reg': -1.5357097163398437, 'output_scale': -0.4708190872268735, 'length_mean': -0.6142035124791271, 'length_var': -2.7980216995134266}. Best is trial 316 with value: 3.9293422879626934.[0m

DTW mean relative error: 5.10492334793558%
(G_reg, F_reg, M_reg, output_scale, length_mean, length_var) (0.2764473377786644, 1.1198061759381736e-05, 0.029126632999659077, 0.33820569221499075, 0.2431064533601629, 0.0015921291743675515)
______________________________________________________________________________
epoch 0
epoch 1
epoch 2
Mean Training time per state 0.40806504451867304
[32m[I 2022-06-17 18:55:50,132][0m Trial 451 finished with value: 25.776769713492154 and parameters: {'g_reg': -0.3532244719977662, 'f_reg': -4.992253104808401, 'm_reg': -2.8020916811110106, 'output_scale': -0.42746285475041146, 'length_mean': -1.2515435389735778, 'length_var': -2.689989958844574}. Best is trial 316 with value: 3.9293422879626934.[0m

DTW mean relative error: 25.776769713492154%
(G_reg, F_reg, M_reg, output_scale, length_mean, length_var) (0.4433794170060428, 1.0179979306695585e-05, 0.001577278265495196, 0.3737120876467005, 0.056034623860977684, 0.0020417851514517933)
______________________________________________________________________________
epoch 0
epoch 1
epoch 2
Mean Training time per state 0.37594410867402045
[32m[I 2022-06-17 18:59:32,314][0m Trial 452 finished with value: 4.925062662113827 and parameters: {'g_reg': -0.29342832466127594, 'f_reg': -4.957234650241595, 'm_reg': -2.7646763711665705, 'output_scale': -0.43784788227282295, 'length_mean': -0.6474961480176437, 'length_var': -2.8322260851683647}. Best is trial 316 with value: 3.9293422879626934.[0m

DTW mean relative error: 4.925062662113827%
(G_reg, F_reg, M_reg, output_scale, length_mean, length_var) (0.5088287890893377, 1.1034822449776108e-05, 0.0017191890202524359, 0.36488172948358727, 0.2251665387840829, 0.0014715462449585296)
______________________________________________________________________________
epoch 0
epoch 1
epoch 2
Mean Training time per state 0.40589690930915606
[32m[I 2022-06-17 19:03:17,657][0m Trial 453 finished with value: 5.152832670190455 and parameters: {'g_reg': -0.3895108350789815, 'f_reg': -4.90275718370071, 'm_reg': -2.9060394756632384, 'output_scale': -0.45633237199702525, 'length_mean': -0.5711584754657036, 'length_var': -2.7487496818226385}. Best is trial 316 with value: 3.9293422879626934.[0m

DTW mean relative error: 5.152832670190455%
(G_reg, F_reg, M_reg, output_scale, length_mean, length_var) (0.4078393865853678, 1.2509582519827556e-05, 0.0012415394514019094, 0.3496774512673394, 0.26843647335174603, 0.0017834063890893146)
______________________________________________________________________________
epoch 0
epoch 1
epoch 2
Mean Training time per state 0.4173954544645367
[32m[I 2022-06-17 19:07:01,151][0m Trial 454 finished with value: 3.975845541857238 and parameters: {'g_reg': -0.31522567823407216, 'f_reg': -4.916047477823021, 'm_reg': -1.335887001497346, 'output_scale': -0.5051324954544008, 'length_mean': -0.6763152810778944, 'length_var': -2.788409426434558}. Best is trial 316 with value: 3.9293422879626934.[0m

DTW mean relative error: 3.975845541857238%
(G_reg, F_reg, M_reg, output_scale, length_mean, length_var) (0.4839208359980567, 1.2132562079501581e-05, 0.04614376197820359, 0.31251258018617817, 0.21070979225676925, 0.001627760755190208)
______________________________________________________________________________
epoch 0
epoch 1
epoch 2
Mean Training time per state 0.39193279815442633
[32m[I 2022-06-17 19:10:43,298][0m Trial 455 finished with value: 5.046070986447009 and parameters: {'g_reg': -0.30679956625464144, 'f_reg': -4.994557790266751, 'm_reg': -1.0905895072702658, 'output_scale': -0.5173048806882085, 'length_mean': -0.6162776169069094, 'length_var': -2.70531716011029}. Best is trial 316 with value: 3.9293422879626934.[0m

DTW mean relative error: 5.046070986447009%
(G_reg, F_reg, M_reg, output_scale, length_mean, length_var) (0.4934014639653174, 1.0126099948680645e-05, 0.08117279361044341, 0.3038751031777707, 0.24194819310166135, 0.0019709828250185617)
______________________________________________________________________________
epoch 0
epoch 1
epoch 2
Mean Training time per state 0.4042668776078657
[32m[I 2022-06-17 19:14:27,336][0m Trial 456 finished with value: 10.645662302787072 and parameters: {'g_reg': -0.3497877990675255, 'f_reg': -4.015271968845474, 'm_reg': -1.3706393600513815, 'output_scale': -0.5001612524361765, 'length_mean': -0.7211153083841282, 'length_var': -2.7761760261856363}. Best is trial 316 with value: 3.9293422879626934.[0m

DTW mean relative error: 10.645662302787072%
(G_reg, F_reg, M_reg, output_scale, length_mean, length_var) (0.44690189986471524, 9.654460969728737e-05, 0.0425951978611402, 0.3161103732470458, 0.19005735966374246, 0.0016742641336623077)
______________________________________________________________________________
epoch 0
epoch 1
epoch 2
Mean Training time per state 0.39548108794472436
[32m[I 2022-06-17 19:18:09,471][0m Trial 457 finished with value: 3.938363084488542 and parameters: {'g_reg': -0.24156940767836088, 'f_reg': -4.941273444031247, 'm_reg': -1.4499311420543348, 'output_scale': -0.48648256495973335, 'length_mean': -0.6616507192672011, 'length_var': -2.736317744709689}. Best is trial 316 with value: 3.9293422879626934.[0m

DTW mean relative error: 3.938363084488542%
(G_reg, F_reg, M_reg, output_scale, length_mean, length_var) (0.5733642258237629, 1.1447919212623989e-05, 0.03548696498102992, 0.32622514665645114, 0.21794618968849527, 0.0018351951604473522)
______________________________________________________________________________
epoch 0
epoch 1
epoch 2
Mean Training time per state 0.39499731497331103
[32m[I 2022-06-17 19:21:52,954][0m Trial 458 finished with value: 4.006965744625257 and parameters: {'g_reg': -0.3227662167928986, 'f_reg': -4.929579907874331, 'm_reg': -1.4304250263912266, 'output_scale': -0.5412630723818113, 'length_mean': -0.6662127408947419, 'length_var': -2.7326007766438987}. Best is trial 316 with value: 3.9293422879626934.[0m

DTW mean relative error: 4.006965744625257%
(G_reg, F_reg, M_reg, output_scale, length_mean, length_var) (0.47559117049952077, 1.1760345806701104e-05, 0.037117180050610175, 0.28756559683818195, 0.21566876882356456, 0.001850969332861214)
______________________________________________________________________________
epoch 0
epoch 1
epoch 2
Mean Training time per state 0.41695142514777905
[32m[I 2022-06-17 19:25:37,455][0m Trial 459 finished with value: 5.243672020979927 and parameters: {'g_reg': -0.371859167223555, 'f_reg': -5.068040322906224, 'm_reg': -1.2196005612873093, 'output_scale': -0.4842478613335077, 'length_mean': -0.5449222808587468, 'length_var': -2.6619953491679698}. Best is trial 316 with value: 3.9293422879626934.[0m

DTW mean relative error: 5.243672020979927%
(G_reg, F_reg, M_reg, output_scale, length_mean, length_var) (0.42475728167397586, 8.549873262570809e-06, 0.06031140401456168, 0.327908095397026, 0.2851528516950228, 0.002177733093433704)
______________________________________________________________________________
epoch 0
epoch 1
epoch 2
Mean Training time per state 0.41081397461168695
[32m[I 2022-06-17 19:29:21,824][0m Trial 460 finished with value: 4.626726372420342 and parameters: {'g_reg': -0.2712065612760118, 'f_reg': -4.97359547248543, 'm_reg': -1.2703117406672857, 'output_scale': -0.5286473119133425, 'length_mean': -0.8843529841561577, 'length_var': -2.741334549200451}. Best is trial 316 with value: 3.9293422879626934.[0m

DTW mean relative error: 4.626726372420342%
(G_reg, F_reg, M_reg, output_scale, length_mean, length_var) (0.5355418798677906, 1.0626849438220354e-05, 0.05366464482113519, 0.29604156273706755, 0.13051096950234758, 0.001814117658750292)
______________________________________________________________________________
epoch 0
epoch 1
epoch 2
Mean Training time per state 0.38723604606859613
[32m[I 2022-06-17 19:33:05,811][0m Trial 461 finished with value: 27.970500887367873 and parameters: {'g_reg': -0.3033674609514817, 'f_reg': -5.0160859224626675, 'm_reg': -1.1830484914062702, 'output_scale': -0.4925106197162745, 'length_mean': -0.599408190600901, 'length_var': -2.7034545569690294}. Best is trial 316 with value: 3.9293422879626934.[0m

DTW mean relative error: 27.970500887367873%
(G_reg, F_reg, M_reg, output_scale, length_mean, length_var) (0.4973161227149694, 9.636383549069647e-06, 0.06560720081065047, 0.3217283860133705, 0.2515311691055411, 0.001979454133446585)
______________________________________________________________________________
epoch 0
epoch 1
epoch 2
Mean Training time per state 0.4063195676514597
[32m[I 2022-06-17 19:36:48,220][0m Trial 462 finished with value: 5.0201502935711835 and parameters: {'g_reg': -0.24525762462593834, 'f_reg': -4.9133466469211085, 'm_reg': -1.2929519980171071, 'output_scale': -0.4637999497116034, 'length_mean': -0.6474838975286594, 'length_var': -2.7835057229768863}. Best is trial 316 with value: 3.9293422879626934.[0m

DTW mean relative error: 5.0201502935711835%
(G_reg, F_reg, M_reg, output_scale, length_mean, length_var) (0.568515585859865, 1.2208248282838862e-05, 0.05093871698221565, 0.3437162384175744, 0.22517289032485188, 0.0016462442725689015)
______________________________________________________________________________
epoch 0
epoch 1
epoch 2
Mean Training time per state 0.4028929435845577
[32m[I 2022-06-17 19:40:30,812][0m Trial 463 finished with value: 4.036623159762316 and parameters: {'g_reg': -0.2402188846122846, 'f_reg': -4.939133079990618, 'm_reg': -1.4630325472949146, 'output_scale': -0.5050871853009696, 'length_mean': -0.7005247274492495, 'length_var': -2.572007930774142}. Best is trial 316 with value: 3.9293422879626934.[0m

DTW mean relative error: 4.036623159762316%
(G_reg, F_reg, M_reg, output_scale, length_mean, length_var) (0.5751499884258049, 1.150447805503371e-05, 0.03443241251423588, 0.3125451864757642, 0.19928530357494575, 0.002679119400216597)
______________________________________________________________________________
epoch 0
epoch 1
epoch 2
Mean Training time per state 0.4046068336024429
